   1        1   (0)      1 :  0.3529 0.6471 
   2        2   (0)      1 :  0.5050 0.4950 
   3        3   (0)      1 :  0.4287 0.5713 
   4        4   (0)      1 :  0.3413 0.6587 
   5        5   (1)      1 :  0.8243 0.1757 
   6        6   (0)      1 :  0.5813 0.4187 
   7        7   (0)      1 :  0.5900 0.4100 
   8        8   (0)      1 :  0.2900 0.7100 
   9        9   (0)      1 :  0.6337 0.3663 
  10       10   (0)      1 :  0.6137 0.3863 
  11       11   (0)      1 :  0.3898 0.6102 
  12       12   (0)      1 :  0.5417 0.4583 
  13       13   (0)      1 :  0.3165 0.6835 
  14       14   (0)      1 :  0.5246 0.4754 
  15       15   (0)      1 :  0.6347 0.3653 
  16       16   (0)      1 :  0.4517 0.5483 
  17       17   (0)      1 :  0.5002 0.4998 
  18       18   (3)      1 :  0.2435 0.7565 
  19       19   (0)      1 :  0.3842 0.6158 
  20       20   (0)      1 :  0.5953 0.4047 
  21       21   (0)      1 :  0.6196 0.3804 
  22       22   (0)      1 :  0.4187 0.5813 
  23       23   (0)      1 :  0.6287 0.3713 
  24       24   (1)      1 :  0.3675 0.6325 
  25       25   (0)      1 :  0.6304 0.3696 
  26       26   (0)      1 :  0.4852 0.5148 
  27       27   (2)      1 :  0.4048 0.5952 
  28       28   (0)      1 :  0.4202 0.5798 
  29       29   (0)      1 :  0.4877 0.5123 
  30       30   (0)      1 :  0.6595 0.3405 
  31       31   (0)      1 :  0.4310 0.5690 
  32       32   (0)      1 :  0.5280 0.4720 
  33       33   (0)      1 :  0.4582 0.5418 
  34       34   (0)      1 :  0.6374 0.3626 
  35       35   (0)      1 :  0.4300 0.5700 
  36       36   (0)      1 :  0.4110 0.5890 
  37       37   (0)      1 :  0.5575 0.4425 
  38       38   (0)      1 :  0.7104 0.2896 
  39       39   (0)      1 :  0.4709 0.5291 
  40       40   (0)      1 :  0.6209 0.3791 
  41       41   (0)      1 :  0.4205 0.5795 
  42       42   (0)      1 :  0.7557 0.2443 
  43       43   (0)      1 :  0.4419 0.5581 
  44       44   (8)      1 :  0.4008 0.5992 
  45       45   (2)      1 :  0.6048 0.3952 
  46       46   (0)      1 :  0.4390 0.5610 
  47       47   (0)      1 :  0.3478 0.6522 
  48       48   (0)      1 :  0.3473 0.6527 
  49       49   (0)      1 :  0.3661 0.6339 
  50       50   (0)      1 :  0.3745 0.6255 
  51       51   (2)      1 :  0.7544 0.2456 
  52       52   (0)      1 :  0.7785 0.2215 
  53       53   (1)      1 :  0.3523 0.6477 
  54       54   (0)      1 :  0.4423 0.5577 
  55       55   (4)      1 :  0.4348 0.5652 
  56       56   (0)      1 :  0.5584 0.4416 
  57       57   (0)      1 :  0.2943 0.7057 
  58       58   (0)      1 :  0.6959 0.3041 
  59       59   (0)      1 :  0.3545 0.6455 
  60       60   (0)      1 :  0.4955 0.5045 
  61       61   (0)      1 :  0.4558 0.5442 
  62       62   (0)      1 :  0.4305 0.5695 
  63       63   (0)      1 :  0.5087 0.4913 
  64       64   (2)      1 :  0.4523 0.5477 
  65       65   (0)      1 :  0.3602 0.6398 
  66       66   (5)      1 :  0.5732 0.4268 
  67       67   (0)      1 :  0.3256 0.6744 
  68       68   (1)      1 :  0.5364 0.4636 
  69       69   (3)      1 :  0.5265 0.4735 
  70       70   (0)      1 :  0.3604 0.6396 
  71       71   (0)      1 :  0.4102 0.5898 
  72       72   (5)      1 :  0.3949 0.6051 
  73       73   (0)      1 :  0.5228 0.4772 
  74       74   (0)      1 :  0.4468 0.5532 
  75       75   (0)      1 :  0.5038 0.4962 
  76       76   (0)      1 :  0.4246 0.5754 
  77       77   (1)      1 :  0.8559 0.1441 
  78       78   (0)      1 :  0.3694 0.6306 
  79       79   (3)      1 :  0.4523 0.5477 
  80       80   (0)      1 :  0.7675 0.2325 
  81       81   (3)      1 :  0.6058 0.3942 
  82       82   (1)      1 :  0.2146 0.7854 
  83       83   (0)      1 :  0.4054 0.5946 
  84       84   (0)      1 :  0.4650 0.5350 
  85       85   (7)      1 :  0.3957 0.6043 
  86       86   (0)      1 :  0.4833 0.5167 
  87       87   (0)      1 :  0.3814 0.6186 
  88       88   (0)      2 :  0.7957 0.2043 
  89       89   (0)      2 :  0.4351 0.5649 
  90       90   (0)      2 :  0.8219 0.1781 
  91       91   (0)      2 :  0.2180 0.7820 
  92       92   (0)      2 :  0.3998 0.6002 
  93       93   (0)      2 :  0.4048 0.5952 
  94       94   (0)      2 :  0.5286 0.4714 
  95       95   (0)      2 :  0.5190 0.4810 
  96       96   (0)      2 :  0.5399 0.4601 
  97       97   (0)      2 :  0.5766 0.4234 
  98       98   (0)      2 :  0.3511 0.6489 
  99       99   (0)      2 :  0.3910 0.6090 
 100      100   (0)      2 :  0.3598 0.6402 
 101      101   (1)      2 :  0.6570 0.3430 
 102      102   (0)      2 :  0.4610 0.5390 
 103      103   (0)      2 :  0.6033 0.3967 
 104      104   (0)      2 :  0.3193 0.6807 
 105      105   (0)      2 :  0.5642 0.4358 
 106      106   (0)      2 :  0.8171 0.1829 
 107      107   (0)      2 :  0.5345 0.4655 
 108      108   (0)      2 :  0.4598 0.5402 
 109      109   (0)      2 :  0.5278 0.4722 
 110      110   (0)      2 :  0.6622 0.3378 
 111      111   (0)      2 :  0.3850 0.6150 
 112      112   (2)      2 :  0.5412 0.4588 
 113      113   (0)      2 :  0.6651 0.3349 
 114      114   (5)      2 :  0.3986 0.6014 
 115      115   (0)      2 :  0.3686 0.6314 
 116      116   (0)      2 :  0.5186 0.4814 
 117      117   (0)      2 :  0.4750 0.5250 
 118      118   (0)      2 :  0.2919 0.7081 
 119      119   (2)      2 :  0.3735 0.6265 
 120      120   (0)      2 :  0.3093 0.6907 
 121      121   (0)      2 :  0.3103 0.6897 
 122      122   (0)      2 :  0.4303 0.5697 
 123      123   (1)      2 :  0.2714 0.7286 
 124      124   (0)      2 :  0.5438 0.4562 
 125      125   (0)      2 :  0.4752 0.5248 
 126      126   (0)      2 :  0.7602 0.2398 
 127      127   (0)      2 :  0.3448 0.6552 
 128      128   (1)      2 :  0.3620 0.6380 
 129      129   (0)      2 :  0.5728 0.4272 
 130      130   (2)      2 :  0.5115 0.4885 
 131      131   (0)      2 :  0.4008 0.5992 
 132      132   (0)      2 :  0.4391 0.5609 
 133      133   (0)      2 :  0.3163 0.6837 
 134      134   (0)      2 :  0.3841 0.6159 
 135      135   (0)      2 :  0.4153 0.5847 
 136      136   (4)      2 :  0.4595 0.5405 
 137      137   (0)      2 :  0.5230 0.4770 
 138      138   (0)      2 :  0.7103 0.2897 
 139      139   (3)      2 :  0.3253 0.6747 
 140      140   (1)      2 :  0.4688 0.5312 
 141      141   (0)      2 :  0.5582 0.4418 
 142      142   (0)      2 :  0.6384 0.3616 
 143      143   (0)      2 :  0.5138 0.4862 
 144      144   (0)      2 :  0.2858 0.7142 
 145      145   (0)      2 :  0.3619 0.6381 
 146      146   (1)      2 :  0.4477 0.5523 
 147      147   (0)      2 :  0.5463 0.4537 
 148      148   (0)      2 :  0.3975 0.6025 
 149      149   (0)      2 :  0.3658 0.6342 
 150      150   (1)      2 :  0.4420 0.5580 
 151      151   (0)      2 :  0.5186 0.4814 
 152      152   (0)      2 :  0.3621 0.6379 
 153      153   (0)      2 :  0.4260 0.5740 
 154      154   (0)      2 :  0.4486 0.5514 
 155      155   (0)      2 :  0.4162 0.5838 
 156      156   (0)      2 :  0.4496 0.5504 
 157      157   (0)      2 :  0.5606 0.4394 
 158      158   (0)      2 :  0.2470 0.7530 
 159      159   (0)      2 :  0.3820 0.6180 
 160      160   (0)      2 :  0.4981 0.5019 
 161      161   (1)      2 :  0.3126 0.6874 
 162      162   (0)      2 :  0.5781 0.4219 
 163      163   (0)      2 :  0.4691 0.5309 
 164      164   (0)      2 :  0.2734 0.7266 
 165      165   (0)      2 :  0.3151 0.6849 
 166      166   (0)      2 :  0.4401 0.5599 
 167      167   (0)      2 :  0.4818 0.5182 
 168      168   (0)      2 :  0.4483 0.5517 
 169      169   (0)      2 :  0.8325 0.1675 
 170      170   (0)      2 :  0.4568 0.5432 
 171      171   (0)      2 :  0.3874 0.6126 
 172      172   (0)      2 :  0.5966 0.4034 
 173      173   (0)      2 :  0.8061 0.1939 
 174      174   (0)      2 :  0.3918 0.6082 
 175      175   (0)      2 :  0.3606 0.6394 
 176      176   (0)      2 :  0.5481 0.4519 
 177      177   (0)      2 :  0.2568 0.7432 
 178      178   (0)      2 :  0.4107 0.5893 
 179      179   (0)      2 :  0.3943 0.6057 
 180      180   (0)      2 :  0.7872 0.2128 
 181      181   (0)      2 :  0.4902 0.5098 
 182      182   (0)      2 :  0.4244 0.5756 
 183      183   (0)      2 :  0.3871 0.6129 
 184      184   (0)      2 :  0.7237 0.2763 
 185      185   (0)      2 :  0.2972 0.7028 
 186      186   (0)      2 :  0.5575 0.4425 
 187      187   (0)      2 :  0.4258 0.5742 
 188      188   (0)      2 :  0.3520 0.6480 
 189      189   (0)      2 :  0.5734 0.4266 
 190      190   (0)      2 :  0.4334 0.5666 
 191      191   (0)      2 :  0.4197 0.5803 
 192      192   (0)      2 :  0.3421 0.6579 
 193      193   (0)      2 :  0.5522 0.4478 
 194      194   (0)      2 :  0.2771 0.7229 
 195      195   (0)      2 :  0.7681 0.2319 
 196      196   (0)      2 :  0.3955 0.6045 
 197      197   (0)      2 :  0.3871 0.6129 
 198      198   (0)      2 :  0.7829 0.2171 
 199      199   (0)      2 :  0.3003 0.6997 
 200      200   (0)      2 :  0.5241 0.4759 
 201      201   (0)      2 :  0.2949 0.7051 
 202      202   (0)      2 :  0.2727 0.7273 
 203      203   (0)      2 :  0.3516 0.6484 
 204      204   (0)      2 :  0.4643 0.5357 
 205      205   (0)      2 :  0.4969 0.5031 
 206      206   (0)      2 :  0.8440 0.1560 
 207      207   (0)      2 :  0.6365 0.3635 
 208      208   (0)      2 :  0.4032 0.5968 
 209      209   (0)      2 :  0.6129 0.3871 
 210      210   (0)      2 :  0.8279 0.1721 
 211      211   (0)      2 :  0.4853 0.5147 
 212      212   (1)      2 :  0.5352 0.4648 
 213      213   (1)      2 :  0.4869 0.5131 
 214      214   (0)      2 :  0.5170 0.4830 
 215      215   (0)      2 :  0.2999 0.7001 
 216      216   (0)      2 :  0.6629 0.3371 
 217      217   (0)      2 :  0.6869 0.3131 
 218      218   (0)      2 :  0.4401 0.5599 
 219      219   (0)      2 :  0.5679 0.4321 
 220      220   (0)      2 :  0.2276 0.7724 
 221      221   (0)      2 :  0.5221 0.4779 
 222      222   (0)      2 :  0.3648 0.6352 
 223      223   (0)      2 :  0.4807 0.5193 
 224      224   (1)      2 :  0.4305 0.5695 
 225      225   (0)      2 :  0.7758 0.2242 
 226      226   (0)      2 :  0.6445 0.3555 
 227      227   (0)      2 :  0.8194 0.1806 
 228      228   (0)      2 :  0.3707 0.6293 
 229      229   (0)      2 :  0.3582 0.6418 
 230      230   (0)      2 :  0.5518 0.4482 
 231      231   (0)      2 :  0.4943 0.5057 
 232      232   (2)      2 :  0.4700 0.5300 
 233      233   (0)      2 :  0.5502 0.4498 
 234      234   (0)      2 :  0.8412 0.1588 
 235      235   (0)      2 :  0.7161 0.2839 
 236      236   (0)      2 :  0.3642 0.6358 
 237      237   (0)      2 :  0.4454 0.5546 
 238      238   (0)      2 :  0.4338 0.5662 
 239      239   (0)      2 :  0.3949 0.6051 
 240      240   (0)      2 :  0.4492 0.5508 
 241      241   (0)      2 :  0.5825 0.4175 
 242      242   (0)      2 :  0.2742 0.7258 
 243      243   (0)      2 :  0.3726 0.6274 
 244      244   (0)      2 :  0.3947 0.6053 
 245      245   (0)      2 :  0.8352 0.1648 
 246      246   (0)      2 :  0.5266 0.4734 
 247      247   (0)      2 :  0.7168 0.2832 
 248      248   (0)      2 :  0.6280 0.3720 
 249      249   (0)      2 :  0.4953 0.5047 
 250      250   (0)      2 :  0.4982 0.5018 
 251      251   (0)      2 :  0.4577 0.5423 
 252      252   (0)      2 :  0.4728 0.5272 
 253      253   (0)      2 :  0.4914 0.5086 
 254      254   (0)      2 :  0.5044 0.4956 
 255      255   (0)      2 :  0.4335 0.5665 
 256      256   (0)      2 :  0.5197 0.4803 
 257      257   (0)      2 :  0.4907 0.5093 
 258      258   (0)      1 :  0.4753 0.5247 
 259      259   (0)      1 :  0.6569 0.3431 
 260      260   (0)      1 :  0.4570 0.5430 
 261      261   (0)      1 :  0.5425 0.4575 
 262      262   (0)      1 :  0.5367 0.4633 
 263      263   (0)      1 :  0.4393 0.5607 
 264      264   (0)      1 :  0.4518 0.5482 
 265      265   (0)      1 :  0.4197 0.5803 
 266      266   (0)      1 :  0.3527 0.6473 
 267      267   (0)      1 :  0.5840 0.4160 
 268      268   (0)      1 :  0.5226 0.4774 
 269      269   (1)      1 :  0.5324 0.4676 
 270      270   (0)      1 :  0.4425 0.5575 
 271      271   (0)      1 :  0.6447 0.3553 
 272      272   (0)      1 :  0.5521 0.4479 
 273      273   (0)      1 :  0.3151 0.6849 
 274      274   (0)      1 :  0.7205 0.2795 
 275      275   (0)      1 :  0.4492 0.5508 
 276      276   (0)      1 :  0.4578 0.5422 
 277      277   (0)      1 :  0.5524 0.4476 
 278      278   (0)      1 :  0.5664 0.4336 
 279      279   (0)      1 :  0.5261 0.4739 
 280      280   (0)      1 :  0.5758 0.4242 
 281      281   (0)      1 :  0.4265 0.5735 
 282      282   (0)      1 :  0.5366 0.4634 
 283      283   (0)      1 :  0.4894 0.5106 
 284      284   (0)      1 :  0.3703 0.6297 
 285      285   (0)      1 :  0.3971 0.6029 
 286      286   (0)      1 :  0.3415 0.6585 
 287      287   (0)      1 :  0.8713 0.1287 
 288      288   (0)      1 :  0.7034 0.2966 
 289      289   (0)      1 :  0.4790 0.5210 
 290      290   (1)      1 :  0.8443 0.1557 
 291      291   (0)      1 :  0.6329 0.3671 
 292      292   (0)      1 :  0.5138 0.4862 
 293      293   (0)      1 :  0.4086 0.5914 
 294      294   (0)      1 :  0.6122 0.3878 
 295      295   (0)      1 :  0.3983 0.6017 
 296      296   (0)      1 :  0.3544 0.6456 
 297      297   (0)      1 :  0.7141 0.2859 
 298      298   (0)      1 :  0.4108 0.5892 
 299      299   (0)      1 :  0.5457 0.4543 
 300      300   (0)      1 :  0.4631 0.5369 
 301      301   (0)      1 :  0.7997 0.2003 
 302      302   (0)      1 :  0.6885 0.3115 
 303      303   (0)      1 :  0.4608 0.5392 
 304      304   (0)      1 :  0.5871 0.4129 
 305      305   (0)      1 :  0.4339 0.5661 
 306      306   (0)      1 :  0.6887 0.3113 
 307      307   (1)      1 :  0.3812 0.6188 
 308      308   (0)      1 :  0.5275 0.4725 
 309      309   (0)      1 :  0.7635 0.2365 
 310      310   (0)      1 :  0.5912 0.4088 
 311      311   (0)      1 :  0.7131 0.2869 
 312      312   (0)      1 :  0.4555 0.5445 
 313      313   (0)      1 :  0.4370 0.5630 
 314      314   (0)      1 :  0.4888 0.5112 
 315      315   (0)      1 :  0.5376 0.4624 
 316      316   (0)      1 :  0.3902 0.6098 
 317      317   (0)      1 :  0.3731 0.6269 
 318      318   (0)      1 :  0.2884 0.7116 
 319      319   (0)      1 :  0.2841 0.7159 
 320      320   (0)      1 :  0.2731 0.7269 
 321      321   (0)      1 :  0.3639 0.6361 
 322      322   (0)      1 :  0.6228 0.3772 
 323      323   (0)      1 :  0.4427 0.5573 
 324      324   (0)      1 :  0.3531 0.6469 
 325      325   (0)      1 :  0.5785 0.4215 
 326      326   (0)      1 :  0.4126 0.5874 
 327      327   (0)      1 :  0.4046 0.5954 
 328      328   (0)      1 :  0.3653 0.6347 
 329      329   (0)      1 :  0.5136 0.4864 
 330      330   (0)      1 :  0.5299 0.4701 
 331      331   (0)      1 :  0.7040 0.2960 
 332      332   (0)      1 :  0.5406 0.4594 
 333      333   (0)      1 :  0.5649 0.4351 
 334      334   (0)      1 :  0.4764 0.5236 
 335      335   (0)      1 :  0.3683 0.6317 
 336      336   (0)      1 :  0.5476 0.4524 
 337      337   (0)      1 :  0.6560 0.3440 
 338      338   (0)      1 :  0.5079 0.4921 
 339      339   (0)      1 :  0.4585 0.5415 
 340      340   (0)      1 :  0.4611 0.5389 
 341      341   (0)      1 :  0.3946 0.6054 
 342      342   (0)      1 :  0.5435 0.4565 
 343      343   (0)      1 :  0.3856 0.6144 
 344      344   (0)      1 :  0.5816 0.4184 
 345      345   (1)      1 :  0.5743 0.4257 
 346      346   (0)      1 :  0.5990 0.4010 
 347      347   (0)      1 :  0.5449 0.4551 
 348      348   (0)      1 :  0.5012 0.4988 
 349      349   (0)      1 :  0.3702 0.6298 
 350      350   (0)      1 :  0.4370 0.5630 
 351      351   (0)      1 :  0.4766 0.5234 
 352      352   (0)      1 :  0.4029 0.5971 
 353      353   (0)      1 :  0.4952 0.5048 
 354      354   (0)      1 :  0.5963 0.4037 
 355      355   (0)      1 :  0.4740 0.5260 
 356      356   (0)      1 :  0.5647 0.4353 
 357      357   (0)      1 :  0.4305 0.5695 
 358      358   (0)      1 :  0.4009 0.5991 
 359      359   (0)      1 :  0.6413 0.3587 
 360      360   (0)      1 :  0.5602 0.4398 
 361      361   (0)      1 :  0.3485 0.6515 
 362      362   (0)      1 :  0.5106 0.4894 
 363      363   (0)      1 :  0.6348 0.3652 
 364      364   (1)      1 :  0.4325 0.5675 
 365      365   (0)      1 :  0.3698 0.6302 
 366      366   (0)      1 :  0.3241 0.6759 
 367      367   (0)      1 :  0.4717 0.5283 
 368      368   (0)      1 :  0.4329 0.5671 
 369      369   (0)      1 :  0.5824 0.4176 
 370      370   (0)      1 :  0.7294 0.2706 
 371      371   (0)      1 :  0.7698 0.2302 
 372      372   (2)      1 :  0.7929 0.2071 
 373      373   (0)      1 :  0.7066 0.2934 
 374      374   (0)      1 :  0.3181 0.6819 
 375      375   (0)      1 :  0.5104 0.4896 
 376      376   (0)      1 :  0.5516 0.4484 
 377      377   (0)      1 :  0.3383 0.6617 
 378      378   (0)      1 :  0.3256 0.6744 
 379      379   (0)      1 :  0.6635 0.3365 
 380      380   (0)      1 :  0.3669 0.6331 
 381      381   (0)      1 :  0.5163 0.4837 
 382      382   (0)      1 :  0.8041 0.1959 
 383      383   (0)      1 :  0.5423 0.4577 
 384      384   (0)      1 :  0.6185 0.3815 
 385      385   (0)      1 :  0.5588 0.4412 
 386      386   (0)      1 :  0.6158 0.3842 
 387      387   (0)      1 :  0.6600 0.3400 
 388      388   (0)      1 :  0.6551 0.3449 
 389      389   (0)      1 :  0.4167 0.5833 
 390      390   (0)      1 :  0.2326 0.7674 
 391      391   (0)      1 :  0.6700 0.3300 
 392      392   (0)      1 :  0.6357 0.3643 
 393      393   (0)      1 :  0.4874 0.5126 
 394      394   (0)      1 :  0.5342 0.4658 
 395      395   (0)      1 :  0.4552 0.5448 
 396      396   (0)      1 :  0.4801 0.5199 
 397      397   (0)      1 :  0.5707 0.4293 
 398      398   (0)      1 :  0.6994 0.3006 
 399      399   (0)      1 :  0.5870 0.4130 
 400      400   (0)      1 :  0.5292 0.4708 
 401      401   (0)      1 :  0.7479 0.2521 
 402      402   (0)      1 :  0.2656 0.7344 
 403      403   (0)      1 :  0.5178 0.4822 
 404      404   (0)      1 :  0.3070 0.6930 
 405      405   (0)      1 :  0.6142 0.3858 
 406      406   (0)      1 :  0.4147 0.5853 
 407      407   (0)      1 :  0.4358 0.5642 
 408      408   (0)      1 :  0.4927 0.5073 
 409      409   (0)      1 :  0.4225 0.5775 
 410      410   (0)      1 :  0.7987 0.2013 
 411      411   (0)      1 :  0.7174 0.2826 
 412      412   (0)      1 :  0.5589 0.4411 
 413      413   (0)      1 :  0.5001 0.4999 
 414      414   (0)      1 :  0.6152 0.3848 
 415      415   (0)      1 :  0.4039 0.5961 
 416      416   (0)      1 :  0.4293 0.5707 
 417      417   (0)      1 :  0.3257 0.6743 
 418      418   (0)      1 :  0.5573 0.4427 
 419      419   (0)      1 :  0.6500 0.3500 
 420      420   (0)      1 :  0.3841 0.6159 
 421      421   (0)      1 :  0.4759 0.5241 
 422      422   (0)      1 :  0.8178 0.1822 
 423      423   (0)      1 :  0.4235 0.5765 
 424      424   (0)      1 :  0.3183 0.6817 
 425      425   (0)      1 :  0.7945 0.2055 
 426      426   (0)      1 :  0.4391 0.5609 
 427      427   (0)      1 :  0.4709 0.5291 
 428      428   (0)      1 :  0.7805 0.2195 
 429      429   (0)      1 :  0.3191 0.6809 
 430      430   (0)      1 :  0.4604 0.5396 
 431      431   (0)      1 :  0.6920 0.3080 
 432      432   (0)      1 :  0.8168 0.1832 
 433      433   (0)      1 :  0.7390 0.2610 
 434      434   (0)      1 :  0.6389 0.3611 
 435      435   (0)      1 :  0.4405 0.5595 
 436      436   (0)      1 :  0.4833 0.5167 
 437      437   (0)      1 :  0.7223 0.2777 
 438      438   (0)      1 :  0.6514 0.3486 
 439      439   (0)      1 :  0.5297 0.4703 
 440      440   (0)      1 :  0.6966 0.3034 
 441      441   (0)      1 :  0.3507 0.6493 
 442      442   (0)      1 :  0.4907 0.5093 
 443      443   (0)      1 :  0.3869 0.6131 
 444      444   (0)      1 :  0.6089 0.3911 
 445      445   (0)      1 :  0.5250 0.4750 
 446      446   (0)      2 :  0.5839 0.4161 
 447      447   (0)      2 :  0.4972 0.5028 
 448      448   (0)      2 :  0.4869 0.5131 
 449      449   (0)      2 :  0.6773 0.3227 
 450      450   (0)      2 :  0.7030 0.2970 
 451      451   (0)      2 :  0.7883 0.2117 
 452      452   (0)      2 :  0.5908 0.4092 
 453      453   (0)      2 :  0.2994 0.7006 
 454      454   (0)      2 :  0.7538 0.2462 
 455      455   (0)      2 :  0.4853 0.5147 
 456      456   (0)      2 :  0.8044 0.1956 
 457      457   (0)      2 :  0.5241 0.4759 
 458      458   (0)      2 :  0.4823 0.5177 
 459      459   (1)      2 :  0.3114 0.6886 
 460      460   (2)      2 :  0.5410 0.4590 
 461      461   (2)      2 :  0.6269 0.3731 
 462      462   (3)      2 :  0.5776 0.4224 
 463      463   (0)      2 :  0.7617 0.2383 
 464      464   (4)      2 :  0.3139 0.6861 
 465      465   (3)      2 :  0.4521 0.5479 
 466      466   (0)      2 :  0.5319 0.4681 
 467      467   (0)      2 :  0.4369 0.5631 
 468      468   (0)      2 :  0.5264 0.4736 
 469      469   (0)      2 :  0.7926 0.2074 
 470      470   (5)      2 :  0.6769 0.3231 
 471      471   (1)      2 :  0.5470 0.4530 
 472      472   (2)      2 :  0.4725 0.5275 
 473      473   (3)      2 :  0.3479 0.6521 
 474      474   (0)      2 :  0.3551 0.6449 
 475      475   (2)      2 :  0.6400 0.3600 
 476      476   (1)      2 :  0.4131 0.5869 
 477      477   (4)      2 :  0.5328 0.4672 
 478      478   (0)      2 :  0.4115 0.5885 
 479      479   (0)      2 :  0.3669 0.6331 
 480      480   (1)      2 :  0.4889 0.5111 
 481      481   (3)      2 :  0.4564 0.5436 
 482      482   (3)      2 :  0.2854 0.7146 
 483      483   (4)      2 :  0.3640 0.6360 
 484      484   (4)      2 :  0.4226 0.5774 
 485      485   (3)      2 :  0.6347 0.3653 
 486      486   (3)      2 :  0.6368 0.3632 
 487      487   (1)      2 :  0.4876 0.5124 
 488      488   (5)      2 :  0.4202 0.5798 
 489      489   (0)      2 :  0.3714 0.6286 
 490      490   (3)      2 :  0.4920 0.5080 
 491      491   (7)      2 :  0.4456 0.5544 
 492      492   (6)      2 :  0.3023 0.6977 
 493      493   (3)      2 :  0.5168 0.4832 
 494      494   (3)      2 :  0.7744 0.2256 
 495      495   (5)      2 :  0.5858 0.4142 
 496      496   (0)      2 :  0.4581 0.5419 
 497      497   (5)      2 :  0.2974 0.7026 
 498      498   (6)      2 :  0.5270 0.4730 
 499      499   (0)      2 :  0.3913 0.6087 
 500      500   (1)      2 :  0.4046 0.5954 
 501      501   (4)      2 :  0.6530 0.3470 
 502      502   (2)      2 :  0.5253 0.4747 
 503      503   (5)      2 :  0.3902 0.6098 
 504      504   (2)      2 :  0.5669 0.4331 
 505      505   (0)      2 :  0.5692 0.4308 
 506      506   (8)      2 :  0.4131 0.5869 
 507      507   (0)      2 :  0.4938 0.5062 
 508      508   (0)      2 :  0.5039 0.4961 
 509      509   (1)      2 :  0.8315 0.1685 
 510      510   (1)      2 :  0.4822 0.5178 
 511      511   (5)      2 :  0.5046 0.4954 
 512      512   (2)      2 :  0.7593 0.2407 
 513      513   (9)      2 :  0.6085 0.3915 
 514      514   (4)      2 :  0.5999 0.4001 
 515      515   (1)      2 :  0.4421 0.5579 
 516      516   (3)      2 :  0.5161 0.4839 
 517      517   (3)      2 :  0.6450 0.3550 
 518      518   (0)      2 :  0.4343 0.5657 
 519      519   (9)      2 :  0.4149 0.5851 
 520      520   (6)      2 :  0.5269 0.4731 
 521      521   (2)      2 :  0.4714 0.5286 
 522      522   (1)      2 :  0.5046 0.4954 
 523      523   (4)      2 :  0.4547 0.5453 
 524      524   (0)      2 :  0.4653 0.5347 
 525      525   (2)      2 :  0.4222 0.5778 
 526      526   (3)      2 :  0.4689 0.5311 
 527      527   (0)      2 :  0.4241 0.5759 
 528      528   (0)      2 :  0.3812 0.6188 
 529      529   (1)      2 :  0.4222 0.5778 
 530      530   (0)      2 :  0.3678 0.6322 
 531      531   (0)      2 :  0.5571 0.4429 
 532      532   (2)      2 :  0.3336 0.6664 
 533      533   (2)      2 :  0.2803 0.7197 
 534      534   (2)      2 :  0.4106 0.5894 
 535      535   (0)      2 :  0.4230 0.5770 
 536      536   (0)      2 :  0.3576 0.6424 
 537      537   (0)      2 :  0.2942 0.7058 
 538      538   (0)      2 :  0.4276 0.5724 
 539      539   (0)      2 :  0.3994 0.6006 
 540      540   (8)      2 :  0.4504 0.5496 
 541      541   (1)      2 :  0.4382 0.5618 
 542      542   (1)      2 :  0.5676 0.4324 
 543      543   (0)      2 :  0.4506 0.5494 
 544      544   (2)      2 :  0.4089 0.5911 
 545      545   (1)      2 :  0.6698 0.3302 
 546      546   (9)      2 :  0.3270 0.6730 
 547      547   (0)      2 :  0.5253 0.4747 
 548      548   (0)      2 :  0.5329 0.4671 
 549      549   (0)      2 :  0.4912 0.5088 
 550      550   (1)      2 :  0.6611 0.3389 
 551      551   (1)      2 :  0.3952 0.6048 
 552      552   (2)      2 :  0.5219 0.4781 
 553      553  (10)      2 :  0.4321 0.5679 
 554      554   (2)      2 :  0.3910 0.6090 
 555      555   (4)      2 :  0.3928 0.6072 
 556      556   (0)      2 :  0.4545 0.5455 
 557      557   (2)      2 :  0.5608 0.4392 
 558      558   (0)      2 :  0.6192 0.3808 
 559      559   (0)      2 :  0.4110 0.5890 
 560      560   (8)      2 :  0.4984 0.5016 
 561      561   (0)      2 :  0.3206 0.6794 
 562      562   (8)      2 :  0.4989 0.5011 
 563      563   (2)      2 :  0.4245 0.5755 
 564      564   (4)      2 :  0.4550 0.5450 
 565      565   (3)      2 :  0.4952 0.5048 
 566      566   (1)      2 :  0.5259 0.4741 
 567      567   (0)      2 :  0.4036 0.5964 
 568      568   (5)      2 :  0.5354 0.4646 
 569      569   (2)      2 :  0.3217 0.6783 
 570      570   (0)      2 :  0.4305 0.5695 
 571      571   (2)      2 :  0.4587 0.5413 
 572      572   (6)      2 :  0.3958 0.6042 
 573      573   (5)      2 :  0.6347 0.3653 
 574      574   (8)      2 :  0.5253 0.4747 
 575      575   (3)      2 :  0.3379 0.6621 
 576      576   (0)      2 :  0.4779 0.5221 
 577      577   (0)      2 :  0.8194 0.1806 
 578      578   (1)      2 :  0.4306 0.5694 
 579      579   (0)      2 :  0.7245 0.2755 
 580      580   (0)      2 :  0.3347 0.6653 
 581      581   (6)      2 :  0.4145 0.5855 
 582      582   (7)      2 :  0.3313 0.6687 
 583      583   (3)      2 :  0.4018 0.5982 
 584      584   (5)      2 :  0.4220 0.5780 
 585      585   (1)      2 :  0.5157 0.4843 
 586      586   (2)      2 :  0.3138 0.6862 
 587      587   (0)      2 :  0.8561 0.1439 
 588      588   (0)      2 :  0.5616 0.4384 
 589      589   (1)      2 :  0.4501 0.5499 
 590      590   (2)      2 :  0.2322 0.7678 
 591      591   (0)      2 :  0.4069 0.5931 
 592      592   (4)      2 :  0.4442 0.5558 
 593      593   (0)      2 :  0.5215 0.4785 
 594      594   (1)      2 :  0.3913 0.6087 
 595      595   (0)      2 :  0.5324 0.4676 
 596      596   (0)      2 :  0.4717 0.5283 
 597      597   (0)      2 :  0.4746 0.5254 
 598      598   (0)      2 :  0.4066 0.5934 
 599      599   (0)      2 :  0.4996 0.5004 
 600      600   (0)      2 :  0.4600 0.5400 
 601      601   (0)      2 :  0.2803 0.7197 
 602      602   (0)      2 :  0.5402 0.4598 
 603      603   (0)      2 :  0.3518 0.6482 
 604      604   (0)      2 :  0.3604 0.6396 
 605      605   (0)      2 :  0.3767 0.6233 
 606      606   (0)      2 :  0.5138 0.4862 
 607      607   (0)      2 :  0.4181 0.5819 
 608      608   (0)      2 :  0.3493 0.6507 
 609      609   (0)      2 :  0.3870 0.6130 
 610      610   (6)      2 :  0.7545 0.2455 
 611      611   (0)      2 :  0.5749 0.4251 
 612      612   (3)      2 :  0.5165 0.4835 
 613      613   (0)      2 :  0.4758 0.5242 
 614      614   (0)      2 :  0.5798 0.4202 
 615      615   (0)      2 :  0.2791 0.7209 
 616      616   (0)      2 :  0.4127 0.5873 
 617      617   (0)      2 :  0.4723 0.5277 
 618      618   (0)      2 :  0.5649 0.4351 
 619      619   (0)      2 :  0.3705 0.6295 
 620      620   (0)      2 :  0.5739 0.4261 
 621      621   (2)      2 :  0.4408 0.5592 
 622      622   (3)      2 :  0.4822 0.5178 
 623      623   (1)      2 :  0.5216 0.4784 
 624      624   (2)      2 :  0.4703 0.5297 
 625      625   (1)      2 :  0.5718 0.4282 
 626      626   (9)      2 :  0.3284 0.6716 
 627      627   (0)      2 :  0.5111 0.4889 
 628      628   (0)      2 :  0.8503 0.1497 
 629      629   (2)      2 :  0.5388 0.4612 
 630      630   (1)      2 :  0.2891 0.7109 
 631      631   (4)      2 :  0.3212 0.6788 
 632      632   (0)      2 :  0.4140 0.5860 
 633      633   (7)      2 :  0.3980 0.6020 
 634      634   (2)      2 :  0.6183 0.3817 
 635      635   (0)      2 :  0.3185 0.6815 
 636      636   (0)      2 :  0.5235 0.4765 
 637      637   (0)      2 :  0.5365 0.4635 
 638      638   (0)      2 :  0.4092 0.5908 
 639      639   (1)      2 :  0.4914 0.5086 
 640      640   (2)      2 :  0.6706 0.3294 
 641      641   (1)      2 :  0.5085 0.4915 
 642      642   (3)      2 :  0.5865 0.4135 
 643      643   (1)      2 :  0.4064 0.5936 
 644      644  (10)      2 :  0.3201 0.6799 
 645      645   (6)      2 :  0.5220 0.4780 
 646      646   (0)      2 :  0.3690 0.6310 
 647      647   (2)      2 :  0.5652 0.4348 
 648      648   (0)      2 :  0.3067 0.6933 
 649      649   (0)      2 :  0.4020 0.5980 
 650      650   (1)      2 :  0.3253 0.6747 
 651      651   (6)      2 :  0.7762 0.2238 
 652      652   (1)      2 :  0.5185 0.4815 
 653      653   (4)      2 :  0.4181 0.5819 
 654      654   (1)      2 :  0.4780 0.5220 
 655      655   (4)      2 :  0.6293 0.3707 
 656      656   (0)      2 :  0.4066 0.5934 
 657      657   (0)      2 :  0.4370 0.5630 
 658      658   (0)      2 :  0.3362 0.6638 
 659      659   (7)      2 :  0.2362 0.7638 
 660      660   (4)      2 :  0.4660 0.5340 
 661      661   (3)      2 :  0.3161 0.6839 
 662      662   (2)      2 :  0.4368 0.5632 
 663      663   (2)      2 :  0.5856 0.4144 
 664      664   (0)      2 :  0.3051 0.6949 
 665      665   (1)      2 :  0.4953 0.5047 
 666      666   (0)      2 :  0.7570 0.2430 
 667      667   (0)      2 :  0.6384 0.3616 
 668      668   (1)      2 :  0.5523 0.4477 
 669      669   (5)      2 :  0.5159 0.4841 
 670      670  (10)      2 :  0.3352 0.6648 
 671      671   (3)      2 :  0.4074 0.5926 
 672      672   (0)      2 :  0.2950 0.7050 
 673      673   (6)      2 :  0.3942 0.6058 
 674      674   (0)      2 :  0.4346 0.5654 
 675      675   (0)      2 :  0.2809 0.7191 
 676      676   (1)      2 :  0.4070 0.5930 
 677      677   (4)      2 :  0.6070 0.3930 
 678      678   (9)      2 :  0.5165 0.4835 
 679      679   (1)      2 :  0.5279 0.4721 
 680      680   (1)      2 :  0.4789 0.5211 
 681      681   (1)      2 :  0.6122 0.3878 
 682      682   (2)      2 :  0.6962 0.3038 
 683      683   (0)      2 :  0.4694 0.5306 
 684      684   (0)      2 :  0.4400 0.5600 
 685      685   (0)      2 :  0.4272 0.5728 
 686      686   (0)      2 :  0.3212 0.6788 
 687      687   (4)      2 :  0.3700 0.6300 
 688      688   (2)      2 :  0.6257 0.3743 
 689      689   (2)      2 :  0.6417 0.3583 
 690      690   (6)      2 :  0.5678 0.4322 
 691      691   (7)      2 :  0.5401 0.4599 
 692      692   (0)      2 :  0.5364 0.4636 
 693      693   (3)      2 :  0.3020 0.6980 
 694      694   (0)      2 :  0.2955 0.7045 
 695      695   (0)      2 :  0.5258 0.4742 
 696      696   (0)      2 :  0.3779 0.6221 
 697      697   (3)      2 :  0.4204 0.5796 
 698      698   (0)      2 :  0.2504 0.7496 
 699      699   (0)      2 :  0.5340 0.4660 
 700      700   (0)      2 :  0.4334 0.5666 
 701      701   (0)      2 :  0.3962 0.6038 
 702      702   (1)      2 :  0.6240 0.3760 
 703      703   (0)      2 :  0.6227 0.3773 
 704      704   (0)      2 :  0.6524 0.3476 
 705      705   (0)      2 :  0.4501 0.5499 
 706      706   (0)      2 :  0.5195 0.4805 
 707      707   (2)      2 :  0.4936 0.5064 
 708      708   (1)      2 :  0.5042 0.4958 
 709      709   (0)      2 :  0.5376 0.4624 
 710      710   (0)      2 :  0.4864 0.5136 
 711      711   (0)      2 :  0.5450 0.4550 
 712      712   (1)      2 :  0.3741 0.6259 
 713      713   (0)      2 :  0.4251 0.5749 
 714      714   (0)      2 :  0.5208 0.4792 
 715      715   (0)      2 :  0.4613 0.5387 
 716      716   (0)      2 :  0.6612 0.3388 
 717      717   (2)      2 :  0.3879 0.6121 
 718      718   (1)      2 :  0.3255 0.6745 
 719      719   (9)      2 :  0.2977 0.7023 
 720      720   (4)      2 :  0.4700 0.5300 
 721      721   (2)      2 :  0.4143 0.5857 
 722      722   (0)      2 :  0.3959 0.6041 
 723      723   (0)      2 :  0.3857 0.6143 
 724      724   (0)      2 :  0.6698 0.3302 
 725      725   (0)      2 :  0.3921 0.6079 
 726      726   (0)      2 :  0.5251 0.4749 
 727      727   (1)      2 :  0.5333 0.4667 
 728      728   (1)      2 :  0.6379 0.3621 
 729      729   (1)      2 :  0.3663 0.6337 
 730      730   (0)      2 :  0.5117 0.4883 
 731      731   (2)      2 :  0.7433 0.2567 
 732      732   (1)      2 :  0.5545 0.4455 
 733      733   (0)      2 :  0.3466 0.6534 
 734      734   (0)      2 :  0.3501 0.6499 
 735      735   (0)      2 :  0.3963 0.6037 
 736      736   (0)      2 :  0.4855 0.5145 
 737      737   (0)      2 :  0.5515 0.4485 
 738      738   (0)      2 :  0.5774 0.4226 
 739      739   (0)      2 :  0.5819 0.4181 
 740      740   (0)      2 :  0.3142 0.6858 
 741      741   (0)      2 :  0.4961 0.5039 
 742      742   (0)      2 :  0.3727 0.6273 
 743      743   (0)      2 :  0.4043 0.5957 
 744      744   (0)      2 :  0.3514 0.6486 
 745      745   (0)      2 :  0.3126 0.6874 
 746      746   (0)      2 :  0.6122 0.3878 
 747      747   (0)      2 :  0.7627 0.2373 
 748      748   (2)      2 :  0.5513 0.4487 
 749      749   (7)      2 :  0.5087 0.4913 
 750      750   (2)      2 :  0.5031 0.4969 
 751      751   (0)      2 :  0.5202 0.4798 
 752      752   (5)      2 :  0.2968 0.7032 
 753      753   (0)      2 :  0.2942 0.7058 
 754      754   (0)      2 :  0.3494 0.6506 
 755      755   (0)      2 :  0.3014 0.6986 
 756      756   (0)      2 :  0.5512 0.4488 
 757      757   (0)      2 :  0.4959 0.5041 
 758      758   (1)      2 :  0.4752 0.5248 
 759      759   (0)      2 :  0.5297 0.4703 
 760      760   (0)      2 :  0.6115 0.3885 
 761      761   (0)      2 :  0.2410 0.7590 
 762      762   (0)      2 :  0.2605 0.7395 
 763      763   (0)      2 :  0.5515 0.4485 
 764      764   (0)      4 :  0.4098 0.5902 
 765      765   (0)      2 :  0.4496 0.5504 
 766      766   (0)      4 :  0.3360 0.6640 
 767      767   (0)      4 :  0.2558 0.7442 
 768      768   (0)      4 :  0.4821 0.5179 
 769      769   (0)      2 :  0.3755 0.6245 
 770      770   (0)      4 :  0.3455 0.6545 
 771      771   (1)      3 :  0.5053 0.4947 
 772      772   (0)      2 :  0.4203 0.5797 
 773      773   (0)      3 :  0.5449 0.4551 
 774      774   (0)      3 :  0.3712 0.6288 
 775      775   (0)      3 :  0.3953 0.6047 
 776      776   (0)      3 :  0.4479 0.5521 
 777      777   (0)      3 :  0.3849 0.6151 
 778      778   (3)      4 :  0.5316 0.4684 
 779      779   (0)      2 :  0.4150 0.5850 
 780      780   (0)      4 :  0.3964 0.6036 
 781      781   (0)      4 :  0.3006 0.6994 
 782      782   (0)      4 :  0.3537 0.6463 
 783      783   (0)      4 :  0.4997 0.5003 
 784      784   (0)      2 :  0.7294 0.2706 
 785      785   (0)      4 :  0.3641 0.6359 
 786      786   (0)      3 :  0.5339 0.4661 
 787      787   (0)      3 :  0.2668 0.7332 
 788      788   (0)      3 :  0.3452 0.6548 
 789      789   (0)      3 :  0.5076 0.4924 
 790      790   (1)      3 :  0.5291 0.4709 
 791      791   (0)      3 :  0.3897 0.6103 
 792      792   (2)      4 :  0.2771 0.7229 
 793      793   (4)      4 :  0.4216 0.5784 
 794      794   (0)      4 :  0.2420 0.7580 
 795      795   (3)      4 :  0.3794 0.6206 
 796      796   (0)      4 :  0.4645 0.5355 
 797      797   (0)      2 :  0.5692 0.4308 
 798      798   (0)      4 :  0.4807 0.5193 
 799      799   (1)      3 :  0.4911 0.5089 
 800      800   (0)      2 :  0.4537 0.5463 
 801      801   (0)      3 :  0.3025 0.6975 
 802      802   (1)      3 :  0.5381 0.4619 
 803      803   (0)      3 :  0.3417 0.6583 
 804      804   (0)      3 :  0.3595 0.6405 
 805      805   (0)      4 :  0.5211 0.4789 
 806      806   (1)      4 :  0.3187 0.6813 
 807      807   (0)      4 :  0.4864 0.5136 
 808      808   (0)      4 :  0.4119 0.5881 
 809      809   (0)      2 :  0.5614 0.4386 
 810      810   (0)      4 :  0.4726 0.5274 
 811      811   (0)      2 :  0.5056 0.4944 
 812      812   (1)      3 :  0.3506 0.6494 
 813      813   (0)      3 :  0.2088 0.7912 
 814      814   (0)      3 :  0.4496 0.5504 
 815      815   (1)      3 :  0.4693 0.5307 
 816      816   (0)      3 :  0.3659 0.6341 
 817      817   (8)      4 :  0.4794 0.5206 
 818      818   (0)      2 :  0.5260 0.4740 
 819      819   (3)      4 :  0.3474 0.6526 
 820      820   (3)      4 :  0.3476 0.6524 
 821      821   (3)      4 :  0.3838 0.6162 
 822      822   (0)      4 :  0.4314 0.5686 
 823      823   (0)      2 :  0.3961 0.6039 
 824      824   (0)      4 :  0.4287 0.5713 
 825      825   (0)      2 :  0.8036 0.1964 
 826      826   (1)      3 :  0.2771 0.7229 
 827      827   (1)      2 :  0.7448 0.2552 
 828      828   (0)      3 :  0.4338 0.5662 
 829      829   (0)      3 :  0.4838 0.5162 
 830      830   (0)      3 :  0.4483 0.5517 
 831      831   (0)      3 :  0.3271 0.6729 
 832      832   (0)      4 :  0.5469 0.4531 
 833      833   (0)      2 :  0.3638 0.6362 
 834      834   (2)      4 :  0.3642 0.6358 
 835      835   (0)      4 :  0.3612 0.6388 
 836      836   (4)      4 :  0.3551 0.6449 
 837      837   (0)      4 :  0.4688 0.5312 
 838      838   (0)      2 :  0.5559 0.4441 
 839      839   (0)      2 :  0.4273 0.5727 
 840      840   (1)      3 :  0.4020 0.5980 
 841      841   (0)      3 :  0.3139 0.6861 
 842      842   (0)      3 :  0.2251 0.7749 
 843      843   (0)      3 :  0.3157 0.6843 
 844      844   (0)      3 :  0.3191 0.6809 
 845      845   (0)      2 :  0.3770 0.6230 
 846      846   (3)      4 :  0.3121 0.6879 
 847      847   (0)      4 :  0.2794 0.7206 
 848      848   (2)      4 :  0.3946 0.6054 
 849      849   (0)      4 :  0.4685 0.5315 
 850      850   (0)      3 :  0.4896 0.5104 
 851      851   (1)      3 :  0.3878 0.6122 
 852      852   (0)      3 :  0.3332 0.6668 
 853      853   (0)      3 :  0.3234 0.6766 
 854      854   (3)      3 :  0.2885 0.7115 
 855      855   (0)      2 :  0.5883 0.4117 
 856      856   (0)      4 :  0.3330 0.6670 
 857      857   (0)      4 :  0.3953 0.6047 
 858      858   (0)      4 :  0.4206 0.5794 
 859      859   (0)      2 :  0.6321 0.3679 
 860      860   (0)      2 :  0.4806 0.5194 
 861      861   (0)      3 :  0.4264 0.5736 
 862      862   (0)      3 :  0.4735 0.5265 
 863      863   (0)      3 :  0.2045 0.7955 
 864      864   (0)      3 :  0.3705 0.6295 
 865      865   (0)      3 :  0.3332 0.6668 
 866      866   (0)      2 :  0.6635 0.3365 
 867      867   (0)      2 :  0.6706 0.3294 
 868      868   (0)      2 :  0.4857 0.5143 
 869      869   (0)      2 :  0.7956 0.2044 
 870      870   (0)      2 :  0.4318 0.5682 
 871      871   (0)      2 :  0.3705 0.6295 
 872      872   (0)      2 :  0.2508 0.7492 
 873      873   (0)      2 :  0.4966 0.5034 
 874      874   (0)      2 :  0.8189 0.1811 
 875      875   (0)      2 :  0.7343 0.2657 
 876      876   (1)      2 :  0.7920 0.2080 
 877      877   (0)      2 :  0.3878 0.6122 
 878      878   (0)      2 :  0.4091 0.5909 
 879      879   (0)      2 :  0.3926 0.6074 
 880      880   (0)      2 :  0.5057 0.4943 
 881      881   (0)      2 :  0.6227 0.3773 
 882      882   (0)      2 :  0.6231 0.3769 
 883      883   (0)      2 :  0.4692 0.5308 
 884      884   (4)      2 :  0.5990 0.4010 
 885      885   (0)      2 :  0.1904 0.8096 
 886      886   (0)      2 :  0.8146 0.1854 
 887      887   (0)      2 :  0.3856 0.6144 
 888      888   (0)      2 :  0.3534 0.6466 
 889      889   (0)      2 :  0.4368 0.5632 
 890      890   (0)      2 :  0.3753 0.6247 
 891      891   (0)      2 :  0.4535 0.5465 
 892      892   (0)      2 :  0.4580 0.5420 
 893      893   (0)      2 :  0.4828 0.5172 
 894      894   (0)      2 :  0.2889 0.7111 
 895      895   (0)      2 :  0.2752 0.7248 
 896      896   (0)      2 :  0.4026 0.5974 
 897      897   (9)      2 :  0.7636 0.2364 
 898      898   (0)      2 :  0.4157 0.5843 
 899      899   (0)      2 :  0.4021 0.5979 
 900      900   (0)      2 :  0.3234 0.6766 
 901      901   (0)      2 :  0.5209 0.4791 
 902      902   (2)      2 :  0.5821 0.4179 
 903      903   (0)      2 :  0.6658 0.3342 
 904      904   (0)      2 :  0.3584 0.6416 
 905      905   (0)      2 :  0.4715 0.5285 
 906      906   (0)      2 :  0.3535 0.6465 
 907      907   (0)      2 :  0.4307 0.5693 
 908      908   (0)      2 :  0.5554 0.4446 
 909      909   (0)      2 :  0.8516 0.1484 
 910      910   (2)      2 :  0.3466 0.6534 
 911      911   (1)      2 :  0.3956 0.6044 
 912      912   (0)      2 :  0.5264 0.4736 
 913      913   (0)      2 :  0.7910 0.2090 
 914      914   (0)      2 :  0.5691 0.4309 
 915      915   (0)      2 :  0.4309 0.5691 
 916      916   (0)      2 :  0.4710 0.5290 
 917      917   (0)      2 :  0.7125 0.2875 
 918      918   (0)      2 :  0.4908 0.5092 
 919      919   (0)      2 :  0.7657 0.2343 
 920      920   (0)      2 :  0.3669 0.6331 
 921      921   (0)      2 :  0.3157 0.6843 
 922      922   (0)      2 :  0.3004 0.6996 
 923      923   (0)      2 :  0.4598 0.5402 
 924      924   (0)      2 :  0.4369 0.5631 
 925      925   (0)      2 :  0.6658 0.3342 
 926      926   (0)      2 :  0.7818 0.2182 
 927      927   (0)      2 :  0.6491 0.3509 
 928      928   (0)      2 :  0.7525 0.2475 
 929      929   (0)      2 :  0.7806 0.2194 
 930      930   (0)      2 :  0.4237 0.5763 
 931      931   (0)      2 :  0.7402 0.2598 
 932      932   (0)      2 :  0.7811 0.2189 
 933      933   (0)      2 :  0.4542 0.5458 
 934      934   (0)      2 :  0.5892 0.4108 
 935      935   (0)      2 :  0.5337 0.4663 
 936      936   (1)      2 :  0.7673 0.2327 
 937      937   (2)      2 :  0.5984 0.4016 
 938      938   (0)      2 :  0.5395 0.4605 
 939      939   (0)      2 :  0.7724 0.2276 
 940      940   (0)      2 :  0.5352 0.4648 
 941      941   (0)      2 :  0.6121 0.3879 
 942      942   (0)      2 :  0.6934 0.3066 
 943      943   (0)      2 :  0.2423 0.7577 
 944      944   (0)      2 :  0.7612 0.2388 
 945      945   (0)      2 :  0.4741 0.5259 
 946      946   (0)      2 :  0.3897 0.6103 
 947      947   (0)      2 :  0.5645 0.4355 
 948      948   (0)      2 :  0.3186 0.6814 
 949      949   (0)      2 :  0.7578 0.2422 
 950      950   (0)      2 :  0.3901 0.6099 
 951      951   (0)      2 :  0.3824 0.6176 
 952      952   (0)      2 :  0.4783 0.5217 
 953      953   (0)      2 :  0.6349 0.3651 
 954      954   (0)      2 :  0.7041 0.2959 
 955      955   (0)      2 :  0.6345 0.3655 
 956      956   (0)      2 :  0.4862 0.5138 
 957      957   (2)      2 :  0.3325 0.6675 
 958      958   (0)      2 :  0.4156 0.5844 
 959      959   (4)      2 :  0.6438 0.3562 
 960      960   (0)      2 :  0.8204 0.1796 
 961      961   (1)      2 :  0.8313 0.1687 
 962      962   (0)      2 :  0.6115 0.3885 
 963      963   (0)      2 :  0.4483 0.5517 
 964      964   (0)      2 :  0.5368 0.4632 
 965      965   (0)      2 :  0.4425 0.5575 
 966      966   (0)      2 :  0.8038 0.1962 
 967      967   (0)      2 :  0.4061 0.5939 
 968      968   (0)      2 :  0.3673 0.6327 
 969      969   (0)      2 :  0.3714 0.6286 
 970      970   (0)      2 :  0.6385 0.3615 
 971      971   (0)      2 :  0.6602 0.3398 
 972      972   (0)      2 :  0.5344 0.4656 
 973      973   (0)      2 :  0.4235 0.5765 
 974      974   (6)      2 :  0.5657 0.4343 
 975      975   (0)      2 :  0.3487 0.6513 
 976      976   (0)      2 :  0.3841 0.6159 
 977      977   (0)      2 :  0.6755 0.3245 
 978      978   (0)      2 :  0.8796 0.1204 
 979      979   (0)      2 :  0.7865 0.2135 
 980      980   (0)      2 :  0.5694 0.4306 
 981      981   (0)      2 :  0.7995 0.2005 
 982      982   (4)      2 :  0.7127 0.2873 
 983      983   (0)      2 :  0.4956 0.5044 
 984      984   (0)      2 :  0.5792 0.4208 
 985      985   (0)      2 :  0.4051 0.5949 
 986      986   (0)      2 :  0.3845 0.6155 
 987      987   (1)      2 :  0.4021 0.5979 
 988      988   (0)      2 :  0.8209 0.1791 
 989      989   (0)      2 :  0.4786 0.5214 
 990      990   (0)      2 :  0.4371 0.5629 
 991      991   (0)      2 :  0.8492 0.1508 
 992      992   (0)      2 :  0.4619 0.5381 
 993      993   (0)      2 :  0.5858 0.4142 
 994      994   (0)      2 :  0.5266 0.4734 
 995      995   (0)      2 :  0.6989 0.3011 
 996      996   (0)      2 :  0.5611 0.4389 
 997      997   (0)      2 :  0.8352 0.1648 
 998      998   (0)      2 :  0.5059 0.4941 
 999      999   (0)      2 :  0.7405 0.2595 
1000     1000   (0)      2 :  0.3616 0.6384 
