1        1   (0)      1  : 0.4975 0.1247 0.3778
2        2   (0)      1  : 0.5755 0.2635 0.1610
3        3   (0)      1  : 0.3575 0.1888 0.4537
4        4   (0)      1  : 0.6884 0.1009 0.2107
5        5   (1)      1  : 0.0807 0.8494 0.0699
6        6   (0)      1  : 0.1692 0.4495 0.3813
7        7   (0)      1  : 0.1818 0.4307 0.3875
8        8   (0)      1  : 0.2422 0.0906 0.6672
9        9   (0)      1  : 0.2232 0.5398 0.2369
10       10   (0)      1  : 0.3848 0.4785 0.1368
11       11   (0)      1  : 0.1840 0.1643 0.6517
12       12   (0)      1  : 0.3738 0.3778 0.2484
13       13   (0)      1  : 0.2659 0.1119 0.6222
14       14   (0)      1  : 0.2320 0.3525 0.4155
15       15   (0)      1  : 0.2770 0.5412 0.1817
16       16   (0)      1  : 0.3076 0.2266 0.4658
17       17   (0)      1  : 0.6241 0.2672 0.1087
18       18   (3)      1  : 0.5682 0.0662 0.3656
19       19   (0)      1  : 0.1520 0.1518 0.6962
20       20   (0)      1  : 0.4551 0.4391 0.1058
21       21   (0)      1  : 0.3611 0.4842 0.1547
22       22   (0)      1  : 0.1875 0.1924 0.6201
23       23   (0)      1  : 0.2246 0.5007 0.2747
24       24   (1)      1  : 0.5005 0.1305 0.3690
25       25   (0)      1  : 0.1719 0.5550 0.2731
26       26   (0)      1  : 0.2975 0.2695 0.4329
27       27   (2)      1  : 0.3335 0.1718 0.4946
28       28   (0)      1  : 0.5411 0.1931 0.2659
29       29   (0)      1  : 0.5534 0.2435 0.2031
30       30   (0)      1  : 0.2400 0.5677 0.1923
31       31   (0)      1  : 0.2847 0.2030 0.5122
32       32   (0)      1  : 0.4810 0.3255 0.1935
33       33   (0)      1  : 0.4281 0.2419 0.3300
34       34   (0)      1  : 0.2148 0.5695 0.2157
35       35   (0)      1  : 0.5380 0.2027 0.2593
36       36   (0)      1  : 0.2114 0.1642 0.6244
37       37   (0)      1  : 0.1311 0.3621 0.5068
38       38   (0)      1  : 0.1376 0.6513 0.2112
39       39   (0)      1  : 0.6472 0.2092 0.1437
40       40   (0)      1  : 0.3263 0.5019 0.1718
41       41   (0)      1  : 0.5820 0.1710 0.2470
42       42   (0)      1  : 0.1282 0.7565 0.1153
43       43   (0)      1  : 0.6467 0.1787 0.1746
44       44   (8)      1  : 0.4474 0.1563 0.3964
45       45   (2)      1  : 0.1883 0.4997 0.3120
46       46   (0)      1  : 0.2871 0.2315 0.4813
47       47   (0)      1  : 0.1897 0.1195 0.6908
48       48   (0)      1  : 0.5589 0.1131 0.3280
49       49   (0)      1  : 0.3904 0.1465 0.4632
50       50   (0)      1  : 0.7620 0.1127 0.1253
51       51   (2)      1  : 0.1255 0.7461 0.1285
52       52   (0)      1  : 0.1090 0.7876 0.1034
53       53   (1)      1  : 0.2731 0.1301 0.5968
54       54   (0)      1  : 0.5237 0.2159 0.2604
55       55   (4)      1  : 0.3031 0.2038 0.4930
56       56   (0)      1  : 0.1855 0.3667 0.4478
57       57   (0)      1  : 0.0991 0.0845 0.8164
58       58   (0)      1  : 0.0825 0.6118 0.3057
59       59   (0)      1  : 0.2594 0.1267 0.6139
60       60   (0)      1  : 0.1531 0.2800 0.5669
61       61   (0)      1  : 0.5123 0.2245 0.2632
62       62   (0)      1  : 0.3414 0.2091 0.4495
63       63   (0)      1  : 0.2845 0.3469 0.3687
64       64   (2)      1  : 0.6123 0.2057 0.1821
65       65   (0)      1  : 0.4251 0.1358 0.4392
66       66   (5)      1  : 0.2299 0.4282 0.3419
67       67   (0)      1  : 0.1754 0.1320 0.6925
68       68   (1)      1  : 0.3490 0.3499 0.3012
69       69   (3)      1  : 0.2551 0.3228 0.4220
70       70   (0)      1  : 0.6906 0.1181 0.1913
71       71   (0)      1  : 0.2546 0.1823 0.5631
72       72   (5)      1  : 0.4337 0.1501 0.4162
73       73   (0)      1  : 0.4297 0.3375 0.2329
74       74   (0)      1  : 0.5884 0.2062 0.2053
75       75   (0)      1  : 0.4445 0.3013 0.2543
76       76   (0)      1  : 0.5270 0.1818 0.2912
77       77   (1)      1  : 0.0568 0.8920 0.0512
78       78   (0)      1  : 0.7402 0.1140 0.1459
79       79   (3)      1  : 0.5326 0.2161 0.2513
80       80   (0)      1  : 0.1122 0.7665 0.1213
81       81   (3)      1  : 0.2986 0.4600 0.2415
82       82   (1)      1  : 0.1652 0.0574 0.7774
83       83   (0)      1  : 0.5158 0.1469 0.3373
84       84   (0)      1  : 0.2869 0.2311 0.4820
85       85   (7)      1  : 0.5044 0.1680 0.3276
86       86   (0)      1  : 0.5070 0.2417 0.2513
87       87   (0)      1  : 0.5122 0.1460 0.3418
88       88   (0)      2  : 0.1118 0.8163 0.0719
89       89   (0)      2  : 0.3759 0.1996 0.4246
90       90   (0)      2  : 0.0887 0.8518 0.0594
91       91   (0)      2  : 0.3506 0.0561 0.5933
92       92   (0)      2  : 0.6146 0.1745 0.2110
93       93   (0)      2  : 0.4976 0.1713 0.3311
94       94   (0)      2  : 0.5815 0.2719 0.1466
95       95   (0)      2  : 0.3890 0.3349 0.2762
96       96   (0)      2  : 0.3201 0.3755 0.3044
97       97   (0)      2  : 0.2690 0.4467 0.2843
98       98   (0)      2  : 0.3509 0.1513 0.4978
99       99   (0)      2  : 0.3286 0.1685 0.5028
100      100   (0)      2  : 0.3543 0.1315 0.5142
101      101   (1)      2  : 0.1946 0.5888 0.2166
102      102   (0)      2  : 0.3009 0.2551 0.4439
103      103   (0)      2  : 0.2853 0.4588 0.2558
104      104   (0)      2  : 0.2936 0.1035 0.6029
105      105   (0)      2  : 0.2703 0.4140 0.3157
106      106   (0)      2  : 0.0908 0.8359 0.0733
107      107   (0)      2  : 0.1396 0.3577 0.5027
108      108   (0)      2  : 0.4765 0.2357 0.2878
109      109   (0)      2  : 0.3164 0.3157 0.3679
110      110   (0)      2  : 0.2078 0.5921 0.2002
111      111   (0)      2  : 0.1555 0.1545 0.6900
112      112   (2)      2  : 0.2286 0.3778 0.3936
113      113   (0)      2  : 0.2341 0.5974 0.1684
114      114   (5)      2  : 0.6406 0.1503 0.2091
115      115   (0)      2  : 0.6752 0.1223 0.2025
116      116   (0)      2  : 0.5255 0.2803 0.1943
117      117   (0)      2  : 0.3855 0.2778 0.3368
118      118   (0)      2  : 0.4872 0.0974 0.4155
119      119   (2)      2  : 0.6010 0.1272 0.2718
120      120   (0)      2  : 0.2663 0.0999 0.6338
121      121   (0)      2  : 0.2262 0.1006 0.6732
122      122   (0)      2  : 0.4605 0.1926 0.3469
123      123   (1)      2  : 0.5505 0.0767 0.3728
124      124   (0)      2  : 0.4774 0.3489 0.1736
125      125   (0)      2  : 0.4529 0.2475 0.2996
126      126   (0)      2  : 0.1706 0.7482 0.0812
127      127   (0)      2  : 0.3173 0.1231 0.5596
128      128   (1)      2  : 0.4594 0.1285 0.4121
129      129   (0)      2  : 0.4329 0.4233 0.1439
130      130   (2)      2  : 0.5960 0.2608 0.1432
131      131   (0)      2  : 0.2297 0.1900 0.5803
132      132   (0)      2  : 0.4663 0.2073 0.3263
133      133   (0)      2  : 0.5761 0.0979 0.3260
134      134   (0)      2  : 0.4090 0.1575 0.4336
135      135   (0)      2  : 0.1647 0.1746 0.6607
136      136   (4)      2  : 0.4731 0.2376 0.2892
137      137   (0)      2  : 0.2918 0.3455 0.3628
138      138   (0)      2  : 0.1160 0.6750 0.2090
139      139   (3)      2  : 0.3742 0.1120 0.5138
140      140   (1)      2  : 0.5201 0.2658 0.2141
141      141   (0)      2  : 0.4605 0.3406 0.1988
142      142   (0)      2  : 0.1986 0.5466 0.2548
143      143   (0)      2  : 0.4203 0.3133 0.2665
144      144   (0)      2  : 0.2651 0.0811 0.6538
145      145   (0)      2  : 0.4629 0.1319 0.4052
146      146   (1)      2  : 0.2953 0.2354 0.4693
147      147   (0)      2  : 0.1467 0.3582 0.4951
148      148   (0)      2  : 0.1453 0.1514 0.7033
149      149   (0)      2  : 0.3624 0.1381 0.4995
150      150   (1)      2  : 0.5654 0.2024 0.2322
151      151   (0)      2  : 0.5552 0.2753 0.1695
152      152   (0)      2  : 0.2681 0.1365 0.5954
153      153   (0)      2  : 0.1667 0.2096 0.6237
154      154   (0)      2  : 0.2672 0.2305 0.5023
155      155   (0)      2  : 0.6010 0.1820 0.2170
156      156   (0)      2  : 0.3457 0.2340 0.4203
157      157   (0)      2  : 0.3766 0.3924 0.2310
158      158   (0)      2  : 0.3580 0.0663 0.5757
159      159   (0)      2  : 0.5324 0.1337 0.3339
160      160   (0)      2  : 0.3752 0.2758 0.3489
161      161   (1)      2  : 0.1756 0.0951 0.7292
162      162   (0)      2  : 0.2256 0.4117 0.3627
163      163   (0)      2  : 0.1999 0.2391 0.5611
164      164   (0)      2  : 0.3503 0.0797 0.5700
165      165   (0)      2  : 0.3918 0.1008 0.5074
166      166   (0)      2  : 0.5941 0.1961 0.2098
167      167   (0)      2  : 0.2978 0.2891 0.4132
168      168   (0)      2  : 0.5089 0.2230 0.2681
169      169   (0)      2  : 0.0840 0.8597 0.0563
170      170   (0)      2  : 0.4248 0.2477 0.3275
171      171   (0)      2  : 0.5039 0.1429 0.3532
172      172   (0)      2  : 0.1650 0.4370 0.3981
173      173   (0)      2  : 0.0982 0.8146 0.0872
174      174   (0)      2  : 0.6213 0.1288 0.2499
175      175   (0)      2  : 0.6461 0.1263 0.2276
176      176   (0)      2  : 0.2051 0.3751 0.4198
177      177   (0)      2  : 0.1429 0.0689 0.7882
178      178   (0)      2  : 0.5119 0.1582 0.3299
179      179   (0)      2  : 0.5653 0.1585 0.2762
180      180   (0)      2  : 0.0929 0.8092 0.0978
181      181   (0)      2  : 0.5599 0.2400 0.2001
182      182   (0)      2  : 0.2787 0.2080 0.5133
183      183   (0)      2  : 0.3095 0.1589 0.5316
184      184   (0)      2  : 0.1154 0.7157 0.1689
185      185   (0)      2  : 0.6740 0.0810 0.2450
186      186   (0)      2  : 0.2608 0.4388 0.3005
187      187   (0)      2  : 0.6593 0.1592 0.1814
188      188   (0)      2  : 0.4931 0.1424 0.3646
189      189   (0)      2  : 0.2790 0.4372 0.2837
190      190   (0)      2  : 0.2482 0.2298 0.5220
191      191   (0)      2  : 0.4812 0.1916 0.3272
192      192   (0)      2  : 0.6201 0.1092 0.2707
193      193   (0)      2  : 0.1650 0.3703 0.4648
194      194   (0)      2  : 0.2516 0.0811 0.6673
195      195   (0)      2  : 0.1610 0.7615 0.0775
196      196   (0)      2  : 0.7588 0.1238 0.1174
197      197   (0)      2  : 0.4486 0.1565 0.3950
198      198   (0)      2  : 0.0877 0.7920 0.1203
199      199   (0)      2  : 0.3930 0.0920 0.5150
200      200   (0)      2  : 0.3274 0.3498 0.3229
201      201   (0)      2  : 0.3365 0.0921 0.5714
202      202   (0)      2  : 0.3272 0.0877 0.5851
203      203   (0)      2  : 0.5605 0.1319 0.3076
204      204   (0)      2  : 0.3920 0.2469 0.3612
205      205   (0)      2  : 0.3027 0.3016 0.3958
206      206   (0)      2  : 0.0699 0.8715 0.0586
207      207   (0)      2  : 0.1651 0.5158 0.3191
208      208   (0)      2  : 0.3880 0.1731 0.4389
209      209   (0)      2  : 0.2338 0.4822 0.2840
210      210   (0)      2  : 0.0981 0.8465 0.0554
211      211   (0)      2  : 0.2445 0.2867 0.4688
212      212   (1)      2  : 0.1119 0.3531 0.5350
213      213   (1)      2  : 0.5629 0.2469 0.1902
214      214   (0)      2  : 0.1943 0.3026 0.5031
215      215   (0)      2  : 0.5649 0.0969 0.3382
216      216   (0)      2  : 0.1557 0.5665 0.2778
217      217   (0)      2  : 0.1891 0.6472 0.1638
218      218   (0)      2  : 0.5185 0.1971 0.2844
219      219   (0)      2  : 0.2211 0.4051 0.3738
220      220   (0)      2  : 0.2410 0.0565 0.7025
221      221   (0)      2  : 0.1757 0.3182 0.5061
222      222   (0)      2  : 0.5031 0.1297 0.3672
223      223   (0)      2  : 0.2652 0.2802 0.4546
224      224   (1)      2  : 0.5166 0.2042 0.2792
225      225   (0)      2  : 0.0656 0.7532 0.1812
226      226   (0)      2  : 0.4170 0.4825 0.1005
227      227   (0)      2  : 0.0892 0.8361 0.0747
228      228   (0)      2  : 0.4180 0.1419 0.4401
229      229   (0)      2  : 0.4486 0.1324 0.4190
230      230   (0)      2  : 0.2706 0.3691 0.3603
231      231   (0)      2  : 0.2438 0.2985 0.4578
232      232   (2)      2  : 0.2911 0.2624 0.4464
233      233   (0)      2  : 0.2391 0.3799 0.3810
234      234   (0)      2  : 0.0693 0.8677 0.0630
235      235   (0)      2  : 0.1420 0.7143 0.1437
236      236   (0)      2  : 0.1416 0.1186 0.7398
237      237   (0)      2  : 0.2067 0.2497 0.5436
238      238   (0)      2  : 0.1431 0.1918 0.6651
239      239   (0)      2  : 0.4139 0.1682 0.4179
240      240   (0)      2  : 0.4983 0.2085 0.2932
241      241   (0)      2  : 0.3972 0.4144 0.1884
242      242   (0)      2  : 0.2490 0.0787 0.6723
243      243   (0)      2  : 0.4173 0.1545 0.4281
244      244   (0)      2  : 0.5032 0.1622 0.3346
245      245   (0)      2  : 0.0759 0.8546 0.0695
246      246   (0)      2  : 0.2707 0.3314 0.3979
247      247   (0)      2  : 0.1597 0.7035 0.1368
248      248   (0)      2  : 0.3638 0.4984 0.1378
249      249   (0)      2  : 0.5640 0.2471 0.1889
250      250   (0)      2  : 0.5030 0.2653 0.2317
251      251   (0)      2  : 0.6220 0.1984 0.1796
252      252   (0)      2  : 0.2963 0.2341 0.4696
253      253   (0)      2  : 0.5914 0.2606 0.1480
254      254   (0)      2  : 0.4835 0.2989 0.2176
255      255   (0)      2  : 0.3849 0.1929 0.4223
256      256   (0)      2  : 0.3660 0.3285 0.3056
257      257   (0)      2  : 0.5886 0.2365 0.1749
258      258   (0)      1  : 0.4177 0.2614 0.3210
259      259   (0)      1  : 0.2084 0.5355 0.2561
260      260   (0)      1  : 0.6558 0.1970 0.1471
261      261   (0)      1  : 0.5820 0.2789 0.1391
262      262   (0)      1  : 0.5486 0.2957 0.1557
263      263   (0)      1  : 0.3159 0.2201 0.4641
264      264   (0)      1  : 0.5647 0.2030 0.2322
265      265   (0)      1  : 0.5872 0.1760 0.2368
266      266   (0)      1  : 0.6784 0.1112 0.2103
267      267   (0)      1  : 0.4268 0.4278 0.1454
268      268   (0)      1  : 0.2989 0.3091 0.3920
269      269   (1)      1  : 0.4559 0.3525 0.1917
270      270   (0)      1  : 0.6286 0.1793 0.1922
271      271   (0)      1  : 0.2633 0.5338 0.2029
272      272   (0)      1  : 0.3394 0.3604 0.3001
273      273   (0)      1  : 0.5665 0.1105 0.3229
274      274   (0)      1  : 0.1914 0.6803 0.1283
275      275   (0)      1  : 0.1476 0.2160 0.6364
276      276   (0)      1  : 0.3888 0.2410 0.3701
277      277   (0)      1  : 0.3852 0.3650 0.2497
278      278   (0)      1  : 0.1682 0.4043 0.4274
279      279   (0)      1  : 0.2038 0.3575 0.4387
280      280   (0)      1  : 0.4086 0.3786 0.2128
281      281   (0)      1  : 0.5161 0.1944 0.2896
282      282   (0)      1  : 0.4016 0.3585 0.2399
283      283   (0)      1  : 0.3224 0.2838 0.3939
284      284   (0)      1  : 0.5314 0.1418 0.3268
285      285   (0)      1  : 0.4842 0.1703 0.3455
286      286   (0)      1  : 0.5549 0.1209 0.3242
287      287   (0)      1  : 0.0588 0.9010 0.0402
288      288   (0)      1  : 0.0709 0.6196 0.3095
289      289   (0)      1  : 0.4355 0.2811 0.2834
290      290   (1)      1  : 0.0569 0.8761 0.0670
291      291   (0)      1  : 0.2823 0.5288 0.1889
292      292   (0)      1  : 0.4411 0.3032 0.2556
293      293   (0)      1  : 0.2329 0.1797 0.5874
294      294   (0)      1  : 0.4275 0.4495 0.1230
295      295   (0)      1  : 0.7801 0.1148 0.1051
296      296   (0)      1  : 0.2643 0.1336 0.6021
297      297   (0)      1  : 0.2566 0.6514 0.0920
298      298   (0)      1  : 0.3859 0.1781 0.4361
299      299   (0)      1  : 0.3133 0.3777 0.3091
300      300   (0)      1  : 0.4349 0.2199 0.3452
301      301   (0)      1  : 0.1026 0.8205 0.0769
302      302   (0)      1  : 0.1611 0.6273 0.2115
303      303   (0)      1  : 0.4952 0.2516 0.2532
304      304   (0)      1  : 0.1531 0.4276 0.4193
305      305   (0)      1  : 0.4370 0.1889 0.3741
306      306   (0)      1  : 0.2891 0.5991 0.1118
307      307   (1)      1  : 0.4604 0.1421 0.3975
308      308   (0)      1  : 0.4695 0.3069 0.2236
309      309   (0)      1  : 0.1565 0.7622 0.0813
310      310   (0)      1  : 0.3713 0.4519 0.1767
311      311   (0)      1  : 0.1997 0.6643 0.1360
312      312   (0)      1  : 0.5063 0.2076 0.2861
313      313   (0)      1  : 0.3154 0.2088 0.4758
314      314   (0)      1  : 0.2859 0.2957 0.4185
315      315   (0)      1  : 0.5369 0.3135 0.1496
316      316   (0)      1  : 0.7699 0.1190 0.1111
317      317   (0)      1  : 0.1987 0.1356 0.6657
318      318   (0)      1  : 0.3834 0.0899 0.5267
319      319   (0)      1  : 0.4970 0.0877 0.4153
320      320   (0)      1  : 0.3903 0.0809 0.5288
321      321   (0)      1  : 0.5950 0.1217 0.2833
322      322   (0)      1  : 0.3329 0.5117 0.1554
323      323   (0)      1  : 0.4688 0.2133 0.3179
324      324   (0)      1  : 0.6744 0.1122 0.2134
325      325   (0)      1  : 0.4204 0.3976 0.1820
326      326   (0)      1  : 0.5944 0.1635 0.2421
327      327   (0)      1  : 0.6502 0.1439 0.2059
328      328   (0)      1  : 0.3738 0.1425 0.4838
329      329   (0)      1  : 0.2854 0.3179 0.3967
330      330   (0)      1  : 0.2814 0.3413 0.3774
331      331   (0)      1  : 0.1802 0.6566 0.1633
332      332   (0)      1  : 0.3915 0.3752 0.2333
333      333   (0)      1  : 0.4280 0.4097 0.1622
334      334   (0)      1  : 0.5454 0.2330 0.2217
335      335   (0)      1  : 0.6295 0.1307 0.2398
336      336   (0)      1  : 0.3856 0.3524 0.2619
337      337   (0)      1  : 0.1936 0.5820 0.2244
338      338   (0)      1  : 0.5893 0.2489 0.1618
339      339   (0)      1  : 0.4144 0.2301 0.3555
340      340   (0)      1  : 0.4682 0.2186 0.3132
341      341   (0)      1  : 0.2549 0.1826 0.5625
342      342   (0)      1  : 0.2602 0.3592 0.3805
343      343   (0)      1  : 0.2187 0.1598 0.6215
344      344   (0)      1  : 0.2586 0.4518 0.2895
345      345   (1)      1  : 0.5888 0.3133 0.0979
346      346   (0)      1  : 0.4288 0.4135 0.1577
347      347   (0)      1  : 0.2441 0.4225 0.3334
348      348   (0)      1  : 0.2482 0.3011 0.4507
349      349   (0)      1  : 0.3359 0.1401 0.5240
350      350   (0)      1  : 0.1340 0.1962 0.6698
351      351   (0)      1  : 0.5067 0.2352 0.2581
352      352   (0)      1  : 0.5071 0.1651 0.3277
353      353   (0)      1  : 0.5065 0.2621 0.2314
354      354   (0)      1  : 0.1826 0.4791 0.3383
355      355   (0)      1  : 0.1190 0.2687 0.6123
356      356   (0)      1  : 0.3664 0.4150 0.2186
357      357   (0)      1  : 0.4478 0.1905 0.3618
358      358   (0)      1  : 0.5011 0.1516 0.3473
359      359   (0)      1  : 0.2000 0.5215 0.2785
360      360   (0)      1  : 0.4185 0.3694 0.2120
361      361   (0)      1  : 0.2911 0.1257 0.5832
362      362   (0)      1  : 0.4481 0.2977 0.2542
363      363   (0)      1  : 0.1478 0.5058 0.3464
364      364   (1)      1  : 0.4460 0.1944 0.3596
365      365   (0)      1  : 0.6005 0.1250 0.2744
366      366   (0)      1  : 0.7371 0.0888 0.1741
367      367   (0)      1  : 0.5983 0.2209 0.1808
368      368   (0)      1  : 0.5134 0.1756 0.3110
369      369   (0)      1  : 0.1911 0.4488 0.3600
370      370   (0)      1  : 0.1725 0.7157 0.1118
371      371   (0)      1  : 0.1189 0.7718 0.1093
372      372   (2)      1  : 0.0957 0.8218 0.0825
373      373   (0)      1  : 0.1267 0.6594 0.2139
374      374   (0)      1  : 0.5636 0.1020 0.3344
375      375   (0)      1  : 0.4138 0.2958 0.2905
376      376   (0)      1  : 0.3022 0.3757 0.3221
377      377   (0)      1  : 0.5074 0.1176 0.3750
378      378   (0)      1  : 0.4221 0.1092 0.4687
379      379   (0)      1  : 0.2133 0.5710 0.2157
380      380   (0)      1  : 0.7515 0.1142 0.1343
381      381   (0)      1  : 0.3734 0.3233 0.3034
382      382   (0)      1  : 0.0946 0.8177 0.0877
383      383   (0)      1  : 0.6027 0.2812 0.1161
384      384   (0)      1  : 0.2575 0.5231 0.2194
385      385   (0)      1  : 0.2888 0.3933 0.3179
386      386   (0)      1  : 0.3993 0.4456 0.1551
387      387   (0)      1  : 0.3255 0.5547 0.1198
388      388   (0)      1  : 0.2165 0.5800 0.2034
389      389   (0)      1  : 0.6395 0.1747 0.1858
390      390   (0)      1  : 0.1752 0.0632 0.7616
391      391   (0)      1  : 0.1222 0.6190 0.2588
392      392   (0)      1  : 0.2154 0.5312 0.2534
393      393   (0)      1  : 0.3095 0.2654 0.4252
394      394   (0)      1  : 0.3143 0.3523 0.3333
395      395   (0)      1  : 0.3126 0.2433 0.4441
396      396   (0)      1  : 0.3912 0.2531 0.3557
397      397   (0)      1  : 0.4799 0.3764 0.1438
398      398   (0)      1  : 0.2323 0.6511 0.1166
399      399   (0)      1  : 0.5050 0.3694 0.1256
400      400   (0)      1  : 0.5622 0.2872 0.1506
401      401   (0)      1  : 0.1071 0.7303 0.1626
402      402   (0)      1  : 0.2710 0.0721 0.6569
403      403   (0)      1  : 0.3624 0.3009 0.3367
404      404   (0)      1  : 0.5373 0.0894 0.3733
405      405   (0)      1  : 0.1671 0.5252 0.3077
406      406   (0)      1  : 0.3809 0.1770 0.4421
407      407   (0)      1  : 0.7057 0.1637 0.1305
408      408   (0)      1  : 0.1156 0.2708 0.6136
409      409   (0)      1  : 0.5780 0.1685 0.2534
410      410   (0)      1  : 0.1365 0.8013 0.0622
411      411   (0)      1  : 0.1821 0.6816 0.1363
412      412   (0)      1  : 0.2761 0.4225 0.3013
413      413   (0)      1  : 0.5527 0.2734 0.1739
414      414   (0)      1  : 0.2528 0.5235 0.2237
415      415   (0)      1  : 0.5787 0.1630 0.2583
416      416   (0)      1  : 0.5963 0.1826 0.2211
417      417   (0)      1  : 0.6335 0.1044 0.2621
418      418   (0)      1  : 0.3533 0.3923 0.2544
419      419   (0)      1  : 0.1835 0.5814 0.2351
420      420   (0)      1  : 0.1778 0.1663 0.6559
421      421   (0)      1  : 0.5421 0.2692 0.1888
422      422   (0)      1  : 0.0896 0.8421 0.0683
423      423   (0)      1  : 0.7235 0.1468 0.1298
424      424   (0)      1  : 0.2535 0.1093 0.6372
425      425   (0)      1  : 0.0897 0.8209 0.0894
426      426   (0)      1  : 0.6434 0.1875 0.1691
427      427   (0)      1  : 0.5669 0.2169 0.2162
428      428   (0)      1  : 0.1195 0.7984 0.0820
429      429   (0)      1  : 0.2381 0.1090 0.6529
430      430   (0)      1  : 0.4329 0.2396 0.3275
431      431   (0)      1  : 0.2452 0.6273 0.1275
432      432   (0)      1  : 0.0866 0.8455 0.0679
433      433   (0)      1  : 0.0765 0.7030 0.2205
434      434   (0)      1  : 0.3328 0.5161 0.1511
435      435   (0)      1  : 0.6746 0.1673 0.1581
436      436   (0)      1  : 0.6586 0.2108 0.1306
437      437   (0)      1  : 0.1217 0.6955 0.1828
438      438   (0)      1  : 0.2534 0.5350 0.2116
439      439   (0)      1  : 0.6391 0.2479 0.1130
440      440   (0)      1  : 0.2019 0.6645 0.1336
441      441   (0)      1  : 0.3422 0.1282 0.5296
442      442   (0)      1  : 0.4255 0.2758 0.2986
443      443   (0)      1  : 0.6370 0.1567 0.2064
444      444   (0)      1  : 0.4249 0.4373 0.1378
445      445   (0)      1  : 0.3377 0.3337 0.3286
446      446   (0)      2  : 0.2054 0.4504 0.3442
447      447   (0)      2  : 0.3727 0.2830 0.3442
448      448   (0)      2  : 0.4895 0.2725 0.2381
449      449   (0)      2  : 0.1103 0.6080 0.2817
450      450   (0)      2  : 0.1841 0.6686 0.1473
451      451   (0)      2  : 0.1348 0.7948 0.0704
452      452   (0)      2  : 0.3571 0.4563 0.1865
453      453   (0)      2  : 0.1325 0.0858 0.7817
454      454   (0)      2  : 0.1221 0.7719 0.1060
455      455   (0)      2  : 0.4366 0.2774 0.2859
456      456   (0)      2  : 0.1051 0.8186 0.0763
457      457   (0)      2  : 0.6205 0.2564 0.1231
458      458   (0)      2  : 0.1658 0.2897 0.5445
459      459   (1)      2  : 0.6658 0.0902 0.2440
460      460   (2)      2  : 0.3520 0.3530 0.2950
461      461   (2)      2  : 0.3187 0.5107 0.1706
462      462   (3)      2  : 0.2228 0.4206 0.3565
463      463   (0)      2  : 0.1176 0.7413 0.1411
464      464   (4)      2  : 0.6445 0.0931 0.2623
465      465   (3)      2  : 0.3746 0.2413 0.3840
466      466   (0)      2  : 0.4349 0.3214 0.2438
467      467   (0)      2  : 0.5729 0.2047 0.2224
468      468   (0)      2  : 0.2199 0.2969 0.4833
469      469   (0)      2  : 0.1228 0.8135 0.0637
470      470   (5)      2  : 0.1848 0.5952 0.2201
471      471   (1)      2  : 0.4119 0.3450 0.2431
472      472   (2)      2  : 0.5580 0.2428 0.1991
473      473   (3)      2  : 0.4579 0.1320 0.4102
474      474   (0)      2  : 0.1150 0.1211 0.7639
475      475   (2)      2  : 0.2197 0.5458 0.2345
476      476   (1)      2  : 0.6668 0.1452 0.1879
477      477   (4)      2  : 0.2198 0.3564 0.4239
478      478   (0)      2  : 0.4640 0.1937 0.3423
479      479   (0)      2  : 0.6888 0.1133 0.1979
480      480   (1)      2  : 0.3684 0.2950 0.3366
481      481   (3)      2  : 0.3705 0.2287 0.4008
482      482   (3)      2  : 0.3040 0.0967 0.5993
483      483   (4)      2  : 0.3503 0.1329 0.5168
484      484   (4)      2  : 0.4608 0.1793 0.3600
485      485   (3)      2  : 0.1882 0.5386 0.2732
486      486   (3)      2  : 0.2235 0.5317 0.2448
487      487   (1)      2  : 0.2251 0.2807 0.4941
488      488   (5)      2  : 0.5336 0.1774 0.2890
489      489   (0)      2  : 0.5099 0.1387 0.3514
490      490   (3)      2  : 0.5241 0.2458 0.2301
491      491   (7)      2  : 0.1292 0.1974 0.6734
492      492   (6)      2  : 0.1425 0.0920 0.7655
493      493   (3)      2  : 0.5372 0.2845 0.1783
494      494   (3)      2  : 0.1211 0.7831 0.0958
495      495   (5)      2  : 0.2874 0.4756 0.2370
496      496   (0)      2  : 0.4234 0.2569 0.3198
497      497   (5)      2  : 0.2455 0.0892 0.6653
498      498   (6)      2  : 0.4919 0.2998 0.2083
499      499   (0)      2  : 0.6825 0.1352 0.1823
500      500   (1)      2  : 0.2372 0.1610 0.6018
501      501   (4)      2  : 0.2623 0.5585 0.1792
502      502   (2)      2  : 0.2302 0.3750 0.3948
503      503   (5)      2  : 0.3675 0.1640 0.4685
504      504   (2)      2  : 0.3124 0.4121 0.2756
505      505   (0)      2  : 0.2874 0.4257 0.2869
506      506   (8)      2  : 0.2806 0.1909 0.5285
507      507   (0)      2  : 0.2494 0.3022 0.4484
508      508   (0)      2  : 0.2306 0.3232 0.4462
509      509   (1)      2  : 0.0697 0.8656 0.0647
510      510   (1)      2  : 0.5153 0.2493 0.2353
511      511   (5)      2  : 0.3062 0.3207 0.3731
512      512   (2)      2  : 0.1049 0.7480 0.1471
513      513   (9)      2  : 0.2195 0.4721 0.3085
514      514   (4)      2  : 0.1988 0.4935 0.3078
515      515   (1)      2  : 0.2272 0.2234 0.5494
516      516   (3)      2  : 0.4731 0.3106 0.2163
517      517   (3)      2  : 0.2143 0.5772 0.2085
518      518   (0)      2  : 0.2344 0.2013 0.5643
519      519   (9)      2  : 0.4343 0.1867 0.3789
520      520   (6)      2  : 0.4275 0.3018 0.2706
521      521   (2)      2  : 0.3168 0.2855 0.3977
522      522   (1)      2  : 0.5218 0.2645 0.2137
523      523   (4)      2  : 0.3886 0.2292 0.3822
524      524   (0)      2  : 0.6336 0.2082 0.1582
525      525   (2)      2  : 0.2980 0.1983 0.5038
526      526   (3)      2  : 0.2417 0.2308 0.5275
527      527   (0)      2  : 0.5455 0.1682 0.2863
528      528   (0)      2  : 0.4452 0.1402 0.4145
529      529   (1)      2  : 0.6251 0.1673 0.2076
530      530   (0)      2  : 0.3718 0.1327 0.4955
531      531   (0)      2  : 0.5435 0.3295 0.1270
532      532   (2)      2  : 0.4541 0.1054 0.4405
533      533   (2)      2  : 0.7216 0.0742 0.2042
534      534   (2)      2  : 0.4322 0.2065 0.3613
535      535   (0)      2  : 0.5667 0.1767 0.2566
536      536   (0)      2  : 0.5118 0.1320 0.3562
537      537   (0)      2  : 0.5121 0.0815 0.4064
538      538   (0)      2  : 0.5399 0.1894 0.2707
539      539   (0)      2  : 0.5499 0.1656 0.2845
540      540   (8)      2  : 0.1404 0.1921 0.6675
541      541   (1)      2  : 0.4879 0.2392 0.2728
542      542   (1)      2  : 0.1846 0.4126 0.4027
543      543   (0)      2  : 0.2241 0.2286 0.5473
544      544   (2)      2  : 0.4851 0.1661 0.3488
545      545   (1)      2  : 0.2724 0.5971 0.1305
546      546   (9)      2  : 0.5196 0.1006 0.3798
547      547   (0)      2  : 0.5508 0.2979 0.1513
548      548   (0)      2  : 0.2473 0.3689 0.3837
549      549   (0)      2  : 0.4168 0.2703 0.3130
550      550   (1)      2  : 0.2306 0.6121 0.1573
551      551   (1)      2  : 0.3187 0.1775 0.5037
552      552   (2)      2  : 0.5289 0.2895 0.1817
553      553  (10)      2  : 0.4234 0.1847 0.3919
554      554   (2)      2  : 0.3776 0.1632 0.4592
555      555   (4)      2  : 0.4138 0.1450 0.4413
556      556   (0)      2  : 0.3214 0.2496 0.4289
557      557   (2)      2  : 0.3443 0.3967 0.2589
558      558   (0)      2  : 0.3965 0.4639 0.1397
559      559   (0)      2  : 0.1987 0.1794 0.6219
560      560   (8)      2  : 0.3268 0.3002 0.3729
561      561   (0)      2  : 0.7094 0.0918 0.1988
562      562   (8)      2  : 0.3277 0.2891 0.3832
563      563   (2)      2  : 0.3817 0.2017 0.4167
564      564   (4)      2  : 0.4782 0.2337 0.2880
565      565   (3)      2  : 0.2908 0.3097 0.3996
566      566   (1)      2  : 0.3209 0.3367 0.3425
567      567   (0)      2  : 0.3069 0.1880 0.5051
568      568   (5)      2  : 0.3695 0.3420 0.2886
569      569   (2)      2  : 0.1735 0.1116 0.7149
570      570   (0)      2  : 0.5621 0.1906 0.2472
571      571   (2)      2  : 0.6165 0.2000 0.1836
572      572   (6)      2  : 0.3340 0.1827 0.4833
573      573   (5)      2  : 0.2246 0.5526 0.2228
574      574   (8)      2  : 0.4370 0.3368 0.2262
575      575   (3)      2  : 0.4684 0.1178 0.4138
576      576   (0)      2  : 0.1794 0.2696 0.5510
577      577   (0)      2  : 0.0900 0.8463 0.0637
578      578   (1)      2  : 0.5382 0.1731 0.2887
579      579   (0)      2  : 0.2460 0.6721 0.0819
580      580   (0)      2  : 0.3876 0.1112 0.5013
581      581   (6)      2  : 0.2865 0.1857 0.5278
582      582   (7)      2  : 0.5229 0.1155 0.3616
583      583   (3)      2  : 0.4246 0.1686 0.4068
584      584   (5)      2  : 0.4374 0.1837 0.3789
585      585   (1)      2  : 0.5398 0.2902 0.1700
586      586   (2)      2  : 0.5182 0.0935 0.3883
587      587   (0)      2  : 0.0599 0.8885 0.0516
588      588   (0)      2  : 0.3120 0.3983 0.2898
589      589   (1)      2  : 0.2546 0.2286 0.5168
590      590   (2)      2  : 0.7436 0.0546 0.2018
591      591   (0)      2  : 0.4813 0.1636 0.3551
592      592   (4)      2  : 0.4210 0.1846 0.3944
593      593   (0)      2  : 0.3841 0.3316 0.2844
594      594   (1)      2  : 0.6266 0.1419 0.2315
595      595   (0)      2  : 0.1707 0.3505 0.4787
596      596   (0)      2  : 0.4043 0.2472 0.3485
597      597   (0)      2  : 0.2277 0.2785 0.4937
598      598   (0)      2  : 0.3966 0.1757 0.4277
599      599   (0)      2  : 0.4643 0.3101 0.2256
600      600   (0)      2  : 0.5224 0.2181 0.2595
601      601   (0)      2  : 0.2867 0.0876 0.6257
602      602   (0)      2  : 0.2569 0.3776 0.3654
603      603   (0)      2  : 0.5215 0.1321 0.3464
604      604   (0)      2  : 0.5866 0.1346 0.2788
605      605   (0)      2  : 0.3899 0.1512 0.4589
606      606   (0)      2  : 0.3842 0.2995 0.3162
607      607   (0)      2  : 0.6961 0.1557 0.1482
608      608   (0)      2  : 0.6512 0.1131 0.2357
609      609   (0)      2  : 0.1647 0.1569 0.6784
610      610   (6)      2  : 0.1651 0.7411 0.0938
611      611   (0)      2  : 0.2699 0.4092 0.3209
612      612   (3)      2  : 0.4529 0.3047 0.2425
613      613   (0)      2  : 0.4195 0.2710 0.3095
614      614   (0)      2  : 0.2579 0.4185 0.3237
615      615   (0)      2  : 0.7546 0.0826 0.1628
616      616   (0)      2  : 0.0955 0.1644 0.7401
617      617   (0)      2  : 0.4300 0.2534 0.3166
618      618   (0)      2  : 0.5542 0.3333 0.1125
619      619   (0)      2  : 0.4547 0.1434 0.4019
620      620   (0)      2  : 0.1115 0.4042 0.4844
621      621   (2)      2  : 0.1699 0.1924 0.6376
622      622   (3)      2  : 0.2355 0.2771 0.4874
623      623   (1)      2  : 0.6150 0.2615 0.1235
624      624   (2)      2  : 0.3162 0.2519 0.4320
625      625   (1)      2  : 0.3919 0.4011 0.2070
626      626   (9)      2  : 0.3195 0.1152 0.5653
627      627   (0)      2  : 0.3860 0.3047 0.3093
628      628   (0)      2  : 0.0556 0.8833 0.0611
629      629   (2)      2  : 0.3923 0.3546 0.2530
630      630   (1)      2  : 0.1294 0.0810 0.7896
631      631   (4)      2  : 0.6800 0.0959 0.2241
632      632   (0)      2  : 0.1889 0.1814 0.6296
633      633   (7)      2  : 0.2920 0.1719 0.5361
634      634   (2)      2  : 0.3804 0.4775 0.1421
635      635   (0)      2  : 0.1644 0.0957 0.7399
636      636   (0)      2  : 0.1428 0.3420 0.5152
637      637   (0)      2  : 0.4684 0.3277 0.2039
638      638   (0)      2  : 0.1348 0.1651 0.7001
639      639   (1)      2  : 0.3788 0.2700 0.3512
640      640   (2)      2  : 0.3719 0.5089 0.1192
641      641   (1)      2  : 0.5692 0.2450 0.1858
642      642   (3)      2  : 0.4851 0.3826 0.1323
643      643   (1)      2  : 0.3526 0.1855 0.4619
644      644  (10)      2  : 0.7323 0.0884 0.1793
645      645   (6)      2  : 0.4492 0.3323 0.2185
646      646   (0)      2  : 0.4292 0.1472 0.4237
647      647   (2)      2  : 0.5002 0.3287 0.1711
648      648   (0)      2  : 0.2897 0.0955 0.6148
649      649   (0)      2  : 0.6882 0.1451 0.1666
650      650   (1)      2  : 0.4244 0.1067 0.4689
651      651   (6)      2  : 0.0950 0.7918 0.1132
652      652   (1)      2  : 0.4088 0.3169 0.2744
653      653   (4)      2  : 0.2892 0.1813 0.5295
654      654   (1)      2  : 0.3180 0.2592 0.4227
655      655   (4)      2  : 0.3319 0.4914 0.1768
656      656   (0)      2  : 0.6665 0.1435 0.1899
657      657   (0)      2  : 0.5750 0.1980 0.2269
658      658   (0)      2  : 0.2392 0.1254 0.6353
659      659   (7)      2  : 0.7108 0.0609 0.2282
660      660   (4)      2  : 0.5468 0.2447 0.2085
661      661   (3)      2  : 0.6551 0.0990 0.2459
662      662   (2)      2  : 0.6811 0.1621 0.1569
663      663   (2)      2  : 0.2289 0.4392 0.3318
664      664   (0)      2  : 0.2537 0.0950 0.6513
665      665   (1)      2  : 0.4940 0.2799 0.2261
666      666   (0)      2  : 0.1080 0.7639 0.1282
667      667   (0)      2  : 0.2826 0.5316 0.1858
668      668   (1)      2  : 0.3181 0.3967 0.2852
669      669   (5)      2  : 0.4768 0.3170 0.2061
670      670  (10)      2  : 0.6312 0.1094 0.2594
671      671   (3)      2  : 0.6055 0.1595 0.2350
672      672   (0)      2  : 0.4627 0.0922 0.4451
673      673   (6)      2  : 0.1020 0.1391 0.7590
674      674   (0)      2  : 0.3661 0.2019 0.4319
675      675   (0)      2  : 0.2573 0.0865 0.6562
676      676   (1)      2  : 0.5469 0.1695 0.2836
677      677   (4)      2  : 0.4088 0.4403 0.1509
678      678   (9)      2  : 0.4034 0.3253 0.2712
679      679   (1)      2  : 0.3679 0.3490 0.2831
680      680   (1)      2  : 0.4391 0.2699 0.2909
681      681   (1)      2  : 0.1282 0.4979 0.3738
682      682   (2)      2  : 0.1525 0.6148 0.2327
683      683   (0)      2  : 0.7049 0.1965 0.0986
684      684   (0)      2  : 0.3757 0.2226 0.4016
685      685   (0)      2  : 0.3331 0.2051 0.4618
686      686   (0)      2  : 0.1273 0.0994 0.7733
687      687   (4)      2  : 0.3588 0.1379 0.5032
688      688   (2)      2  : 0.2280 0.5053 0.2667
689      689   (2)      2  : 0.1155 0.5300 0.3545
690      690   (6)      2  : 0.3779 0.4051 0.2169
691      691   (7)      2  : 0.2675 0.3611 0.3715
692      692   (0)      2  : 0.3383 0.3613 0.3004
693      693   (3)      2  : 0.1165 0.0896 0.7939
694      694   (0)      2  : 0.2000 0.0857 0.7143
695      695   (0)      2  : 0.4136 0.3526 0.2338
696      696   (0)      2  : 0.4386 0.1566 0.4049
697      697   (3)      2  : 0.4491 0.1812 0.3697
698      698   (0)      2  : 0.4826 0.0715 0.4459
699      699   (0)      2  : 0.5229 0.3215 0.1556
700      700   (0)      2  : 0.6701 0.1801 0.1498
701      701   (0)      2  : 0.2459 0.1712 0.5829
702      702   (1)      2  : 0.1720 0.5248 0.3032
703      703   (0)      2  : 0.3002 0.4942 0.2056
704      704   (0)      2  : 0.0964 0.5671 0.3365
705      705   (0)      2  : 0.5046 0.2101 0.2853
706      706   (0)      2  : 0.1171 0.3133 0.5696
707      707   (2)      2  : 0.1961 0.2508 0.5531
708      708   (1)      2  : 0.5065 0.2888 0.2048
709      709   (0)      2  : 0.1425 0.3659 0.4916
710      710   (0)      2  : 0.6059 0.2258 0.1683
711      711   (0)      2  : 0.3730 0.3822 0.2448
712      712   (1)      2  : 0.6275 0.1231 0.2494
713      713   (0)      2  : 0.1601 0.2068 0.6330
714      714   (0)      2  : 0.5840 0.2561 0.1599
715      715   (0)      2  : 0.6109 0.1885 0.2006
716      716   (0)      2  : 0.2607 0.5727 0.1666
717      717   (2)      2  : 0.1431 0.1627 0.6942
718      718   (1)      2  : 0.5410 0.1091 0.3499
719      719   (9)      2  : 0.4867 0.0918 0.4215
720      720   (4)      2  : 0.5047 0.2296 0.2658
721      721   (2)      2  : 0.1382 0.1537 0.7082
722      722   (0)      2  : 0.1211 0.1518 0.7271
723      723   (0)      2  : 0.1343 0.1527 0.7130
724      724   (0)      2  : 0.2383 0.5713 0.1904
725      725   (0)      2  : 0.6587 0.1506 0.1908
726      726   (0)      2  : 0.5709 0.2820 0.1471
727      727   (1)      2  : 0.1532 0.3427 0.5041
728      728   (1)      2  : 0.3189 0.5326 0.1485
729      729   (1)      2  : 0.6774 0.1222 0.2004
730      730   (0)      2  : 0.2185 0.3439 0.4375
731      731   (2)      2  : 0.1412 0.7373 0.1215
732      732   (1)      2  : 0.2228 0.3795 0.3976
733      733   (0)      2  : 0.1250 0.1094 0.7656
734      734   (0)      2  : 0.7538 0.1006 0.1456
735      735   (0)      2  : 0.4742 0.1472 0.3786
736      736   (0)      2  : 0.5138 0.2392 0.2470
737      737   (0)      2  : 0.1711 0.3712 0.4577
738      738   (0)      2  : 0.2928 0.4439 0.2632
739      739   (0)      2  : 0.3453 0.4246 0.2302
740      740   (0)      2  : 0.6546 0.0932 0.2522
741      741   (0)      2  : 0.2433 0.3327 0.4241
742      742   (0)      2  : 0.6446 0.1410 0.2143
743      743   (0)      2  : 0.6686 0.1454 0.1860
744      744   (0)      2  : 0.5034 0.1276 0.3690
745      745   (0)      2  : 0.2979 0.1110 0.5911
746      746   (0)      2  : 0.2793 0.5149 0.2058
747      747   (0)      2  : 0.1401 0.7703 0.0896
748      748   (2)      2  : 0.3604 0.3756 0.2640
749      749   (7)      2  : 0.2173 0.2785 0.5042
750      750   (2)      2  : 0.5195 0.2702 0.2103
751      751   (0)      2  : 0.5526 0.3302 0.1172
752      752   (5)      2  : 0.1725 0.0865 0.7410
753      753   (0)      2  : 0.5970 0.0851 0.3179
754      754   (0)      2  : 0.3690 0.1275 0.5035
755      755   (0)      2  : 0.1228 0.0892 0.7879
756      756   (0)      2  : 0.1826 0.3825 0.4349
757      757   (0)      2  : 0.3390 0.2847 0.3763
758      758   (1)      2  : 0.5735 0.2332 0.1932
759      759   (0)      2  : 0.2033 0.3680 0.4287
760      760   (0)      2  : 0.2901 0.4747 0.2352
761      761   (0)      2  : 0.6755 0.0558 0.2687
762      762   (0)      2  : 0.1712 0.0733 0.7555
763      763   (0)      2  : 0.2286 0.4121 0.3593
764      764   (0)      4  : 0.1665 0.1748 0.6587
765      765   (0)      2  : 0.4311 0.2216 0.3472
766      766   (0)      4  : 0.6256 0.0999 0.2745
767      767   (0)      4  : 0.8020 0.0606 0.1374
768      768   (0)      4  : 0.5626 0.2618 0.1756
769      769   (0)      2  : 0.2502 0.1352 0.6146
770      770   (0)      4  : 0.1773 0.1205 0.7022
771      771   (1)      3  : 0.2739 0.3048 0.4213
772      772   (0)      2  : 0.4006 0.1778 0.4215
773      773   (0)      3  : 0.3318 0.3473 0.3210
774      774   (0)      3  : 0.2373 0.1436 0.6191
775      775   (0)      3  : 0.2397 0.1591 0.6011
776      776   (0)      3  : 0.1765 0.2194 0.6041
777      777   (0)      3  : 0.2143 0.1455 0.6402
778      778   (3)      4  : 0.5006 0.2922 0.2071
779      779   (0)      2  : 0.1305 0.1663 0.7032
780      780   (0)      4  : 0.4421 0.1671 0.3908
781      781   (0)      4  : 0.2832 0.1025 0.6143
782      782   (0)      4  : 0.2884 0.1307 0.5809
783      783   (0)      4  : 0.1995 0.2782 0.5224
784      784   (0)      2  : 0.1166 0.6841 0.1993
785      785   (0)      4  : 0.5018 0.1455 0.3526
786      786   (0)      3  : 0.2073 0.3494 0.4434
787      787   (0)      3  : 0.1040 0.0690 0.8270
788      788   (0)      3  : 0.4656 0.1137 0.4206
789      789   (0)      3  : 0.4392 0.2913 0.2695
790      790   (1)      3  : 0.2735 0.3311 0.3955
791      791   (0)      3  : 0.6078 0.1480 0.2442
792      792   (2)      4  : 0.2247 0.0847 0.6906
793      793   (4)      4  : 0.3841 0.1775 0.4384
794      794   (0)      4  : 0.2425 0.0740 0.6835
795      795   (3)      4  : 0.2299 0.1517 0.6185
796      796   (0)      4  : 0.3350 0.2543 0.4108
797      797   (0)      2  : 0.3168 0.4140 0.2693
798      798   (0)      4  : 0.2065 0.2794 0.5141
799      799   (1)      3  : 0.4478 0.2664 0.2857
800      800   (0)      2  : 0.1350 0.2208 0.6442
801      801   (0)      3  : 0.3205 0.1078 0.5717
802      802   (1)      3  : 0.1140 0.3160 0.5700
803      803   (0)      3  : 0.3762 0.1206 0.5031
804      804   (0)      3  : 0.2545 0.1348 0.6108
805      805   (0)      4  : 0.4696 0.2853 0.2452
806      806   (1)      4  : 0.5658 0.1047 0.3295
807      807   (0)      4  : 0.5126 0.2539 0.2335
808      808   (0)      4  : 0.7127 0.1494 0.1378
809      809   (0)      2  : 0.2398 0.3919 0.3682
810      810   (0)      4  : 0.2774 0.2536 0.4689
811      811   (0)      2  : 0.4096 0.2835 0.3069
812      812   (1)      3  : 0.4589 0.1291 0.4120
813      813   (0)      3  : 0.7519 0.0543 0.1938
814      814   (0)      3  : 0.3024 0.2447 0.4528
815      815   (1)      3  : 0.2628 0.2363 0.5009
816      816   (0)      3  : 0.2238 0.1370 0.6392
817      817   (8)      4  : 0.3365 0.2595 0.4041
818      818   (0)      2  : 0.1676 0.3046 0.5278
819      819   (3)      4  : 0.3120 0.1302 0.5578
820      820   (3)      4  : 0.3460 0.1230 0.5310
821      821   (3)      4  : 0.6050 0.1364 0.2585
822      822   (0)      4  : 0.3814 0.2122 0.4064
823      823   (0)      2  : 0.3420 0.1632 0.4949
824      824   (0)      4  : 0.3891 0.2121 0.3988
825      825   (0)      2  : 0.1102 0.8045 0.0853
826      826   (1)      3  : 0.1644 0.0817 0.7540
827      827   (1)      2  : 0.1381 0.7315 0.1304
828      828   (0)      3  : 0.6746 0.1607 0.1647
829      829   (0)      3  : 0.4943 0.2512 0.2544
830      830   (0)      3  : 0.1353 0.2035 0.6612
831      831   (0)      3  : 0.1203 0.0951 0.7846
832      832   (0)      4  : 0.2417 0.3742 0.3841
833      833   (0)      2  : 0.2082 0.1326 0.6592
834      834   (2)      4  : 0.6811 0.1151 0.2038
835      835   (0)      4  : 0.1038 0.1128 0.7834
836      836   (4)      4  : 0.6642 0.1170 0.2188
837      837   (0)      4  : 0.3143 0.2528 0.4330
838      838   (0)      2  : 0.4816 0.3653 0.1531
839      839   (0)      2  : 0.2516 0.1931 0.5553
840      840   (1)      3  : 0.0902 0.1291 0.7807
841      841   (0)      3  : 0.1403 0.0910 0.7687
842      842   (0)      3  : 0.4715 0.0679 0.4606
843      843   (0)      3  : 0.0962 0.0896 0.8142
844      844   (0)      3  : 0.2768 0.1074 0.6158
845      845   (0)      2  : 0.6506 0.1250 0.2244
846      846   (3)      4  : 0.5552 0.0982 0.3466
847      847   (0)      4  : 0.2159 0.0912 0.6928
848      848   (2)      4  : 0.3187 0.1717 0.5096
849      849   (0)      4  : 0.2848 0.2489 0.4663
850      850   (0)      3  : 0.3865 0.2771 0.3364
851      851   (1)      3  : 0.2479 0.1526 0.5995
852      852   (0)      3  : 0.4928 0.1160 0.3913
853      853   (0)      3  : 0.1558 0.1216 0.7226
854      854   (3)      3  : 0.4593 0.0970 0.4437
855      855   (0)      2  : 0.1586 0.4473 0.3941
856      856   (0)      4  : 0.7352 0.0997 0.1651
857      857   (0)      4  : 0.6098 0.1407 0.2495
858      858   (0)      4  : 0.5795 0.1920 0.2286
859      859   (0)      2  : 0.1360 0.5131 0.3509
860      860   (0)      2  : 0.4894 0.2311 0.2795
861      861   (0)      3  : 0.3686 0.1985 0.4329
862      862   (0)      3  : 0.1355 0.2262 0.6383
863      863   (0)      3  : 0.5164 0.0608 0.4228
864      864   (0)      3  : 0.5900 0.1332 0.2768
865      865   (0)      3  : 0.2547 0.1160 0.6293
866      866   (0)      2  : 0.2685 0.5739 0.1576
867      867   (0)      2  : 0.1884 0.6194 0.1923
868      868   (0)      2  : 0.3154 0.2725 0.4121
869      869   (0)      2  : 0.1128 0.7948 0.0924
870      870   (0)      2  : 0.6220 0.1956 0.1824
871      871   (0)      2  : 0.2024 0.1334 0.6641
872      872   (0)      2  : 0.3131 0.0762 0.6107
873      873   (0)      2  : 0.4794 0.2610 0.2595
874      874   (0)      2  : 0.0714 0.8482 0.0804
875      875   (0)      2  : 0.1231 0.7172 0.1596
876      876   (1)      2  : 0.0897 0.7986 0.1117
877      877   (0)      2  : 0.2327 0.1599 0.6073
878      878   (0)      2  : 0.2375 0.1965 0.5660
879      879   (0)      2  : 0.6799 0.1314 0.1888
880      880   (0)      2  : 0.5175 0.3051 0.1774
881      881   (0)      2  : 0.2297 0.5255 0.2448
882      882   (0)      2  : 0.3436 0.4761 0.1803
883      883   (0)      2  : 0.5395 0.2382 0.2224
884      884   (4)      2  : 0.1419 0.4675 0.3905
885      885   (0)      2  : 0.1132 0.0497 0.8371
886      886   (0)      2  : 0.0820 0.8356 0.0824
887      887   (0)      2  : 0.2655 0.1792 0.5553
888      888   (0)      2  : 0.6967 0.1233 0.1800
889      889   (0)      2  : 0.1371 0.1915 0.6714
890      890   (0)      2  : 0.1041 0.1393 0.7566
891      891   (0)      2  : 0.3664 0.2313 0.4022
892      892   (0)      2  : 0.1252 0.2004 0.6744
893      893   (0)      2  : 0.2124 0.2987 0.4890
894      894   (0)      2  : 0.3335 0.0785 0.5880
895      895   (0)      2  : 0.2839 0.0926 0.6235
896      896   (0)      2  : 0.1872 0.1588 0.6540
897      897   (9)      2  : 0.1294 0.7581 0.1125
898      898   (0)      2  : 0.6318 0.1517 0.2165
899      899   (0)      2  : 0.5221 0.1633 0.3146
900      900   (0)      2  : 0.1508 0.0989 0.7503
901      901   (0)      2  : 0.3139 0.3361 0.3500
902      902   (2)      2  : 0.1490 0.3713 0.4797
903      903   (0)      2  : 0.1926 0.5980 0.2094
904      904   (0)      2  : 0.3450 0.1363 0.5187
905      905   (0)      2  : 0.3667 0.2244 0.4090
906      906   (0)      2  : 0.5403 0.1267 0.3330
907      907   (0)      2  : 0.4751 0.1982 0.3268
908      908   (0)      2  : 0.2057 0.3732 0.4211
909      909   (0)      2  : 0.0650 0.8799 0.0551
910      910   (2)      2  : 0.6484 0.1176 0.2340
911      911   (1)      2  : 0.2115 0.1654 0.6231
912      912   (0)      2  : 0.3299 0.3333 0.3369
913      913   (0)      2  : 0.0916 0.8139 0.0946
914      914   (0)      2  : 0.3495 0.4089 0.2416
915      915   (0)      2  : 0.4979 0.2068 0.2953
916      916   (0)      2  : 0.1241 0.2021 0.6738
917      917   (0)      2  : 0.2409 0.6356 0.1236
918      918   (0)      2  : 0.1035 0.2742 0.6223
919      919   (0)      2  : 0.1159 0.7802 0.1039
920      920   (0)      2  : 0.2117 0.1312 0.6571
921      921   (0)      2  : 0.1465 0.0935 0.7600
922      922   (0)      2  : 0.3262 0.0974 0.5764
923      923   (0)      2  : 0.1797 0.2376 0.5827
924      924   (0)      2  : 0.2558 0.2120 0.5322
925      925   (0)      2  : 0.1895 0.5949 0.2156
926      926   (0)      2  : 0.1177 0.7916 0.0907
927      927   (0)      2  : 0.3584 0.5165 0.1251
928      928   (0)      2  : 0.0964 0.7825 0.1211
929      929   (0)      2  : 0.0916 0.7947 0.1137
930      930   (0)      2  : 0.2936 0.2005 0.5059
931      931   (0)      2  : 0.1392 0.7273 0.1335
932      932   (0)      2  : 0.0855 0.7998 0.1147
933      933   (0)      2  : 0.5540 0.2191 0.2268
934      934   (0)      2  : 0.2398 0.4639 0.2963
935      935   (0)      2  : 0.5728 0.2970 0.1302
936      936   (1)      2  : 0.1044 0.7797 0.1159
937      937   (2)      2  : 0.1515 0.4554 0.3931
938      938   (0)      2  : 0.4607 0.3458 0.1935
939      939   (0)      2  : 0.1243 0.7759 0.0998
940      940   (0)      2  : 0.3652 0.3620 0.2729
941      941   (0)      2  : 0.3054 0.4881 0.2065
942      942   (0)      2  : 0.2309 0.6386 0.1305
943      943   (0)      2  : 0.3488 0.0657 0.5855
944      944   (0)      2  : 0.1636 0.7407 0.0957
945      945   (0)      2  : 0.4514 0.2305 0.3182
946      946   (0)      2  : 0.5490 0.1516 0.2994
947      947   (0)      2  : 0.1502 0.3887 0.4611
948      948   (0)      2  : 0.1738 0.0954 0.7308
949      949   (0)      2  : 0.1241 0.7613 0.1146
950      950   (0)      2  : 0.2681 0.1523 0.5796
951      951   (0)      2  : 0.3047 0.1474 0.5479
952      952   (0)      2  : 0.1990 0.2701 0.5309
953      953   (0)      2  : 0.2028 0.5426 0.2545
954      954   (0)      2  : 0.2554 0.6234 0.1212
955      955   (0)      2  : 0.2094 0.5384 0.2522
956      956   (0)      2  : 0.4054 0.2621 0.3325
957      957   (2)      2  : 0.5474 0.1069 0.3457
958      958   (0)      2  : 0.6159 0.1581 0.2260
959      959   (4)      2  : 0.3043 0.5467 0.1490
960      960   (0)      2  : 0.0729 0.8530 0.0741
961      961   (1)      2  : 0.0652 0.8585 0.0763
962      962   (0)      2  : 0.1728 0.4727 0.3545
963      963   (0)      2  : 0.5791 0.2001 0.2208
964      964   (0)      2  : 0.4088 0.3435 0.2476
965      965   (0)      2  : 0.7361 0.1608 0.1031
966      966   (0)      2  : 0.1151 0.8127 0.0722
967      967   (0)      2  : 0.4171 0.1602 0.4226
968      968   (0)      2  : 0.1435 0.1528 0.7037
969      969   (0)      2  : 0.3654 0.1432 0.4914
970      970   (0)      2  : 0.2910 0.5132 0.1958
971      971   (0)      2  : 0.2954 0.5702 0.1344
972      972   (0)      2  : 0.3348 0.3440 0.3211
973      973   (0)      2  : 0.2757 0.2338 0.4905
974      974   (6)      2  : 0.4033 0.4028 0.1939
975      975   (0)      2  : 0.4865 0.1082 0.4054
976      976   (0)      2  : 0.5347 0.1644 0.3009
977      977   (0)      2  : 0.1908 0.5905 0.2186
978      978   (0)      2  : 0.0507 0.9066 0.0427
979      979   (0)      2  : 0.0919 0.8080 0.1001
980      980   (0)      2  : 0.5316 0.3413 0.1271
981      981   (0)      2  : 0.0970 0.8212 0.0818
982      982   (4)      2  : 0.2337 0.6661 0.1002
983      983   (0)      2  : 0.3598 0.2630 0.3772
984      984   (0)      2  : 0.5108 0.3670 0.1222
985      985   (0)      2  : 0.5223 0.1641 0.3136
986      986   (0)      2  : 0.3338 0.1611 0.5051
987      987   (1)      2  : 0.2978 0.1695 0.5327
988      988   (0)      2  : 0.0803 0.8498 0.0699
989      989   (0)      2  : 0.2290 0.2497 0.5212
990      990   (0)      2  : 0.5307 0.1898 0.2795
991      991   (0)      2  : 0.0785 0.8691 0.0524
992      992   (0)      2  : 0.6034 0.2034 0.1931
993      993   (0)      2  : 0.3201 0.4410 0.2388
994      994   (0)      2  : 0.2884 0.3373 0.3744
995      995   (0)      2  : 0.2327 0.6436 0.1236
996      996   (0)      2  : 0.4810 0.3621 0.1569
997      997   (0)      2  : 0.0670 0.8525 0.0805
998      998   (0)      2  : 0.3274 0.3322 0.3403
999      999   (0)      2  : 0.1509 0.7464 0.1027
1000     1000   (0)      2  : 0.3323 0.1348 0.5329
