   1        1   (0)      1 :  0.1379 0.0321 0.3173 0.2071 0.3056 
   2        2   (0)      1 :  0.0512 0.1043 0.2942 0.2641 0.2862 
   3        3   (0)      1 :  0.2011 0.0566 0.2872 0.1774 0.2776 
   4        4   (0)      1 :  0.0562 0.0273 0.2198 0.5614 0.1353 
   5        5   (1)      1 :  0.0307 0.8768 0.0319 0.0238 0.0368 
   6        6   (0)      1 :  0.2989 0.3343 0.1272 0.1388 0.1008 
   7        7   (0)      1 :  0.2547 0.2541 0.1680 0.0969 0.2264 
   8        8   (0)      1 :  0.6054 0.0261 0.1246 0.0817 0.1622 
   9        9   (0)      1 :  0.1126 0.4059 0.1888 0.1409 0.1517 
  10       10   (0)      1 :  0.0575 0.3436 0.2231 0.1432 0.2326 
  11       11   (0)      1 :  0.5231 0.0631 0.1264 0.1794 0.1080 
  12       12   (0)      1 :  0.0943 0.2093 0.3080 0.1495 0.2389 
  13       13   (0)      1 :  0.3368 0.0331 0.1514 0.1471 0.3316 
  14       14   (0)      1 :  0.1886 0.1655 0.1552 0.1373 0.3535 
  15       15   (0)      1 :  0.0783 0.4019 0.1449 0.1137 0.2613 
  16       16   (0)      1 :  0.3426 0.0777 0.1618 0.2265 0.1915 
  17       17   (0)      1 :  0.0333 0.1318 0.2151 0.3219 0.2978 
  18       18   (3)      1 :  0.1450 0.0188 0.4006 0.1579 0.2776 
  19       19   (0)      1 :  0.7288 0.0506 0.0821 0.0596 0.0791 
  20       20   (0)      1 :  0.0352 0.3175 0.2104 0.2366 0.2003 
  21       21   (0)      1 :  0.0700 0.3176 0.2182 0.2098 0.1844 
  22       22   (0)      1 :  0.5139 0.0723 0.1554 0.1050 0.1534 
  23       23   (0)      1 :  0.1591 0.3135 0.1968 0.0915 0.2391 
  24       24   (1)      1 :  0.1680 0.0388 0.3474 0.2724 0.1735 
  25       25   (0)      1 :  0.1762 0.4465 0.1045 0.0758 0.1971 
  26       26   (0)      1 :  0.3056 0.1015 0.2458 0.1245 0.2226 
  27       27   (2)      1 :  0.2746 0.0554 0.2433 0.0977 0.3290 
  28       28   (0)      1 :  0.1025 0.0559 0.2328 0.4226 0.1862 
  29       29   (0)      1 :  0.0677 0.0724 0.3234 0.2295 0.3069 
  30       30   (0)      1 :  0.1238 0.4261 0.2259 0.0826 0.1415 
  31       31   (0)      1 :  0.2721 0.0641 0.2386 0.2633 0.1619 
  32       32   (0)      1 :  0.0767 0.1498 0.2675 0.2530 0.2529 
  33       33   (0)      1 :  0.0929 0.0894 0.2140 0.4731 0.1307 
  34       34   (0)      1 :  0.1079 0.4504 0.1363 0.1461 0.1594 
  35       35   (0)      1 :  0.0767 0.0717 0.2924 0.3827 0.1766 
  36       36   (0)      1 :  0.5522 0.0517 0.1479 0.0870 0.1612 
  37       37   (0)      1 :  0.5938 0.1889 0.0704 0.0718 0.0751 
  38       38   (0)      1 :  0.1477 0.5493 0.1118 0.0647 0.1265 
  39       39   (0)      1 :  0.0450 0.0697 0.3891 0.1667 0.3295 
  40       40   (0)      1 :  0.0700 0.3919 0.1806 0.1781 0.1795 
  41       41   (0)      1 :  0.0972 0.0526 0.3146 0.2496 0.2860 
  42       42   (0)      1 :  0.0606 0.7368 0.0687 0.0676 0.0664 
  43       43   (0)      1 :  0.0523 0.0502 0.4330 0.1334 0.3311 
  44       44   (8)      1 :  0.1591 0.0488 0.2529 0.3790 0.1603 
  45       45   (2)      1 :  0.1906 0.4146 0.1244 0.1610 0.1093 
  46       46   (0)      1 :  0.1969 0.0880 0.1349 0.4573 0.1228 
  47       47   (0)      1 :  0.5810 0.0383 0.1348 0.1400 0.1059 
  48       48   (0)      1 :  0.1668 0.0354 0.2879 0.1720 0.3380 
  49       49   (0)      1 :  0.2243 0.0466 0.1738 0.2749 0.2804 
  50       50   (0)      1 :  0.0365 0.0336 0.3023 0.2285 0.3991 
  51       51   (2)      1 :  0.0625 0.7288 0.0731 0.0713 0.0643 
  52       52   (0)      1 :  0.0488 0.7918 0.0581 0.0431 0.0581 
  53       53   (1)      1 :  0.4217 0.0374 0.1680 0.1838 0.1891 
  54       54   (0)      1 :  0.1107 0.0801 0.2571 0.3117 0.2404 
  55       55   (4)      1 :  0.3063 0.0669 0.2459 0.1331 0.2478 
  56       56   (0)      1 :  0.3707 0.1892 0.1267 0.1792 0.1342 
  57       57   (0)      1 :  0.8245 0.0252 0.0474 0.0504 0.0525 
  58       58   (0)      1 :  0.2807 0.5517 0.0553 0.0422 0.0701 
  59       59   (0)      1 :  0.5340 0.0392 0.1709 0.1049 0.1510 
  60       60   (0)      1 :  0.5448 0.1188 0.1137 0.0919 0.1308 
  61       61   (0)      1 :  0.0722 0.0666 0.2284 0.1520 0.4809 
  62       62   (0)      1 :  0.2482 0.0693 0.2525 0.1125 0.3175 
  63       63   (0)      1 :  0.1723 0.1783 0.1509 0.2817 0.2169 
  64       64   (2)      1 :  0.0625 0.0757 0.1968 0.4950 0.1700 
  65       65   (0)      1 :  0.2449 0.0436 0.2725 0.1920 0.2469 
  66       66   (5)      1 :  0.1635 0.2223 0.1597 0.1067 0.3479 
  67       67   (0)      1 :  0.6121 0.0390 0.0895 0.1771 0.0822 
  68       68   (1)      1 :  0.1809 0.1714 0.2720 0.1556 0.2202 
  69       69   (3)      1 :  0.3118 0.1487 0.1716 0.1515 0.2164 
  70       70   (0)      1 :  0.0641 0.0399 0.3724 0.2637 0.2598 
  71       71   (0)      1 :  0.2648 0.0619 0.1866 0.1942 0.2926 
  72       72   (5)      1 :  0.1844 0.0426 0.2572 0.1969 0.3189 
  73       73   (0)      1 :  0.0716 0.1516 0.2992 0.1515 0.3261 
  74       74   (0)      1 :  0.0614 0.0735 0.3352 0.2817 0.2482 
  75       75   (0)      1 :  0.0847 0.1199 0.2010 0.4127 0.1817 
  76       76   (0)      1 :  0.1102 0.0541 0.3297 0.3211 0.1849 
  77       77   (1)      1 :  0.0185 0.9162 0.0245 0.0199 0.0209 
  78       78   (0)      1 :  0.0472 0.0369 0.3279 0.2059 0.3820 
  79       79   (3)      1 :  0.0832 0.0740 0.3361 0.2745 0.2322 
  80       80   (0)      1 :  0.0615 0.7644 0.0517 0.0557 0.0667 
  81       81   (3)      1 :  0.1365 0.2782 0.1969 0.1598 0.2286 
  82       82   (1)      1 :  0.7031 0.0176 0.0878 0.1041 0.0874 
  83       83   (0)      1 :  0.1324 0.0407 0.2508 0.3673 0.2088 
  84       84   (0)      1 :  0.3343 0.0751 0.2225 0.2144 0.1537 
  85       85   (7)      1 :  0.1047 0.0549 0.2986 0.2498 0.2919 
  86       86   (0)      1 :  0.0832 0.0831 0.2047 0.2825 0.3465 
  87       87   (0)      1 :  0.1105 0.0415 0.2120 0.5257 0.1102 
  88       88   (0)      2 :  0.0283 0.8217 0.0522 0.0395 0.0583 
  89       89   (0)      2 :  0.3273 0.0590 0.2708 0.0972 0.2456 
  90       90   (0)      2 :  0.0217 0.8611 0.0355 0.0453 0.0364 
  91       91   (0)      2 :  0.3925 0.0169 0.1556 0.2121 0.2228 
  92       92   (0)      2 :  0.0870 0.0581 0.2553 0.3287 0.2710 
  93       93   (0)      2 :  0.1091 0.0494 0.3538 0.3166 0.1711 
  94       94   (0)      2 :  0.0521 0.1085 0.3204 0.2841 0.2349 
  95       95   (0)      2 :  0.1049 0.1564 0.2938 0.2709 0.1740 
  96       96   (0)      2 :  0.1119 0.1815 0.1831 0.1625 0.3610 
  97       97   (0)      2 :  0.1319 0.2929 0.2143 0.1771 0.1839 
  98       98   (0)      2 :  0.2795 0.0508 0.2286 0.2826 0.1585 
  99       99   (0)      2 :  0.2687 0.0595 0.1683 0.3760 0.1274 
 100      100   (0)      2 :  0.2047 0.0360 0.4175 0.0939 0.2479 
 101      101   (1)      2 :  0.1354 0.4988 0.1408 0.0944 0.1306 
 102      102   (0)      2 :  0.2658 0.0974 0.1835 0.2826 0.1707 
 103      103   (0)      2 :  0.1164 0.2849 0.2187 0.1749 0.2051 
 104      104   (0)      2 :  0.4215 0.0301 0.2392 0.1158 0.1935 
 105      105   (0)      2 :  0.1462 0.2371 0.1442 0.3723 0.1003 
 106      106   (0)      2 :  0.0282 0.8531 0.0430 0.0374 0.0383 
 107      107   (0)      2 :  0.5508 0.1885 0.0826 0.1139 0.0643 
 108      108   (0)      2 :  0.0720 0.0699 0.2026 0.4308 0.2247 
 109      109   (0)      2 :  0.2222 0.1320 0.2434 0.1057 0.2968 
 110      110   (0)      2 :  0.1194 0.5209 0.1167 0.1357 0.1072 
 111      111   (0)      2 :  0.6459 0.0532 0.0874 0.1144 0.0991 
 112      112   (2)      2 :  0.2288 0.1832 0.2636 0.1026 0.2219 
 113      113   (0)      2 :  0.0811 0.4824 0.1616 0.0923 0.1825 
 114      114   (5)      2 :  0.0772 0.0426 0.4617 0.1375 0.2810 
 115      115   (0)      2 :  0.0573 0.0362 0.2666 0.4433 0.1966 
 116      116   (0)      2 :  0.0726 0.0925 0.3634 0.2066 0.2649 
 117      117   (0)      2 :  0.1634 0.1101 0.1846 0.2434 0.2985 
 118      118   (0)      2 :  0.1261 0.0295 0.1988 0.4902 0.1554 
 119      119   (2)      2 :  0.0964 0.0367 0.2715 0.3857 0.2096 
 120      120   (0)      2 :  0.5918 0.0328 0.1515 0.0863 0.1377 
 121      121   (0)      2 :  0.4960 0.0301 0.1537 0.1695 0.1508 
 122      122   (0)      2 :  0.1760 0.0719 0.2733 0.2309 0.2479 
 123      123   (1)      2 :  0.1295 0.0222 0.2360 0.4378 0.1746 
 124      124   (0)      2 :  0.0661 0.2024 0.2916 0.2573 0.1825 
 125      125   (0)      2 :  0.0855 0.0816 0.3630 0.1462 0.3237 
 126      126   (0)      2 :  0.0346 0.7340 0.0782 0.0800 0.0732 
 127      127   (0)      2 :  0.3662 0.0364 0.1653 0.1909 0.2411 
 128      128   (1)      2 :  0.1610 0.0345 0.2801 0.2517 0.2728 
 129      129   (0)      2 :  0.0574 0.2232 0.2411 0.1555 0.3227 
 130      130   (2)      2 :  0.0556 0.1109 0.3329 0.1272 0.3734 
 131      131   (0)      2 :  0.4320 0.0619 0.2179 0.1236 0.1646 
 132      132   (0)      2 :  0.1371 0.0625 0.2199 0.4708 0.1097 
 133      133   (0)      2 :  0.1005 0.0267 0.2340 0.4850 0.1537 
 134      134   (0)      2 :  0.1826 0.0493 0.1816 0.3444 0.2421 
 135      135   (0)      2 :  0.5988 0.0625 0.1354 0.0902 0.1131 
 136      136   (4)      2 :  0.1075 0.0967 0.2356 0.3976 0.1626 
 137      137   (0)      2 :  0.2204 0.1702 0.2024 0.1232 0.2839 
 138      138   (0)      2 :  0.1428 0.6547 0.0770 0.0623 0.0632 
 139      139   (3)      2 :  0.2289 0.0307 0.2759 0.1105 0.3540 
 140      140   (1)      2 :  0.0753 0.0955 0.2739 0.1301 0.4253 
 141      141   (0)      2 :  0.0852 0.1243 0.3260 0.1327 0.3319 
 142      142   (0)      2 :  0.1555 0.4450 0.1520 0.1191 0.1282 
 143      143   (0)      2 :  0.0846 0.1187 0.2349 0.3808 0.1810 
 144      144   (0)      2 :  0.3701 0.0226 0.1821 0.0948 0.3304 
 145      145   (0)      2 :  0.1426 0.0353 0.3280 0.1568 0.3373 
 146      146   (1)      2 :  0.2685 0.0980 0.1901 0.1776 0.2659 
 147      147   (0)      2 :  0.5071 0.1882 0.0884 0.1214 0.0950 
 148      148   (0)      2 :  0.6142 0.0546 0.0914 0.1379 0.1019 
 149      149   (0)      2 :  0.2001 0.0440 0.1624 0.4135 0.1801 
 150      150   (1)      2 :  0.0766 0.0639 0.2656 0.4430 0.1509 
 151      151   (0)      2 :  0.0533 0.1038 0.2590 0.1557 0.4283 
 152      152   (0)      2 :  0.3849 0.0390 0.1170 0.3817 0.0774 
 153      153   (0)      2 :  0.4599 0.0697 0.1141 0.2466 0.1098 
 154      154   (0)      2 :  0.3156 0.0804 0.2156 0.1744 0.2141 
 155      155   (0)      2 :  0.0567 0.0506 0.2112 0.1775 0.5040 
 156      156   (0)      2 :  0.2168 0.0853 0.2630 0.2806 0.1543 
 157      157   (0)      2 :  0.1020 0.2172 0.2472 0.1867 0.2470 
 158      158   (0)      2 :  0.1957 0.0184 0.1519 0.5357 0.0983 
 159      159   (0)      2 :  0.1283 0.0369 0.2773 0.3834 0.1742 
 160      160   (0)      2 :  0.1599 0.0954 0.3335 0.1526 0.2585 
 161      161   (1)      2 :  0.6701 0.0287 0.1161 0.0983 0.0867 
 162      162   (0)      2 :  0.2736 0.2154 0.1358 0.2629 0.1122 
 163      163   (0)      2 :  0.4501 0.0937 0.1962 0.1283 0.1318 
 164      164   (0)      2 :  0.2862 0.0227 0.2272 0.1653 0.2987 
 165      165   (0)      2 :  0.1754 0.0279 0.1882 0.4095 0.1990 
 166      166   (0)      2 :  0.0852 0.0648 0.2575 0.3116 0.2808 
 167      167   (0)      2 :  0.2526 0.1215 0.2976 0.1625 0.1657 
 168      168   (0)      2 :  0.1378 0.0926 0.3134 0.2123 0.2440 
 169      169   (0)      2 :  0.0208 0.8763 0.0359 0.0330 0.0340 
 170      170   (0)      2 :  0.1050 0.0816 0.2325 0.2899 0.2910 
 171      171   (0)      2 :  0.1713 0.0427 0.2804 0.2891 0.2164 
 172      172   (0)      2 :  0.3060 0.2575 0.1476 0.1160 0.1729 
 173      173   (0)      2 :  0.0405 0.8120 0.0484 0.0536 0.0455 
 174      174   (0)      2 :  0.0820 0.0322 0.4109 0.1551 0.3198 
 175      175   (0)      2 :  0.0668 0.0356 0.2426 0.4019 0.2531 
 176      176   (0)      2 :  0.2928 0.1956 0.1630 0.1177 0.2309 
 177      177   (0)      2 :  0.7328 0.0205 0.0763 0.1174 0.0530 
 178      178   (0)      2 :  0.1366 0.0488 0.3100 0.1443 0.3603 
 179      179   (0)      2 :  0.0839 0.0446 0.3190 0.2213 0.3312 
 180      180   (0)      2 :  0.0444 0.8253 0.0456 0.0459 0.0388 
 181      181   (0)      2 :  0.0803 0.0757 0.3898 0.2350 0.2193 
 182      182   (0)      2 :  0.3334 0.0725 0.2085 0.0971 0.2886 
 183      183   (0)      2 :  0.2575 0.0494 0.2137 0.2445 0.2349 
 184      184   (0)      2 :  0.0770 0.7011 0.0578 0.1015 0.0625 
 185      185   (0)      2 :  0.0811 0.0219 0.2987 0.0992 0.4991 
 186      186   (0)      2 :  0.1586 0.3094 0.2088 0.1500 0.1732 
 187      187   (0)      2 :  0.0485 0.0504 0.2360 0.4643 0.2008 
 188      188   (0)      2 :  0.1548 0.0460 0.2410 0.2742 0.2841 
 189      189   (0)      2 :  0.1206 0.2597 0.2517 0.2337 0.1344 
 190      190   (0)      2 :  0.4069 0.0824 0.1440 0.2376 0.1290 
 191      191   (0)      2 :  0.1260 0.0660 0.2480 0.4300 0.1301 
 192      192   (0)      2 :  0.1030 0.0332 0.1819 0.3128 0.3692 
 193      193   (0)      2 :  0.4290 0.2151 0.1333 0.1076 0.1151 
 194      194   (0)      2 :  0.5199 0.0228 0.1166 0.1776 0.1631 
 195      195   (0)      2 :  0.0295 0.7725 0.0616 0.0753 0.0611 
 196      196   (0)      2 :  0.0301 0.0381 0.4562 0.2635 0.2121 
 197      197   (0)      2 :  0.1812 0.0466 0.2367 0.2329 0.3025 
 198      198   (0)      2 :  0.0563 0.8045 0.0457 0.0502 0.0433 
 199      199   (0)      2 :  0.2151 0.0263 0.2465 0.1618 0.3502 
 200      200   (0)      2 :  0.1709 0.1965 0.2115 0.2389 0.1821 
 201      201   (0)      2 :  0.2741 0.0264 0.2040 0.2297 0.2657 
 202      202   (0)      2 :  0.3303 0.0303 0.1562 0.3455 0.1377 
 203      203   (0)      2 :  0.0698 0.0376 0.1908 0.5736 0.1282 
 204      204   (0)      2 :  0.1488 0.1027 0.1898 0.3219 0.2368 
 205      205   (0)      2 :  0.2371 0.1324 0.2917 0.1797 0.1592 
 206      206   (0)      2 :  0.0230 0.8809 0.0358 0.0233 0.0370 
 207      207   (0)      2 :  0.2805 0.4050 0.1161 0.0759 0.1225 
 208      208   (0)      2 :  0.2126 0.0487 0.2265 0.1575 0.3548 
 209      209   (0)      2 :  0.1779 0.3107 0.1420 0.1127 0.2567 
 210      210   (0)      2 :  0.0199 0.8554 0.0406 0.0461 0.0380 
 211      211   (0)      2 :  0.2869 0.1161 0.1839 0.1268 0.2863 
 212      212   (1)      2 :  0.6008 0.1985 0.0652 0.0820 0.0534 
 213      213   (1)      2 :  0.0512 0.0939 0.3774 0.1678 0.3097 
 214      214   (0)      2 :  0.4130 0.1384 0.1522 0.1515 0.1450 
 215      215   (0)      2 :  0.0831 0.0270 0.1697 0.4781 0.2421 
 216      216   (0)      2 :  0.1859 0.4834 0.1173 0.0697 0.1437 
 217      217   (0)      2 :  0.0849 0.5676 0.1161 0.0992 0.1322 
 218      218   (0)      2 :  0.0725 0.0531 0.1805 0.5173 0.1765 
 219      219   (0)      2 :  0.2511 0.2107 0.2075 0.1113 0.2195 
 220      220   (0)      2 :  0.5570 0.0169 0.1427 0.1487 0.1348 
 221      221   (0)      2 :  0.4558 0.1529 0.1543 0.1194 0.1176 
 222      222   (0)      2 :  0.1748 0.0367 0.3276 0.1734 0.2875 
 223      223   (0)      2 :  0.2984 0.1188 0.1770 0.2110 0.1947 
 224      224   (1)      2 :  0.1224 0.0748 0.2672 0.1895 0.3460 
 225      225   (0)      2 :  0.1301 0.7630 0.0369 0.0341 0.0359 
 226      226   (0)      2 :  0.0384 0.3498 0.2137 0.1652 0.2328 
 227      227   (0)      2 :  0.0320 0.8430 0.0426 0.0460 0.0365 
 228      228   (0)      2 :  0.2261 0.0477 0.2051 0.1649 0.3562 
 229      229   (0)      2 :  0.1153 0.0378 0.2126 0.4950 0.1393 
 230      230   (0)      2 :  0.1895 0.1900 0.2188 0.2034 0.1984 
 231      231   (0)      2 :  0.3183 0.1297 0.1842 0.1650 0.2029 
 232      232   (2)      2 :  0.3107 0.1100 0.1871 0.1771 0.2151 
 233      233   (0)      2 :  0.3307 0.1970 0.1626 0.1531 0.1565 
 234      234   (0)      2 :  0.0237 0.8872 0.0279 0.0296 0.0316 
 235      235   (0)      2 :  0.0659 0.6887 0.0759 0.0810 0.0885 
 236      236   (0)      2 :  0.7239 0.0334 0.0722 0.0628 0.1077 
 237      237   (0)      2 :  0.4476 0.1046 0.1359 0.0880 0.2238 
 238      238   (0)      2 :  0.6990 0.0719 0.0845 0.0662 0.0783 
 239      239   (0)      2 :  0.2754 0.0504 0.2538 0.1335 0.2870 
 240      240   (0)      2 :  0.1136 0.0740 0.2765 0.2361 0.2998 
 241      241   (0)      2 :  0.0792 0.1942 0.3475 0.1658 0.2133 
 242      242   (0)      2 :  0.4913 0.0226 0.1466 0.1216 0.2179 
 243      243   (0)      2 :  0.1367 0.0438 0.2183 0.3836 0.2176 
 244      244   (0)      2 :  0.1162 0.0489 0.2161 0.4468 0.1720 
 245      245   (0)      2 :  0.0339 0.8442 0.0431 0.0397 0.0391 
 246      246   (0)      2 :  0.2231 0.1462 0.2241 0.2358 0.1708 
 247      247   (0)      2 :  0.0584 0.6503 0.0797 0.1443 0.0674 
 248      248   (0)      2 :  0.0434 0.3588 0.1763 0.1672 0.2542 
 249      249   (0)      2 :  0.0671 0.0832 0.2595 0.4092 0.1809 
 250      250   (0)      2 :  0.0784 0.0966 0.2383 0.3208 0.2659 
 251      251   (0)      2 :  0.0487 0.0664 0.3739 0.3156 0.1955 
 252      252   (0)      2 :  0.3006 0.0801 0.2640 0.1275 0.2277 
 253      253   (0)      2 :  0.0543 0.1031 0.2713 0.2181 0.3533 
 254      254   (0)      2 :  0.0791 0.1214 0.2699 0.2968 0.2327 
 255      255   (0)      2 :  0.2088 0.0611 0.2794 0.2801 0.1706 
 256      256   (0)      2 :  0.1573 0.1442 0.2897 0.2546 0.1541 
 257      257   (0)      2 :  0.0596 0.0739 0.2534 0.4330 0.1801 
 258      258   (0)      1 :  0.1234 0.0965 0.2228 0.1074 0.4500 
 259      259   (0)      1 :  0.1321 0.3272 0.1776 0.0981 0.2650 
 260      260   (0)      1 :  0.0427 0.0571 0.2302 0.1562 0.5138 
 261      261   (0)      1 :  0.0467 0.1045 0.2422 0.2479 0.3588 
 262      262   (0)      1 :  0.0492 0.1086 0.4394 0.1095 0.2932 
 263      263   (0)      1 :  0.2398 0.0889 0.1674 0.3844 0.1195 
 264      264   (0)      1 :  0.0755 0.0653 0.2963 0.3689 0.1940 
 265      265   (0)      1 :  0.0461 0.0447 0.1325 0.6888 0.0879 
 266      266   (0)      1 :  0.0815 0.0379 0.3543 0.3050 0.2213 
 267      267   (0)      1 :  0.0467 0.2707 0.2300 0.3123 0.1403 
 268      268   (0)      1 :  0.2459 0.1208 0.2239 0.2108 0.1985 
 269      269   (1)      1 :  0.0670 0.1663 0.3314 0.2046 0.2307 
 270      270   (0)      1 :  0.0483 0.0501 0.3869 0.3348 0.1799 
 271      271   (0)      1 :  0.0836 0.3878 0.1563 0.2294 0.1428 
 272      272   (0)      1 :  0.1656 0.1606 0.3580 0.1350 0.1807 
 273      273   (0)      1 :  0.1090 0.0316 0.2576 0.2028 0.3990 
 274      274   (0)      1 :  0.0607 0.5826 0.1559 0.0873 0.1134 
 275      275   (0)      1 :  0.6179 0.0740 0.1024 0.0616 0.1440 
 276      276   (0)      1 :  0.1706 0.0757 0.1993 0.2824 0.2721 
 277      277   (0)      1 :  0.0924 0.1513 0.2626 0.1403 0.3535 
 278      278   (0)      1 :  0.3685 0.2502 0.1245 0.1545 0.1024 
 279      279   (0)      1 :  0.2754 0.1599 0.1302 0.0623 0.3722 
 280      280   (0)      1 :  0.0889 0.1848 0.2504 0.2200 0.2559 
 281      281   (0)      1 :  0.0973 0.0620 0.2118 0.4147 0.2142 
 282      282   (0)      1 :  0.1222 0.1931 0.3036 0.1452 0.2360 
 283      283   (0)      1 :  0.1387 0.1030 0.2044 0.3861 0.1678 
 284      284   (0)      1 :  0.0821 0.0418 0.2069 0.5564 0.1128 
 285      285   (0)      1 :  0.1352 0.0584 0.1929 0.4177 0.1957 
 286      286   (0)      1 :  0.0961 0.0384 0.1971 0.3964 0.2720 
 287      287   (0)      1 :  0.0137 0.9189 0.0246 0.0195 0.0233 
 288      288   (0)      1 :  0.2849 0.5832 0.0395 0.0492 0.0432 
 289      289   (0)      1 :  0.1006 0.1249 0.2159 0.3471 0.2115 
 290      290   (1)      1 :  0.0297 0.8933 0.0236 0.0257 0.0277 
 291      291   (0)      1 :  0.0747 0.3786 0.2052 0.1976 0.1438 
 292      292   (0)      1 :  0.0878 0.1254 0.3002 0.1712 0.3155 
 293      293   (0)      1 :  0.4469 0.0588 0.1681 0.1785 0.1476 
 294      294   (0)      1 :  0.0449 0.2773 0.1629 0.3297 0.1852 
 295      295   (0)      1 :  0.0323 0.0350 0.2494 0.1990 0.4843 
 296      296   (0)      1 :  0.5918 0.0412 0.1176 0.0825 0.1669 
 297      297   (0)      1 :  0.0379 0.5621 0.1146 0.1763 0.1091 
 298      298   (0)      1 :  0.1479 0.0502 0.1604 0.3037 0.3378 
 299      299   (0)      1 :  0.1259 0.1874 0.1848 0.3047 0.1971 
 300      300   (0)      1 :  0.1288 0.0652 0.1719 0.4413 0.1928 
 301      301   (0)      1 :  0.0315 0.8357 0.0432 0.0464 0.0432 
 302      302   (0)      1 :  0.1087 0.5465 0.1155 0.1170 0.1124 
 303      303   (0)      1 :  0.1062 0.0998 0.2777 0.2407 0.2757 
 304      304   (0)      1 :  0.4331 0.2966 0.0861 0.0815 0.1027 
 305      305   (0)      1 :  0.1135 0.0510 0.1838 0.5032 0.1485 
 306      306   (0)      1 :  0.0513 0.4851 0.1536 0.1211 0.1889 
 307      307   (1)      1 :  0.2192 0.0466 0.2275 0.3122 0.1944 
 308      308   (0)      1 :  0.1180 0.1328 0.3817 0.1803 0.1871 
 309      309   (0)      1 :  0.0337 0.7377 0.0682 0.0798 0.0805 
 310      310   (0)      1 :  0.0675 0.2897 0.2533 0.2162 0.1732 
 311      311   (0)      1 :  0.0659 0.5625 0.1449 0.0612 0.1655 
 312      312   (0)      1 :  0.0969 0.0594 0.2292 0.4086 0.2059 
 313      313   (0)      1 :  0.1670 0.0677 0.2249 0.3625 0.1779 
 314      314   (0)      1 :  0.2240 0.1436 0.1995 0.2673 0.1657 
 315      315   (0)      1 :  0.0530 0.1335 0.3068 0.2661 0.2406 
 316      316   (0)      1 :  0.0350 0.0373 0.2443 0.5225 0.1608 
 317      317   (0)      1 :  0.6117 0.0399 0.1297 0.0823 0.1364 
 318      318   (0)      1 :  0.2542 0.0270 0.3017 0.2200 0.1971 
 319      319   (0)      1 :  0.1555 0.0289 0.2147 0.3613 0.2397 
 320      320   (0)      1 :  0.2151 0.0223 0.1527 0.4815 0.1284 
 321      321   (0)      1 :  0.1170 0.0334 0.3087 0.2103 0.3307 
 322      322   (0)      1 :  0.0436 0.2955 0.1969 0.0844 0.3796 
 323      323   (0)      1 :  0.0974 0.0635 0.2486 0.1174 0.4732 
 324      324   (0)      1 :  0.0512 0.0323 0.2820 0.4431 0.1914 
 325      325   (0)      1 :  0.0631 0.2243 0.3051 0.2042 0.2032 
 326      326   (0)      1 :  0.0705 0.0496 0.2822 0.4089 0.1887 
 327      327   (0)      1 :  0.0599 0.0388 0.1853 0.5110 0.2050 
 328      328   (0)      1 :  0.2879 0.0480 0.2129 0.2985 0.1526 
 329      329   (0)      1 :  0.1981 0.1407 0.1819 0.3125 0.1669 
 330      330   (0)      1 :  0.2134 0.1556 0.2494 0.1478 0.2339 
 331      331   (0)      1 :  0.0871 0.5740 0.1034 0.1451 0.0904 
 332      332   (0)      1 :  0.1036 0.2090 0.2501 0.2553 0.1821 
 333      333   (0)      1 :  0.0523 0.2235 0.1678 0.4463 0.1101 
 334      334   (0)      1 :  0.0634 0.0723 0.2132 0.4754 0.1756 
 335      335   (0)      1 :  0.0847 0.0367 0.3507 0.1980 0.3299 
 336      336   (0)      1 :  0.0964 0.1479 0.3448 0.2261 0.1848 
 337      337   (0)      1 :  0.1065 0.4715 0.1382 0.1239 0.1598 
 338      338   (0)      1 :  0.0584 0.0934 0.3522 0.2813 0.2147 
 339      339   (0)      1 :  0.1669 0.0915 0.1917 0.2171 0.3329 
 340      340   (0)      1 :  0.1415 0.0662 0.3025 0.2840 0.2058 
 341      341   (0)      1 :  0.4800 0.0617 0.1687 0.1500 0.1396 
 342      342   (0)      1 :  0.1608 0.1520 0.1742 0.2514 0.2616 
 343      343   (0)      1 :  0.5443 0.0495 0.1663 0.1429 0.0969 
 344      344   (0)      1 :  0.1675 0.2803 0.1877 0.2221 0.1425 
 345      345   (1)      1 :  0.0319 0.1411 0.2694 0.2676 0.2900 
 346      346   (0)      1 :  0.0469 0.2306 0.1750 0.4040 0.1435 
 347      347   (0)      1 :  0.1729 0.2990 0.2150 0.1243 0.1889 
 348      348   (0)      1 :  0.3716 0.1419 0.1384 0.2400 0.1080 
 349      349   (0)      1 :  0.2722 0.0395 0.1908 0.3684 0.1291 
 350      350   (0)      1 :  0.6691 0.0727 0.0788 0.0890 0.0903 
 351      351   (0)      1 :  0.0731 0.0718 0.2771 0.3465 0.2315 
 352      352   (0)      1 :  0.1085 0.0513 0.2425 0.2272 0.3706 
 353      353   (0)      1 :  0.0770 0.0859 0.3818 0.2640 0.1913 
 354      354   (0)      1 :  0.2750 0.3242 0.1386 0.0971 0.1652 
 355      355   (0)      1 :  0.6242 0.1301 0.0672 0.1111 0.0674 
 356      356   (0)      1 :  0.0862 0.2342 0.1930 0.3054 0.1812 
 357      357   (0)      1 :  0.1848 0.0604 0.2952 0.2154 0.2443 
 358      358   (0)      1 :  0.1446 0.0417 0.2714 0.2023 0.3400 
 359      359   (0)      1 :  0.1595 0.3594 0.1345 0.0696 0.2769 
 360      360   (0)      1 :  0.0866 0.1571 0.2775 0.1745 0.3043 
 361      361   (0)      1 :  0.3447 0.0329 0.1720 0.1238 0.3266 
 362      362   (0)      1 :  0.0971 0.1054 0.2432 0.1918 0.3624 
 363      363   (0)      1 :  0.3182 0.3714 0.1093 0.1171 0.0841 
 364      364   (1)      1 :  0.2118 0.0649 0.1785 0.3175 0.2272 
 365      365   (0)      1 :  0.0943 0.0357 0.2760 0.4030 0.1909 
 366      366   (0)      1 :  0.0501 0.0262 0.3510 0.3588 0.2138 
 367      367   (0)      1 :  0.0515 0.0703 0.3119 0.1604 0.4059 
 368      368   (0)      1 :  0.1711 0.0522 0.3488 0.1570 0.2708 
 369      369   (0)      1 :  0.2578 0.2912 0.1461 0.1136 0.1914 
 370      370   (0)      1 :  0.0473 0.6549 0.0918 0.0630 0.1430 
 371      371   (0)      1 :  0.0522 0.7641 0.0626 0.0577 0.0634 
 372      372   (2)      1 :  0.0313 0.8409 0.0434 0.0425 0.0419 
 373      373   (0)      1 :  0.1361 0.6355 0.0765 0.0661 0.0858 
 374      374   (0)      1 :  0.1026 0.0275 0.3254 0.2067 0.3378 
 375      375   (0)      1 :  0.0954 0.1219 0.2334 0.3181 0.2311 
 376      376   (0)      1 :  0.1969 0.2058 0.2250 0.1706 0.2015 
 377      377   (0)      1 :  0.1177 0.0342 0.2285 0.4375 0.1821 
 378      378   (0)      1 :  0.2090 0.0316 0.2257 0.3040 0.2296 
 379      379   (0)      1 :  0.1161 0.4610 0.1583 0.1365 0.1280 
 380      380   (0)      1 :  0.0405 0.0363 0.3773 0.3439 0.2019 
 381      381   (0)      1 :  0.1003 0.1271 0.2629 0.2377 0.2720 
 382      382   (0)      1 :  0.0458 0.8091 0.0539 0.0445 0.0467 
 383      383   (0)      1 :  0.0343 0.1086 0.2361 0.3983 0.2227 
 384      384   (0)      1 :  0.1096 0.4059 0.1672 0.1675 0.1497 
 385      385   (0)      1 :  0.1477 0.2093 0.2322 0.1481 0.2627 
 386      386   (0)      1 :  0.0653 0.2448 0.3581 0.1559 0.1760 
 387      387   (0)      1 :  0.0519 0.4509 0.2044 0.1640 0.1288 
 388      388   (0)      1 :  0.1049 0.4487 0.1427 0.1712 0.1324 
 389      389   (0)      1 :  0.0595 0.0550 0.2085 0.5348 0.1422 
 390      390   (0)      1 :  0.6978 0.0180 0.0892 0.0706 0.1243 
 391      391   (0)      1 :  0.2090 0.5687 0.0791 0.0747 0.0684 
 392      392   (0)      1 :  0.1321 0.3874 0.1552 0.1262 0.1992 
 393      393   (0)      1 :  0.2795 0.1004 0.2085 0.2237 0.1878 
 394      394   (0)      1 :  0.1403 0.1450 0.2329 0.1093 0.3726 
 395      395   (0)      1 :  0.2607 0.0942 0.2267 0.1590 0.2594 
 396      396   (0)      1 :  0.1951 0.0807 0.2615 0.1631 0.2995 
 397      397   (0)      1 :  0.0467 0.2052 0.2342 0.2507 0.2632 
 398      398   (0)      1 :  0.0411 0.5894 0.1209 0.1515 0.0971 
 399      399   (0)      1 :  0.0365 0.1644 0.3291 0.1111 0.3590 
 400      400   (0)      1 :  0.0492 0.1188 0.2355 0.3230 0.2735 
 401      401   (0)      1 :  0.0992 0.7007 0.0573 0.0474 0.0955 
 402      402   (0)      1 :  0.3737 0.0202 0.1634 0.2711 0.1717 
 403      403   (0)      1 :  0.1554 0.1093 0.4051 0.1298 0.2004 
 404      404   (0)      1 :  0.1024 0.0243 0.1697 0.5922 0.1113 
 405      405   (0)      1 :  0.1725 0.4284 0.1363 0.0749 0.1880 
 406      406   (0)      1 :  0.2400 0.0527 0.2282 0.1447 0.3344 
 407      407   (0)      1 :  0.0413 0.0484 0.4646 0.1554 0.2903 
 408      408   (0)      1 :  0.6701 0.1220 0.0741 0.0773 0.0565 
 409      409   (0)      1 :  0.0659 0.0466 0.1932 0.5160 0.1783 
 410      410   (0)      1 :  0.0246 0.8068 0.0600 0.0548 0.0538 
 411      411   (0)      1 :  0.0633 0.6408 0.0943 0.0957 0.1059 
 412      412   (0)      1 :  0.1248 0.2565 0.1854 0.3175 0.1158 
 413      413   (0)      1 :  0.0525 0.1081 0.2311 0.3667 0.2415 
 414      414   (0)      1 :  0.1041 0.3533 0.1834 0.1220 0.2373 
 415      415   (0)      1 :  0.1053 0.0489 0.2518 0.2114 0.3825 
 416      416   (0)      1 :  0.0708 0.0525 0.2895 0.4181 0.1691 
 417      417   (0)      1 :  0.0862 0.0286 0.2066 0.4858 0.1927 
 418      418   (0)      1 :  0.0955 0.1833 0.2797 0.2655 0.1760 
 419      419   (0)      1 :  0.1574 0.4688 0.1198 0.1027 0.1513 
 420      420   (0)      1 :  0.5751 0.0506 0.1146 0.0581 0.2016 
 421      421   (0)      1 :  0.0533 0.1001 0.2001 0.2985 0.3480 
 422      422   (0)      1 :  0.0283 0.8366 0.0436 0.0435 0.0480 
 423      423   (0)      1 :  0.0414 0.0476 0.3529 0.2625 0.2955 
 424      424   (0)      1 :  0.4030 0.0337 0.2033 0.0993 0.2607 
 425      425   (0)      1 :  0.0430 0.8382 0.0397 0.0387 0.0404 
 426      426   (0)      1 :  0.0402 0.0607 0.1551 0.6182 0.1258 
 427      427   (0)      1 :  0.0687 0.0666 0.3364 0.2602 0.2681 
 428      428   (0)      1 :  0.0330 0.7991 0.0538 0.0574 0.0567 
 429      429   (0)      1 :  0.4459 0.0325 0.1332 0.2610 0.1273 
 430      430   (0)      1 :  0.1114 0.0897 0.2224 0.2050 0.3714 
 431      431   (0)      1 :  0.0531 0.5283 0.1771 0.1130 0.1284 
 432      432   (0)      1 :  0.0264 0.8617 0.0439 0.0318 0.0362 
 433      433   (0)      1 :  0.1456 0.7070 0.0478 0.0443 0.0553 
 434      434   (0)      1 :  0.0612 0.3488 0.2467 0.1429 0.2004 
 435      435   (0)      1 :  0.0521 0.0423 0.4867 0.1917 0.2271 
 436      436   (0)      1 :  0.0397 0.0752 0.3382 0.2551 0.2918 
 437      437   (0)      1 :  0.1029 0.6749 0.0678 0.0907 0.0638 
 438      438   (0)      1 :  0.0831 0.3158 0.1796 0.0951 0.3264 
 439      439   (0)      1 :  0.0350 0.0822 0.2988 0.1336 0.4503 
 440      440   (0)      1 :  0.0494 0.6059 0.0849 0.1711 0.0888 
 441      441   (0)      1 :  0.3016 0.0368 0.1741 0.1129 0.3746 
 442      442   (0)      1 :  0.1101 0.0952 0.2468 0.1341 0.4138 
 443      443   (0)      1 :  0.0598 0.0423 0.2911 0.1688 0.4380 
 444      444   (0)      1 :  0.0457 0.2390 0.2087 0.3757 0.1310 
 445      445   (0)      1 :  0.1858 0.1437 0.2600 0.0896 0.3210 
 446      446   (0)      2 :  0.2144 0.2933 0.1486 0.1891 0.1545 
 447      447   (0)      2 :  0.1808 0.1124 0.2719 0.2502 0.1848 
 448      448   (0)      2 :  0.0848 0.1035 0.3299 0.1183 0.3636 
 449      449   (0)      2 :  0.2336 0.5769 0.0710 0.0475 0.0710 
 450      450   (0)      2 :  0.0831 0.6032 0.1253 0.0826 0.1058 
 451      451   (0)      2 :  0.0255 0.7977 0.0555 0.0521 0.0692 
 452      452   (0)      2 :  0.0784 0.3253 0.2012 0.1632 0.2318 
 453      453   (0)      2 :  0.7887 0.0252 0.0711 0.0505 0.0645 
 454      454   (0)      2 :  0.0457 0.7767 0.0576 0.0602 0.0598 
 455      455   (0)      2 :  0.1045 0.0960 0.2893 0.2994 0.2108 
 456      456   (0)      2 :  0.0369 0.8168 0.0544 0.0408 0.0510 
 457      457   (0)      2 :  0.0418 0.0916 0.3124 0.3302 0.2241 
 458      458   (0)      2 :  0.5327 0.1533 0.1085 0.1042 0.1013 
 459      459   (1)      2 :  0.0632 0.0246 0.1550 0.6195 0.1377 
 460      460   (2)      2 :  0.1147 0.1426 0.3071 0.1624 0.2731 
 461      461   (2)      2 :  0.0706 0.3353 0.3085 0.1127 0.1730 
 462      462   (3)      2 :  0.2399 0.2199 0.2078 0.0964 0.2361 
 463      463   (0)      2 :  0.1028 0.6885 0.0817 0.0453 0.0818 
 464      464   (4)      2 :  0.0854 0.0278 0.3185 0.3394 0.2289 
 465      465   (3)      2 :  0.1501 0.0964 0.2336 0.2375 0.2823 
 466      466   (0)      2 :  0.0839 0.1056 0.4152 0.1043 0.2911 
 467      467   (0)      2 :  0.0879 0.0712 0.2426 0.4028 0.1955 
 468      468   (0)      2 :  0.4166 0.1094 0.1776 0.1028 0.1935 
 469      469   (0)      2 :  0.0212 0.8119 0.0452 0.0527 0.0690 
 470      470   (5)      2 :  0.1199 0.4549 0.1190 0.1311 0.1752 
 471      471   (1)      2 :  0.0763 0.1403 0.3188 0.1549 0.3096 
 472      472   (2)      2 :  0.0600 0.0824 0.2904 0.1665 0.4008 
 473      473   (3)      2 :  0.1627 0.0387 0.4300 0.1613 0.2073 
 474      474   (0)      2 :  0.7648 0.0417 0.0640 0.0736 0.0558 
 475      475   (2)      2 :  0.1311 0.3891 0.2345 0.0960 0.1494 
 476      476   (1)      2 :  0.0585 0.0376 0.4115 0.1343 0.3581 
 477      477   (4)      2 :  0.3539 0.1954 0.1629 0.0987 0.1890 
 478      478   (0)      2 :  0.0972 0.0645 0.1854 0.4398 0.2131 
 479      479   (0)      2 :  0.0719 0.0315 0.3429 0.2248 0.3289 
 480      480   (1)      2 :  0.1133 0.1249 0.1788 0.4158 0.1671 
 481      481   (3)      2 :  0.1881 0.0773 0.2130 0.1334 0.3881 
 482      482   (3)      2 :  0.4978 0.0271 0.1911 0.1036 0.1803 
 483      483   (4)      2 :  0.2241 0.0366 0.2358 0.1347 0.3688 
 484      484   (4)      2 :  0.1122 0.0470 0.2357 0.2744 0.3307 
 485      485   (3)      2 :  0.1166 0.4398 0.1155 0.2090 0.1190 
 486      486   (3)      2 :  0.1362 0.3927 0.1766 0.1260 0.1686 
 487      487   (1)      2 :  0.3432 0.1104 0.1930 0.2223 0.1312 
 488      488   (5)      2 :  0.1136 0.0576 0.3203 0.2798 0.2288 
 489      489   (0)      2 :  0.0924 0.0357 0.2157 0.1698 0.4864 
 490      490   (3)      2 :  0.0860 0.0818 0.3707 0.1171 0.3444 
 491      491   (7)      2 :  0.7257 0.0659 0.0722 0.0553 0.0809 
 492      492   (6)      2 :  0.7365 0.0269 0.0728 0.0913 0.0725 
 493      493   (3)      2 :  0.0648 0.1075 0.2795 0.2382 0.3100 
 494      494   (3)      2 :  0.0401 0.7610 0.0600 0.0733 0.0656 
 495      495   (5)      2 :  0.1114 0.3071 0.1622 0.2775 0.1418 
 496      496   (0)      2 :  0.1456 0.1042 0.2343 0.2326 0.2832 
 497      497   (5)      2 :  0.5911 0.0245 0.1612 0.1041 0.1192 
 498      498   (6)      2 :  0.0731 0.1041 0.3637 0.1039 0.3552 
 499      499   (0)      2 :  0.0618 0.0417 0.3507 0.1980 0.3478 
 500      500   (1)      2 :  0.4727 0.0526 0.1984 0.1118 0.1644 
 501      501   (4)      2 :  0.0747 0.3783 0.1712 0.1098 0.2660 
 502      502   (2)      2 :  0.2019 0.1915 0.1516 0.1426 0.3124 
 503      503   (5)      2 :  0.2526 0.0497 0.2018 0.1626 0.3332 
 504      504   (2)      2 :  0.1028 0.1712 0.2163 0.0708 0.4388 
 505      505   (0)      2 :  0.1597 0.2775 0.1735 0.2242 0.1651 
 506      506   (8)      2 :  0.2975 0.0678 0.2483 0.1638 0.2227 
 507      507   (0)      2 :  0.2388 0.1234 0.2266 0.1547 0.2566 
 508      508   (0)      2 :  0.3632 0.1673 0.1551 0.1170 0.1975 
 509      509   (1)      2 :  0.0272 0.8901 0.0264 0.0283 0.0280 
 510      510   (1)      2 :  0.1015 0.0884 0.3582 0.1621 0.2898 
 511      511   (5)      2 :  0.2046 0.1608 0.2066 0.2472 0.1807 
 512      512   (2)      2 :  0.0769 0.7546 0.0598 0.0487 0.0600 
 513      513   (9)      2 :  0.2061 0.2827 0.1606 0.2194 0.1311 
 514      514   (4)      2 :  0.2253 0.4050 0.1305 0.1292 0.1100 
 515      515   (1)      2 :  0.3859 0.0942 0.1689 0.2267 0.1244 
 516      516   (3)      2 :  0.1135 0.1470 0.3341 0.2089 0.1966 
 517      517   (3)      2 :  0.1081 0.4903 0.1552 0.0990 0.1474 
 518      518   (0)      2 :  0.4066 0.0628 0.1892 0.0872 0.2543 
 519      519   (9)      2 :  0.1901 0.0622 0.2568 0.3024 0.1886 
 520      520   (6)      2 :  0.0812 0.0856 0.2829 0.0932 0.4570 
 521      521   (2)      2 :  0.1915 0.1115 0.3236 0.1356 0.2378 
 522      522   (1)      2 :  0.0611 0.0929 0.2484 0.1723 0.4253 
 523      523   (4)      2 :  0.1484 0.0724 0.2285 0.3198 0.2310 
 524      524   (0)      2 :  0.0435 0.0696 0.2184 0.3190 0.3494 
 525      525   (2)      2 :  0.2693 0.0639 0.1609 0.3458 0.1602 
 526      526   (3)      2 :  0.4251 0.0749 0.1636 0.1894 0.1469 
 527      527   (0)      2 :  0.1014 0.0446 0.3826 0.2054 0.2660 
 528      528   (0)      2 :  0.2452 0.0423 0.2232 0.3010 0.1883 
 529      529   (1)      2 :  0.0508 0.0520 0.2908 0.3193 0.2871 
 530      530   (0)      2 :  0.3194 0.0435 0.2082 0.2154 0.2134 
 531      531   (0)      2 :  0.0475 0.1814 0.3401 0.1886 0.2424 
 532      532   (2)      2 :  0.1551 0.0276 0.1910 0.3531 0.2732 
 533      533   (2)      2 :  0.0589 0.0195 0.4159 0.2460 0.2598 
 534      534   (2)      2 :  0.1126 0.0611 0.2142 0.2170 0.3950 
 535      535   (0)      2 :  0.0933 0.0531 0.4116 0.1699 0.2720 
 536      536   (0)      2 :  0.1326 0.0397 0.3097 0.2935 0.2244 
 537      537   (0)      2 :  0.1478 0.0214 0.3695 0.2131 0.2483 
 538      538   (0)      2 :  0.1054 0.0624 0.4277 0.1804 0.2241 
 539      539   (0)      2 :  0.1292 0.0560 0.2216 0.3157 0.2775 
 540      540   (8)      2 :  0.6013 0.0673 0.1276 0.0775 0.1264 
 541      541   (1)      2 :  0.0981 0.0904 0.2211 0.4341 0.1562 
 542      542   (1)      2 :  0.2779 0.2744 0.1581 0.1518 0.1378 
 543      543   (0)      2 :  0.3522 0.0836 0.2441 0.1362 0.1838 
 544      544   (2)      2 :  0.1558 0.0530 0.2867 0.3458 0.1588 
 545      545   (1)      2 :  0.0493 0.4672 0.1484 0.0788 0.2564 
 546      546   (9)      2 :  0.1493 0.0266 0.4176 0.1778 0.2288 
 547      547   (0)      2 :  0.0466 0.1216 0.2373 0.2806 0.3138 
 548      548   (0)      2 :  0.2382 0.2239 0.2187 0.1353 0.1840 
 549      549   (0)      2 :  0.1848 0.0978 0.3068 0.2151 0.1956 
 550      550   (1)      2 :  0.0587 0.5155 0.1153 0.2246 0.0859 
 551      551   (1)      2 :  0.2718 0.0656 0.2006 0.2906 0.1713 
 552      552   (2)      2 :  0.0541 0.0971 0.2930 0.3388 0.2170 
 553      553  (10)      2 :  0.2326 0.0569 0.2649 0.2548 0.1908 
 554      554   (2)      2 :  0.2370 0.0488 0.3355 0.1625 0.2161 
 555      555   (4)      2 :  0.3239 0.0467 0.1869 0.1831 0.2595 
 556      556   (0)      2 :  0.2804 0.0941 0.3030 0.1840 0.1384 
 557      557   (2)      2 :  0.0879 0.1774 0.2441 0.0948 0.3958 
 558      558   (0)      2 :  0.0460 0.2583 0.2450 0.2128 0.2379 
 559      559   (0)      2 :  0.5394 0.0632 0.1237 0.1094 0.1643 
 560      560   (8)      2 :  0.3123 0.1313 0.1982 0.1692 0.1891 
 561      561   (0)      2 :  0.0460 0.0259 0.2011 0.5206 0.2065 
 562      562   (8)      2 :  0.2641 0.1275 0.2571 0.1979 0.1534 
 563      563   (2)      2 :  0.1451 0.0680 0.3391 0.1494 0.2983 
 564      564   (4)      2 :  0.0975 0.0806 0.1957 0.4929 0.1334 
 565      565   (3)      2 :  0.2020 0.1363 0.1518 0.3359 0.1741 
 566      566   (1)      2 :  0.1324 0.1471 0.1889 0.1172 0.4145 
 567      567   (0)      2 :  0.2647 0.0572 0.1793 0.1057 0.3932 
 568      568   (5)      2 :  0.1567 0.1429 0.3026 0.2583 0.1395 
 569      569   (2)      2 :  0.5832 0.0345 0.1108 0.0888 0.1827 
 570      570   (0)      2 :  0.0750 0.0589 0.3148 0.1885 0.3628 
 571      571   (2)      2 :  0.0618 0.0635 0.3987 0.2024 0.2736 
 572      572   (6)      2 :  0.2780 0.0624 0.2202 0.2040 0.2355 
 573      573   (5)      2 :  0.0931 0.4175 0.1220 0.1839 0.1836 
 574      574   (8)      2 :  0.0947 0.1675 0.2814 0.1720 0.2843 
 575      575   (3)      2 :  0.1353 0.0358 0.3389 0.2155 0.2744 
 576      576   (0)      2 :  0.5031 0.1162 0.1389 0.1315 0.1102 
 577      577   (0)      2 :  0.0234 0.8571 0.0393 0.0431 0.0371 
 578      578   (1)      2 :  0.1146 0.0467 0.3846 0.1681 0.2860 
 579      579   (0)      2 :  0.0282 0.5575 0.1071 0.1162 0.1910 
 580      580   (0)      2 :  0.2464 0.0324 0.3387 0.1668 0.2156 
 581      581   (6)      2 :  0.4482 0.0613 0.1562 0.1360 0.1982 
 582      582   (7)      2 :  0.1251 0.0344 0.1932 0.4734 0.1740 
 583      583   (3)      2 :  0.1221 0.0529 0.2270 0.4466 0.1515 
 584      584   (5)      2 :  0.1875 0.0649 0.2728 0.2247 0.2501 
 585      585   (1)      2 :  0.0632 0.1046 0.3772 0.1245 0.3304 
 586      586   (2)      2 :  0.1475 0.0245 0.3787 0.1538 0.2954 
 587      587   (0)      2 :  0.0179 0.9061 0.0249 0.0257 0.0254 
 588      588   (0)      2 :  0.1303 0.1990 0.2138 0.1247 0.3323 
 589      589   (1)      2 :  0.1996 0.0829 0.1516 0.4182 0.1478 
 590      590   (2)      2 :  0.0627 0.0158 0.3291 0.2058 0.3865 
 591      591   (0)      2 :  0.1635 0.0497 0.3155 0.2736 0.1976 
 592      592   (4)      2 :  0.1575 0.0483 0.2742 0.1234 0.3967 
 593      593   (0)      2 :  0.1217 0.1330 0.3407 0.1957 0.2090 
 594      594   (1)      2 :  0.0726 0.0404 0.4100 0.1571 0.3199 
 595      595   (0)      2 :  0.3970 0.2004 0.1361 0.1400 0.1266 
 596      596   (0)      2 :  0.2097 0.0852 0.2591 0.2291 0.2167 
 597      597   (0)      2 :  0.3606 0.1350 0.2140 0.1184 0.1719 
 598      598   (0)      2 :  0.1597 0.0567 0.2122 0.2501 0.3212 
 599      599   (0)      2 :  0.0737 0.1311 0.1964 0.4710 0.1278 
 600      600   (0)      2 :  0.0942 0.0665 0.4002 0.2186 0.2205 
 601      601   (0)      2 :  0.4493 0.0272 0.1646 0.2102 0.1488 
 602      602   (0)      2 :  0.1586 0.2063 0.1426 0.3684 0.1241 
 603      603   (0)      2 :  0.0882 0.0377 0.2201 0.1939 0.4601 
 604      604   (0)      2 :  0.0753 0.0371 0.1715 0.6105 0.1055 
 605      605   (0)      2 :  0.2425 0.0434 0.2814 0.2294 0.2033 
 606      606   (0)      2 :  0.1413 0.1049 0.2911 0.1422 0.3206 
 607      607   (0)      2 :  0.0407 0.0427 0.1921 0.5548 0.1697 
 608      608   (0)      2 :  0.0669 0.0352 0.2042 0.4138 0.2798 
 609      609   (0)      2 :  0.6109 0.0523 0.0911 0.1522 0.0934 
 610      610   (6)      2 :  0.0372 0.7329 0.0829 0.0791 0.0678 
 611      611   (0)      2 :  0.2089 0.2345 0.2288 0.1265 0.2015 
 612      612   (3)      2 :  0.0711 0.1221 0.3026 0.2031 0.3012 
 613      613   (0)      2 :  0.1263 0.1105 0.3463 0.2192 0.1976 
 614      614   (0)      2 :  0.1605 0.2150 0.2469 0.1365 0.2413 
 615      615   (0)      2 :  0.0456 0.0252 0.3982 0.3275 0.2035 
 616      616   (0)      2 :  0.7722 0.0598 0.0584 0.0541 0.0554 
 617      617   (0)      2 :  0.1061 0.0917 0.1744 0.3393 0.2885 
 618      618   (0)      2 :  0.0389 0.1765 0.2891 0.2546 0.2408 
 619      619   (0)      2 :  0.1606 0.0438 0.3120 0.2565 0.2271 
 620      620   (0)      2 :  0.4690 0.2591 0.0972 0.0990 0.0758 
 621      621   (2)      2 :  0.6132 0.0655 0.1230 0.1026 0.0957 
 622      622   (3)      2 :  0.3328 0.1110 0.1455 0.2370 0.1737 
 623      623   (1)      2 :  0.0373 0.1053 0.2406 0.3781 0.2387 
 624      624   (2)      2 :  0.2327 0.0883 0.2759 0.2525 0.1507 
 625      625   (1)      2 :  0.0794 0.2037 0.2963 0.1762 0.2444 
 626      626   (9)      2 :  0.3364 0.0350 0.2554 0.1235 0.2497 
 627      627   (0)      2 :  0.0898 0.1209 0.2361 0.1907 0.3625 
 628      628   (0)      2 :  0.0256 0.9070 0.0213 0.0224 0.0237 
 629      629   (2)      2 :  0.1019 0.1450 0.1667 0.4901 0.0964 
 630      630   (1)      2 :  0.7850 0.0242 0.0551 0.0705 0.0652 
 631      631   (4)      2 :  0.0923 0.0303 0.3634 0.2209 0.2932 
 632      632   (0)      2 :  0.5543 0.0708 0.1362 0.1072 0.1315 
 633      633   (7)      2 :  0.3430 0.0571 0.1718 0.1484 0.2797 
 634      634   (2)      2 :  0.0467 0.3147 0.1744 0.3351 0.1292 
 635      635   (0)      2 :  0.7329 0.0284 0.0772 0.0783 0.0831 
 636      636   (0)      2 :  0.5586 0.1815 0.0871 0.0634 0.1093 
 637      637   (0)      2 :  0.0778 0.1334 0.4176 0.1187 0.2526 
 638      638   (0)      2 :  0.7314 0.0531 0.0664 0.0702 0.0789 
 639      639   (1)      2 :  0.2115 0.0887 0.3431 0.1049 0.2519 
 640      640   (2)      2 :  0.0391 0.3606 0.2503 0.1698 0.1802 
 641      641   (1)      2 :  0.0447 0.0676 0.3703 0.1277 0.3897 
 642      642   (3)      2 :  0.0443 0.1781 0.2803 0.3123 0.1851 
 643      643   (1)      2 :  0.2231 0.0554 0.2510 0.1313 0.3392 
 644      644  (10)      2 :  0.0691 0.0261 0.2772 0.3885 0.2391 
 645      645   (6)      2 :  0.0838 0.1704 0.3000 0.2491 0.1967 
 646      646   (0)      2 :  0.1313 0.0426 0.1487 0.5598 0.1176 
 647      647   (2)      2 :  0.0719 0.1212 0.3892 0.1946 0.2232 
 648      648   (0)      2 :  0.5009 0.0286 0.1909 0.1470 0.1326 
 649      649   (0)      2 :  0.0579 0.0458 0.2631 0.4346 0.1985 
 650      650   (1)      2 :  0.1840 0.0311 0.2183 0.3670 0.1996 
 651      651   (6)      2 :  0.0573 0.7953 0.0523 0.0324 0.0627 
 652      652   (1)      2 :  0.1161 0.1343 0.2569 0.2980 0.1948 
 653      653   (4)      2 :  0.3142 0.0542 0.2326 0.1185 0.2806 
 654      654   (1)      2 :  0.2201 0.0974 0.2147 0.1863 0.2816 
 655      655   (4)      2 :  0.0723 0.3261 0.2150 0.1541 0.2326 
 656      656   (0)      2 :  0.0568 0.0424 0.3471 0.1586 0.3951 
 657      657   (0)      2 :  0.0868 0.0618 0.2377 0.1819 0.4318 
 658      658   (0)      2 :  0.5487 0.0406 0.1374 0.1444 0.1290 
 659      659   (7)      2 :  0.0774 0.0178 0.2882 0.3311 0.2854 
 660      660   (4)      2 :  0.0623 0.0882 0.2320 0.4801 0.1373 
 661      661   (3)      2 :  0.0612 0.0282 0.1881 0.6189 0.1036 
 662      662   (2)      2 :  0.0458 0.0459 0.3990 0.2483 0.2610 
 663      663   (2)      2 :  0.2569 0.2444 0.1990 0.1402 0.1596 
 664      664   (0)      2 :  0.3974 0.0270 0.1242 0.3101 0.1413 
 665      665   (1)      2 :  0.0923 0.1088 0.3673 0.2503 0.1813 
 666      666   (0)      2 :  0.0777 0.7666 0.0523 0.0453 0.0581 
 667      667   (0)      2 :  0.0816 0.3867 0.1392 0.2326 0.1599 
 668      668   (1)      2 :  0.0961 0.2188 0.1798 0.3554 0.1498 
 669      669   (5)      2 :  0.0802 0.1327 0.2019 0.1958 0.3893 
 670      670  (10)      2 :  0.0777 0.0307 0.2256 0.3977 0.2683 
 671      671   (3)      2 :  0.0843 0.0454 0.4249 0.1681 0.2772 
 672      672   (0)      2 :  0.1752 0.0233 0.4231 0.1572 0.2211 
 673      673   (6)      2 :  0.7753 0.0483 0.0733 0.0448 0.0583 
 674      674   (0)      2 :  0.2010 0.0618 0.2277 0.1788 0.3307 
 675      675   (0)      2 :  0.5495 0.0261 0.1597 0.1244 0.1404 
 676      676   (1)      2 :  0.0982 0.0610 0.2360 0.2440 0.3608 
 677      677   (4)      2 :  0.0489 0.2259 0.1689 0.2026 0.3536 
 678      678   (9)      2 :  0.1075 0.1400 0.2242 0.1517 0.3767 
 679      679   (1)      2 :  0.1207 0.1769 0.2233 0.1573 0.3218 
 680      680   (1)      2 :  0.0888 0.1048 0.2317 0.3744 0.2002 
 681      681   (1)      2 :  0.2613 0.3743 0.1103 0.0873 0.1667 
 682      682   (2)      2 :  0.1952 0.4617 0.1311 0.0982 0.1137 
 683      683   (0)      2 :  0.0264 0.0694 0.2263 0.2635 0.4144 
 684      684   (0)      2 :  0.1755 0.0747 0.2817 0.1787 0.2895 
 685      685   (0)      2 :  0.2823 0.0704 0.2238 0.1653 0.2581 
 686      686   (0)      2 :  0.7766 0.0295 0.0668 0.0557 0.0715 
 687      687   (4)      2 :  0.2792 0.0413 0.2437 0.2244 0.2115 
 688      688   (2)      2 :  0.1581 0.3300 0.2375 0.1095 0.1648 
 689      689   (2)      2 :  0.3223 0.4286 0.0879 0.0856 0.0756 
 690      690   (6)      2 :  0.0831 0.2057 0.3031 0.2256 0.1824 
 691      691   (7)      2 :  0.2094 0.1699 0.2026 0.1267 0.2913 
 692      692   (0)      2 :  0.1098 0.1709 0.1984 0.2703 0.2505 
 693      693   (3)      2 :  0.8234 0.0261 0.0536 0.0423 0.0546 
 694      694   (0)      2 :  0.5178 0.0261 0.1147 0.2544 0.0870 
 695      695   (0)      2 :  0.0580 0.1550 0.1530 0.2561 0.3780 
 696      696   (0)      2 :  0.1355 0.0424 0.1900 0.1336 0.4985 
 697      697   (3)      2 :  0.1407 0.0523 0.1948 0.3388 0.2734 
 698      698   (0)      2 :  0.1360 0.0194 0.2113 0.1372 0.4960 
 699      699   (0)      2 :  0.0564 0.1630 0.2630 0.3115 0.2062 
 700      700   (0)      2 :  0.0414 0.0643 0.2769 0.3899 0.2274 
 701      701   (0)      2 :  0.3156 0.0495 0.1534 0.2276 0.2540 
 702      702   (1)      2 :  0.2067 0.4101 0.0984 0.1167 0.1681 
 703      703   (0)      2 :  0.1026 0.2915 0.2121 0.1452 0.2486 
 704      704   (0)      2 :  0.2565 0.4942 0.0682 0.0666 0.1145 
 705      705   (0)      2 :  0.1279 0.0715 0.3273 0.2555 0.2179 
 706      706   (0)      2 :  0.6462 0.1320 0.0691 0.0889 0.0638 
 707      707   (2)      2 :  0.6126 0.0791 0.1323 0.0836 0.0923 
 708      708   (1)      2 :  0.0774 0.1257 0.2279 0.3442 0.2248 
 709      709   (0)      2 :  0.5188 0.2252 0.0885 0.0843 0.0832 
 710      710   (0)      2 :  0.0484 0.0682 0.2676 0.1685 0.4473 
 711      711   (0)      2 :  0.1316 0.2380 0.2806 0.1141 0.2358 
 712      712   (1)      2 :  0.0712 0.0345 0.2645 0.3073 0.3226 
 713      713   (0)      2 :  0.5898 0.0902 0.1012 0.0968 0.1219 
 714      714   (0)      2 :  0.0619 0.1029 0.3051 0.3635 0.1666 
 715      715   (0)      2 :  0.0628 0.0629 0.2601 0.1248 0.4893 
 716      716   (0)      2 :  0.0790 0.4396 0.1845 0.0992 0.1978 
 717      717   (2)      2 :  0.5896 0.0608 0.0919 0.1292 0.1286 
 718      718   (1)      2 :  0.1353 0.0315 0.2058 0.3709 0.2565 
 719      719   (9)      2 :  0.1172 0.0281 0.1768 0.4948 0.1832 
 720      720   (4)      2 :  0.1085 0.0760 0.3475 0.1338 0.3343 
 721      721   (2)      2 :  0.6826 0.0543 0.0850 0.1039 0.0742 
 722      722   (0)      2 :  0.7175 0.0491 0.0694 0.0616 0.1024 
 723      723   (0)      2 :  0.7463 0.0481 0.0619 0.0726 0.0710 
 724      724   (0)      2 :  0.0888 0.4778 0.1178 0.0959 0.2196 
 725      725   (0)      2 :  0.0599 0.0497 0.3241 0.3857 0.1805 
 726      726   (0)      2 :  0.0361 0.0979 0.3160 0.3058 0.2441 
 727      727   (1)      2 :  0.5113 0.1701 0.1115 0.1170 0.0901 
 728      728   (1)      2 :  0.0557 0.4177 0.1770 0.2326 0.1170 
 729      729   (1)      2 :  0.0570 0.0382 0.1967 0.5547 0.1534 
 730      730   (0)      2 :  0.2642 0.1695 0.1577 0.1546 0.2540 
 731      731   (2)      2 :  0.0498 0.6932 0.0942 0.0901 0.0727 
 732      732   (1)      2 :  0.2511 0.1819 0.2625 0.1185 0.1861 
 733      733   (0)      2 :  0.7532 0.0345 0.0601 0.0839 0.0684 
 734      734   (0)      2 :  0.0429 0.0271 0.4677 0.1839 0.2784 
 735      735   (0)      2 :  0.1558 0.0408 0.2891 0.1963 0.3181 
 736      736   (0)      2 :  0.0824 0.0717 0.2619 0.2101 0.3739 
 737      737   (0)      2 :  0.4293 0.1723 0.1250 0.0835 0.1900 
 738      738   (0)      2 :  0.1606 0.2994 0.1800 0.2300 0.1300 
 739      739   (0)      2 :  0.1091 0.2252 0.2410 0.2727 0.1519 
 740      740   (0)      2 :  0.0854 0.0240 0.3856 0.3281 0.1769 
 741      741   (0)      2 :  0.2028 0.1462 0.1720 0.1098 0.3691 
 742      742   (0)      2 :  0.0609 0.0461 0.3719 0.2475 0.2737 
 743      743   (0)      2 :  0.0552 0.0401 0.1755 0.4908 0.2384 
 744      744   (0)      2 :  0.1321 0.0345 0.4098 0.1947 0.2288 
 745      745   (0)      2 :  0.3811 0.0361 0.2709 0.1106 0.2013 
 746      746   (0)      2 :  0.0941 0.3284 0.1642 0.1134 0.2998 
 747      747   (0)      2 :  0.0336 0.7776 0.0642 0.0617 0.0629 
 748      748   (2)      2 :  0.0880 0.1641 0.2142 0.1740 0.3597 
 749      749   (7)      2 :  0.3870 0.0916 0.2531 0.1021 0.1663 
 750      750   (2)      2 :  0.0952 0.1026 0.2978 0.2860 0.2184 
 751      751   (0)      2 :  0.0366 0.1520 0.2079 0.1362 0.4673 
 752      752   (5)      2 :  0.6306 0.0266 0.0971 0.1000 0.1456 
 753      753   (0)      2 :  0.1049 0.0257 0.2326 0.2671 0.3697 
 754      754   (0)      2 :  0.3340 0.0394 0.2384 0.1748 0.2133 
 755      755   (0)      2 :  0.8154 0.0256 0.0544 0.0572 0.0474 
 756      756   (0)      2 :  0.3508 0.2189 0.1317 0.1470 0.1515 
 757      757   (0)      2 :  0.1215 0.1073 0.1982 0.1976 0.3754 
 758      758   (1)      2 :  0.0775 0.0888 0.2676 0.3349 0.2313 
 759      759   (0)      2 :  0.1910 0.2025 0.1457 0.1975 0.2634 
 760      760   (0)      2 :  0.0994 0.2652 0.1586 0.2792 0.1975 
 761      761   (0)      2 :  0.0936 0.0172 0.2839 0.3390 0.2664 
 762      762   (0)      2 :  0.7205 0.0219 0.0711 0.0966 0.0899 
 763      763   (0)      2 :  0.1877 0.2751 0.1336 0.2723 0.1312 
 764      764   (0)      4 :  0.6244 0.0589 0.1209 0.0845 0.1112 
 765      765   (0)      2 :  0.1732 0.0799 0.2283 0.2472 0.2714 
 766      766   (0)      4 :  0.0730 0.0271 0.2260 0.2084 0.4655 
 767      767   (0)      4 :  0.0308 0.0154 0.1532 0.6402 0.1603 
 768      768   (0)      4 :  0.0499 0.1092 0.1620 0.5316 0.1473 
 769      769   (0)      2 :  0.3558 0.0395 0.1525 0.3362 0.1160 
 770      770   (0)      4 :  0.5584 0.0359 0.1269 0.0668 0.2120 
 771      771   (1)      3 :  0.2249 0.1268 0.2751 0.2095 0.1637 
 772      772   (0)      2 :  0.2312 0.0512 0.3046 0.1352 0.2779 
 773      773   (0)      3 :  0.1680 0.1416 0.2722 0.2797 0.1384 
 774      774   (0)      3 :  0.5161 0.0436 0.1325 0.2190 0.0888 
 775      775   (0)      3 :  0.4552 0.0552 0.1977 0.1826 0.1094 
 776      776   (0)      3 :  0.4738 0.0868 0.1485 0.1770 0.1139 
 777      777   (0)      3 :  0.4980 0.0481 0.1611 0.1625 0.1302 
 778      778   (3)      4 :  0.0482 0.0815 0.2981 0.1218 0.4504 
 779      779   (0)      2 :  0.7271 0.0546 0.0696 0.0398 0.1088 
 780      780   (0)      4 :  0.1715 0.0508 0.2523 0.1237 0.4016 
 781      781   (0)      4 :  0.3192 0.0277 0.1731 0.0893 0.3908 
 782      782   (0)      4 :  0.3658 0.0399 0.2605 0.1686 0.1652 
 783      783   (0)      4 :  0.4166 0.1092 0.1732 0.1082 0.1927 
 784      784   (0)      2 :  0.1615 0.6295 0.0777 0.0683 0.0630 
 785      785   (0)      4 :  0.1217 0.0488 0.1775 0.2040 0.4479 
 786      786   (0)      3 :  0.2604 0.1670 0.2156 0.0885 0.2685 
 787      787   (0)      3 :  0.8444 0.0210 0.0445 0.0427 0.0474 
 788      788   (0)      3 :  0.1631 0.0322 0.4507 0.1611 0.1929 
 789      789   (0)      3 :  0.1504 0.1237 0.1830 0.3788 0.1642 
 790      790   (1)      3 :  0.1732 0.1278 0.2075 0.2552 0.2362 
 791      791   (0)      3 :  0.0885 0.0444 0.3492 0.2961 0.2218 
 792      792   (2)      4 :  0.5624 0.0241 0.1278 0.1094 0.1763 
 793      793   (4)      4 :  0.2207 0.0553 0.3152 0.1699 0.2388 
 794      794   (0)      4 :  0.4822 0.0217 0.1252 0.2073 0.1637 
 795      795   (3)      4 :  0.4354 0.0490 0.1211 0.2825 0.1121 
 796      796   (0)      4 :  0.2181 0.1031 0.2160 0.3139 0.1488 
 797      797   (0)      2 :  0.1631 0.2296 0.2407 0.2091 0.1575 
 798      798   (0)      4 :  0.4075 0.1287 0.1487 0.1594 0.1558 
 799      799   (1)      3 :  0.1034 0.1001 0.2217 0.3336 0.2412 
 800      800   (0)      2 :  0.6647 0.0887 0.0941 0.0545 0.0980 
 801      801   (0)      3 :  0.4560 0.0296 0.2354 0.1040 0.1749 
 802      802   (1)      3 :  0.6309 0.1584 0.0767 0.0634 0.0706 
 803      803   (0)      3 :  0.1994 0.0366 0.2360 0.2825 0.2456 
 804      804   (0)      3 :  0.4110 0.0469 0.1572 0.2372 0.1476 
 805      805   (0)      4 :  0.0832 0.0941 0.3667 0.2155 0.2406 
 806      806   (1)      4 :  0.0859 0.0288 0.1915 0.4424 0.2515 
 807      807   (0)      4 :  0.0809 0.0799 0.4192 0.2124 0.2077 
 808      808   (0)      4 :  0.0394 0.0461 0.2071 0.5342 0.1732 
 809      809   (0)      2 :  0.2271 0.2307 0.1984 0.1536 0.1900 
 810      810   (0)      4 :  0.1893 0.0812 0.2034 0.0799 0.4461 
 811      811   (0)      2 :  0.1665 0.1129 0.2856 0.2379 0.1972 
 812      812   (1)      3 :  0.1742 0.0360 0.2837 0.1946 0.3115 
 813      813   (0)      3 :  0.0326 0.0151 0.1518 0.6648 0.1358 
 814      814   (0)      3 :  0.2486 0.0924 0.2436 0.2122 0.2033 
 815      815   (1)      3 :  0.3946 0.0839 0.2661 0.1166 0.1389 
 816      816   (0)      3 :  0.5929 0.0434 0.1399 0.1132 0.1105 
 817      817   (8)      4 :  0.1797 0.1010 0.2107 0.2958 0.2128 
 818      818   (0)      2 :  0.5529 0.1133 0.1403 0.0705 0.1230 
 819      819   (3)      4 :  0.2940 0.0403 0.1806 0.3300 0.1551 
 820      820   (3)      4 :  0.2665 0.0402 0.1888 0.3312 0.1732 
 821      821   (3)      4 :  0.0593 0.0379 0.2667 0.1228 0.5134 
 822      822   (0)      4 :  0.2214 0.0746 0.2177 0.2881 0.1983 
 823      823   (0)      2 :  0.2744 0.0536 0.1928 0.2391 0.2401 
 824      824   (0)      4 :  0.2075 0.0862 0.2289 0.1613 0.3160 
 825      825   (0)      2 :  0.0379 0.8172 0.0516 0.0440 0.0493 
 826      826   (1)      3 :  0.7149 0.0232 0.1067 0.0656 0.0897 
 827      827   (1)      2 :  0.0652 0.7041 0.0754 0.0727 0.0825 
 828      828   (0)      3 :  0.0495 0.0462 0.3799 0.2655 0.2589 
 829      829   (0)      3 :  0.1001 0.0823 0.3571 0.1661 0.2944 
 830      830   (0)      3 :  0.7192 0.0734 0.0728 0.0688 0.0658 
 831      831   (0)      3 :  0.7994 0.0271 0.0540 0.0688 0.0507 
 832      832   (0)      4 :  0.2242 0.1624 0.2545 0.1285 0.2304 
 833      833   (0)      2 :  0.6097 0.0387 0.1253 0.0660 0.1603 
 834      834   (2)      4 :  0.0612 0.0334 0.4249 0.1125 0.3679 
 835      835   (0)      4 :  0.8267 0.0319 0.0475 0.0423 0.0516 
 836      836   (4)      4 :  0.0644 0.0364 0.3107 0.2520 0.3365 
 837      837   (0)      4 :  0.2193 0.1016 0.2045 0.2882 0.1863 
 838      838   (0)      2 :  0.0467 0.1906 0.2343 0.2165 0.3120 
 839      839   (0)      2 :  0.3601 0.0675 0.2335 0.1895 0.1494 
 840      840   (1)      3 :  0.8425 0.0388 0.0403 0.0413 0.0371 
 841      841   (0)      3 :  0.7562 0.0276 0.0704 0.0646 0.0813 
 842      842   (0)      3 :  0.0808 0.0175 0.1391 0.6374 0.1251 
 843      843   (0)      3 :  0.8501 0.0236 0.0393 0.0523 0.0347 
 844      844   (0)      3 :  0.3510 0.0315 0.1655 0.2576 0.1944 
 845      845   (0)      2 :  0.0497 0.0346 0.2190 0.0985 0.5982 
 846      846   (3)      4 :  0.1417 0.0326 0.2229 0.3935 0.2094 
 847      847   (0)      4 :  0.5676 0.0276 0.1107 0.0985 0.1957 
 848      848   (2)      4 :  0.2413 0.0560 0.2444 0.1967 0.2617 
 849      849   (0)      4 :  0.1790 0.0878 0.1558 0.3751 0.2022 
 850      850   (0)      3 :  0.1246 0.1077 0.2717 0.1999 0.2960 
 851      851   (1)      3 :  0.4128 0.0488 0.1185 0.2520 0.1680 
 852      852   (0)      3 :  0.1178 0.0303 0.1532 0.6071 0.0917 
 853      853   (0)      3 :  0.6630 0.0398 0.0670 0.1345 0.0957 
 854      854   (3)      3 :  0.0672 0.0267 0.1526 0.6119 0.1416 
 855      855   (0)      2 :  0.3002 0.2952 0.1466 0.0750 0.1830 
 856      856   (0)      4 :  0.0493 0.0275 0.3354 0.4161 0.1716 
 857      857   (0)      4 :  0.0671 0.0387 0.4315 0.1220 0.3407 
 858      858   (0)      4 :  0.0787 0.0599 0.2627 0.3959 0.2028 
 859      859   (0)      2 :  0.3103 0.3727 0.1039 0.0966 0.1165 
 860      860   (0)      2 :  0.0961 0.0708 0.3076 0.3825 0.1431 
 861      861   (0)      3 :  0.2502 0.0655 0.2448 0.1864 0.2530 
 862      862   (0)      3 :  0.6123 0.0976 0.1100 0.0885 0.0916 
 863      863   (0)      3 :  0.0481 0.0145 0.1275 0.7289 0.0810 
 864      864   (0)      3 :  0.1020 0.0384 0.2416 0.3551 0.2629 
 865      865   (0)      3 :  0.4284 0.0371 0.1489 0.1699 0.2156 
 866      866   (0)      2 :  0.0595 0.4447 0.1442 0.1885 0.1631 
 867      867   (0)      2 :  0.1044 0.5499 0.1074 0.1152 0.1230 
 868      868   (0)      2 :  0.1603 0.1057 0.1713 0.2331 0.3295 
 869      869   (0)      2 :  0.0463 0.7798 0.0702 0.0470 0.0567 
 870      870   (0)      2 :  0.0522 0.0653 0.2854 0.3048 0.2922 
 871      871   (0)      2 :  0.6279 0.0429 0.1017 0.0875 0.1400 
 872      872   (0)      2 :  0.3751 0.0224 0.2861 0.1578 0.1586 
 873      873   (0)      2 :  0.0684 0.0837 0.1684 0.5037 0.1757 
 874      874   (0)      2 :  0.0368 0.8658 0.0335 0.0306 0.0333 
 875      875   (0)      2 :  0.0912 0.6729 0.0821 0.0823 0.0714 
 876      876   (1)      2 :  0.0573 0.7969 0.0570 0.0338 0.0550 
 877      877   (0)      2 :  0.5125 0.0569 0.1649 0.1091 0.1566 
 878      878   (0)      2 :  0.4479 0.0821 0.1403 0.1386 0.1910 
 879      879   (0)      2 :  0.0622 0.0406 0.3531 0.2960 0.2482 
 880      880   (0)      2 :  0.0645 0.1365 0.2023 0.3963 0.2003 
 881      881   (0)      2 :  0.1350 0.4199 0.1509 0.1597 0.1347 
 882      882   (0)      2 :  0.0722 0.2942 0.2584 0.1210 0.2541 
 883      883   (0)      2 :  0.0704 0.0784 0.2386 0.4489 0.1637 
 884      884   (4)      2 :  0.2415 0.3463 0.1150 0.0900 0.2072 
 885      885   (0)      2 :  0.8209 0.0163 0.0507 0.0517 0.0604 
 886      886   (0)      2 :  0.0369 0.8340 0.0390 0.0495 0.0406 
 887      887   (0)      2 :  0.4093 0.0543 0.1490 0.0850 0.3024 
 888      888   (0)      2 :  0.0419 0.0282 0.2083 0.0823 0.6392 
 889      889   (0)      2 :  0.6619 0.0709 0.0944 0.0561 0.1167 
 890      890   (0)      2 :  0.7994 0.0452 0.0540 0.0461 0.0552 
 891      891   (0)      2 :  0.1466 0.0817 0.1793 0.2054 0.3869 
 892      892   (0)      2 :  0.7237 0.0719 0.0660 0.0628 0.0757 
 893      893   (0)      2 :  0.3987 0.1348 0.2066 0.0753 0.1845 
 894      894   (0)      2 :  0.3725 0.0212 0.1427 0.3126 0.1510 
 895      895   (0)      2 :  0.3841 0.0297 0.1682 0.1883 0.2296 
 896      896   (0)      2 :  0.5246 0.0491 0.1390 0.1186 0.1688 
 897      897   (9)      2 :  0.0504 0.7480 0.0659 0.0783 0.0575 
 898      898   (0)      2 :  0.0488 0.0430 0.3088 0.4638 0.1356 
 899      899   (0)      2 :  0.1206 0.0490 0.3405 0.2656 0.2244 
 900      900   (0)      2 :  0.6821 0.0280 0.0941 0.0699 0.1258 
 901      901   (0)      2 :  0.0884 0.1068 0.1753 0.1165 0.5130 
 902      902   (2)      2 :  0.5837 0.1622 0.1151 0.0531 0.0859 
 903      903   (0)      2 :  0.1432 0.5199 0.1316 0.0795 0.1258 
 904      904   (0)      2 :  0.2756 0.0418 0.1723 0.1049 0.4054 
 905      905   (0)      2 :  0.2355 0.0732 0.3148 0.1556 0.2208 
 906      906   (0)      2 :  0.1248 0.0312 0.3722 0.1370 0.3349 
 907      907   (0)      2 :  0.0811 0.0567 0.1500 0.6089 0.1033 
 908      908   (0)      2 :  0.2275 0.1590 0.1669 0.1100 0.3366 
 909      909   (0)      2 :  0.0238 0.8852 0.0315 0.0287 0.0308 
 910      910   (2)      2 :  0.0714 0.0335 0.3377 0.2027 0.3547 
 911      911   (1)      2 :  0.4098 0.0560 0.1358 0.2935 0.1049 
 912      912   (0)      2 :  0.2051 0.1558 0.1916 0.2788 0.1686 
 913      913   (0)      2 :  0.0398 0.8193 0.0492 0.0486 0.0431 
 914      914   (0)      2 :  0.1152 0.2090 0.2089 0.2109 0.2560 
 915      915   (0)      2 :  0.0758 0.0679 0.2033 0.4980 0.1550 
 916      916   (0)      2 :  0.7191 0.0629 0.0815 0.0500 0.0865 
 917      917   (0)      2 :  0.0485 0.5142 0.1332 0.2082 0.0959 
 918      918   (0)      2 :  0.7038 0.1293 0.0589 0.0517 0.0564 
 919      919   (0)      2 :  0.0429 0.7872 0.0641 0.0476 0.0583 
 920      920   (0)      2 :  0.5535 0.0420 0.1574 0.1332 0.1138 
 921      921   (0)      2 :  0.6700 0.0280 0.1033 0.1209 0.0777 
 922      922   (0)      2 :  0.3868 0.0310 0.1614 0.2490 0.1718 
 923      923   (0)      2 :  0.5699 0.0936 0.1237 0.0639 0.1489 
 924      924   (0)      2 :  0.4230 0.0671 0.1683 0.0965 0.2451 
 925      925   (0)      2 :  0.1525 0.4325 0.1421 0.0686 0.2042 
 926      926   (0)      2 :  0.0427 0.7614 0.0523 0.0745 0.0691 
 927      927   (0)      2 :  0.0487 0.4071 0.1929 0.1179 0.2334 
 928      928   (0)      2 :  0.0529 0.8050 0.0466 0.0523 0.0432 
 929      929   (0)      2 :  0.0515 0.8034 0.0537 0.0485 0.0429 
 930      930   (0)      2 :  0.4190 0.0708 0.1952 0.1142 0.2009 
 931      931   (0)      2 :  0.0626 0.7178 0.0835 0.0716 0.0646 
 932      932   (0)      2 :  0.0582 0.8093 0.0487 0.0453 0.0385 
 933      933   (0)      2 :  0.0766 0.0789 0.2304 0.2935 0.3207 
 934      934   (0)      2 :  0.1595 0.3129 0.1620 0.2260 0.1397 
 935      935   (0)      2 :  0.0428 0.1310 0.3906 0.1498 0.2857 
 936      936   (1)      2 :  0.0486 0.7840 0.0611 0.0569 0.0494 
 937      937   (2)      2 :  0.3383 0.3086 0.1335 0.1029 0.1167 
 938      938   (0)      2 :  0.0701 0.1556 0.3501 0.1699 0.2543 
 939      939   (0)      2 :  0.0426 0.7710 0.0563 0.0831 0.0470 
 940      940   (0)      2 :  0.1480 0.1983 0.2286 0.2826 0.1425 
 941      941   (0)      2 :  0.1021 0.3567 0.2087 0.1157 0.2167 
 942      942   (0)      2 :  0.0542 0.5839 0.1190 0.1123 0.1306 
 943      943   (0)      2 :  0.4160 0.0194 0.1864 0.1804 0.1977 
 944      944   (0)      2 :  0.0458 0.6836 0.1211 0.0667 0.0828 
 945      945   (0)      2 :  0.1423 0.0709 0.2319 0.2610 0.2940 
 946      946   (0)      2 :  0.0963 0.0445 0.2990 0.3561 0.2042 
 947      947   (0)      2 :  0.4365 0.2289 0.1055 0.1337 0.0953 
 948      948   (0)      2 :  0.6680 0.0282 0.0805 0.1243 0.0990 
 949      949   (0)      2 :  0.0473 0.7443 0.0649 0.0789 0.0647 
 950      950   (0)      2 :  0.4253 0.0487 0.1856 0.1560 0.1844 
 951      951   (0)      2 :  0.3211 0.0404 0.1934 0.3166 0.1285 
 952      952   (0)      2 :  0.4577 0.1272 0.1345 0.1601 0.1206 
 953      953   (0)      2 :  0.1295 0.4162 0.1548 0.1460 0.1535 
 954      954   (0)      2 :  0.0456 0.4767 0.2281 0.0867 0.1628 
 955      955   (0)      2 :  0.1628 0.4289 0.1142 0.1026 0.1916 
 956      956   (0)      2 :  0.1501 0.1031 0.3246 0.1773 0.2450 
 957      957   (2)      2 :  0.1101 0.0294 0.2744 0.1803 0.4057 
 958      958   (0)      2 :  0.0751 0.0467 0.3912 0.2399 0.2472 
 959      959   (4)      2 :  0.0585 0.4222 0.2053 0.1214 0.1925 
 960      960   (0)      2 :  0.0318 0.8693 0.0321 0.0337 0.0331 
 961      961   (1)      2 :  0.0369 0.8728 0.0307 0.0290 0.0306 
 962      962   (0)      2 :  0.2375 0.2931 0.1880 0.0986 0.1828 
 963      963   (0)      2 :  0.0542 0.0570 0.2203 0.3695 0.2990 
 964      964   (0)      2 :  0.0618 0.1330 0.1755 0.2579 0.3718 
 965      965   (0)      2 :  0.0367 0.0619 0.3098 0.3939 0.1977 
 966      966   (0)      2 :  0.0324 0.8178 0.0536 0.0456 0.0506 
 967      967   (0)      2 :  0.2139 0.0482 0.1930 0.3310 0.2139 
 968      968   (0)      2 :  0.6204 0.0498 0.0909 0.0676 0.1713 
 969      969   (0)      2 :  0.3224 0.0452 0.2262 0.1341 0.2721 
 970      970   (0)      2 :  0.0805 0.3156 0.2106 0.2529 0.1404 
 971      971   (0)      2 :  0.0414 0.4027 0.1420 0.1141 0.2998 
 972      972   (0)      2 :  0.1734 0.1689 0.2797 0.1951 0.1829 
 973      973   (0)      2 :  0.2695 0.0872 0.2511 0.1963 0.1958 
 974      974   (6)      2 :  0.0682 0.2079 0.3909 0.1291 0.2039 
 975      975   (0)      2 :  0.1500 0.0300 0.3742 0.2812 0.1646 
 976      976   (0)      2 :  0.1187 0.0579 0.2154 0.3742 0.2339 
 977      977   (0)      2 :  0.0989 0.4681 0.1269 0.0856 0.2204 
 978      978   (0)      2 :  0.0154 0.9251 0.0201 0.0195 0.0199 
 979      979   (0)      2 :  0.0443 0.8236 0.0485 0.0415 0.0421 
 980      980   (0)      2 :  0.0416 0.1714 0.3123 0.2415 0.2332 
 981      981   (0)      2 :  0.0364 0.8183 0.0476 0.0492 0.0485 
 982      982   (4)      2 :  0.0359 0.5950 0.1200 0.0763 0.1727 
 983      983   (0)      2 :  0.1508 0.0850 0.1905 0.4669 0.1068 
 984      984   (0)      2 :  0.0422 0.1918 0.1984 0.0973 0.4702 
 985      985   (0)      2 :  0.1542 0.0469 0.4017 0.1449 0.2524 
 986      986   (0)      2 :  0.2483 0.0510 0.2233 0.2416 0.2359 
 987      987   (1)      2 :  0.2804 0.0556 0.1557 0.3758 0.1326 
 988      988   (0)      2 :  0.0285 0.8630 0.0361 0.0328 0.0396 
 989      989   (0)      2 :  0.4809 0.0928 0.1791 0.0981 0.1492 
 990      990   (0)      2 :  0.0831 0.0568 0.3729 0.1842 0.3030 
 991      991   (0)      2 :  0.0204 0.8785 0.0372 0.0275 0.0363 
 992      992   (0)      2 :  0.0597 0.0574 0.3675 0.1617 0.3536 
 993      993   (0)      2 :  0.0910 0.2016 0.1602 0.4387 0.1086 
 994      994   (0)      2 :  0.2537 0.1563 0.2177 0.2302 0.1420 
 995      995   (0)      2 :  0.0396 0.5840 0.1347 0.0963 0.1454 
 996      996   (0)      2 :  0.0576 0.1742 0.3588 0.2551 0.1543 
 997      997   (0)      2 :  0.0417 0.8679 0.0302 0.0281 0.0321 
 998      998   (0)      2 :  0.1806 0.1680 0.1537 0.3572 0.1406 
 999      999   (0)      2 :  0.0365 0.7314 0.0845 0.0698 0.0778 
1000     1000   (0)      2 :  0.3076 0.0417 0.2092 0.2536 0.1878 
