1        1   (0)      1  : 0.2952 0.0542 0.2169 0.4337
2        2   (0)      1  : 0.3914 0.1513 0.0725 0.3848
3        3   (0)      1  : 0.2873 0.0942 0.3105 0.3080
4        4   (0)      1  : 0.7474 0.0396 0.0791 0.1340
5        5   (1)      1  : 0.0334 0.8764 0.0370 0.0531
6        6   (0)      1  : 0.1601 0.3803 0.3466 0.1130
7        7   (0)      1  : 0.1263 0.3254 0.3404 0.2078
8        8   (0)      1  : 0.1136 0.0416 0.6309 0.2139
9        9   (0)      1  : 0.1815 0.4764 0.1689 0.1732
10       10   (0)      1  : 0.1985 0.3998 0.0762 0.3255
11       11   (0)      1  : 0.1783 0.0873 0.6109 0.1236
12       12   (0)      1  : 0.2365 0.2701 0.1427 0.3508
13       13   (0)      1  : 0.1406 0.0497 0.4732 0.3365
14       14   (0)      1  : 0.1273 0.2396 0.3099 0.3232
15       15   (0)      1  : 0.1437 0.4787 0.1197 0.2579
16       16   (0)      1  : 0.2519 0.1175 0.3935 0.2371
17       17   (0)      1  : 0.4056 0.1753 0.0489 0.3702
18       18   (3)      1  : 0.3055 0.0291 0.2090 0.4564
19       19   (0)      1  : 0.0787 0.0762 0.7323 0.1128
20       20   (0)      1  : 0.2722 0.3683 0.0564 0.3030
21       21   (0)      1  : 0.3017 0.3925 0.0891 0.2167
22       22   (0)      1  : 0.1471 0.1071 0.5914 0.1543
23       23   (0)      1  : 0.1367 0.4035 0.2285 0.2314
24       24   (1)      1  : 0.4776 0.0593 0.2281 0.2350
25       25   (0)      1  : 0.0872 0.4999 0.2325 0.1804
26       26   (0)      1  : 0.1453 0.1504 0.3710 0.3333
27       27   (2)      1  : 0.1293 0.0863 0.3788 0.4057
28       28   (0)      1  : 0.5305 0.0891 0.1361 0.2442
29       29   (0)      1  : 0.3818 0.1165 0.0998 0.4018
30       30   (0)      1  : 0.1171 0.5054 0.1538 0.2238
31       31   (0)      1  : 0.3249 0.1027 0.3733 0.1991
32       32   (0)      1  : 0.3730 0.2145 0.1174 0.2951
33       33   (0)      1  : 0.5366 0.1288 0.1533 0.1813
34       34   (0)      1  : 0.1703 0.5133 0.1392 0.1772
35       35   (0)      1  : 0.5369 0.1040 0.1217 0.2375
36       36   (0)      1  : 0.1162 0.0829 0.6171 0.1838
37       37   (0)      1  : 0.0940 0.2513 0.5564 0.0983
38       38   (0)      1  : 0.0890 0.6137 0.1673 0.1300
39       39   (0)      1  : 0.2848 0.1093 0.0710 0.5348
40       40   (0)      1  : 0.2296 0.4361 0.0963 0.2380
41       41   (0)      1  : 0.4051 0.0803 0.1350 0.3796
42       42   (0)      1  : 0.0927 0.7521 0.0713 0.0839
43       43   (0)      1  : 0.2716 0.0832 0.0933 0.5519
44       44   (8)      1  : 0.4907 0.0746 0.2201 0.2146
45       45   (2)      1  : 0.1841 0.4496 0.2311 0.1351
46       46   (0)      1  : 0.4209 0.1267 0.2830 0.1694
47       47   (0)      1  : 0.1550 0.0590 0.6471 0.1389
48       48   (0)      1  : 0.1988 0.0543 0.1998 0.5471
49       49   (0)      1  : 0.2823 0.0686 0.2934 0.3557
50       50   (0)      1  : 0.3547 0.0509 0.0577 0.5368
51       51   (2)      1  : 0.0814 0.7504 0.0807 0.0875
52       52   (0)      1  : 0.0557 0.8015 0.0594 0.0834
53       53   (1)      1  : 0.2027 0.0601 0.4931 0.2441
54       54   (0)      1  : 0.3900 0.1200 0.1548 0.3352
55       55   (4)      1  : 0.1765 0.1034 0.3835 0.3366
56       56   (0)      1  : 0.1695 0.2579 0.4207 0.1518
57       57   (0)      1  : 0.0694 0.0403 0.8340 0.0563
58       58   (0)      1  : 0.0533 0.5801 0.2942 0.0724
59       59   (0)      1  : 0.1586 0.0603 0.5761 0.2050
60       60   (0)      1  : 0.1158 0.1647 0.6005 0.1190
61       61   (0)      1  : 0.1753 0.1046 0.1176 0.6026
62       62   (0)      1  : 0.1491 0.1069 0.3498 0.3941
63       63   (0)      1  : 0.2878 0.2366 0.2359 0.2397
64       64   (2)      1  : 0.5618 0.1070 0.0910 0.2402
65       65   (0)      1  : 0.2706 0.0676 0.3015 0.3603
66       66   (5)      1  : 0.1351 0.3171 0.2576 0.2902
67       67   (0)      1  : 0.1548 0.0617 0.6629 0.1206
68       68   (1)      1  : 0.2196 0.2325 0.2206 0.3273
69       69   (3)      1  : 0.1844 0.2038 0.3787 0.2331
70       70   (0)      1  : 0.4266 0.0603 0.0975 0.4156
71       71   (0)      1  : 0.2370 0.0958 0.4210 0.2462
72       72   (5)      1  : 0.2950 0.0719 0.2842 0.3489
73       73   (0)      1  : 0.2379 0.2182 0.1232 0.4207
74       74   (0)      1  : 0.4511 0.1111 0.0983 0.3395
75       75   (0)      1  : 0.5029 0.1772 0.1247 0.1952
76       76   (0)      1  : 0.4183 0.0889 0.1709 0.3219
77       77   (1)      1  : 0.0311 0.9097 0.0267 0.0324
78       78   (0)      1  : 0.3360 0.0547 0.0686 0.5406
79       79   (3)      1  : 0.3377 0.1147 0.1406 0.4071
80       80   (0)      1  : 0.0662 0.7733 0.0800 0.0806
81       81   (3)      1  : 0.1795 0.3485 0.1791 0.2928
82       82   (1)      1  : 0.1282 0.0264 0.7394 0.1060
83       83   (0)      1  : 0.4779 0.0650 0.1886 0.2685
84       84   (0)      1  : 0.2193 0.1189 0.4358 0.2260
85       85   (7)      1  : 0.4011 0.0816 0.1740 0.3433
86       86   (0)      1  : 0.3254 0.1281 0.1326 0.4139
87       87   (0)      1  : 0.6362 0.0623 0.1590 0.1425
88       88   (0)      2  : 0.0523 0.8242 0.0392 0.0843
89       89   (0)      2  : 0.1356 0.0941 0.3396 0.4307
90       90   (0)      2  : 0.0643 0.8593 0.0314 0.0450
91       91   (0)      2  : 0.1961 0.0244 0.4596 0.3199
92       92   (0)      2  : 0.4026 0.0893 0.1240 0.3841
93       93   (0)      2  : 0.5224 0.0807 0.1655 0.2314
94       94   (0)      2  : 0.3963 0.1627 0.0778 0.3632
95       95   (0)      2  : 0.3777 0.2163 0.1519 0.2540
96       96   (0)      2  : 0.2245 0.2640 0.1943 0.3172
97       97   (0)      2  : 0.2089 0.3539 0.1867 0.2505
98       98   (0)      2  : 0.3777 0.0764 0.3525 0.1934
99       99   (0)      2  : 0.3515 0.0877 0.3540 0.2067
100      100   (0)      2  : 0.1775 0.0617 0.3746 0.3862
101      101   (1)      2  : 0.1393 0.5455 0.1687 0.1464
102      102   (0)      2  : 0.2681 0.1396 0.3308 0.2615
103      103   (0)      2  : 0.2245 0.3621 0.1655 0.2478
104      104   (0)      2  : 0.1595 0.0461 0.4636 0.3308
105      105   (0)      2  : 0.3694 0.3009 0.1974 0.1323
106      106   (0)      2  : 0.0522 0.8565 0.0389 0.0524
107      107   (0)      2  : 0.1352 0.2459 0.5366 0.0823
108      108   (0)      2  : 0.5295 0.1120 0.1212 0.2373
109      109   (0)      2  : 0.1820 0.1991 0.3084 0.3105
110      110   (0)      2  : 0.1638 0.5544 0.1439 0.1379
111      111   (0)      2  : 0.1252 0.0790 0.6695 0.1263
112      112   (2)      2  : 0.1301 0.2559 0.3150 0.2990
113      113   (0)      2  : 0.1090 0.5434 0.1098 0.2378
114      114   (5)      2  : 0.2810 0.0667 0.1191 0.5331
115      115   (0)      2  : 0.6691 0.0549 0.0803 0.1957
116      116   (0)      2  : 0.3080 0.1470 0.1049 0.4401
117      117   (0)      2  : 0.2985 0.1649 0.2290 0.3076
118      118   (0)      2  : 0.4806 0.0447 0.2030 0.2717
119      119   (2)      2  : 0.4849 0.0570 0.1418 0.3162
120      120   (0)      2  : 0.1216 0.0496 0.5929 0.2360
121      121   (0)      2  : 0.1972 0.0460 0.5907 0.1661
122      122   (0)      2  : 0.3741 0.1027 0.2361 0.2871
123      123   (1)      2  : 0.5127 0.0340 0.1879 0.2654
124      124   (0)      2  : 0.3824 0.2547 0.0902 0.2727
125      125   (0)      2  : 0.2206 0.1334 0.1523 0.4938
126      126   (0)      2  : 0.1039 0.7550 0.0441 0.0970
127      127   (0)      2  : 0.2065 0.0563 0.4664 0.2709
128      128   (1)      2  : 0.3107 0.0567 0.2262 0.4064
129      129   (0)      2  : 0.1929 0.3055 0.0840 0.4175
130      130   (2)      2  : 0.1819 0.1567 0.0779 0.5835
131      131   (0)      2  : 0.1915 0.0950 0.5423 0.1711
132      132   (0)      2  : 0.5859 0.0946 0.1730 0.1465
133      133   (0)      2  : 0.6657 0.0406 0.1287 0.1650
134      134   (0)      2  : 0.3285 0.0750 0.2729 0.3236
135      135   (0)      2  : 0.1109 0.0887 0.6765 0.1239
136      136   (4)      2  : 0.4858 0.1362 0.1479 0.2302
137      137   (0)      2  : 0.1723 0.2304 0.2799 0.3174
138      138   (0)      2  : 0.0847 0.6782 0.1580 0.0790
139      139   (3)      2  : 0.1502 0.0476 0.3402 0.4620
140      140   (1)      2  : 0.1664 0.1410 0.1147 0.5779
141      141   (0)      2  : 0.2163 0.1936 0.1187 0.4714
142      142   (0)      2  : 0.1551 0.4906 0.1971 0.1571
143      143   (0)      2  : 0.5109 0.1765 0.1288 0.1839
144      144   (0)      2  : 0.1466 0.0351 0.5450 0.2733
145      145   (0)      2  : 0.2632 0.0567 0.2480 0.4321
146      146   (1)      2  : 0.2018 0.1401 0.3486 0.3095
147      147   (0)      2  : 0.1361 0.2477 0.5091 0.1072
148      148   (0)      2  : 0.1313 0.0781 0.6903 0.1003
149      149   (0)      2  : 0.3684 0.0641 0.3301 0.2373
150      150   (1)      2  : 0.5331 0.1024 0.1136 0.2509
151      151   (0)      2  : 0.2213 0.1533 0.0857 0.5398
152      152   (0)      2  : 0.3737 0.0589 0.4689 0.0986
153      153   (0)      2  : 0.1981 0.1104 0.5777 0.1137
154      154   (0)      2  : 0.1831 0.1298 0.4307 0.2564
155      155   (0)      2  : 0.2362 0.0824 0.1036 0.5778
156      156   (0)      2  : 0.4226 0.1250 0.2829 0.1694
157      157   (0)      2  : 0.2810 0.2850 0.1450 0.2890
158      158   (0)      2  : 0.5016 0.0282 0.3204 0.1499
159      159   (0)      2  : 0.5805 0.0585 0.1592 0.2018
160      160   (0)      2  : 0.2293 0.1442 0.2338 0.3927
161      161   (1)      2  : 0.1340 0.0463 0.6989 0.1207
162      162   (0)      2  : 0.2949 0.2852 0.2908 0.1292
163      163   (0)      2  : 0.1734 0.1344 0.5293 0.1628
164      164   (0)      2  : 0.2293 0.0360 0.4225 0.3122
165      165   (0)      2  : 0.4510 0.0471 0.2860 0.2159
166      166   (0)      2  : 0.4583 0.1016 0.1139 0.3263
167      167   (0)      2  : 0.2697 0.1770 0.3429 0.2104
168      168   (0)      2  : 0.2549 0.1335 0.1768 0.4347
169      169   (0)      2  : 0.0456 0.8794 0.0297 0.0453
170      170   (0)      2  : 0.3867 0.1303 0.1803 0.3026
171      171   (0)      2  : 0.4516 0.0677 0.2295 0.2512
172      172   (0)      2  : 0.1421 0.3239 0.3726 0.1614
173      173   (0)      2  : 0.0601 0.8286 0.0503 0.0610
174      174   (0)      2  : 0.3059 0.0527 0.1297 0.5116
175      175   (0)      2  : 0.5419 0.0566 0.1000 0.3015
176      176   (0)      2  : 0.1255 0.2644 0.3574 0.2528
177      177   (0)      2  : 0.1588 0.0300 0.7388 0.0724
178      178   (0)      2  : 0.2236 0.0756 0.2083 0.4926
179      179   (0)      2  : 0.3606 0.0743 0.1390 0.4262
180      180   (0)      2  : 0.0543 0.8343 0.0564 0.0550
181      181   (0)      2  : 0.4037 0.1223 0.1121 0.3619
182      182   (0)      2  : 0.1315 0.1127 0.4543 0.3015
183      183   (0)      2  : 0.3075 0.0790 0.3694 0.2441
184      184   (0)      2  : 0.0871 0.7274 0.1028 0.0827
185      185   (0)      2  : 0.1374 0.0326 0.1140 0.7161
186      186   (0)      2  : 0.2015 0.3666 0.2102 0.2217
187      187   (0)      2  : 0.6370 0.0709 0.0731 0.2190
188      188   (0)      2  : 0.3783 0.0711 0.2151 0.3355
189      189   (0)      2  : 0.3196 0.3383 0.1767 0.1653
190      190   (0)      2  : 0.1995 0.1277 0.4758 0.1970
191      191   (0)      2  : 0.5843 0.0959 0.1576 0.1623
192      192   (0)      2  : 0.3233 0.0524 0.1608 0.4635
193      193   (0)      2  : 0.1324 0.2636 0.4689 0.1350
194      194   (0)      2  : 0.1673 0.0364 0.5802 0.2161
195      195   (0)      2  : 0.1004 0.7699 0.0413 0.0884
196      196   (0)      2  : 0.5876 0.0574 0.0490 0.3061
197      197   (0)      2  : 0.3014 0.0736 0.2504 0.3746
198      198   (0)      2  : 0.0603 0.8118 0.0742 0.0537
199      199   (0)      2  : 0.2009 0.0417 0.3370 0.4204
200      200   (0)      2  : 0.3041 0.2544 0.2253 0.2163
201      201   (0)      2  : 0.2423 0.0414 0.3953 0.3209
202      202   (0)      2  : 0.3697 0.0407 0.4234 0.1661
203      203   (0)      2  : 0.6720 0.0595 0.1115 0.1569
204      204   (0)      2  : 0.3437 0.1439 0.2229 0.2896
205      205   (0)      2  : 0.2642 0.1936 0.3182 0.2240
206      206   (0)      2  : 0.0326 0.8802 0.0361 0.0511
207      207   (0)      2  : 0.0954 0.4523 0.3023 0.1501
208      208   (0)      2  : 0.2086 0.0774 0.3108 0.4032
209      209   (0)      2  : 0.1320 0.3891 0.2279 0.2510
210      210   (0)      2  : 0.0644 0.8571 0.0291 0.0493
211      211   (0)      2  : 0.1542 0.1710 0.3920 0.2828
212      212   (1)      2  : 0.0996 0.2545 0.5774 0.0686
213      213   (1)      2  : 0.3192 0.1385 0.0943 0.4480
214      214   (0)      2  : 0.1897 0.1919 0.4793 0.1391
215      215   (0)      2  : 0.4841 0.0436 0.1396 0.3328
216      216   (0)      2  : 0.0937 0.5276 0.2278 0.1509
217      217   (0)      2  : 0.1283 0.6084 0.1093 0.1540
218      218   (0)      2  : 0.6084 0.0856 0.1189 0.1872
219      219   (0)      2  : 0.1327 0.2836 0.3380 0.2457
220      220   (0)      2  : 0.1825 0.0252 0.6140 0.1783
221      221   (0)      2  : 0.1652 0.2069 0.5038 0.1242
222      222   (0)      2  : 0.2355 0.0588 0.2350 0.4706
223      223   (0)      2  : 0.2018 0.1657 0.3867 0.2458
224      224   (1)      2  : 0.2607 0.1143 0.1683 0.4566
225      225   (0)      2  : 0.0403 0.7683 0.1479 0.0436
226      226   (0)      2  : 0.2517 0.4111 0.0556 0.2816
227      227   (0)      2  : 0.0653 0.8505 0.0388 0.0454
228      228   (0)      2  : 0.2296 0.0740 0.3087 0.3877
229      229   (0)      2  : 0.5807 0.0593 0.1965 0.1635
230      230   (0)      2  : 0.2607 0.2562 0.2725 0.2106
231      231   (0)      2  : 0.1993 0.1827 0.3902 0.2278
232      232   (2)      2  : 0.2284 0.1517 0.3823 0.2376
233      233   (0)      2  : 0.2168 0.2622 0.3450 0.1761
234      234   (0)      2  : 0.0386 0.8860 0.0353 0.0401
235      235   (0)      2  : 0.0840 0.7126 0.0884 0.1150
236      236   (0)      2  : 0.0747 0.0521 0.7663 0.1068
237      237   (0)      2  : 0.0943 0.1414 0.5447 0.2196
238      238   (0)      2  : 0.0853 0.1004 0.7219 0.0924
239      239   (0)      2  : 0.1213 0.0747 0.3053 0.4987
240      240   (0)      2  : 0.3660 0.1151 0.1809 0.3380
241      241   (0)      2  : 0.2856 0.2824 0.1131 0.3188
242      242   (0)      2  : 0.1260 0.0354 0.6063 0.2323
243      243   (0)      2  : 0.4409 0.0720 0.2127 0.2744
244      244   (0)      2  : 0.5620 0.0744 0.1558 0.2078
245      245   (0)      2  : 0.0522 0.8572 0.0403 0.0503
246      246   (0)      2  : 0.3139 0.2039 0.2959 0.1863
247      247   (0)      2  : 0.1523 0.6830 0.0774 0.0873
248      248   (0)      2  : 0.2135 0.4153 0.0670 0.3042
249      249   (0)      2  : 0.5684 0.1206 0.0897 0.2213
250      250   (0)      2  : 0.4198 0.1441 0.1165 0.3197
251      251   (0)      2  : 0.5311 0.1020 0.0802 0.2868
252      252   (0)      2  : 0.1706 0.1220 0.3908 0.3166
253      253   (0)      2  : 0.2703 0.1493 0.0761 0.5043
254      254   (0)      2  : 0.4250 0.1787 0.1163 0.2800
255      255   (0)      2  : 0.3651 0.0975 0.3107 0.2268
256      256   (0)      2  : 0.3912 0.2018 0.2058 0.2011
257      257   (0)      2  : 0.6252 0.1110 0.0804 0.1834
258      258   (0)      1  : 0.1536 0.1420 0.2003 0.5041
259      259   (0)      1  : 0.1149 0.4309 0.1870 0.2673
260      260   (0)      1  : 0.2129 0.0890 0.0698 0.6282
261      261   (0)      1  : 0.3837 0.1551 0.0748 0.3864
262      262   (0)      1  : 0.1835 0.1740 0.0824 0.5601
263      263   (0)      1  : 0.4013 0.1250 0.3063 0.1673
264      264   (0)      1  : 0.5052 0.1000 0.1098 0.2850
265      265   (0)      1  : 0.6892 0.0744 0.0810 0.1553
266      266   (0)      1  : 0.5383 0.0527 0.1090 0.3000
267      267   (0)      1  : 0.4184 0.3314 0.0661 0.1840
268      268   (0)      1  : 0.2922 0.1840 0.3097 0.2141
269      269   (1)      1  : 0.3496 0.2333 0.0980 0.3191
270      270   (0)      1  : 0.6398 0.0776 0.0753 0.2073
271      271   (0)      1  : 0.2597 0.4505 0.1193 0.1706
272      272   (0)      1  : 0.2437 0.2377 0.2363 0.2823
273      273   (0)      1  : 0.2998 0.0516 0.1880 0.4606
274      274   (0)      1  : 0.1428 0.6479 0.0815 0.1279
275      275   (0)      1  : 0.0764 0.1165 0.6515 0.1556
276      276   (0)      1  : 0.3544 0.1206 0.2343 0.2908
277      277   (0)      1  : 0.2050 0.2295 0.1491 0.4164
278      278   (0)      1  : 0.1693 0.3106 0.4104 0.1097
279      279   (0)      1  : 0.0710 0.2336 0.3742 0.3212
280      280   (0)      1  : 0.2868 0.2525 0.1308 0.3298
281      281   (0)      1  : 0.5269 0.0943 0.1427 0.2361
282      282   (0)      1  : 0.1943 0.2557 0.1696 0.3804
283      283   (0)      1  : 0.4006 0.1579 0.2352 0.2062
284      284   (0)      1  : 0.6768 0.0607 0.1230 0.1395
285      285   (0)      1  : 0.4283 0.0873 0.1988 0.2856
286      286   (0)      1  : 0.4095 0.0594 0.1623 0.3688
287      287   (0)      1  : 0.0284 0.9174 0.0201 0.0340
288      288   (0)      1  : 0.0466 0.5949 0.3094 0.0492
289      289   (0)      1  : 0.4454 0.1751 0.1520 0.2274
290      290   (1)      1  : 0.0320 0.8980 0.0366 0.0334
291      291   (0)      1  : 0.2692 0.4451 0.1103 0.1754
292      292   (0)      1  : 0.2946 0.1816 0.1394 0.3843
293      293   (0)      1  : 0.2248 0.0920 0.5026 0.1805
294      294   (0)      1  : 0.4174 0.3395 0.0614 0.1816
295      295   (0)      1  : 0.3016 0.0545 0.0488 0.5950
296      296   (0)      1  : 0.0942 0.0673 0.5846 0.2539
297      297   (0)      1  : 0.2153 0.6011 0.0516 0.1320
298      298   (0)      1  : 0.3127 0.0831 0.2661 0.3381
299      299   (0)      1  : 0.3246 0.2465 0.1875 0.2415
300      300   (0)      1  : 0.4581 0.1071 0.1909 0.2439
301      301   (0)      1  : 0.0647 0.8360 0.0413 0.0580
302      302   (0)      1  : 0.1444 0.5918 0.1487 0.1150
303      303   (0)      1  : 0.3608 0.1464 0.1459 0.3469
304      304   (0)      1  : 0.1009 0.3511 0.4309 0.1171
305      305   (0)      1  : 0.5759 0.0798 0.1648 0.1795
306      306   (0)      1  : 0.1822 0.5422 0.0676 0.2080
307      307   (1)      1  : 0.4174 0.0687 0.2815 0.2325
308      308   (0)      1  : 0.2984 0.2048 0.1516 0.3452
309      309   (0)      1  : 0.1006 0.7597 0.0434 0.0963
310      310   (0)      1  : 0.2782 0.3528 0.0946 0.2744
311      311   (0)      1  : 0.0719 0.6069 0.0864 0.2349
312      312   (0)      1  : 0.5260 0.0945 0.1435 0.2360
313      313   (0)      1  : 0.3267 0.1051 0.2827 0.2854
314      314   (0)      1  : 0.2482 0.1951 0.3163 0.2404
315      315   (0)      1  : 0.4261 0.1950 0.0817 0.2971
316      316   (0)      1  : 0.6502 0.0600 0.0541 0.2356
317      317   (0)      1  : 0.1197 0.0604 0.6518 0.1680
318      318   (0)      1  : 0.2969 0.0422 0.3607 0.3002
319      319   (0)      1  : 0.4183 0.0420 0.2401 0.2997
320      320   (0)      1  : 0.5005 0.0364 0.2903 0.1728
321      321   (0)      1  : 0.3702 0.0551 0.1775 0.3971
322      322   (0)      1  : 0.0930 0.3564 0.0713 0.4794
323      323   (0)      1  : 0.1808 0.1050 0.1729 0.5414
324      324   (0)      1  : 0.6060 0.0507 0.0811 0.2622
325      325   (0)      1  : 0.3369 0.2937 0.1014 0.2680
326      326   (0)      1  : 0.5805 0.0769 0.1083 0.2343
327      327   (0)      1  : 0.5970 0.0626 0.0875 0.2529
328      328   (0)      1  : 0.3059 0.0720 0.3813 0.2407
329      329   (0)      1  : 0.2947 0.2006 0.2868 0.2179
330      330   (0)      1  : 0.2294 0.2257 0.2888 0.2561
331      331   (0)      1  : 0.1796 0.6139 0.1054 0.1011
332      332   (0)      1  : 0.3572 0.2697 0.1476 0.2255
333      333   (0)      1  : 0.5003 0.2846 0.0736 0.1416
334      334   (0)      1  : 0.5510 0.1160 0.0995 0.2335
335      335   (0)      1  : 0.3538 0.0574 0.1333 0.4555
336      336   (0)      1  : 0.3343 0.2237 0.1731 0.2689
337      337   (0)      1  : 0.1350 0.5270 0.1622 0.1758
338      338   (0)      1  : 0.4268 0.1416 0.0794 0.3522
339      339   (0)      1  : 0.2536 0.1305 0.2486 0.3672
340      340   (0)      1  : 0.4568 0.1050 0.1883 0.2498
341      341   (0)      1  : 0.1416 0.0900 0.5300 0.2384
342      342   (0)      1  : 0.2484 0.2353 0.2670 0.2494
343      343   (0)      1  : 0.1970 0.0734 0.5957 0.1339
344      344   (0)      1  : 0.2580 0.3455 0.2103 0.1862
345      345   (1)      1  : 0.3107 0.1906 0.0510 0.4477
346      346   (0)      1  : 0.4210 0.3004 0.0754 0.2031
347      347   (0)      1  : 0.1758 0.3495 0.2474 0.2273
348      348   (0)      1  : 0.2348 0.1917 0.4199 0.1537
349      349   (0)      1  : 0.3257 0.0616 0.3925 0.2202
350      350   (0)      1  : 0.0915 0.1080 0.7004 0.1001
351      351   (0)      1  : 0.4129 0.1126 0.1220 0.3526
352      352   (0)      1  : 0.2733 0.0810 0.1767 0.4690
353      353   (0)      1  : 0.4602 0.1421 0.1161 0.2816
354      354   (0)      1  : 0.1124 0.3846 0.3122 0.1908
355      355   (0)      1  : 0.1111 0.1678 0.6352 0.0858
356      356   (0)      1  : 0.3332 0.3058 0.1202 0.2409
357      357   (0)      1  : 0.3617 0.0956 0.2465 0.2962
358      358   (0)      1  : 0.3017 0.0735 0.2175 0.4073
359      359   (0)      1  : 0.0863 0.4399 0.2273 0.2466
360      360   (0)      1  : 0.2730 0.2311 0.1323 0.3636
361      361   (0)      1  : 0.1878 0.0574 0.5231 0.2316
362      362   (0)      1  : 0.2793 0.1714 0.1580 0.3913
363      363   (0)      1  : 0.1343 0.4212 0.3410 0.1036
364      364   (1)      1  : 0.3247 0.0990 0.2534 0.3230
365      365   (0)      1  : 0.4286 0.0593 0.1580 0.3542
366      366   (0)      1  : 0.6144 0.0406 0.0751 0.2700
367      367   (0)      1  : 0.2003 0.1063 0.0849 0.6086
368      368   (0)      1  : 0.1731 0.0808 0.2074 0.5386
369      369   (0)      1  : 0.1237 0.3536 0.3263 0.1964
370      370   (0)      1  : 0.0707 0.6884 0.0645 0.1764
371      371   (0)      1  : 0.0770 0.7840 0.0673 0.0717
372      372   (2)      1  : 0.0566 0.8426 0.0443 0.0566
373      373   (0)      1  : 0.0790 0.6543 0.1682 0.0985
374      374   (0)      1  : 0.3018 0.0433 0.1787 0.4762
375      375   (0)      1  : 0.4039 0.1755 0.1678 0.2528
376      376   (0)      1  : 0.2032 0.2717 0.2418 0.2833
377      377   (0)      1  : 0.4906 0.0546 0.1894 0.2654
378      378   (0)      1  : 0.3075 0.0494 0.2862 0.3568
379      379   (0)      1  : 0.1737 0.5065 0.1482 0.1716
380      380   (0)      1  : 0.6397 0.0526 0.0596 0.2481
381      381   (0)      1  : 0.2896 0.1907 0.1693 0.3504
382      382   (0)      1  : 0.0680 0.8154 0.0599 0.0567
383      383   (0)      1  : 0.4823 0.1580 0.0540 0.3057
384      384   (0)      1  : 0.1987 0.4639 0.1444 0.1930
385      385   (0)      1  : 0.1829 0.2823 0.2247 0.3100
386      386   (0)      1  : 0.3044 0.3351 0.0966 0.2640
387      387   (0)      1  : 0.2478 0.5060 0.0723 0.1740
388      388   (0)      1  : 0.1998 0.5136 0.1344 0.1522
389      389   (0)      1  : 0.6819 0.0810 0.0845 0.1525
390      390   (0)      1  : 0.0983 0.0291 0.7545 0.1181
391      391   (0)      1  : 0.0950 0.5876 0.2337 0.0837
392      392   (0)      1  : 0.1615 0.4569 0.1741 0.2075
393      393   (0)      1  : 0.2690 0.1472 0.3585 0.2253
394      394   (0)      1  : 0.1263 0.2007 0.2153 0.4576
395      395   (0)      1  : 0.1990 0.1353 0.3414 0.3243
396      396   (0)      1  : 0.2858 0.1320 0.2796 0.3026
397      397   (0)      1  : 0.2897 0.2594 0.0711 0.3798
398      398   (0)      1  : 0.1749 0.6292 0.0614 0.1344
399      399   (0)      1  : 0.1768 0.2377 0.0608 0.5247
400      400   (0)      1  : 0.4541 0.1611 0.0716 0.3132
401      401   (0)      1  : 0.0540 0.7290 0.1200 0.0970
402      402   (0)      1  : 0.2572 0.0313 0.5174 0.1941
403      403   (0)      1  : 0.1773 0.1780 0.2566 0.3881
404      404   (0)      1  : 0.6483 0.0360 0.1552 0.1605
405      405   (0)      1  : 0.0872 0.4716 0.2445 0.1968
406      406   (0)      1  : 0.2258 0.0854 0.3425 0.3462
407      407   (0)      1  : 0.3456 0.0786 0.0625 0.5133
408      408   (0)      1  : 0.0858 0.1665 0.6646 0.0830
409      409   (0)      1  : 0.6159 0.0711 0.1067 0.2063
410      410   (0)      1  : 0.0861 0.8106 0.0351 0.0681
411      411   (0)      1  : 0.1271 0.6712 0.0890 0.1127
412      412   (0)      1  : 0.3801 0.3120 0.1668 0.1411
413      413   (0)      1  : 0.4768 0.1591 0.0844 0.2797
414      414   (0)      1  : 0.1556 0.4288 0.1447 0.2710
415      415   (0)      1  : 0.2988 0.0771 0.1557 0.4684
416      416   (0)      1  : 0.6062 0.0824 0.0967 0.2146
417      417   (0)      1  : 0.5605 0.0423 0.1378 0.2594
418      418   (0)      1  : 0.3393 0.2622 0.1449 0.2536
419      419   (0)      1  : 0.1173 0.5291 0.1857 0.1679
420      420   (0)      1  : 0.0643 0.0787 0.6298 0.2273
421      421   (0)      1  : 0.4611 0.1559 0.0857 0.2973
422      422   (0)      1  : 0.0519 0.8541 0.0373 0.0567
423      423   (0)      1  : 0.4238 0.0709 0.0613 0.4440
424      424   (0)      1  : 0.1099 0.0517 0.5096 0.3288
425      425   (0)      1  : 0.0532 0.8411 0.0526 0.0532
426      426   (0)      1  : 0.6514 0.0889 0.0650 0.1947
427      427   (0)      1  : 0.4079 0.1091 0.1143 0.3687
428      428   (0)      1  : 0.0702 0.8131 0.0446 0.0722
429      429   (0)      1  : 0.2390 0.0517 0.5422 0.1671
430      430   (0)      1  : 0.2042 0.1273 0.1836 0.4848
431      431   (0)      1  : 0.1590 0.5815 0.0784 0.1811
432      432   (0)      1  : 0.0493 0.8617 0.0401 0.0489
433      433   (0)      1  : 0.0474 0.7149 0.1758 0.0618
434      434   (0)      1  : 0.2123 0.4141 0.0900 0.2836
435      435   (0)      1  : 0.4756 0.0740 0.0858 0.3645
436      436   (0)      1  : 0.4452 0.1137 0.0619 0.3793
437      437   (0)      1  : 0.0941 0.6930 0.1310 0.0819
438      438   (0)      1  : 0.1306 0.4214 0.1316 0.3165
439      439   (0)      1  : 0.1770 0.1193 0.0507 0.6530
440      440   (0)      1  : 0.1757 0.6461 0.0736 0.1046
441      441   (0)      1  : 0.1190 0.0577 0.4088 0.4145
442      442   (0)      1  : 0.1667 0.1462 0.1729 0.5142
443      443   (0)      1  : 0.1560 0.0687 0.0866 0.6888
444      444   (0)      1  : 0.4521 0.3165 0.0657 0.1657
445      445   (0)      1  : 0.1470 0.2123 0.2725 0.3682
446      446   (0)      2  : 0.2072 0.3636 0.2775 0.1517
447      447   (0)      2  : 0.3618 0.1648 0.2350 0.2384
448      448   (0)      2  : 0.2233 0.1614 0.1441 0.4711
449      449   (0)      2  : 0.0580 0.5976 0.2614 0.0830
450      450   (0)      2  : 0.1106 0.6416 0.1009 0.1470
451      451   (0)      2  : 0.0656 0.8101 0.0374 0.0869
452      452   (0)      2  : 0.2022 0.3766 0.1174 0.3038
453      453   (0)      2  : 0.0716 0.0394 0.8033 0.0857
454      454   (0)      2  : 0.0691 0.7890 0.0631 0.0787
455      455   (0)      2  : 0.5006 0.1487 0.1527 0.1980
456      456   (0)      2  : 0.0534 0.8264 0.0464 0.0737
457      457   (0)      2  : 0.5657 0.1424 0.0586 0.2333
458      458   (0)      2  : 0.1302 0.1909 0.5516 0.1273
459      459   (1)      2  : 0.6485 0.0384 0.1010 0.2121
460      460   (2)      2  : 0.1871 0.2144 0.1877 0.4107
461      461   (2)      2  : 0.2091 0.4264 0.1059 0.2586
462      462   (3)      2  : 0.1057 0.2958 0.2968 0.3017
463      463   (0)      2  : 0.0592 0.7221 0.1162 0.1026
464      464   (4)      2  : 0.5889 0.0406 0.1239 0.2467
465      465   (3)      2  : 0.2964 0.1361 0.2341 0.3333
466      466   (0)      2  : 0.1989 0.1789 0.1596 0.4627
467      467   (0)      2  : 0.4713 0.1100 0.1291 0.2896
468      468   (0)      2  : 0.1489 0.1643 0.4949 0.1919
469      469   (0)      2  : 0.0606 0.8262 0.0313 0.0819
470      470   (5)      2  : 0.1467 0.5217 0.1649 0.1667
471      471   (1)      2  : 0.1967 0.2051 0.1297 0.4684
472      472   (2)      2  : 0.2907 0.1300 0.1013 0.4781
473      473   (3)      2  : 0.3467 0.0619 0.2590 0.3324
474      474   (0)      2  : 0.0866 0.0589 0.7788 0.0757
475      475   (2)      2  : 0.1341 0.4723 0.1734 0.2203
476      476   (1)      2  : 0.2273 0.0613 0.0943 0.6172
477      477   (4)      2  : 0.1028 0.2473 0.4114 0.2385
478      478   (0)      2  : 0.4527 0.0990 0.1706 0.2777
479      479   (0)      2  : 0.3711 0.0509 0.1029 0.4752
480      480   (1)      2  : 0.4329 0.1812 0.1839 0.2020
481      481   (3)      2  : 0.1875 0.1221 0.2715 0.4189
482      482   (3)      2  : 0.1512 0.0424 0.5484 0.2580
483      483   (4)      2  : 0.1803 0.0594 0.3656 0.3947
484      484   (4)      2  : 0.2419 0.0750 0.1844 0.4987
485      485   (3)      2  : 0.1891 0.4850 0.1707 0.1551
486      486   (3)      2  : 0.1477 0.4539 0.1759 0.2226
487      487   (1)      2  : 0.2501 0.1624 0.4365 0.1511
488      488   (5)      2  : 0.3858 0.0912 0.1736 0.3495
489      489   (0)      2  : 0.2107 0.0594 0.1700 0.5598
490      490   (3)      2  : 0.1562 0.1226 0.1311 0.5901
491      491   (7)      2  : 0.0765 0.1046 0.7189 0.1000
492      492   (6)      2  : 0.1100 0.0410 0.7545 0.0944
493      493   (3)      2  : 0.3465 0.1636 0.0930 0.3969
494      494   (3)      2  : 0.0772 0.7828 0.0580 0.0820
495      495   (5)      2  : 0.3185 0.3706 0.1521 0.1588
496      496   (0)      2  : 0.3223 0.1508 0.2107 0.3163
497      497   (5)      2  : 0.1334 0.0380 0.6464 0.1821
498      498   (6)      2  : 0.1460 0.1584 0.1066 0.5890
499      499   (0)      2  : 0.3321 0.0639 0.0972 0.5069
500      500   (1)      2  : 0.1647 0.0791 0.5640 0.1921
501      501   (4)      2  : 0.1589 0.4695 0.1177 0.2539
502      502   (2)      2  : 0.1533 0.2670 0.3240 0.2556
503      503   (5)      2  : 0.2199 0.0767 0.3697 0.3337
504      504   (2)      2  : 0.0923 0.2671 0.1785 0.4621
505      505   (0)      2  : 0.2656 0.3337 0.1960 0.2047
506      506   (8)      2  : 0.1872 0.1010 0.4035 0.3083
507      507   (0)      2  : 0.1835 0.1869 0.3627 0.2668
508      508   (0)      2  : 0.1633 0.2216 0.4322 0.1830
509      509   (1)      2  : 0.0393 0.8863 0.0374 0.0370
510      510   (1)      2  : 0.2426 0.1365 0.1517 0.4692
511      511   (5)      2  : 0.2645 0.2188 0.2738 0.2429
512      512   (2)      2  : 0.0612 0.7678 0.0977 0.0733
513      513   (9)      2  : 0.2530 0.3561 0.2471 0.1437
514      514   (4)      2  : 0.1669 0.4422 0.2560 0.1349
515      515   (1)      2  : 0.2423 0.1276 0.4585 0.1716
516      516   (3)      2  : 0.3396 0.2110 0.1422 0.3072
517      517   (3)      2  : 0.1159 0.5379 0.1408 0.2053
518      518   (0)      2  : 0.1301 0.1000 0.5154 0.2545
519      519   (9)      2  : 0.4469 0.0968 0.2439 0.2124
520      520   (6)      2  : 0.1218 0.1400 0.1334 0.6048
521      521   (2)      2  : 0.2175 0.1731 0.2958 0.3136
522      522   (1)      2  : 0.2340 0.1470 0.1030 0.5161
523      523   (4)      2  : 0.3130 0.1198 0.2404 0.3268
524      524   (0)      2  : 0.4508 0.1067 0.0703 0.3722
525      525   (2)      2  : 0.2829 0.1003 0.3773 0.2395
526      526   (3)      2  : 0.2069 0.1207 0.4796 0.1928
527      527   (0)      2  : 0.3141 0.0723 0.1707 0.4429
528      528   (0)      2  : 0.3783 0.0663 0.3198 0.2356
529      529   (1)      2  : 0.4296 0.0810 0.0892 0.4002
530      530   (0)      2  : 0.2679 0.0650 0.3956 0.2715
531      531   (0)      2  : 0.3819 0.2490 0.0703 0.2988
532      532   (2)      2  : 0.3810 0.0461 0.2546 0.3183
533      533   (2)      2  : 0.5297 0.0320 0.0999 0.3384
534      534   (2)      2  : 0.3201 0.1026 0.2034 0.3739
535      535   (0)      2  : 0.2673 0.0823 0.1380 0.5123
536      536   (0)      2  : 0.4213 0.0633 0.1971 0.3183
537      537   (0)      2  : 0.3802 0.0354 0.2641 0.3202
538      538   (0)      2  : 0.4089 0.1064 0.1635 0.3212
539      539   (0)      2  : 0.4003 0.0846 0.1610 0.3541
540      540   (8)      2  : 0.0916 0.0982 0.6872 0.1230
541      541   (1)      2  : 0.5550 0.1296 0.1373 0.1781
542      542   (1)      2  : 0.1747 0.3310 0.3490 0.1453
543      543   (0)      2  : 0.1787 0.1340 0.4882 0.1990
544      544   (2)      2  : 0.4753 0.0779 0.2074 0.2394
545      545   (1)      2  : 0.1274 0.5391 0.0766 0.2569
546      546   (9)      2  : 0.3607 0.0421 0.2454 0.3518
547      547   (0)      2  : 0.4251 0.1785 0.0766 0.3199
548      548   (0)      2  : 0.1716 0.2701 0.3183 0.2400
549      549   (0)      2  : 0.3981 0.1448 0.2225 0.2346
550      550   (1)      2  : 0.2364 0.5701 0.0851 0.1084
551      551   (1)      2  : 0.2870 0.0988 0.3564 0.2578
552      552   (2)      2  : 0.5389 0.1486 0.0852 0.2273
553      553  (10)      2  : 0.3987 0.0867 0.2541 0.2605
554      554   (2)      2  : 0.2535 0.0806 0.3527 0.3132
555      555   (4)      2  : 0.2307 0.0723 0.3635 0.3335
556      556   (0)      2  : 0.3274 0.1476 0.3430 0.1820
557      557   (2)      2  : 0.1467 0.2671 0.1448 0.4414
558      558   (0)      2  : 0.2975 0.3382 0.0687 0.2956
559      559   (0)      2  : 0.1031 0.0887 0.5945 0.2137
560      560   (8)      2  : 0.1674 0.1906 0.3241 0.3179
561      561   (0)      2  : 0.6448 0.0391 0.0740 0.2420
562      562   (8)      2  : 0.3014 0.1777 0.3159 0.2050
563      563   (2)      2  : 0.1573 0.1028 0.2288 0.5111
564      564   (4)      2  : 0.5666 0.1226 0.1421 0.1687
565      565   (3)      2  : 0.2855 0.2003 0.2772 0.2370
566      566   (1)      2  : 0.1456 0.2165 0.2189 0.4190
567      567   (0)      2  : 0.1117 0.0907 0.3521 0.4455
568      568   (5)      2  : 0.3911 0.2168 0.2007 0.1914
569      569   (2)      2  : 0.1022 0.0520 0.6851 0.1607
570      570   (0)      2  : 0.2649 0.0904 0.1157 0.5290
571      571   (2)      2  : 0.2539 0.1023 0.1017 0.5421
572      572   (6)      2  : 0.2364 0.0950 0.3953 0.2733
573      573   (5)      2  : 0.1644 0.4881 0.1446 0.2029
574      574   (8)      2  : 0.2838 0.2289 0.1423 0.3450
575      575   (3)      2  : 0.3328 0.0564 0.2248 0.3860
576      576   (0)      2  : 0.1549 0.1609 0.5511 0.1332
577      577   (0)      2  : 0.0596 0.8593 0.0326 0.0486
578      578   (1)      2  : 0.2234 0.0790 0.1724 0.5253
579      579   (0)      2  : 0.1426 0.6199 0.0426 0.1949
580      580   (0)      2  : 0.2955 0.0520 0.3488 0.3038
581      581   (6)      2  : 0.1675 0.0934 0.5075 0.2316
582      582   (7)      2  : 0.5097 0.0541 0.1754 0.2607
583      583   (3)      2  : 0.5265 0.0795 0.1867 0.2074
584      584   (5)      2  : 0.3423 0.0950 0.2471 0.3156
585      585   (1)      2  : 0.2325 0.1600 0.0941 0.5134
586      586   (2)      2  : 0.2693 0.0391 0.2392 0.4524
587      587   (0)      2  : 0.0373 0.9041 0.0260 0.0326
588      588   (0)      2  : 0.1170 0.2553 0.1846 0.4431
589      589   (1)      2  : 0.3613 0.1237 0.3356 0.1794
590      590   (2)      2  : 0.3971 0.0233 0.0994 0.4802
591      591   (0)      2  : 0.4783 0.0771 0.2178 0.2268
592      592   (4)      2  : 0.1881 0.0853 0.2586 0.4680
593      593   (0)      2  : 0.2725 0.2060 0.1795 0.3419
594      594   (1)      2  : 0.2720 0.0656 0.1204 0.5420
595      595   (0)      2  : 0.1575 0.2615 0.4408 0.1403
596      596   (0)      2  : 0.3209 0.1348 0.2640 0.2804
597      597   (0)      2  : 0.1578 0.1785 0.4461 0.2175
598      598   (0)      2  : 0.2735 0.0872 0.2698 0.3696
599      599   (0)      2  : 0.5486 0.1817 0.1007 0.1689
600      600   (0)      2  : 0.2774 0.1096 0.1577 0.4554
601      601   (0)      2  : 0.2126 0.0426 0.5309 0.2139
602      602   (0)      2  : 0.3591 0.2657 0.2240 0.1511
603      603   (0)      2  : 0.1923 0.0587 0.1597 0.5893
604      604   (0)      2  : 0.6742 0.0593 0.1114 0.1551
605      605   (0)      2  : 0.3064 0.0720 0.3280 0.2936
606      606   (0)      2  : 0.2027 0.1604 0.2089 0.4280
607      607   (0)      2  : 0.6845 0.0686 0.0584 0.1885
608      608   (0)      2  : 0.4947 0.0511 0.1107 0.3435
609      609   (0)      2  : 0.1413 0.0804 0.6547 0.1236
610      610   (6)      2  : 0.1141 0.7400 0.0530 0.0928
611      611   (0)      2  : 0.1791 0.3021 0.2554 0.2635
612      612   (3)      2  : 0.2796 0.1803 0.1285 0.4116
613      613   (0)      2  : 0.3084 0.1646 0.1928 0.3342
614      614   (0)      2  : 0.2095 0.3072 0.2471 0.2361
615      615   (0)      2  : 0.5941 0.0394 0.0760 0.2905
616      616   (0)      2  : 0.0664 0.0838 0.7746 0.0752
617      617   (0)      2  : 0.2863 0.1466 0.1937 0.3734
618      618   (0)      2  : 0.3703 0.2365 0.0590 0.3343
619      619   (0)      2  : 0.3116 0.0700 0.2379 0.3806
620      620   (0)      2  : 0.0956 0.3210 0.4892 0.0943
621      621   (2)      2  : 0.1452 0.0983 0.6507 0.1059
622      622   (3)      2  : 0.2578 0.1654 0.3984 0.1784
623      623   (1)      2  : 0.5418 0.1520 0.0569 0.2493
624      624   (2)      2  : 0.3770 0.1346 0.3097 0.1788
625      625   (1)      2  : 0.2927 0.2930 0.1227 0.2917
626      626   (9)      2  : 0.1695 0.0538 0.4549 0.3217
627      627   (0)      2  : 0.2970 0.1774 0.1603 0.3654
628      628   (0)      2  : 0.0290 0.9037 0.0351 0.0321
629      629   (2)      2  : 0.5717 0.2035 0.1178 0.1070
630      630   (1)      2  : 0.0880 0.0346 0.8058 0.0716
631      631   (4)      2  : 0.3601 0.0431 0.1236 0.4731
632      632   (0)      2  : 0.1115 0.1000 0.6212 0.1673
633      633   (7)      2  : 0.1704 0.0854 0.4437 0.3005
634      634   (2)      2  : 0.3515 0.3862 0.0706 0.1917
635      635   (0)      2  : 0.0991 0.0437 0.7530 0.1042
636      636   (0)      2  : 0.0686 0.2314 0.5471 0.1529
637      637   (0)      2  : 0.2309 0.2101 0.1135 0.4456
638      638   (0)      2  : 0.0784 0.0873 0.7387 0.0956
639      639   (1)      2  : 0.1555 0.1423 0.2838 0.4184
640      640   (2)      2  : 0.2763 0.4239 0.0650 0.2347
641      641   (1)      2  : 0.1771 0.1118 0.0828 0.6282
642      642   (3)      2  : 0.4564 0.2445 0.0677 0.2314
643      643   (1)      2  : 0.1747 0.0883 0.3245 0.4125
644      644  (10)      2  : 0.4608 0.0404 0.0947 0.4041
645      645   (6)      2  : 0.3639 0.2221 0.1198 0.2941
646      646   (0)      2  : 0.5954 0.0641 0.1925 0.1480
647      647   (2)      2  : 0.3319 0.1966 0.1014 0.3701
648      648   (0)      2  : 0.1839 0.0429 0.5831 0.1901
649      649   (0)      2  : 0.5537 0.0707 0.0819 0.2937
650      650   (1)      2  : 0.4381 0.0462 0.2565 0.2592
651      651   (6)      2  : 0.0399 0.8003 0.0758 0.0840
652      652   (1)      2  : 0.3939 0.1947 0.1651 0.2463
653      653   (4)      2  : 0.1374 0.0811 0.4080 0.3735
654      654   (1)      2  : 0.2190 0.1453 0.3226 0.3130
655      655   (4)      2  : 0.2105 0.3904 0.0992 0.2999
656      656   (0)      2  : 0.2499 0.0637 0.0897 0.5967
657      657   (0)      2  : 0.2887 0.1001 0.1453 0.4659
658      658   (0)      2  : 0.1639 0.0594 0.6090 0.1677
659      659   (7)      2  : 0.4313 0.0270 0.1163 0.4254
660      660   (4)      2  : 0.6015 0.1261 0.0907 0.1817
661      661   (3)      2  : 0.7319 0.0446 0.0874 0.1361
662      662   (2)      2  : 0.5430 0.0767 0.0720 0.3083
663      663   (2)      2  : 0.1778 0.3293 0.2902 0.2028
664      664   (0)      2  : 0.2678 0.0446 0.5156 0.1720
665      665   (1)      2  : 0.4416 0.1706 0.1377 0.2501
666      666   (0)      2  : 0.0636 0.7686 0.0928 0.0750
667      667   (0)      2  : 0.2217 0.4541 0.1197 0.2045
668      668   (1)      2  : 0.3580 0.2890 0.1574 0.1956
669      669   (5)      2  : 0.2282 0.1977 0.1210 0.4531
670      670  (10)      2  : 0.5551 0.0469 0.1153 0.2828
671      671   (3)      2  : 0.3277 0.0769 0.1354 0.4600
672      672   (0)      2  : 0.2799 0.0392 0.2809 0.4001
673      673   (6)      2  : 0.0620 0.0730 0.7898 0.0753
674      674   (0)      2  : 0.2287 0.1024 0.3338 0.3351
675      675   (0)      2  : 0.1417 0.0387 0.5771 0.2424
676      676   (1)      2  : 0.3118 0.0868 0.1508 0.4505
677      677   (4)      2  : 0.2862 0.3114 0.0774 0.3250
678      678   (9)      2  : 0.1971 0.2024 0.1614 0.4390
679      679   (1)      2  : 0.1994 0.2399 0.1781 0.3826
680      680   (1)      2  : 0.4303 0.1543 0.1407 0.2747
681      681   (1)      2  : 0.0903 0.4349 0.3195 0.1553
682      682   (2)      2  : 0.1194 0.5468 0.2100 0.1237
683      683   (0)      2  : 0.2868 0.1050 0.0438 0.5644
684      684   (0)      2  : 0.2541 0.1204 0.2759 0.3496
685      685   (0)      2  : 0.2251 0.1086 0.3807 0.2856
686      686   (0)      2  : 0.0769 0.0449 0.7956 0.0827
687      687   (4)      2  : 0.3082 0.0633 0.3600 0.2685
688      688   (2)      2  : 0.1553 0.4066 0.2127 0.2254
689      689   (2)      2  : 0.1028 0.4749 0.3371 0.0851
690      690   (6)      2  : 0.3393 0.2859 0.1189 0.2559
691      691   (7)      2  : 0.1412 0.2341 0.2882 0.3365
692      692   (0)      2  : 0.2406 0.2424 0.1783 0.3387
693      693   (3)      2  : 0.0554 0.0397 0.8317 0.0731
694      694   (0)      2  : 0.2287 0.0404 0.6169 0.1140
695      695   (0)      2  : 0.2602 0.2300 0.1111 0.3987
696      696   (0)      2  : 0.1386 0.0724 0.2330 0.5561
697      697   (3)      2  : 0.3532 0.0812 0.2036 0.3621
698      698   (0)      2  : 0.2086 0.0304 0.2632 0.4978
699      699   (0)      2  : 0.3491 0.2261 0.0830 0.3418
700      700   (0)      2  : 0.5607 0.0861 0.0640 0.2892
701      701   (0)      2  : 0.1881 0.0786 0.4651 0.2681
702      702   (1)      2  : 0.1059 0.4730 0.2543 0.1669
703      703   (0)      2  : 0.2280 0.3822 0.1363 0.2535
704      704   (0)      2  : 0.0649 0.5316 0.3069 0.0967
705      705   (0)      2  : 0.3976 0.1080 0.1826 0.3118
706      706   (0)      2  : 0.1008 0.1879 0.6350 0.0763
707      707   (2)      2  : 0.1192 0.1231 0.6297 0.1279
708      708   (1)      2  : 0.4538 0.1733 0.1136 0.2593
709      709   (0)      2  : 0.0914 0.2707 0.5237 0.1141
710      710   (0)      2  : 0.2350 0.1145 0.0868 0.5636
711      711   (0)      2  : 0.1570 0.2904 0.1771 0.3755
712      712   (1)      2  : 0.3993 0.0564 0.1362 0.4081
713      713   (0)      2  : 0.1020 0.1176 0.6299 0.1505
714      714   (0)      2  : 0.5301 0.1494 0.0844 0.2361
715      715   (0)      2  : 0.1816 0.0959 0.1022 0.6203
716      716   (0)      2  : 0.1506 0.5147 0.1059 0.2288
717      717   (2)      2  : 0.1084 0.0914 0.6744 0.1257
718      718   (1)      2  : 0.3156 0.0493 0.1943 0.4408
719      719   (9)      2  : 0.4807 0.0407 0.2025 0.2761
720      720   (4)      2  : 0.2443 0.1186 0.1754 0.4618
721      721   (2)      2  : 0.1184 0.0804 0.7180 0.0831
722      722   (0)      2  : 0.0676 0.0754 0.7608 0.0962
723      723   (0)      2  : 0.1014 0.0769 0.7436 0.0781
724      724   (0)      2  : 0.1153 0.5282 0.1304 0.2261
725      725   (0)      2  : 0.6207 0.0716 0.0914 0.2163
726      726   (0)      2  : 0.4281 0.1503 0.0634 0.3582
727      727   (1)      2  : 0.1396 0.2322 0.4999 0.1283
728      728   (1)      2  : 0.2785 0.4654 0.0767 0.1794
729      729   (1)      2  : 0.6634 0.0530 0.0798 0.2038
730      730   (0)      2  : 0.1728 0.2362 0.3693 0.2217
731      731   (2)      2  : 0.1171 0.7224 0.0694 0.0910
732      732   (1)      2  : 0.1429 0.2574 0.3337 0.2660
733      733   (0)      2  : 0.1018 0.0516 0.7746 0.0720
734      734   (0)      2  : 0.3920 0.0454 0.0721 0.4904
735      735   (0)      2  : 0.2966 0.0640 0.2456 0.3939
736      736   (0)      2  : 0.2507 0.1171 0.1304 0.5018
737      737   (0)      2  : 0.1092 0.2460 0.4634 0.1815
738      738   (0)      2  : 0.2239 0.3657 0.2130 0.1974
739      739   (0)      2  : 0.3746 0.2981 0.1389 0.1884
740      740   (0)      2  : 0.6250 0.0387 0.1165 0.2198
741      741   (0)      2  : 0.1296 0.2186 0.3448 0.3071
742      742   (0)      2  : 0.2607 0.0651 0.0948 0.5793
743      743   (0)      2  : 0.4184 0.0683 0.0881 0.4251
744      744   (0)      2  : 0.3816 0.0586 0.2186 0.3412
745      745   (0)      2  : 0.1710 0.0531 0.5085 0.2674
746      746   (0)      2  : 0.1376 0.4164 0.1308 0.3152
747      747   (0)      2  : 0.0843 0.7877 0.0467 0.0813
748      748   (2)      2  : 0.1635 0.2324 0.1451 0.4590
749      749   (7)      2  : 0.1521 0.1470 0.4941 0.2067
750      750   (2)      2  : 0.4241 0.1555 0.1353 0.2852
751      751   (0)      2  : 0.1796 0.2175 0.0604 0.5425
752      752   (5)      2  : 0.1191 0.0370 0.7054 0.1384
753      753   (0)      2  : 0.2404 0.0387 0.1551 0.5657
754      754   (0)      2  : 0.2226 0.0593 0.3961 0.3219
755      755   (0)      2  : 0.0742 0.0382 0.8125 0.0752
756      756   (0)      2  : 0.1286 0.2790 0.4006 0.1918
757      757   (0)      2  : 0.2540 0.1646 0.2175 0.3639
758      758   (1)      2  : 0.4981 0.1360 0.1125 0.2534
759      759   (0)      2  : 0.2183 0.2710 0.3088 0.2019
760      760   (0)      2  : 0.3079 0.3536 0.1459 0.1926
761      761   (0)      2  : 0.4062 0.0250 0.1415 0.4273
762      762   (0)      2  : 0.1093 0.0349 0.7560 0.0998
763      763   (0)      2  : 0.2223 0.3290 0.2613 0.1874
764      764   (0)      4  : 0.1098 0.0898 0.6700 0.1303
765      765   (0)      2  : 0.3010 0.1164 0.2301 0.3525
766      766   (0)      4  : 0.2930 0.0411 0.1222 0.5436
767      767   (0)      4  : 0.6412 0.0244 0.0516 0.2828
768      768   (0)      4  : 0.5443 0.1530 0.0757 0.2271
769      769   (0)      2  : 0.3276 0.0602 0.4641 0.1482
770      770   (0)      4  : 0.0681 0.0543 0.6351 0.2425
771      771   (1)      3  : 0.2894 0.1880 0.3154 0.2073
772      772   (0)      2  : 0.2171 0.0849 0.3186 0.3794
773      773   (0)      3  : 0.4202 0.2095 0.2089 0.1614
774      774   (0)      3  : 0.2806 0.0668 0.5404 0.1122
775      775   (0)      3  : 0.2704 0.0793 0.5129 0.1374
776      776   (0)      3  : 0.1807 0.1279 0.5533 0.1381
777      777   (0)      3  : 0.1695 0.0743 0.5932 0.1631
778      778   (3)      4  : 0.2169 0.1403 0.0954 0.5474
779      779   (0)      2  : 0.0547 0.0791 0.7466 0.1196
780      780   (0)      4  : 0.1781 0.0794 0.2517 0.4907
781      781   (0)      4  : 0.1128 0.0461 0.4846 0.3564
782      782   (0)      4  : 0.2613 0.0623 0.4874 0.1890
783      783   (0)      4  : 0.1374 0.1619 0.5118 0.1889
784      784   (0)      2  : 0.0893 0.6671 0.1645 0.0792
785      785   (0)      4  : 0.1929 0.0743 0.2045 0.5284
786      786   (0)      3  : 0.1303 0.2293 0.3801 0.2603
787      787   (0)      3  : 0.0587 0.0309 0.8486 0.0618
788      788   (0)      3  : 0.3300 0.0494 0.2787 0.3419
789      789   (0)      3  : 0.3750 0.1823 0.1880 0.2547
790      790   (1)      3  : 0.3064 0.1944 0.2784 0.2207
791      791   (0)      3  : 0.4859 0.0679 0.1254 0.3209
792      792   (2)      4  : 0.1103 0.0376 0.6328 0.2194
793      793   (4)      4  : 0.2527 0.0860 0.3291 0.3321
794      794   (0)      4  : 0.1765 0.0324 0.6043 0.1868
795      795   (3)      4  : 0.3094 0.0711 0.4990 0.1204
796      796   (0)      4  : 0.3779 0.1460 0.2762 0.1999
797      797   (0)      2  : 0.2187 0.3194 0.2065 0.2554
798      798   (0)      4  : 0.1543 0.1718 0.4898 0.1841
799      799   (1)      3  : 0.3443 0.1511 0.1587 0.3459
800      800   (0)      2  : 0.0684 0.1134 0.7137 0.1044
801      801   (0)      3  : 0.1493 0.0457 0.5254 0.2796
802      802   (1)      3  : 0.0761 0.2043 0.6346 0.0850
803      803   (0)      3  : 0.3633 0.0559 0.3060 0.2748
804      804   (0)      3  : 0.2512 0.0682 0.4869 0.1937
805      805   (0)      4  : 0.3898 0.1592 0.1427 0.3083
806      806   (1)      4  : 0.3917 0.0482 0.1478 0.4124
807      807   (0)      4  : 0.4191 0.1374 0.1331 0.3103
808      808   (0)      4  : 0.6575 0.0699 0.0580 0.2146
809      809   (0)      2  : 0.1603 0.2923 0.2809 0.2665
810      810   (0)      4  : 0.1098 0.1320 0.3140 0.4442
811      811   (0)      2  : 0.3869 0.1665 0.2037 0.2428
812      812   (1)      3  : 0.2429 0.0609 0.2390 0.4573
813      813   (0)      3  : 0.6666 0.0239 0.0612 0.2484
814      814   (0)      3  : 0.2821 0.1376 0.3527 0.2276
815      815   (1)      3  : 0.1923 0.1299 0.4809 0.1970
816      816   (0)      3  : 0.1592 0.0650 0.6121 0.1637
817      817   (8)      4  : 0.3590 0.1469 0.2626 0.2316
818      818   (0)      2  : 0.0982 0.1706 0.5744 0.1569
819      819   (3)      4  : 0.3277 0.0628 0.4184 0.1911
820      820   (3)      4  : 0.4135 0.0583 0.3441 0.1841
821      821   (3)      4  : 0.1780 0.0561 0.1062 0.6597
822      822   (0)      4  : 0.3319 0.1120 0.3037 0.2524
823      823   (0)      2  : 0.2796 0.0795 0.3656 0.2752
824      824   (0)      4  : 0.2023 0.1213 0.2747 0.4017
825      825   (0)      2  : 0.0561 0.8246 0.0530 0.0663
826      826   (1)      3  : 0.1011 0.0363 0.7383 0.1243
827      827   (1)      2  : 0.0843 0.7293 0.0817 0.1047
828      828   (0)      3  : 0.4101 0.0773 0.0761 0.4364
829      829   (0)      3  : 0.2464 0.1357 0.1486 0.4694
830      830   (0)      3  : 0.0864 0.1065 0.7266 0.0805
831      831   (0)      3  : 0.0808 0.0409 0.8098 0.0686
832      832   (0)      4  : 0.1841 0.2459 0.3176 0.2524
833      833   (0)      2  : 0.0829 0.0612 0.6324 0.2236
834      834   (2)      4  : 0.2205 0.0506 0.0983 0.6306
835      835   (0)      4  : 0.0555 0.0500 0.8264 0.0682
836      836   (4)      4  : 0.3463 0.0569 0.1071 0.4897
837      837   (0)      4  : 0.2908 0.1464 0.3241 0.2387
838      838   (0)      2  : 0.2565 0.2492 0.0740 0.4202
839      839   (0)      2  : 0.2656 0.1016 0.4525 0.1803
840      840   (1)      3  : 0.0570 0.0571 0.8376 0.0483
841      841   (0)      3  : 0.0824 0.0417 0.7783 0.0976
842      842   (0)      3  : 0.5552 0.0290 0.1829 0.2330
843      843   (0)      3  : 0.0689 0.0390 0.8456 0.0466
844      844   (0)      3  : 0.2953 0.0499 0.4467 0.2081
845      845   (0)      2  : 0.0973 0.0500 0.0836 0.7691
846      846   (3)      4  : 0.5128 0.0476 0.1985 0.2412
847      847   (0)      4  : 0.0937 0.0419 0.6429 0.2215
848      848   (2)      4  : 0.2474 0.0855 0.3563 0.3108
849      849   (0)      4  : 0.3703 0.1406 0.2916 0.1975
850      850   (0)      3  : 0.2746 0.1553 0.2030 0.3671
851      851   (1)      3  : 0.2433 0.0766 0.5196 0.1605
852      852   (0)      3  : 0.6331 0.0496 0.1741 0.1432
853      853   (0)      3  : 0.1179 0.0560 0.7257 0.1004
854      854   (3)      3  : 0.5631 0.0434 0.1629 0.2306
855      855   (0)      2  : 0.0843 0.3598 0.3668 0.1891
856      856   (0)      4  : 0.5994 0.0454 0.0823 0.2728
857      857   (0)      4  : 0.2304 0.0645 0.1166 0.5886
858      858   (0)      4  : 0.4855 0.0944 0.1160 0.3042
859      859   (0)      2  : 0.0958 0.4341 0.3385 0.1315
860      860   (0)      2  : 0.5443 0.1085 0.1500 0.1972
861      861   (0)      3  : 0.2848 0.1012 0.3155 0.2984
862      862   (0)      3  : 0.0968 0.1344 0.6739 0.0950
863      863   (0)      3  : 0.7453 0.0246 0.1080 0.1221
864      864   (0)      3  : 0.3125 0.0609 0.1533 0.4733
865      865   (0)      3  : 0.1808 0.0567 0.5135 0.2490
866      866   (0)      2  : 0.2255 0.5065 0.0964 0.1715
867      867   (0)      2  : 0.1108 0.5828 0.1371 0.1692
868      868   (0)      2  : 0.2176 0.1606 0.2601 0.3617
869      869   (0)      2  : 0.0581 0.7983 0.0606 0.0830
870      870   (0)      2  : 0.4620 0.0989 0.0807 0.3584
871      871   (0)      2  : 0.1155 0.0637 0.6677 0.1531
872      872   (0)      2  : 0.2517 0.0364 0.4800 0.2319
873      873   (0)      2  : 0.5648 0.1254 0.1086 0.2013
874      874   (0)      2  : 0.0409 0.8684 0.0476 0.0432
875      875   (0)      2  : 0.0950 0.7018 0.1167 0.0866
876      876   (1)      2  : 0.0484 0.8080 0.0752 0.0684
877      877   (0)      2  : 0.1753 0.0819 0.5764 0.1665
878      878   (0)      2  : 0.1495 0.1113 0.5091 0.2301
879      879   (0)      2  : 0.4953 0.0636 0.0972 0.3439
880      880   (0)      2  : 0.4749 0.1939 0.0926 0.2386
881      881   (0)      2  : 0.2042 0.4681 0.1745 0.1533
882      882   (0)      2  : 0.1697 0.3789 0.1050 0.3465
883      883   (0)      2  : 0.5218 0.1210 0.1015 0.2556
884      884   (4)      2  : 0.0871 0.3984 0.3301 0.1844
885      885   (0)      2  : 0.0643 0.0220 0.8417 0.0720
886      886   (0)      2  : 0.0588 0.8406 0.0496 0.0510
887      887   (0)      2  : 0.1202 0.0882 0.4981 0.2935
888      888   (0)      2  : 0.0827 0.0437 0.0679 0.8057
889      889   (0)      2  : 0.0799 0.1014 0.7031 0.1156
890      890   (0)      2  : 0.0600 0.0677 0.8042 0.0681
891      891   (0)      2  : 0.2277 0.1274 0.2533 0.3916
892      892   (0)      2  : 0.0689 0.0991 0.7493 0.0827
893      893   (0)      2  : 0.1001 0.1863 0.4951 0.2184
894      894   (0)      2  : 0.3434 0.0339 0.4425 0.1803
895      895   (0)      2  : 0.1878 0.0457 0.5126 0.2539
896      896   (0)      2  : 0.1463 0.0707 0.6351 0.1479
897      897   (9)      2  : 0.1021 0.7544 0.0698 0.0737
898      898   (0)      2  : 0.7019 0.0664 0.0753 0.1564
899      899   (0)      2  : 0.4085 0.0761 0.1801 0.3353
900      900   (0)      2  : 0.0851 0.0437 0.7424 0.1288
901      901   (0)      2  : 0.1497 0.1949 0.2022 0.4532
902      902   (2)      2  : 0.0750 0.2369 0.5564 0.1317
903      903   (0)      2  : 0.1127 0.5651 0.1627 0.1594
904      904   (0)      2  : 0.1365 0.0637 0.4038 0.3960
905      905   (0)      2  : 0.2436 0.1144 0.3250 0.3170
906      906   (0)      2  : 0.2094 0.0524 0.2065 0.5317
907      907   (0)      2  : 0.6369 0.0898 0.1297 0.1436
908      908   (0)      2  : 0.1396 0.2427 0.3540 0.2637
909      909   (0)      2  : 0.0402 0.8932 0.0307 0.0359
910      910   (2)      2  : 0.1830 0.0503 0.1016 0.6652
911      911   (1)      2  : 0.2600 0.0826 0.5122 0.1452
912      912   (0)      2  : 0.2921 0.2157 0.2551 0.2371
913      913   (0)      2  : 0.0611 0.8276 0.0566 0.0547
914      914   (0)      2  : 0.2199 0.2873 0.1547 0.3381
915      915   (0)      2  : 0.6048 0.0973 0.1158 0.1821
916      916   (0)      2  : 0.0663 0.0986 0.7268 0.1083
917      917   (0)      2  : 0.2366 0.5659 0.0666 0.1309
918      918   (0)      2  : 0.0667 0.1730 0.6951 0.0652
919      919   (0)      2  : 0.0676 0.7980 0.0570 0.0774
920      920   (0)      2  : 0.1749 0.0617 0.5997 0.1636
921      921   (0)      2  : 0.1186 0.0423 0.7355 0.1036
922      922   (0)      2  : 0.2814 0.0469 0.4633 0.2084
923      923   (0)      2  : 0.0805 0.1356 0.6060 0.1779
924      924   (0)      2  : 0.1180 0.1060 0.5015 0.2745
925      925   (0)      2  : 0.0658 0.4901 0.1658 0.2783
926      926   (0)      2  : 0.0814 0.7874 0.0541 0.0770
927      927   (0)      2  : 0.1491 0.4620 0.0724 0.3165
928      928   (0)      2  : 0.0630 0.8072 0.0704 0.0593
929      929   (0)      2  : 0.0660 0.8127 0.0673 0.0540
930      930   (0)      2  : 0.1699 0.1036 0.4873 0.2393
931      931   (0)      2  : 0.1054 0.7282 0.0853 0.0810
932      932   (0)      2  : 0.0596 0.8147 0.0732 0.0526
933      933   (0)      2  : 0.4163 0.1194 0.1127 0.3517
934      934   (0)      2  : 0.2539 0.3793 0.1921 0.1747
935      935   (0)      2  : 0.2368 0.1935 0.0693 0.5005
936      936   (1)      2  : 0.0781 0.7928 0.0694 0.0597
937      937   (2)      2  : 0.1144 0.3666 0.3642 0.1547
938      938   (0)      2  : 0.3227 0.2206 0.1149 0.3419
939      939   (0)      2  : 0.1066 0.7778 0.0544 0.0612
940      940   (0)      2  : 0.3630 0.2612 0.1851 0.1907
941      941   (0)      2  : 0.1826 0.4243 0.1376 0.2556
942      942   (0)      2  : 0.1565 0.6145 0.0765 0.1524
943      943   (0)      2  : 0.2184 0.0304 0.4981 0.2531
944      944   (0)      2  : 0.0974 0.7236 0.0623 0.1168
945      945   (0)      2  : 0.3153 0.1101 0.1983 0.3763
946      946   (0)      2  : 0.5049 0.0670 0.1365 0.2917
947      947   (0)      2  : 0.1501 0.2790 0.4663 0.1046
948      948   (0)      2  : 0.1260 0.0447 0.7078 0.1215
949      949   (0)      2  : 0.0913 0.7665 0.0646 0.0776
950      950   (0)      2  : 0.2041 0.0763 0.5179 0.2017
951      951   (0)      2  : 0.4068 0.0637 0.3932 0.1363
952      952   (0)      2  : 0.1805 0.1688 0.5109 0.1398
953      953   (0)      2  : 0.1727 0.4723 0.1811 0.1739
954      954   (0)      2  : 0.1242 0.5600 0.0700 0.2458
955      955   (0)      2  : 0.1114 0.4784 0.2068 0.2034
956      956   (0)      2  : 0.2948 0.1530 0.2165 0.3357
957      957   (2)      2  : 0.2691 0.0456 0.1841 0.5011
958      958   (0)      2  : 0.3265 0.0793 0.1237 0.4705
959      959   (4)      2  : 0.1304 0.4874 0.0808 0.3014
960      960   (0)      2  : 0.0434 0.8701 0.0401 0.0463
961      961   (1)      2  : 0.0393 0.8781 0.0446 0.0380
962      962   (0)      2  : 0.1233 0.3818 0.3258 0.1691
963      963   (0)      2  : 0.3753 0.0930 0.1003 0.4314
964      964   (0)      2  : 0.3181 0.2081 0.1109 0.3629
965      965   (0)      2  : 0.6432 0.0889 0.0532 0.2147
966      966   (0)      2  : 0.0587 0.8291 0.0426 0.0696
967      967   (0)      2  : 0.4171 0.0744 0.2655 0.2429
968      968   (0)      2  : 0.0909 0.0800 0.7054 0.1236
969      969   (0)      2  : 0.1816 0.0690 0.3943 0.3551
970      970   (0)      2  : 0.3083 0.3941 0.1181 0.1794
971      971   (0)      2  : 0.1199 0.4755 0.0672 0.3375
972      972   (0)      2  : 0.2588 0.2321 0.2255 0.2835
973      973   (0)      2  : 0.2497 0.1289 0.4030 0.2184
974      974   (6)      2  : 0.2480 0.2926 0.1068 0.3527
975      975   (0)      2  : 0.5164 0.0450 0.2294 0.2093
976      976   (0)      2  : 0.3856 0.0872 0.1717 0.3555
977      977   (0)      2  : 0.0991 0.5420 0.1526 0.2063
978      978   (0)      2  : 0.0294 0.9203 0.0229 0.0274
979      979   (0)      2  : 0.0501 0.8331 0.0597 0.0570
980      980   (0)      2  : 0.3463 0.2339 0.0644 0.3554
981      981   (0)      2  : 0.0619 0.8300 0.0506 0.0576
982      982   (4)      2  : 0.0879 0.6262 0.0542 0.2318
983      983   (0)      2  : 0.5191 0.1279 0.2050 0.1480
984      984   (0)      2  : 0.1203 0.2583 0.0652 0.5562
985      985   (0)      2  : 0.2082 0.0780 0.2060 0.5078
986      986   (0)      2  : 0.3018 0.0794 0.3454 0.2734
987      987   (1)      2  : 0.3869 0.0833 0.3569 0.1730
988      988   (0)      2  : 0.0484 0.8627 0.0397 0.0491
989      989   (0)      2  : 0.1298 0.1389 0.5072 0.2241
990      990   (0)      2  : 0.3373 0.0933 0.1421 0.4273
991      991   (0)      2  : 0.0346 0.8910 0.0270 0.0474
992      992   (0)      2  : 0.1857 0.0897 0.0918 0.6328
993      993   (0)      2  : 0.4557 0.2847 0.1196 0.1400
994      994   (0)      2  : 0.3314 0.2130 0.2931 0.1624
995      995   (0)      2  : 0.1444 0.6133 0.0676 0.1747
996      996   (0)      2  : 0.4532 0.2562 0.0847 0.2059
997      997   (0)      2  : 0.0380 0.8746 0.0494 0.0380
998      998   (0)      2  : 0.3654 0.2177 0.2297 0.1873
999      999   (0)      2  : 0.0909 0.7497 0.0531 0.1063
1000     1000   (0)      2  : 0.2756 0.0652 0.3952 0.2640
