Node label	Matching Sequences
OmyAC19ROGR_4845a	OmyAC19ROGR_4845a
	OmyAC19ROGR_4967a
	OmyAC19ROGR_5620b
	OmyAC19ROGR_4607a
	OmyAC19ROGR_5624a
	OmyAC19ROGR_4403a
	OmyAC19ROGR_5581a
	OmyJC19ROGR_0081a
	OmyJC19ROGR_0027a
	OmyJC19ROGR_0060a
	OmyJC19ROGR_0064b
	OmyJC19ROGR_0185a
	OmyJC19ROGR_0178a
	OmyJC19ROGR_0180a
	OmyAC19ROGR_5678a
	OmyAC19ROGR_5823a
	OmyAC19ROGR_5845a
	OmyAC19ROGR_5833a
	OmyAC19ROGR_5834a
	OmyAC19ROGR_6125a
	OmyAC19ROGR_5630a
	OmyAC19ROGR_5818a
	OmyJC18ROGR_0133a
	OmyJC18ROGR_0141a
	OmyJC18ROGR_0228a
	OmyJC18ROGR_0111a
	OmyJC18ROGR_0233a
	OmyJC18ROGR_0107a
	OmyJC18ROGR_0131b
	OmyJC18ROGR_0244b
	OmyJC18ROGR_0316b
	OmyJC18ROGR_0247a
	OmyJC18ROGR_0433a
	OmyJC18ROGR_0547b
	OmyJC18ROGR_0612a
	OmyJC18ROGR_0436a
	OmyJC18ROGR_0437a
	OmyJC18ROGR_0534a
	OmyJC18ROGR_0439a
	OmyJC18ROGR_0536a
	OmyJC18ROGR_0618a
	OmyJC18ROGR_0629b
	OmyJC18ROGR_1011a
	OmyJC18ROGR_0150a
	OmyJC18ROGR_0630a
	OmyJC19ROGR_0323a
	OmyJC19ROGR_0303b
	OmyJC19ROGR_0306a
	OmyJC19ROGR_0261b
	OmyJC19ROGR_0278b
	OmyJC19ROGR_0239a
	OmyJC19ROGR_0279a
	OmyJC19ROGR_0272a
	OmyJC19ROGR_0259a
	OmyJC19ROGR_0259b
	OmyJC19ROGR_0228a
	OmyJC19ROGR_0244a
	OmyJC19ROGR_0260a
OmyAC19ROGR_4928a	OmyAC19ROGR_4928a
	OmyAC19ROGR_5056a
	OmyAC19ROGR_5469a
	OmyAC19ROGR_5469b
	OmyAC19ROGR_5531a
	OmyAC19ROGR_5609a
	OmyAC19ROGR_4163a
	OmyAC19ROGR_4254a
	OmyAC19ROGR_4254b
	OmyAC19ROGR_4568a
	OmyAC19ROGR_4846a
	OmyAC19ROGR_5064a
	OmyAC19ROGR_5287a
	OmyAC19ROGR_5532a
	OmyAC19ROGR_5532b
	OmyAC19ROGR_5614a
	OmyAC19ROGR_4593a
	OmyAC19ROGR_4593b
	OmyAC19ROGR_5320a
	OmyAC19ROGR_5494a
	OmyAC19ROGR_5542a
	OmyAC19ROGR_5620a
	OmyAC19ROGR_4868a
	OmyAC19ROGR_5128a
	OmyAC19ROGR_5505a
	OmyAC19ROGR_5543a
	OmyAC19ROGR_5621a
	OmyAC19ROGR_4060a
	OmyAC19ROGR_4245a
	OmyAC19ROGR_4245b
	OmyAC19ROGR_4883a
	OmyAC19ROGR_5506a
	OmyAC19ROGR_5506b
	OmyAC19ROGR_5544a
	OmyAC19ROGR_5622a
	OmyAC19ROGR_4787a
	OmyAC19ROGR_4898a
	OmyAC19ROGR_5453a
	OmyAC19ROGR_5580a
	OmyAC19ROGR_5580b
	OmyAC19ROGR_4803a
	OmyAC19ROGR_5398a
	OmyAC19ROGR_5454a
	OmyAC19ROGR_4153a
	OmyAC19ROGR_5055a
	OmyAC19ROGR_5399a
	OmyAC19ROGR_5509a
	OmyJC19ROGR_0009a
	OmyJC19ROGR_0009b
	OmyJC19ROGR_0025a
	OmyJC19ROGR_0025b
	OmyJC19ROGR_0045a
	OmyJC19ROGR_0045b
	OmyJC19ROGR_0065a
	OmyJC19ROGR_0065b
	OmyJC19ROGR_0089a
	OmyJC19ROGR_0002a
	OmyJC19ROGR_0010a
	OmyJC19ROGR_0018a
	OmyJC19ROGR_0018b
	OmyJC19ROGR_0026a
	OmyJC19ROGR_0066a
	OmyJC19ROGR_0066b
	OmyJC19ROGR_0082a
	OmyJC19ROGR_0003a
	OmyJC19ROGR_0011b
	OmyJC19ROGR_0027b
	OmyJC19ROGR_0059a
	OmyJC19ROGR_0067a
	OmyJC19ROGR_0075a
	OmyJC19ROGR_0075b
	OmyJC19ROGR_0012a
	OmyJC19ROGR_0012b
	OmyJC19ROGR_0020a
	OmyJC19ROGR_0036b
	OmyJC19ROGR_0044a
	OmyJC19ROGR_0044b
	OmyJC19ROGR_0068a
	OmyJC19ROGR_0076a
	OmyJC19ROGR_0005a
	OmyJC19ROGR_0021a
	OmyJC19ROGR_0037a
	OmyJC19ROGR_0053a
	OmyJC19ROGR_0053b
	OmyJC19ROGR_0085a
	OmyJC19ROGR_0014a
	OmyJC19ROGR_0022a
	OmyJC19ROGR_0046a
	OmyJC19ROGR_0054a
	OmyJC19ROGR_0007a
	OmyJC19ROGR_0007b
	OmyJC19ROGR_0023a
	OmyJC19ROGR_0031a
	OmyJC19ROGR_0047a
	OmyJC19ROGR_0071a
	OmyJC19ROGR_0071b
	OmyJC19ROGR_0087a
	OmyJC19ROGR_0008a
	OmyJC19ROGR_0008b
	OmyJC19ROGR_0016a
	OmyJC19ROGR_0024a
	OmyJC19ROGR_0024b
	OmyJC19ROGR_0032a
	OmyJC19ROGR_0040a
	OmyJC19ROGR_0080a
	OmyJC19ROGR_0080b
	OmyJC19ROGR_0103b
	OmyJC19ROGR_0111a
	OmyJC19ROGR_0111b
	OmyJC19ROGR_0119a
	OmyJC19ROGR_0139a
	OmyJC19ROGR_0143a
	OmyJC19ROGR_0159a
	OmyJC19ROGR_0167a
	OmyJC19ROGR_0175a
	OmyJC19ROGR_0096a
	OmyJC19ROGR_0112a
	OmyJC19ROGR_0120a
	OmyJC19ROGR_0128a
	OmyJC19ROGR_0144a
	OmyJC19ROGR_0152a
	OmyJC19ROGR_0152b
	OmyJC19ROGR_0168a
	OmyJC19ROGR_0168b
	OmyJC19ROGR_0184a
	OmyJC19ROGR_0129a
	OmyJC19ROGR_0129b
	OmyJC19ROGR_0145a
	OmyJC19ROGR_0145b
	OmyJC19ROGR_0153a
	OmyJC19ROGR_0153b
	OmyJC19ROGR_0177a
	OmyJC19ROGR_0185b
	OmyJC19ROGR_0098a
	OmyJC19ROGR_0098b
	OmyJC19ROGR_0130a
	OmyJC19ROGR_0130b
	OmyJC19ROGR_0138a
	OmyJC19ROGR_0154a
	OmyJC19ROGR_0186a
	OmyJC19ROGR_0099a
	OmyJC19ROGR_0107a
	OmyJC19ROGR_0115a
	OmyJC19ROGR_0115b
	OmyJC19ROGR_0123a
	OmyJC19ROGR_0147a
	OmyJC19ROGR_0155a
	OmyJC19ROGR_0171b
	OmyJC19ROGR_0187b
	OmyJC19ROGR_0124a
	OmyJC19ROGR_0156a
	OmyJC19ROGR_0188a
	OmyJC19ROGR_0188b
	OmyJC19ROGR_0117a
	OmyJC19ROGR_0125a
	OmyJC19ROGR_0125b
	OmyJC19ROGR_0133a
	OmyJC19ROGR_0149a
	OmyJC19ROGR_0157a
	OmyJC19ROGR_0118a
	OmyJC19ROGR_0126a
	OmyJC19ROGR_0134a
	OmyJC19ROGR_0150a
	OmyJC19ROGR_0150b
	OmyJC19ROGR_0182a
	OmyJC19ROGR_0182b
	OmyAC19ROGR_5625a
	OmyAC19ROGR_5751a
	OmyAC19ROGR_5820a
	OmyAC19ROGR_5844a
	OmyAC19ROGR_5987a
	OmyAC19ROGR_5987b
	OmyAC19ROGR_6039a
	OmyAC19ROGR_5626a
	OmyAC19ROGR_5626b
	OmyAC19ROGR_5721a
	OmyAC19ROGR_5823b
	OmyAC19ROGR_5845b
	OmyAC19ROGR_5992a
	OmyAC19ROGR_5846a
	OmyAC19ROGR_5846b
	OmyAC19ROGR_5628a
	OmyAC19ROGR_5723a
	OmyAC19ROGR_5814a
	OmyAC19ROGR_5814b
	OmyAC19ROGR_5997a
	OmyAC19ROGR_5997b
	OmyAC19ROGR_5699a
	OmyAC19ROGR_5766a
	OmyAC19ROGR_5816a
	OmyAC19ROGR_6016a
	OmyAC19ROGR_6128a
	OmyAC19ROGR_6128b
	OmyAC19ROGR_5470a
	OmyAC19ROGR_5711a
	OmyAC19ROGR_5779a
	OmyAC19ROGR_5817a
	OmyAC19ROGR_5817b
	OmyAC19ROGR_5840a
	OmyAC19ROGR_5840b
	OmyAC19ROGR_5913a
	OmyAC19ROGR_5742a
	OmyAC19ROGR_5808a
	OmyAC19ROGR_5713a
	OmyAC19ROGR_5713b
	OmyAC19ROGR_5809a
	OmyAC19ROGR_5809b
	OmyAC19ROGR_5961a
	OmyAC19ROGR_6033a
	OmyAC19ROGR_0053a
	OmyJC18ROGR_0117a
	OmyJC18ROGR_0149a
	OmyJC18ROGR_0204a
	OmyJC18ROGR_0220a
	OmyJC18ROGR_0236a
	OmyJC18ROGR_0102a
	OmyJC18ROGR_0110a
	OmyJC18ROGR_0110b
	OmyJC18ROGR_0118a
	OmyJC18ROGR_0118b
	OmyJC18ROGR_0126a
	OmyJC18ROGR_0126b
	OmyJC18ROGR_0134a
	OmyJC18ROGR_0205a
	OmyJC18ROGR_0205b
	OmyJC18ROGR_0213a
	OmyJC18ROGR_0221a
	OmyJC18ROGR_0221b
	OmyJC18ROGR_0229a
	OmyJC18ROGR_0237a
	OmyJC18ROGR_0237b
	OmyJC18ROGR_0103a
	OmyJC18ROGR_0135a
	OmyJC18ROGR_0143a
	OmyJC18ROGR_0143b
	OmyJC18ROGR_0222a
	OmyJC18ROGR_0222b
	OmyJC18ROGR_0238a
	OmyJC18ROGR_0238b
	OmyJC18ROGR_0104a
	OmyJC18ROGR_0112a
	OmyJC18ROGR_0128a
	OmyJC18ROGR_0128b
	OmyJC18ROGR_0136a
	OmyJC18ROGR_0144a
	OmyJC18ROGR_0152a
	OmyJC18ROGR_0215a
	OmyJC18ROGR_0231a
	OmyJC18ROGR_0231b
	OmyJC18ROGR_0105a
	OmyJC18ROGR_0121a
	OmyJC18ROGR_0145a
	OmyJC18ROGR_0216a
	OmyJC18ROGR_0216b
	OmyJC18ROGR_0224a
	OmyJC18ROGR_0240a
	OmyJC18ROGR_0106a
	OmyJC18ROGR_0114a
	OmyJC18ROGR_0122a
	OmyJC18ROGR_0201a
	OmyJC18ROGR_0225a
	OmyJC18ROGR_0225b
	OmyJC18ROGR_0233b
	OmyJC18ROGR_0202a
	OmyJC18ROGR_0202b
	OmyJC18ROGR_0218a
	OmyJC18ROGR_0226a
	OmyJC18ROGR_0140a
	OmyJC18ROGR_0140b
	OmyJC18ROGR_0203a
	OmyJC18ROGR_0211a
	OmyJC18ROGR_0219b
	OmyJC18ROGR_0227a
	OmyJC18ROGR_0242a
	OmyJC18ROGR_0305a
	OmyJC18ROGR_0313a
	OmyJC18ROGR_0321a
	OmyJC18ROGR_0329a
	OmyJC18ROGR_0345a
	OmyJC18ROGR_0411a
	OmyJC18ROGR_0419a
	OmyJC18ROGR_0243a
	OmyJC18ROGR_0306a
	OmyJC18ROGR_0322a
	OmyJC18ROGR_0330a
	OmyJC18ROGR_0330b
	OmyJC18ROGR_0338a
	OmyJC18ROGR_0338b
	OmyJC18ROGR_0404a
	OmyJC18ROGR_0412a
	OmyJC18ROGR_0412b
	OmyJC18ROGR_0420a
	OmyJC18ROGR_0420b
	OmyJC18ROGR_0244a
	OmyJC18ROGR_0307a
	OmyJC18ROGR_0315a
	OmyJC18ROGR_0323a
	OmyJC18ROGR_0323b
	OmyJC18ROGR_0331a
	OmyJC18ROGR_0245a
	OmyJC18ROGR_0308a
	OmyJC18ROGR_0308b
	OmyJC18ROGR_0324a
	OmyJC18ROGR_0324b
	OmyJC18ROGR_0348a
	OmyJC18ROGR_0356a
	OmyJC18ROGR_0356b
	OmyJC18ROGR_0406a
	OmyJC18ROGR_0414a
	OmyJC18ROGR_0414b
	OmyJC18ROGR_0422a
	OmyJC18ROGR_0246a
	OmyJC18ROGR_0246b
	OmyJC18ROGR_0301a
	OmyJC18ROGR_0325a
	OmyJC18ROGR_0341a
	OmyJC18ROGR_0349a
	OmyJC18ROGR_0318a
	OmyJC18ROGR_0318b
	OmyJC18ROGR_0334a
	OmyJC18ROGR_0342a
	OmyJC18ROGR_0342b
	OmyJC18ROGR_0303a
	OmyJC18ROGR_0303b
	OmyJC18ROGR_0311a
	OmyJC18ROGR_0335a
	OmyJC18ROGR_0335b
	OmyJC18ROGR_0401a
	OmyJC18ROGR_0401b
	OmyJC18ROGR_0409a
	OmyJC18ROGR_0409b
	OmyJC18ROGR_0417a
	OmyJC18ROGR_0304a
	OmyJC18ROGR_0312b
	OmyJC18ROGR_0328a
	OmyJC18ROGR_0336a
	OmyJC18ROGR_0344a
	OmyJC18ROGR_0410a
	OmyJC18ROGR_0410b
	OmyJC18ROGR_0418a
	OmyJC18ROGR_0441a
	OmyJC18ROGR_0449a
	OmyJC18ROGR_0521a
	OmyJC18ROGR_0521b
	OmyJC18ROGR_0602a
	OmyJC18ROGR_0602b
	OmyJC18ROGR_0426b
	OmyJC18ROGR_0434a
	OmyJC18ROGR_0442a
	OmyJC18ROGR_0506a
	OmyJC18ROGR_0506b
	OmyJC18ROGR_0514a
	OmyJC18ROGR_0522a
	OmyJC18ROGR_0522b
	OmyJC18ROGR_0546a
	OmyJC18ROGR_0546b
	OmyJC18ROGR_0603a
	OmyJC18ROGR_0435a
	OmyJC18ROGR_0435b
	OmyJC18ROGR_0443a
	OmyJC18ROGR_0443b
	OmyJC18ROGR_0451a
	OmyJC18ROGR_0523a
	OmyJC18ROGR_0523b
	OmyJC18ROGR_0612b
	OmyJC18ROGR_0428a
	OmyJC18ROGR_0508a
	OmyJC18ROGR_0524a
	OmyJC18ROGR_0524b
	OmyJC18ROGR_0532a
	OmyJC18ROGR_0540a
	OmyJC18ROGR_0613a
	OmyJC18ROGR_0429a
	OmyJC18ROGR_0445a
	OmyJC18ROGR_0445b
	OmyJC18ROGR_0509a
	OmyJC18ROGR_0509b
	OmyJC18ROGR_0517a
	OmyJC18ROGR_0517b
	OmyJC18ROGR_0541a
	OmyJC18ROGR_0614a
	OmyJC18ROGR_0438a
	OmyJC18ROGR_0446a
	OmyJC18ROGR_0446b
	OmyJC18ROGR_0534b
	OmyJC18ROGR_0542a
	OmyJC18ROGR_0542b
	OmyJC18ROGR_0447a
	OmyJC18ROGR_0447b
	OmyJC18ROGR_0535a
	OmyJC18ROGR_0543a
	OmyJC18ROGR_0543b
	OmyJC18ROGR_0608a
	OmyJC18ROGR_0432a
	OmyJC18ROGR_0432b
	OmyJC18ROGR_0512a
	OmyJC18ROGR_0601a
	OmyJC18ROGR_0601b
	OmyJC18ROGR_0609a
	OmyJC18ROGR_0624a
	OmyJC18ROGR_0632a
	OmyJC18ROGR_0632b
	OmyJC18ROGR_0640a
	OmyJC18ROGR_0648a
	OmyJC18ROGR_1006a
	OmyJC18ROGR_1006b
	OmyJC18ROGR_1014a
	OmyJC18ROGR_1022a
	OmyJC18ROGR_0625a
	OmyJC18ROGR_0633a
	OmyJC18ROGR_0641a
	OmyJC18ROGR_0903a
	OmyJC18ROGR_1007a
	OmyJC18ROGR_1015a
	OmyJC18ROGR_1023a
	OmyJC18ROGR_1023b
	OmyJC18ROGR_0626a
	OmyJC18ROGR_0626b
	OmyJC18ROGR_0703a
	OmyJC18ROGR_0904a
	OmyJC18ROGR_0904b
	OmyJC18ROGR_1024a
	OmyJC18ROGR_1024b
	OmyJC18ROGR_0619a
	OmyJC18ROGR_0619b
	OmyJC18ROGR_0627a
	OmyJC18ROGR_0643a
	OmyJC18ROGR_0905b
	OmyJC18ROGR_1009a
	OmyJC18ROGR_1017a
	OmyJC18ROGR_1017b
	OmyJC18ROGR_0644a
	OmyJC18ROGR_1002b
	OmyJC18ROGR_1010a
	OmyJC18ROGR_1018a
	OmyJC18ROGR_1026a
	OmyJC18ROGR_1026b
	OmyJC18ROGR_0637a
	OmyJC18ROGR_1003a
	OmyJC18ROGR_1027a
	OmyJC18ROGR_1027b
	OmyJC18ROGR_0622a
	OmyJC18ROGR_0638b
	OmyJC18ROGR_0646a
	OmyJC18ROGR_0654a
	OmyJC18ROGR_0707a
	OmyJC18ROGR_0908a
	OmyJC18ROGR_0908b
	OmyJC18ROGR_1012a
	OmyJC18ROGR_1012b
	OmyJC18ROGR_0623a
	OmyJC18ROGR_0623b
	OmyJC18ROGR_0639a
	OmyJC18ROGR_0655a
	OmyJC18ROGR_0708a
	OmyJC18ROGR_0901a
	OmyJC18ROGR_0901b
	OmyJC18ROGR_0909a
	OmyJC18ROGR_1005a
	OmyJC18ROGR_1013a
	OmyJC18ROGR_1021a
	OmyJC18ROGR_1021b
	OmyAC19ROGR_0123a
	OmyAC19ROGR_0123b
	OmyJC18ROGR_1028a
	OmyJC18ROGR_1028b
	OmyAC19ROGR_0134a
	OmyAC19APPR_0108a
	OmyAC19APPR_0177a
	OmyAC19APPR_0177b
	OmyJC18ROGR_0130a
	OmyJC18ROGR_0130b
	OmyAC19APPR_0218a
	OmyAC19APPR_0218b
	OmyJC18ROGR_0650a
	OmyAC19ROGR_0125a
	OmyAC19ROGR_0125b
	OmyJC18ROGR_1029a
	OmyJC18ROGR_1029b
	OmyAC19ROGR_0135a
	OmyAC19ROGR_0135b
	OmyAC19ROGR_0182a
	OmyAC19ROGR_0182b
	OmyAC19APPR_0110a
	OmyAC19APPR_0110b
	OmyAC19APPR_0178a
	OmyAC19APPR_0178b
	OmyAC19APPR_0219a
	OmyAC19ROGR_0126a
	OmyAC19ROGR_0126b
	OmyAC19ROGR_0137a
	OmyAC19ROGR_0137b
	OmyAC19ROGR_0183a
	OmyAC19ROGR_0183b
	OmyAC19APPR_0111a
	OmyAC19APPR_0111b
	OmyAC19APPR_0212a
	OmyAC19APPR_0212b
	OmyJC18ROGR_0210a
	OmyJC18ROGR_0210b
	OmyAC19APPR_0220a
	OmyAC19APPR_0220b
	OmyAC19ROGR_0128a
	OmyAC19ROGR_0184a
	OmyAC19ROGR_0184b
	OmyAC19APPR_0114a
	OmyAC19APPR_0213a
	OmyAC19APPR_0221a
	OmyAC19APPR_0221b
	OmyJC18ROGR_0510a
	OmyAC19ROGR_0129a
	OmyAC19ROGR_0129b
	OmyJC18ROGR_1102a
	OmyAC19ROGR_0139a
	OmyAC19ROGR_0139b
	OmyAC19ROGR_0186a
	OmyAC19ROGR_0186b
	OmyAC19APPR_0117a
	OmyAC19APPR_0117b
	OmyAC19APPR_0214a
	OmyJC18ROGR_0250b
	OmyAC19APPR_0222a
	OmyJC18ROGR_0530a
	OmyJC18ROGR_1030a
	OmyAC19ROGR_0130a
	OmyAC19ROGR_0130b
	OmyAC19ROGR_0140a
	OmyAC19ROGR_0187a
	OmyAC19APPR_0120a
	OmyAC19APPR_0215a
	OmyJC18ROGR_0310a
	OmyJC18ROGR_0550a
	OmyJC18ROGR_0550b
	OmyAC19ROGR_0141a
	OmyAC19ROGR_0189a
	OmyAC19ROGR_0189b
	OmyAC19APPR_0122a
	OmyAC19APPR_0216a
	OmyAC19APPR_0216b
	OmyAC19APPR_0105a
	OmyAC19APPR_0105b
	OmyAC19APPR_0176a
	OmyAC19APPR_0176b
	OmyAC19APPR_0217a
	OmyAC19APPR_0217b
	OmyJC18ROGR_0350a
	OmyJC18ROGR_0350b
	OmyJC19ROGR_0291a
	OmyJC19ROGR_0291b
	OmyJC19ROGR_0331a
	OmyJC19ROGR_0331b
	OmyJC19ROGR_0316a
	OmyJC19ROGR_0316b
	OmyJC19ROGR_0324a
	OmyJC19ROGR_0324b
	OmyJC19ROGR_0285a
	OmyJC19ROGR_0285b
	OmyJC19ROGR_0293a
	OmyJC19ROGR_0317a
	OmyJC19ROGR_0317b
	OmyJC19ROGR_0030a
	OmyJC19ROGR_0190a
	OmyJC19ROGR_0286b
	OmyJC19ROGR_0302a
	OmyJC19ROGR_0302b
	OmyJC19ROGR_0310a
	OmyJC19ROGR_0326a
	OmyJC19ROGR_0326b
	OmyJC19ROGR_0050a
	OmyJC19ROGR_0295a
	OmyJC19ROGR_0295b
	OmyJC19ROGR_0303a
	OmyJC19ROGR_0319a
	OmyJC19ROGR_0319b
	OmyJC19ROGR_0288a
	OmyJC19ROGR_0304a
	OmyJC19ROGR_0320a
	OmyJC19ROGR_0328a
	OmyJC19ROGR_0289a
	OmyJC19ROGR_0314a
	OmyJC19ROGR_0322a
	OmyJC19ROGR_0322b
	OmyJC19ROGR_0205a
	OmyJC19ROGR_0229a
	OmyJC19ROGR_0233a
	OmyJC19ROGR_0237a
	OmyJC19ROGR_0237b
	OmyJC19ROGR_0277a
	OmyJC19ROGR_0277b
	OmyJC19ROGR_0214a
	OmyJC19ROGR_0230a
	OmyJC19ROGR_0254a
	OmyJC19ROGR_0254b
	OmyJC19ROGR_0270a
	OmyJC19ROGR_0270b
	OmyJC19ROGR_0207a
	OmyJC19ROGR_0207b
	OmyJC19ROGR_0215a
	OmyJC19ROGR_0223a
	OmyJC19ROGR_0231a
	OmyJC19ROGR_0239b
	OmyJC19ROGR_0247a
	OmyJC19ROGR_0247b
	OmyJC19ROGR_0263a
	OmyJC19ROGR_0271a
	OmyJC19ROGR_0271b
	OmyJC19ROGR_0279b
	OmyJC19ROGR_0200a
	OmyJC19ROGR_0240a
	OmyJC19ROGR_0240b
	OmyJC19ROGR_0248a
	OmyJC19ROGR_0280a
	OmyJC19ROGR_0280b
	OmyJC19ROGR_0209a
	OmyJC19ROGR_0209b
	OmyJC19ROGR_0265a
	OmyJC19ROGR_0265b
	OmyJC19ROGR_0273a
	OmyJC19ROGR_0281a
	OmyJC19ROGR_0218a
	OmyJC19ROGR_0218b
	OmyJC19ROGR_0234a
	OmyJC19ROGR_0250a
	OmyJC19ROGR_0211a
	OmyJC19ROGR_0227a
	OmyJC19ROGR_0235a
	OmyJC19ROGR_0196a
	OmyJC19ROGR_0196b
	OmyJC19ROGR_0212a
	OmyJC19ROGR_0228b
	OmyJC19ROGR_0252a
	OmyJC19ROGR_0268
OmyAC19ROGR_5083a	OmyAC19ROGR_5083a
	OmyAC19ROGR_4306a
	OmyAC19ROGR_5446a
	OmyAC19ROGR_4650a
	OmyAC19ROGR_5328a
	OmyJC19ROGR_0074a
	OmyJC19ROGR_0051a
	OmyJC19ROGR_0004a
	OmyJC19ROGR_0029a
	OmyJC19ROGR_0079a
	OmyJC19ROGR_0056a
	OmyJC19ROGR_0097a
	OmyJC19ROGR_0146b
	OmyJC19ROGR_0162b
	OmyAC19ROGR_5836b
	OmyAC19ROGR_5698a
	OmyAC19ROGR_5629a
	OmyAC19ROGR_5898b
	OmyAC19ROGR_5712a
	OmyAC19ROGR_5938a
	OmyAC19ROGR_5666a
	OmyJC18ROGR_0142a
	OmyJC18ROGR_0115b
	OmyJC18ROGR_0337a
	OmyJC18ROGR_0319a
	OmyJC18ROGR_0545a
	OmyJC18ROGR_0605a
	OmyJC18ROGR_1025a
	OmyJC18ROGR_0621a
	OmyJC19ROGR_0216a
OmyAC19ROGR_4239a	OmyAC19ROGR_4239a
	OmyAC19ROGR_5129b
	OmyAC19ROGR_5455a
	OmyJC19ROGR_0001a
	OmyJC19ROGR_0063a
	OmyJC19ROGR_0040b
	OmyJC19ROGR_0064a
	OmyJC19ROGR_0160a
	OmyJC19ROGR_0176a
	OmyJC19ROGR_0176b
	OmyAC19ROGR_6072a
	OmyAC19ROGR_5697a
	OmyAC19ROGR_5893a
	OmyAC19ROGR_5819b
	OmyJC18ROGR_0131a
	OmyJC18ROGR_0325b
	OmyJC18ROGR_0407a
	OmyJC18ROGR_0427b
	OmyJC18ROGR_0539a
	OmyJC18ROGR_0615a
	OmyJC18ROGR_0911a
	OmyJC18ROGR_1008a
	OmyJC18ROGR_0629a
	OmyJC18ROGR_0907a
	OmyJC18ROGR_0250a
	OmyJC19ROGR_0284a
	OmyJC19ROGR_0070a
	OmyJC19ROGR_0313a
	OmyJC19ROGR_0221a
	OmyJC19ROGR_0245a
	OmyJC19ROGR_0269a
	OmyJC19ROGR_0278a
	OmyJC19ROGR_0217a
	OmyJC19ROGR_0249b
	OmyJC19ROGR_0258b
OmyJC19ROGR_0113a	OmyJC19ROGR_0113a
	OmyAC19ROGR_5627a
	OmyJC18ROGR_0111b
	OmyJC18ROGR_0316a
	OmyJC18ROGR_0426a
	OmyJC18ROGR_0538a
	OmyJC19ROGR_0286a
	OmyJC19ROGR_0313b
	OmyJC19ROGR_0191b
OmyAC19ROGR_3410a	OmyAC19ROGR_3410a
	OmyAC19ROGR_4154a
	OmyAC19ROGR_4154b
	OmyAC19ROGR_4253b
	OmyAC19ROGR_4557a
	OmyAC19ROGR_4971b
	OmyAC19ROGR_5056b
	OmyAC19ROGR_5250b
	OmyAC19ROGR_5417b
	OmyAC19ROGR_4846b
	OmyAC19ROGR_5064b
	OmyAC19ROGR_5434a
	OmyAC19ROGR_5614b
	OmyAC19ROGR_4038b
	OmyAC19ROGR_4287a
	OmyAC19ROGR_4967b
	OmyAC19ROGR_5083b
	OmyAC19ROGR_5445a
	OmyAC19ROGR_5494b
	OmyAC19ROGR_5542b
	OmyAC19ROGR_4044b
	OmyAC19ROGR_4306b
	OmyAC19ROGR_4607b
	OmyAC19ROGR_4868b
	OmyAC19ROGR_5446b
	OmyAC19ROGR_5505b
	OmyAC19ROGR_5543b
	OmyAC19ROGR_5621b
	OmyAC19ROGR_4060b
	OmyAC19ROGR_4338b
	OmyAC19ROGR_4650b
	OmyAC19ROGR_5328b
	OmyAC19ROGR_5452a
	OmyAC19ROGR_5544b
	OmyAC19ROGR_5622b
	OmyAC19ROGR_4402a
	OmyAC19ROGR_4787b
	OmyAC19ROGR_4898b
	OmyAC19ROGR_4972b
	OmyAC19ROGR_5453b
	OmyAC19ROGR_5624b
	OmyAC19ROGR_4087a
	OmyAC19ROGR_4248a
	OmyAC19ROGR_4248b
	OmyAC19ROGR_4403b
	OmyAC19ROGR_4803b
	OmyAC19ROGR_5225a
	OmyAC19ROGR_5454b
	OmyAC19ROGR_5508b
	OmyAC19ROGR_4252a
	OmyAC19ROGR_4833a
	OmyAC19ROGR_5055b
	OmyAC19ROGR_5249a
	OmyAC19ROGR_5455b
	OmyAC19ROGR_5602b
	OmyJC19ROGR_0033a
	OmyJC19ROGR_0033b
	OmyJC19ROGR_0041a
	OmyJC19ROGR_0041b
	OmyJC19ROGR_0073a
	OmyJC19ROGR_0073b
	OmyJC19ROGR_0089b
	OmyJC19ROGR_0010b
	OmyJC19ROGR_0026b
	OmyJC19ROGR_0034a
	OmyJC19ROGR_0034b
	OmyJC19ROGR_0042a
	OmyJC19ROGR_0042b
	OmyJC19ROGR_0058a
	OmyJC19ROGR_0058b
	OmyJC19ROGR_0074b
	OmyJC19ROGR_0090a
	OmyJC19ROGR_0090b
	OmyJC19ROGR_0003b
	OmyJC19ROGR_0043a
	OmyJC19ROGR_0043b
	OmyJC19ROGR_0051b
	OmyJC19ROGR_0067b
	OmyJC19ROGR_0083a
	OmyJC19ROGR_0083b
	OmyJC19ROGR_0004b
	OmyJC19ROGR_0020b
	OmyJC19ROGR_0028a
	OmyJC19ROGR_0028b
	OmyJC19ROGR_0052a
	OmyJC19ROGR_0052b
	OmyJC19ROGR_0060b
	OmyJC19ROGR_0076b
	OmyJC19ROGR_0084a
	OmyJC19ROGR_0092a
	OmyJC19ROGR_0005b
	OmyJC19ROGR_0013a
	OmyJC19ROGR_0013b
	OmyJC19ROGR_0029b
	OmyJC19ROGR_0061a
	OmyJC19ROGR_0077a
	OmyJC19ROGR_0085b
	OmyJC19ROGR_0093a
	OmyJC19ROGR_0093b
	OmyJC19ROGR_0038a
	OmyJC19ROGR_0038b
	OmyJC19ROGR_0062b
	OmyJC19ROGR_0078a
	OmyJC19ROGR_0078b
	OmyJC19ROGR_0094a
	OmyJC19ROGR_0015a
	OmyJC19ROGR_0015b
	OmyJC19ROGR_0031b
	OmyJC19ROGR_0047b
	OmyJC19ROGR_0055a
	OmyJC19ROGR_0063b
	OmyJC19ROGR_0079b
	OmyJC19ROGR_0087b
	OmyJC19ROGR_0056b
	OmyJC19ROGR_0072a
	OmyJC19ROGR_0072b
	OmyJC19ROGR_0095b
	OmyJC19ROGR_0119b
	OmyJC19ROGR_0127a
	OmyJC19ROGR_0127b
	OmyJC19ROGR_0135a
	OmyJC19ROGR_0135b
	OmyJC19ROGR_0143b
	OmyJC19ROGR_0151a
	OmyJC19ROGR_0167b
	OmyJC19ROGR_0104a
	OmyJC19ROGR_0104b
	OmyJC19ROGR_0128b
	OmyJC19ROGR_0136a
	OmyJC19ROGR_0136b
	OmyJC19ROGR_0144b
	OmyJC19ROGR_0097b
	OmyJC19ROGR_0113b
	OmyJC19ROGR_0121a
	OmyJC19ROGR_0137a
	OmyJC19ROGR_0137b
	OmyJC19ROGR_0106a
	OmyJC19ROGR_0114b
	OmyJC19ROGR_0138b
	OmyJC19ROGR_0146a
	OmyJC19ROGR_0162a
	OmyJC19ROGR_0099b
	OmyJC19ROGR_0131a
	OmyJC19ROGR_0131b
	OmyJC19ROGR_0179a
	OmyJC19ROGR_0116a
	OmyJC19ROGR_0132b
	OmyJC19ROGR_0109a
	OmyJC19ROGR_0133b
	OmyJC19ROGR_0141a
	OmyJC19ROGR_0141b
	OmyJC19ROGR_0149b
	OmyJC19ROGR_0157b
	OmyJC19ROGR_0165a
	OmyJC19ROGR_0181b
	OmyJC19ROGR_0110a
	OmyJC19ROGR_0126b
	OmyJC19ROGR_0142a
	OmyJC19ROGR_0142b
	OmyJC19ROGR_0158a
	OmyJC19ROGR_0158b
	OmyJC19ROGR_0166b
	OmyJC19ROGR_0174b
	OmyAC19ROGR_5625b
	OmyAC19ROGR_5720a
	OmyAC19ROGR_5820b
	OmyAC19ROGR_5836a
	OmyAC19ROGR_5679a
	OmyAC19ROGR_5753b
	OmyAC19ROGR_6072b
	OmyAC19ROGR_5833b
	OmyAC19ROGR_5996a
	OmyAC19ROGR_5628b
	OmyAC19ROGR_5698b
	OmyAC19ROGR_5629b
	OmyAC19ROGR_5766b
	OmyAC19ROGR_6017a
	OmyAC19ROGR_6017b
	OmyAC19ROGR_5712b
	OmyAC19ROGR_5808b
	OmyAC19ROGR_5841a
	OmyAC19ROGR_5938b
	OmyAC19ROGR_6024a
	OmyAC19ROGR_6155a
	OmyAC19ROGR_5666b
	OmyAC19ROGR_6033b
	OmyAC19ROGR_5810a
	OmyJC18ROGR_0101a
	OmyJC18ROGR_0133b
	OmyJC18ROGR_0141b
	OmyJC18ROGR_0204b
	OmyJC18ROGR_0102b
	OmyJC18ROGR_0134b
	OmyJC18ROGR_0142b
	OmyJC18ROGR_0127a
	OmyJC18ROGR_0127b
	OmyJC18ROGR_0135b
	OmyJC18ROGR_0151a
	OmyJC18ROGR_0206a
	OmyJC18ROGR_0206b
	OmyJC18ROGR_0214a
	OmyJC18ROGR_0214b
	OmyJC18ROGR_0120a
	OmyJC18ROGR_0120b
	OmyJC18ROGR_0144b
	OmyJC18ROGR_0223a
	OmyJC18ROGR_0239a
	OmyJC18ROGR_0105b
	OmyJC18ROGR_0113b
	OmyJC18ROGR_0121b
	OmyJC18ROGR_0208a
	OmyJC18ROGR_0224b
	OmyJC18ROGR_0232a
	OmyJC18ROGR_0240b
	OmyJC18ROGR_0217b
	OmyJC18ROGR_0241a
	OmyJC18ROGR_0123a
	OmyJC18ROGR_0123b
	OmyJC18ROGR_0139a
	OmyJC18ROGR_0139b
	OmyJC18ROGR_0147a
	OmyJC18ROGR_0218b
	OmyJC18ROGR_0226b
	OmyJC18ROGR_0116a
	OmyJC18ROGR_0116b
	OmyJC18ROGR_0132a
	OmyJC18ROGR_0235b
	OmyJC18ROGR_0337b
	OmyJC18ROGR_0353a
	OmyJC18ROGR_0403a
	OmyJC18ROGR_0403b
	OmyJC18ROGR_0411b
	OmyJC18ROGR_0306b
	OmyJC18ROGR_0307b
	OmyJC18ROGR_0331b
	OmyJC18ROGR_0405a
	OmyJC18ROGR_0413a
	OmyJC18ROGR_0413b
	OmyJC18ROGR_0421a
	OmyJC18ROGR_0421b
	OmyJC18ROGR_0340a
	OmyJC18ROGR_0340b
	OmyJC18ROGR_0309a
	OmyJC18ROGR_0333a
	OmyJC18ROGR_0415b
	OmyJC18ROGR_0247b
	OmyJC18ROGR_0326a
	OmyJC18ROGR_0408a
	OmyJC18ROGR_0248a
	OmyJC18ROGR_0319b
	OmyJC18ROGR_0249a
	OmyJC18ROGR_0320a
	OmyJC18ROGR_0344b
	OmyJC18ROGR_0418b
	OmyJC18ROGR_0425a
	OmyJC18ROGR_0425b
	OmyJC18ROGR_0505b
	OmyJC18ROGR_0513b
	OmyJC18ROGR_0545b
	OmyJC18ROGR_0610a
	OmyJC18ROGR_0434b
	OmyJC18ROGR_0442b
	OmyJC18ROGR_0514b
	OmyJC18ROGR_0611a
	OmyJC18ROGR_0611b
	OmyJC18ROGR_0515a
	OmyJC18ROGR_0515b
	OmyJC18ROGR_0531a
	OmyJC18ROGR_0539b
	OmyJC18ROGR_0452a
	OmyJC18ROGR_0452b
	OmyJC18ROGR_0605b
	OmyJC18ROGR_0525a
	OmyJC18ROGR_0541b
	OmyJC18ROGR_0606a
	OmyJC18ROGR_0606b
	OmyJC18ROGR_0438b
	OmyJC18ROGR_0518a
	OmyJC18ROGR_0526a
	OmyJC18ROGR_0607a
	OmyJC18ROGR_0607b
	OmyJC18ROGR_0431b
	OmyJC18ROGR_0527a
	OmyJC18ROGR_0527b
	OmyJC18ROGR_0608b
	OmyJC18ROGR_0440a
	OmyJC18ROGR_0440b
	OmyJC18ROGR_0448b
	OmyJC18ROGR_0504a
	OmyJC18ROGR_0504b
	OmyJC18ROGR_0520a
	OmyJC18ROGR_0520b
	OmyJC18ROGR_0528a
	OmyJC18ROGR_0528b
	OmyJC18ROGR_0544b
	OmyJC18ROGR_0640b
	OmyJC18ROGR_0701a
	OmyJC18ROGR_0701b
	OmyJC18ROGR_0617b
	OmyJC18ROGR_0633b
	OmyJC18ROGR_0641b
	OmyJC18ROGR_0649a
	OmyJC18ROGR_0649b
	OmyJC18ROGR_0911b
	OmyJC18ROGR_0642a
	OmyJC18ROGR_0642b
	OmyJC18ROGR_0703b
	OmyJC18ROGR_0912a
	OmyJC18ROGR_0643b
	OmyJC18ROGR_0651a
	OmyJC18ROGR_0651b
	OmyJC18ROGR_0704b
	OmyJC18ROGR_1001a
	OmyJC18ROGR_1025b
	OmyJC18ROGR_0620a
	OmyJC18ROGR_0620b
	OmyJC18ROGR_0628a
	OmyJC18ROGR_0636a
	OmyJC18ROGR_0636b
	OmyJC18ROGR_0652a
	OmyJC18ROGR_1010b
	OmyJC18ROGR_0621b
	OmyJC18ROGR_0653a
	OmyJC18ROGR_0907b
	OmyJC18ROGR_1011b
	OmyJC18ROGR_0707b
	OmyJC18ROGR_0631a
	OmyJC18ROGR_0631b
	OmyJC18ROGR_0655b
	OmyJC18ROGR_0708b
	OmyJC18ROGR_0909b
	OmyAC19CORH_0104a
	OmyAC19CORH_0104b
	OmyAC19CORH_0208a
	OmyAC19CORH_0208b
	OmyAC19CORH_0216a
	OmyAC19CORH_0216b
	OmyAC19CORH_0224a
	OmyAC19CORH_0224b
	OmyAC19CORH_0232a
	OmyAC19CORH_0232b
	OmyAC19CORH_0240a
	OmyAC19CORH_0240b
	OmyAC19CORH_0201a
	OmyAC19CORH_0201b
	OmyAC19CORH_0209a
	OmyAC19CORH_0209b
	OmyAC19CORH_0217a
	OmyAC19CORH_0217b
	OmyAC19CORH_0225a
	OmyAC19CORH_0225b
	OmyAC19CORH_0233a
	OmyAC19CORH_0233b
	OmyAC19CORH_0241a
	OmyAC19CORH_0241b
	OmyAC19CORH_0202a
	OmyAC19CORH_0202b
	OmyJC18ROGR_0910a
	OmyJC18ROGR_0910b
	OmyAC19CORH_0210a
	OmyAC19CORH_0210b
	OmyAC19CORH_0218a
	OmyAC19CORH_0218b
	OmyAC19CORH_0226a
	OmyAC19CORH_0226b
	OmyAC19CORH_0234a
	OmyAC19CORH_0234b
	OmyJC18ROGR_0230b
	OmyAC19CORH_0203a
	OmyAC19CORH_0203b
	OmyAC19CORH_0211a
	OmyAC19CORH_0211b
	OmyAC19CORH_0219a
	OmyAC19CORH_0219b
	OmyAC19CORH_0227a
	OmyAC19CORH_0227b
	OmyAC19CORH_0235a
	OmyAC19CORH_0235b
	OmyAC19CORH_0204a
	OmyAC19CORH_0204b
	OmyJC18ROGR_1030b
	OmyAC19CORH_0212a
	OmyAC19CORH_0212b
	OmyAC19CORH_0220a
	OmyAC19CORH_0220b
	OmyAC19CORH_0228a
	OmyAC19CORH_0228b
	OmyAC19CORH_0236a
	OmyAC19CORH_0236b
	OmyJC18ROGR_1103a
	OmyJC18ROGR_1103b
	OmyAC19CORH_0205a
	OmyAC19CORH_0205b
	OmyAC19CORH_0213a
	OmyAC19CORH_0213b
	OmyAC19CORH_0221a
	OmyAC19CORH_0221b
	OmyAC19CORH_0229a
	OmyAC19CORH_0229b
	OmyAC19CORH_0237a
	OmyAC19CORH_0237b
	OmyJC18ROGR_1104a
	OmyJC18ROGR_1104b
	OmyAC19CORH_0206a
	OmyAC19CORH_0206b
	OmyAC19CORH_0214a
	OmyAC19CORH_0214b
	OmyAC19CORH_0222a
	OmyAC19CORH_0222b
	OmyAC19CORH_0230a
	OmyAC19CORH_0230b
	OmyAC19CORH_0238a
	OmyAC19CORH_0238b
	OmyJC18ROGR_1105b
	OmyAC19CORH_0207a
	OmyAC19CORH_0207b
	OmyAC19CORH_0215a
	OmyAC19CORH_0215b
	OmyAC19CORH_0223a
	OmyAC19CORH_0223b
	OmyAC19CORH_0231a
	OmyAC19CORH_0231b
	OmyAC19CORH_0239a
	OmyAC19CORH_0239b
	OmyJC19ROGR_0299a
	OmyJC19ROGR_0299b
	OmyJC19ROGR_0307b
	OmyJC19ROGR_0315b
	OmyJC19ROGR_0327b
	OmyJC19ROGR_0284b
	OmyJC19ROGR_0300a
	OmyJC19ROGR_0300b
	OmyJC19ROGR_0301a
	OmyJC19ROGR_0325a
	OmyJC19ROGR_0325b
	OmyJC19ROGR_0190b
	OmyJC19ROGR_0318b
	OmyJC19ROGR_0287a
	OmyJC19ROGR_0287b
	OmyJC19ROGR_0070b
	OmyJC19ROGR_0288b
	OmyJC19ROGR_0312a
	OmyJC19ROGR_0312b
	OmyJC19ROGR_0297a
	OmyJC19ROGR_0297b
	OmyJC19ROGR_0329a
	OmyJC19ROGR_0329b
	OmyJC19ROGR_0298a
	OmyJC19ROGR_0298b
	OmyJC19ROGR_0330a
	OmyJC19ROGR_0330b
	OmyJC19ROGR_0213a
	OmyJC19ROGR_0213b
	OmyJC19ROGR_0198b
	OmyJC19ROGR_0206b
	OmyJC19ROGR_0222b
	OmyJC19ROGR_0230b
	OmyJC19ROGR_0238b
	OmyJC19ROGR_0246a
	OmyJC19ROGR_0246b
	OmyJC19ROGR_0223b
	OmyJC19ROGR_0231b
	OmyJC19ROGR_0255a
	OmyJC19ROGR_0255b
	OmyJC19ROGR_0263b
	OmyJC19ROGR_0200b
	OmyJC19ROGR_0208b
	OmyJC19ROGR_0216b
	OmyJC19ROGR_0232a
	OmyJC19ROGR_0232b
	OmyJC19ROGR_0217b
	OmyJC19ROGR_0241a
	OmyJC19ROGR_0257a
	OmyJC19ROGR_0257b
	OmyJC19ROGR_0273b
	OmyJC19ROGR_0281b
	OmyJC19ROGR_0194b
	OmyJC19ROGR_0202a
	OmyJC19ROGR_0226a
	OmyJC19ROGR_0242a
	OmyJC19ROGR_0242b
	OmyJC19ROGR_0250b
	OmyJC19ROGR_0266b
	OmyJC19ROGR_0274a
	OmyJC19ROGR_0274b
	OmyJC19ROGR_0282b
	OmyJC19ROGR_0203a
	OmyJC19ROGR_0203b
	OmyJC19ROGR_0219a
	OmyJC19ROGR_0219b
	OmyJC19ROGR_0235b
	OmyJC19ROGR_0267b
	OmyJC19ROGR_0275a
	OmyJC19ROGR_0275b
	OmyJC19ROGR_0220a
	OmyJC19ROGR_0220b
	OmyJC19ROGR_0236a
	OmyJC19ROGR_0252b
OmyAC19ROGR_6155b	OmyAC19ROGR_6155b
	OmyJC18ROGR_0106b
	OmyJC18ROGR_0526b
OmyAC19ROGR_5816b	OmyAC19ROGR_5816b
	OmyJC18ROGR_0906b
OmyJC18ROGR_0217a	OmyJC18ROGR_0217a
	OmyJC18ROGR_0540b
	OmyJC18ROGR_0613b
	OmyJC19ROGR_0307a
	OmyJC19ROGR_0206a
OmyAC19ROGR_4557b	OmyAC19ROGR_4557b
	OmyAC19ROGR_4913b
	OmyAC19ROGR_5225b
	OmyAC19ROGR_5249b
	OmyJC19ROGR_0077b
	OmyJC19ROGR_0121b
	OmyJC19ROGR_0179b
	OmyJC19ROGR_0181a
	OmyJC18ROGR_0208b
	OmyJC18ROGR_0232b
	OmyJC18ROGR_0147b
	OmyJC18ROGR_0132b
	OmyJC18ROGR_0309b
	OmyJC18ROGR_0248b
	OmyJC18ROGR_0531b
	OmyJC18ROGR_0437b
OmyAC19ROGR_5417a	OmyAC19ROGR_5417a
	OmyAC19ROGR_4038a
	OmyAC19ROGR_4044a
	OmyAC19ROGR_4972a
	OmyJC19ROGR_0062a
	OmyJC19ROGR_0095a
	OmyJC19ROGR_0114a
	OmyJC19ROGR_0172a
	OmyJC19ROGR_0173a
	OmyJC19ROGR_0102a
	OmyJC19ROGR_0166a
	OmyJC19ROGR_0174a
	OmyAC19ROGR_5631a
	OmyJC18ROGR_0415a
	OmyJC18ROGR_0431a
	OmyJC18ROGR_0448a
	OmyJC18ROGR_0704a
	OmyJC18ROGR_0230a
	OmyJC18ROGR_1105a
	OmyJC19ROGR_0315a
	OmyJC19ROGR_0318a
	OmyJC19ROGR_0222a
	OmyJC19ROGR_0238a
	OmyJC19ROGR_0208a
	OmyJC19ROGR_0194a
	OmyJC19ROGR_0282a
	OmyJC19ROGR_0267a
OmyJC19ROGR_0154b	OmyJC19ROGR_0154b
	OmyJC18ROGR_0407b
	OmyJC18ROGR_0538b
OmyAC19ROGR_4970a	OmyAC19ROGR_4970a
	OmyAC19ROGR_4338a
	OmyJC19ROGR_0019b
	OmyJC19ROGR_0048a
	OmyJC19ROGR_0163a
	OmyJC19ROGR_0132a
	OmyJC19ROGR_0102b
	OmyJC18ROGR_1014b
	OmyJC18ROGR_0630b
	OmyJC19ROGR_0327a
	OmyJC19ROGR_0321a
	OmyJC19ROGR_0197b
	OmyJC19ROGR_0269b
OmyAC19ROGR_3410b	OmyAC19ROGR_3410b
	OmyAC19ROGR_4253a
	OmyAC19ROGR_4928b
	OmyAC19ROGR_4971a
	OmyAC19ROGR_5250a
	OmyAC19ROGR_5531b
	OmyAC19ROGR_5609b
	OmyAC19ROGR_3420b
	OmyAC19ROGR_4568b
	OmyAC19ROGR_5434b
	OmyAC19ROGR_4239b
	OmyAC19ROGR_5445b
	OmyAC19ROGR_4242a
	OmyAC19ROGR_4242b
	OmyAC19ROGR_4970b
	OmyAC19ROGR_5128b
	OmyAC19ROGR_5327b
	OmyAC19ROGR_5452b
	OmyAC19ROGR_4064b
	OmyAC19ROGR_4246b
	OmyAC19ROGR_4402b
	OmyAC19ROGR_5363b
	OmyAC19ROGR_4087b
	OmyAC19ROGR_5398b
	OmyAC19ROGR_5508a
	OmyAC19ROGR_4252b
	OmyAC19ROGR_4833b
	OmyAC19ROGR_5509b
	OmyAC19ROGR_5602a
	OmyJC19ROGR_0057a
	OmyJC19ROGR_0057b
	OmyJC19ROGR_0081b
	OmyJC19ROGR_0002b
	OmyJC19ROGR_0082b
	OmyJC19ROGR_0011a
	OmyJC19ROGR_0059b
	OmyJC19ROGR_0091a
	OmyJC19ROGR_0091b
	OmyJC19ROGR_0068b
	OmyJC19ROGR_0084b
	OmyJC19ROGR_0092b
	OmyJC19ROGR_0021b
	OmyJC19ROGR_0037b
	OmyJC19ROGR_0061b
	OmyJC19ROGR_0022b
	OmyJC19ROGR_0046b
	OmyJC19ROGR_0054b
	OmyJC19ROGR_0094b
	OmyJC19ROGR_0023b
	OmyJC19ROGR_0055b
	OmyJC19ROGR_0032b
	OmyJC19ROGR_0139b
	OmyJC19ROGR_0175b
	OmyJC19ROGR_0183b
	OmyJC19ROGR_0112b
	OmyJC19ROGR_0160b
	OmyJC19ROGR_0184b
	OmyJC19ROGR_0177b
	OmyJC19ROGR_0106b
	OmyJC19ROGR_0122b
	OmyJC19ROGR_0178b
	OmyJC19ROGR_0186b
	OmyJC19ROGR_0107b
	OmyJC19ROGR_0123b
	OmyJC19ROGR_0147b
	OmyJC19ROGR_0155b
	OmyJC19ROGR_0163b
	OmyJC19ROGR_0171a
	OmyJC19ROGR_0100a
	OmyJC19ROGR_0100b
	OmyJC19ROGR_0116b
	OmyJC19ROGR_0124b
	OmyJC19ROGR_0156b
	OmyJC19ROGR_0109b
	OmyJC19ROGR_0117b
	OmyJC19ROGR_0165b
	OmyJC19ROGR_0173b
	OmyJC19ROGR_0110b
	OmyJC19ROGR_0118b
	OmyJC19ROGR_0134b
	OmyAC19ROGR_5720b
	OmyAC19ROGR_5751b
	OmyAC19ROGR_5844b
	OmyAC19ROGR_6039b
	OmyAC19ROGR_5721b
	OmyAC19ROGR_5811b
	OmyAC19ROGR_5756b
	OmyAC19ROGR_5812b
	OmyAC19ROGR_5996b
	OmyAC19ROGR_6119a
	OmyAC19ROGR_6119b
	OmyAC19ROGR_5757b
	OmyAC19ROGR_5834b
	OmyAC19ROGR_6125b
	OmyAC19ROGR_5699b
	OmyAC19ROGR_6016b
	OmyAC19ROGR_5470b
	OmyAC19ROGR_5779b
	OmyAC19ROGR_5913b
	OmyAC19ROGR_6140a
	OmyAC19ROGR_6140b
	OmyAC19ROGR_5818b
	OmyAC19ROGR_5841b
	OmyAC19ROGR_5750a
	OmyAC19ROGR_5750b
	OmyAC19ROGR_5842a
	OmyAC19ROGR_5842b
	OmyAC19ROGR_5961b
	OmyAC19ROGR_0053b
	OmyAC19ROGR_5810b
	OmyJC18ROGR_0101b
	OmyJC18ROGR_0109a
	OmyJC18ROGR_0109b
	OmyJC18ROGR_0117b
	OmyJC18ROGR_0212b
	OmyJC18ROGR_0220b
	OmyJC18ROGR_0228b
	OmyJC18ROGR_0236b
	OmyJC18ROGR_0213b
	OmyJC18ROGR_0229b
	OmyJC18ROGR_0151b
	OmyJC18ROGR_0104b
	OmyJC18ROGR_0112b
	OmyJC18ROGR_0136b
	OmyJC18ROGR_0152b
	OmyJC18ROGR_0215b
	OmyJC18ROGR_0223b
	OmyJC18ROGR_0239b
	OmyJC18ROGR_0113a
	OmyJC18ROGR_0129a
	OmyJC18ROGR_0129b
	OmyJC18ROGR_0122b
	OmyJC18ROGR_0201b
	OmyJC18ROGR_0209b
	OmyJC18ROGR_0241b
	OmyJC18ROGR_0108b
	OmyJC18ROGR_0148a
	OmyJC18ROGR_0148b
	OmyJC18ROGR_0203b
	OmyJC18ROGR_0211b
	OmyJC18ROGR_0227b
	OmyJC18ROGR_0235a
	OmyJC18ROGR_0242b
	OmyJC18ROGR_0305b
	OmyJC18ROGR_0313b
	OmyJC18ROGR_0321b
	OmyJC18ROGR_0329b
	OmyJC18ROGR_0353b
	OmyJC18ROGR_0419b
	OmyJC18ROGR_0243b
	OmyJC18ROGR_0314a
	OmyJC18ROGR_0314b
	OmyJC18ROGR_0354a
	OmyJC18ROGR_0354b
	OmyJC18ROGR_0404b
	OmyJC18ROGR_0315b
	OmyJC18ROGR_0405b
	OmyJC18ROGR_0245b
	OmyJC18ROGR_0332b
	OmyJC18ROGR_0348b
	OmyJC18ROGR_0406b
	OmyJC18ROGR_0422b
	OmyJC18ROGR_0301b
	OmyJC18ROGR_0333b
	OmyJC18ROGR_0341b
	OmyJC18ROGR_0349b
	OmyJC18ROGR_0326b
	OmyJC18ROGR_0408b
	OmyJC18ROGR_0416a
	OmyJC18ROGR_0416b
	OmyJC18ROGR_0424b
	OmyJC18ROGR_0311b
	OmyJC18ROGR_0417b
	OmyJC18ROGR_0249b
	OmyJC18ROGR_0304b
	OmyJC18ROGR_0320b
	OmyJC18ROGR_0336b
	OmyJC18ROGR_0441b
	OmyJC18ROGR_0449b
	OmyJC18ROGR_0513a
	OmyJC18ROGR_0529b
	OmyJC18ROGR_0537a
	OmyJC18ROGR_0537b
	OmyJC18ROGR_0610b
	OmyJC18ROGR_0603b
	OmyJC18ROGR_0451b
	OmyJC18ROGR_0428b
	OmyJC18ROGR_0436b
	OmyJC18ROGR_0444b
	OmyJC18ROGR_0508b
	OmyJC18ROGR_0516b
	OmyJC18ROGR_0532b
	OmyJC18ROGR_0548a
	OmyJC18ROGR_0548b
	OmyJC18ROGR_0429b
	OmyJC18ROGR_0525b
	OmyJC18ROGR_0614b
	OmyJC18ROGR_0518b
	OmyJC18ROGR_0615b
	OmyJC18ROGR_0439b
	OmyJC18ROGR_0519a
	OmyJC18ROGR_0519b
	OmyJC18ROGR_0535b
	OmyJC18ROGR_0512b
	OmyJC18ROGR_0536b
	OmyJC18ROGR_0544a
	OmyJC18ROGR_0609b
	OmyJC18ROGR_0624b
	OmyJC18ROGR_0648b
	OmyJC18ROGR_0902b
	OmyJC18ROGR_1022b
	OmyJC18ROGR_0617a
	OmyJC18ROGR_0625b
	OmyJC18ROGR_0903b
	OmyJC18ROGR_1015b
	OmyJC18ROGR_0618b
	OmyJC18ROGR_0912b
	OmyJC18ROGR_1008b
	OmyJC18ROGR_0627b
	OmyJC18ROGR_0635b
	OmyJC18ROGR_1001b
	OmyJC18ROGR_1009b
	OmyJC18ROGR_0652b
	OmyJC18ROGR_0906a
	OmyJC18ROGR_1018b
	OmyJC18ROGR_0637b
	OmyJC18ROGR_0645b
	OmyJC18ROGR_0653b
	OmyJC18ROGR_1003b
	OmyJC18ROGR_1019a
	OmyJC18ROGR_1019b
	OmyJC18ROGR_0622b
	OmyJC18ROGR_0654b
	OmyJC18ROGR_1004b
	OmyJC18ROGR_1020a
	OmyJC18ROGR_1020b
	OmyJC18ROGR_0639b
	OmyJC18ROGR_1005b
	OmyAC19ROGR_0134b
	OmyAC19APPR_0108b
	OmyJC18ROGR_0150b
	OmyAC19APPR_0219b
	OmyAC19ROGR_0128b
	OmyAC19APPR_0114b
	OmyAC19APPR_0213b
	OmyJC18ROGR_0510b
	OmyJC18ROGR_1102b
	OmyAC19APPR_0214b
	OmyAC19APPR_0222b
	OmyJC18ROGR_0530b
	OmyAC19ROGR_0140b
	OmyAC19ROGR_0187b
	OmyAC19APPR_0120b
	OmyAC19APPR_0215b
	OmyAC19ROGR_0141b
	OmyAC19APPR_0122b
	OmyJC19ROGR_0323b
	OmyJC19ROGR_0308b
	OmyJC19ROGR_0293b
	OmyJC19ROGR_0301b
	OmyJC19ROGR_0030b
	OmyJC19ROGR_0294a
	OmyJC19ROGR_0294b
	OmyJC19ROGR_0310b
	OmyJC19ROGR_0050b
	OmyJC19ROGR_0210a
	OmyJC19ROGR_0210b
	OmyJC19ROGR_0304b
	OmyJC19ROGR_0320b
	OmyJC19ROGR_0328b
	OmyJC19ROGR_0289b
	OmyJC19ROGR_0305a
	OmyJC19ROGR_0305b
	OmyJC19ROGR_0321b
	OmyJC19ROGR_0314b
	OmyJC19ROGR_0189b
	OmyJC19ROGR_0197a
	OmyJC19ROGR_0205b
	OmyJC19ROGR_0221b
	OmyJC19ROGR_0229b
	OmyJC19ROGR_0233b
	OmyJC19ROGR_0253a
	OmyJC19ROGR_0253b
	OmyJC19ROGR_0198a
	OmyJC19ROGR_0262b
	OmyJC19ROGR_0248b
	OmyJC19ROGR_0241b
	OmyJC19ROGR_0202b
	OmyJC19ROGR_0226b
	OmyJC19ROGR_0234b
	OmyJC19ROGR_0266a
	OmyJC19ROGR_0227b
	OmyJC19ROGR_0204b
	OmyJC19ROGR_0236b
	OmyJC19ROGR_0268a
OmyAC19ROGR_4287b	OmyAC19ROGR_4287b
	OmyJC19ROGR_0151b
	OmyAC19ROGR_5697b
	OmyAC19ROGR_6024b
	OmyJC18ROGR_0628b
OmyAC19ROGR_4845b	OmyAC19ROGR_4845b
	OmyAC19ROGR_5327a
	OmyAC19ROGR_5129a
	OmyAC19ROGR_4064a
	OmyAC19ROGR_5363a
	OmyAC19ROGR_5581b
	OmyJC19ROGR_0017b
	OmyJC19ROGR_0014b
	OmyJC19ROGR_0103a
	OmyJC19ROGR_0105b
	OmyJC19ROGR_0122a
	OmyJC19ROGR_0172b
	OmyAC19ROGR_5678b
	OmyAC19ROGR_5627b
	OmyAC19ROGR_5756a
	OmyAC19ROGR_5757a
	OmyJC18ROGR_0125b
	OmyJC18ROGR_0212a
	OmyJC18ROGR_0103b
	OmyJC18ROGR_0114b
	OmyJC18ROGR_0209a
	OmyJC18ROGR_0346b
	OmyJC18ROGR_0332a
	OmyJC18ROGR_0317a
	OmyJC18ROGR_0317b
	OmyJC18ROGR_0312a
	OmyJC18ROGR_0427a
	OmyJC18ROGR_0444a
	OmyJC18ROGR_0902a
	OmyJC18ROGR_0905a
	OmyJC18ROGR_1002a
	OmyJC18ROGR_0650b
	OmyJC19ROGR_0309b
	OmyJC19ROGR_0296a
	OmyJC19ROGR_0296b
	OmyJC19ROGR_0290b
	OmyJC19ROGR_0245b
	OmyJC19ROGR_0261a
	OmyJC19ROGR_0256b
	OmyJC19ROGR_0264a
	OmyJC19ROGR_0264b
	OmyJC19ROGR_0272b
	OmyJC19ROGR_0249a
	OmyJC19ROGR_0258a
	OmyJC19ROGR_0211b
	OmyJC19ROGR_0212b
	OmyJC19ROGR_0260b
OmyAC19ROGR_3420a	OmyAC19ROGR_3420a
	OmyAC19ROGR_4163b
	OmyAC19ROGR_5287b
	OmyAC19ROGR_4883b
	OmyAC19ROGR_4246a
	OmyAC19ROGR_4153b
	OmyAC19ROGR_4518a
	OmyAC19ROGR_4518b
	OmyAC19ROGR_5399b
	OmyJC19ROGR_0001b
	OmyJC19ROGR_0019a
	OmyJC19ROGR_0036a
	OmyJC19ROGR_0016b
	OmyJC19ROGR_0048b
	OmyJC19ROGR_0159b
	OmyJC19ROGR_0183a
	OmyJC19ROGR_0120b
	OmyJC19ROGR_0105a
	OmyJC19ROGR_0180b
	OmyAC19ROGR_5811a
	OmyAC19ROGR_5992b
	OmyAC19ROGR_5893b
	OmyAC19ROGR_5898a
	OmyAC19ROGR_5630b
	OmyAC19ROGR_5711b
	OmyAC19ROGR_5631b
	OmyAC19ROGR_5742b
	OmyAC19ROGR_5819a
	OmyJC18ROGR_0125a
	OmyJC18ROGR_0149b
	OmyJC18ROGR_0145b
	OmyJC18ROGR_0107b
	OmyJC18ROGR_0115a
	OmyJC18ROGR_0108a
	OmyJC18ROGR_0219a
	OmyJC18ROGR_0345b
	OmyJC18ROGR_0322b
	OmyJC18ROGR_0339a
	OmyJC18ROGR_0339b
	OmyJC18ROGR_0334b
	OmyJC18ROGR_0424a
	OmyJC18ROGR_0343a
	OmyJC18ROGR_0343b
	OmyJC18ROGR_0328b
	OmyJC18ROGR_0433b
	OmyJC18ROGR_0529a
	OmyJC18ROGR_0547a
	OmyJC18ROGR_0516a
	OmyJC18ROGR_1007b
	OmyJC18ROGR_1016a
	OmyJC18ROGR_1016b
	OmyJC18ROGR_0635a
	OmyJC18ROGR_0644b
	OmyJC18ROGR_0645a
	OmyJC18ROGR_0646b
	OmyJC18ROGR_1004a
	OmyJC18ROGR_0310b
	OmyJC19ROGR_0283a
	OmyJC19ROGR_0283b
	OmyJC19ROGR_0308a
	OmyJC19ROGR_0309a
	OmyJC19ROGR_0306b
	OmyJC19ROGR_0290a
	OmyJC19ROGR_0189a
	OmyJC19ROGR_0214b
	OmyJC19ROGR_0262a
	OmyJC19ROGR_0191a
	OmyJC19ROGR_0215b
	OmyJC19ROGR_0195a
	OmyJC19ROGR_0195b
	OmyJC19ROGR_0204a
	OmyJC19ROGR_0244b
OmyJC19ROGR_0187a	OmyJC19ROGR_0187a
	OmyAC19ROGR_5812a
