1        1   (0)      1  : 0.6471 0.3529
2        2   (0)      1  : 0.4950 0.5050
3        3   (0)      1  : 0.5713 0.4287
4        4   (0)      1  : 0.6587 0.3413
5        5   (1)      1  : 0.1757 0.8243
6        6   (0)      1  : 0.4187 0.5813
7        7   (0)      1  : 0.4100 0.5900
8        8   (0)      1  : 0.7100 0.2900
9        9   (0)      1  : 0.3663 0.6337
10       10   (0)      1  : 0.3863 0.6137
11       11   (0)      1  : 0.6102 0.3898
12       12   (0)      1  : 0.4583 0.5417
13       13   (0)      1  : 0.6835 0.3165
14       14   (0)      1  : 0.4754 0.5246
15       15   (0)      1  : 0.3653 0.6347
16       16   (0)      1  : 0.5483 0.4517
17       17   (0)      1  : 0.4998 0.5002
18       18   (3)      1  : 0.7565 0.2435
19       19   (0)      1  : 0.6158 0.3842
20       20   (0)      1  : 0.4047 0.5953
21       21   (0)      1  : 0.3804 0.6196
22       22   (0)      1  : 0.5813 0.4187
23       23   (0)      1  : 0.3713 0.6287
24       24   (1)      1  : 0.6325 0.3675
25       25   (0)      1  : 0.3696 0.6304
26       26   (0)      1  : 0.5148 0.4852
27       27   (2)      1  : 0.5952 0.4048
28       28   (0)      1  : 0.5798 0.4202
29       29   (0)      1  : 0.5123 0.4877
30       30   (0)      1  : 0.3405 0.6595
31       31   (0)      1  : 0.5690 0.4310
32       32   (0)      1  : 0.4720 0.5280
33       33   (0)      1  : 0.5418 0.4582
34       34   (0)      1  : 0.3626 0.6374
35       35   (0)      1  : 0.5700 0.4300
36       36   (0)      1  : 0.5890 0.4110
37       37   (0)      1  : 0.4425 0.5575
38       38   (0)      1  : 0.2896 0.7104
39       39   (0)      1  : 0.5291 0.4709
40       40   (0)      1  : 0.3791 0.6209
41       41   (0)      1  : 0.5795 0.4205
42       42   (0)      1  : 0.2443 0.7557
43       43   (0)      1  : 0.5581 0.4419
44       44   (8)      1  : 0.5992 0.4008
45       45   (2)      1  : 0.3952 0.6048
46       46   (0)      1  : 0.5610 0.4390
47       47   (0)      1  : 0.6522 0.3478
48       48   (0)      1  : 0.6527 0.3473
49       49   (0)      1  : 0.6339 0.3661
50       50   (0)      1  : 0.6255 0.3745
51       51   (2)      1  : 0.2456 0.7544
52       52   (0)      1  : 0.2215 0.7785
53       53   (1)      1  : 0.6477 0.3523
54       54   (0)      1  : 0.5577 0.4423
55       55   (4)      1  : 0.5652 0.4348
56       56   (0)      1  : 0.4416 0.5584
57       57   (0)      1  : 0.7057 0.2943
58       58   (0)      1  : 0.3041 0.6959
59       59   (0)      1  : 0.6455 0.3545
60       60   (0)      1  : 0.5045 0.4955
61       61   (0)      1  : 0.5442 0.4558
62       62   (0)      1  : 0.5695 0.4305
63       63   (0)      1  : 0.4913 0.5087
64       64   (2)      1  : 0.5477 0.4523
65       65   (0)      1  : 0.6398 0.3602
66       66   (5)      1  : 0.4268 0.5732
67       67   (0)      1  : 0.6744 0.3256
68       68   (1)      1  : 0.4636 0.5364
69       69   (3)      1  : 0.4735 0.5265
70       70   (0)      1  : 0.6396 0.3604
71       71   (0)      1  : 0.5898 0.4102
72       72   (5)      1  : 0.6051 0.3949
73       73   (0)      1  : 0.4772 0.5228
74       74   (0)      1  : 0.5532 0.4468
75       75   (0)      1  : 0.4962 0.5038
76       76   (0)      1  : 0.5754 0.4246
77       77   (1)      1  : 0.1441 0.8559
78       78   (0)      1  : 0.6306 0.3694
79       79   (3)      1  : 0.5477 0.4523
80       80   (0)      1  : 0.2325 0.7675
81       81   (3)      1  : 0.3942 0.6058
82       82   (1)      1  : 0.7854 0.2146
83       83   (0)      1  : 0.5946 0.4054
84       84   (0)      1  : 0.5350 0.4650
85       85   (7)      1  : 0.6043 0.3957
86       86   (0)      1  : 0.5167 0.4833
87       87   (0)      1  : 0.6186 0.3814
88       88   (0)      2  : 0.2043 0.7957
89       89   (0)      2  : 0.5649 0.4351
90       90   (0)      2  : 0.1781 0.8219
91       91   (0)      2  : 0.7820 0.2180
92       92   (0)      2  : 0.6002 0.3998
93       93   (0)      2  : 0.5952 0.4048
94       94   (0)      2  : 0.4714 0.5286
95       95   (0)      2  : 0.4810 0.5190
96       96   (0)      2  : 0.4601 0.5399
97       97   (0)      2  : 0.4234 0.5766
98       98   (0)      2  : 0.6489 0.3511
99       99   (0)      2  : 0.6090 0.3910
100      100   (0)      2  : 0.6402 0.3598
101      101   (1)      2  : 0.3430 0.6570
102      102   (0)      2  : 0.5390 0.4610
103      103   (0)      2  : 0.3967 0.6033
104      104   (0)      2  : 0.6807 0.3193
105      105   (0)      2  : 0.4358 0.5642
106      106   (0)      2  : 0.1829 0.8171
107      107   (0)      2  : 0.4655 0.5345
108      108   (0)      2  : 0.5402 0.4598
109      109   (0)      2  : 0.4722 0.5278
110      110   (0)      2  : 0.3378 0.6622
111      111   (0)      2  : 0.6150 0.3850
112      112   (2)      2  : 0.4588 0.5412
113      113   (0)      2  : 0.3349 0.6651
114      114   (5)      2  : 0.6014 0.3986
115      115   (0)      2  : 0.6314 0.3686
116      116   (0)      2  : 0.4814 0.5186
117      117   (0)      2  : 0.5250 0.4750
118      118   (0)      2  : 0.7081 0.2919
119      119   (2)      2  : 0.6265 0.3735
120      120   (0)      2  : 0.6907 0.3093
121      121   (0)      2  : 0.6897 0.3103
122      122   (0)      2  : 0.5697 0.4303
123      123   (1)      2  : 0.7286 0.2714
124      124   (0)      2  : 0.4562 0.5438
125      125   (0)      2  : 0.5248 0.4752
126      126   (0)      2  : 0.2398 0.7602
127      127   (0)      2  : 0.6552 0.3448
128      128   (1)      2  : 0.6380 0.3620
129      129   (0)      2  : 0.4272 0.5728
130      130   (2)      2  : 0.4885 0.5115
131      131   (0)      2  : 0.5992 0.4008
132      132   (0)      2  : 0.5609 0.4391
133      133   (0)      2  : 0.6837 0.3163
134      134   (0)      2  : 0.6159 0.3841
135      135   (0)      2  : 0.5847 0.4153
136      136   (4)      2  : 0.5405 0.4595
137      137   (0)      2  : 0.4770 0.5230
138      138   (0)      2  : 0.2897 0.7103
139      139   (3)      2  : 0.6747 0.3253
140      140   (1)      2  : 0.5312 0.4688
141      141   (0)      2  : 0.4418 0.5582
142      142   (0)      2  : 0.3616 0.6384
143      143   (0)      2  : 0.4862 0.5138
144      144   (0)      2  : 0.7142 0.2858
145      145   (0)      2  : 0.6381 0.3619
146      146   (1)      2  : 0.5523 0.4477
147      147   (0)      2  : 0.4537 0.5463
148      148   (0)      2  : 0.6025 0.3975
149      149   (0)      2  : 0.6342 0.3658
150      150   (1)      2  : 0.5580 0.4420
151      151   (0)      2  : 0.4814 0.5186
152      152   (0)      2  : 0.6379 0.3621
153      153   (0)      2  : 0.5740 0.4260
154      154   (0)      2  : 0.5514 0.4486
155      155   (0)      2  : 0.5838 0.4162
156      156   (0)      2  : 0.5504 0.4496
157      157   (0)      2  : 0.4394 0.5606
158      158   (0)      2  : 0.7530 0.2470
159      159   (0)      2  : 0.6180 0.3820
160      160   (0)      2  : 0.5019 0.4981
161      161   (1)      2  : 0.6874 0.3126
162      162   (0)      2  : 0.4219 0.5781
163      163   (0)      2  : 0.5309 0.4691
164      164   (0)      2  : 0.7266 0.2734
165      165   (0)      2  : 0.6849 0.3151
166      166   (0)      2  : 0.5599 0.4401
167      167   (0)      2  : 0.5182 0.4818
168      168   (0)      2  : 0.5517 0.4483
169      169   (0)      2  : 0.1675 0.8325
170      170   (0)      2  : 0.5432 0.4568
171      171   (0)      2  : 0.6126 0.3874
172      172   (0)      2  : 0.4034 0.5966
173      173   (0)      2  : 0.1939 0.8061
174      174   (0)      2  : 0.6082 0.3918
175      175   (0)      2  : 0.6394 0.3606
176      176   (0)      2  : 0.4519 0.5481
177      177   (0)      2  : 0.7432 0.2568
178      178   (0)      2  : 0.5893 0.4107
179      179   (0)      2  : 0.6057 0.3943
180      180   (0)      2  : 0.2128 0.7872
181      181   (0)      2  : 0.5098 0.4902
182      182   (0)      2  : 0.5756 0.4244
183      183   (0)      2  : 0.6129 0.3871
184      184   (0)      2  : 0.2763 0.7237
185      185   (0)      2  : 0.7028 0.2972
186      186   (0)      2  : 0.4425 0.5575
187      187   (0)      2  : 0.5742 0.4258
188      188   (0)      2  : 0.6480 0.3520
189      189   (0)      2  : 0.4266 0.5734
190      190   (0)      2  : 0.5666 0.4334
191      191   (0)      2  : 0.5803 0.4197
192      192   (0)      2  : 0.6579 0.3421
193      193   (0)      2  : 0.4478 0.5522
194      194   (0)      2  : 0.7229 0.2771
195      195   (0)      2  : 0.2319 0.7681
196      196   (0)      2  : 0.6045 0.3955
197      197   (0)      2  : 0.6129 0.3871
198      198   (0)      2  : 0.2171 0.7829
199      199   (0)      2  : 0.6997 0.3003
200      200   (0)      2  : 0.4759 0.5241
201      201   (0)      2  : 0.7051 0.2949
202      202   (0)      2  : 0.7273 0.2727
203      203   (0)      2  : 0.6484 0.3516
204      204   (0)      2  : 0.5357 0.4643
205      205   (0)      2  : 0.5031 0.4969
206      206   (0)      2  : 0.1560 0.8440
207      207   (0)      2  : 0.3635 0.6365
208      208   (0)      2  : 0.5968 0.4032
209      209   (0)      2  : 0.3871 0.6129
210      210   (0)      2  : 0.1721 0.8279
211      211   (0)      2  : 0.5147 0.4853
212      212   (1)      2  : 0.4648 0.5352
213      213   (1)      2  : 0.5131 0.4869
214      214   (0)      2  : 0.4830 0.5170
215      215   (0)      2  : 0.7001 0.2999
216      216   (0)      2  : 0.3371 0.6629
217      217   (0)      2  : 0.3131 0.6869
218      218   (0)      2  : 0.5599 0.4401
219      219   (0)      2  : 0.4321 0.5679
220      220   (0)      2  : 0.7724 0.2276
221      221   (0)      2  : 0.4779 0.5221
222      222   (0)      2  : 0.6352 0.3648
223      223   (0)      2  : 0.5193 0.4807
224      224   (1)      2  : 0.5695 0.4305
225      225   (0)      2  : 0.2242 0.7758
226      226   (0)      2  : 0.3555 0.6445
227      227   (0)      2  : 0.1806 0.8194
228      228   (0)      2  : 0.6293 0.3707
229      229   (0)      2  : 0.6418 0.3582
230      230   (0)      2  : 0.4482 0.5518
231      231   (0)      2  : 0.5057 0.4943
232      232   (2)      2  : 0.5300 0.4700
233      233   (0)      2  : 0.4498 0.5502
234      234   (0)      2  : 0.1588 0.8412
235      235   (0)      2  : 0.2839 0.7161
236      236   (0)      2  : 0.6358 0.3642
237      237   (0)      2  : 0.5546 0.4454
238      238   (0)      2  : 0.5662 0.4338
239      239   (0)      2  : 0.6051 0.3949
240      240   (0)      2  : 0.5508 0.4492
241      241   (0)      2  : 0.4175 0.5825
242      242   (0)      2  : 0.7258 0.2742
243      243   (0)      2  : 0.6274 0.3726
244      244   (0)      2  : 0.6053 0.3947
245      245   (0)      2  : 0.1648 0.8352
246      246   (0)      2  : 0.4734 0.5266
247      247   (0)      2  : 0.2832 0.7168
248      248   (0)      2  : 0.3720 0.6280
249      249   (0)      2  : 0.5047 0.4953
250      250   (0)      2  : 0.5018 0.4982
251      251   (0)      2  : 0.5423 0.4577
252      252   (0)      2  : 0.5272 0.4728
253      253   (0)      2  : 0.5086 0.4914
254      254   (0)      2  : 0.4956 0.5044
255      255   (0)      2  : 0.5665 0.4335
256      256   (0)      2  : 0.4803 0.5197
257      257   (0)      2  : 0.5093 0.4907
258      258   (0)      1  : 0.5247 0.4753
259      259   (0)      1  : 0.3431 0.6569
260      260   (0)      1  : 0.5430 0.4570
261      261   (0)      1  : 0.4575 0.5425
262      262   (0)      1  : 0.4633 0.5367
263      263   (0)      1  : 0.5607 0.4393
264      264   (0)      1  : 0.5482 0.4518
265      265   (0)      1  : 0.5803 0.4197
266      266   (0)      1  : 0.6473 0.3527
267      267   (0)      1  : 0.4160 0.5840
268      268   (0)      1  : 0.4774 0.5226
269      269   (1)      1  : 0.4676 0.5324
270      270   (0)      1  : 0.5575 0.4425
271      271   (0)      1  : 0.3553 0.6447
272      272   (0)      1  : 0.4479 0.5521
273      273   (0)      1  : 0.6849 0.3151
274      274   (0)      1  : 0.2795 0.7205
275      275   (0)      1  : 0.5508 0.4492
276      276   (0)      1  : 0.5422 0.4578
277      277   (0)      1  : 0.4476 0.5524
278      278   (0)      1  : 0.4336 0.5664
279      279   (0)      1  : 0.4739 0.5261
280      280   (0)      1  : 0.4242 0.5758
281      281   (0)      1  : 0.5735 0.4265
282      282   (0)      1  : 0.4634 0.5366
283      283   (0)      1  : 0.5106 0.4894
284      284   (0)      1  : 0.6297 0.3703
285      285   (0)      1  : 0.6029 0.3971
286      286   (0)      1  : 0.6585 0.3415
287      287   (0)      1  : 0.1287 0.8713
288      288   (0)      1  : 0.2966 0.7034
289      289   (0)      1  : 0.5210 0.4790
290      290   (1)      1  : 0.1557 0.8443
291      291   (0)      1  : 0.3671 0.6329
292      292   (0)      1  : 0.4862 0.5138
293      293   (0)      1  : 0.5914 0.4086
294      294   (0)      1  : 0.3878 0.6122
295      295   (0)      1  : 0.6017 0.3983
296      296   (0)      1  : 0.6456 0.3544
297      297   (0)      1  : 0.2859 0.7141
298      298   (0)      1  : 0.5892 0.4108
299      299   (0)      1  : 0.4543 0.5457
300      300   (0)      1  : 0.5369 0.4631
301      301   (0)      1  : 0.2003 0.7997
302      302   (0)      1  : 0.3115 0.6885
303      303   (0)      1  : 0.5392 0.4608
304      304   (0)      1  : 0.4129 0.5871
305      305   (0)      1  : 0.5661 0.4339
306      306   (0)      1  : 0.3113 0.6887
307      307   (1)      1  : 0.6188 0.3812
308      308   (0)      1  : 0.4725 0.5275
309      309   (0)      1  : 0.2365 0.7635
310      310   (0)      1  : 0.4088 0.5912
311      311   (0)      1  : 0.2869 0.7131
312      312   (0)      1  : 0.5445 0.4555
313      313   (0)      1  : 0.5630 0.4370
314      314   (0)      1  : 0.5112 0.4888
315      315   (0)      1  : 0.4624 0.5376
316      316   (0)      1  : 0.6098 0.3902
317      317   (0)      1  : 0.6269 0.3731
318      318   (0)      1  : 0.7116 0.2884
319      319   (0)      1  : 0.7159 0.2841
320      320   (0)      1  : 0.7269 0.2731
321      321   (0)      1  : 0.6361 0.3639
322      322   (0)      1  : 0.3772 0.6228
323      323   (0)      1  : 0.5573 0.4427
324      324   (0)      1  : 0.6469 0.3531
325      325   (0)      1  : 0.4215 0.5785
326      326   (0)      1  : 0.5874 0.4126
327      327   (0)      1  : 0.5954 0.4046
328      328   (0)      1  : 0.6347 0.3653
329      329   (0)      1  : 0.4864 0.5136
330      330   (0)      1  : 0.4701 0.5299
331      331   (0)      1  : 0.2960 0.7040
332      332   (0)      1  : 0.4594 0.5406
333      333   (0)      1  : 0.4351 0.5649
334      334   (0)      1  : 0.5236 0.4764
335      335   (0)      1  : 0.6317 0.3683
336      336   (0)      1  : 0.4524 0.5476
337      337   (0)      1  : 0.3440 0.6560
338      338   (0)      1  : 0.4921 0.5079
339      339   (0)      1  : 0.5415 0.4585
340      340   (0)      1  : 0.5389 0.4611
341      341   (0)      1  : 0.6054 0.3946
342      342   (0)      1  : 0.4565 0.5435
343      343   (0)      1  : 0.6144 0.3856
344      344   (0)      1  : 0.4184 0.5816
345      345   (1)      1  : 0.4257 0.5743
346      346   (0)      1  : 0.4010 0.5990
347      347   (0)      1  : 0.4551 0.5449
348      348   (0)      1  : 0.4988 0.5012
349      349   (0)      1  : 0.6298 0.3702
350      350   (0)      1  : 0.5630 0.4370
351      351   (0)      1  : 0.5234 0.4766
352      352   (0)      1  : 0.5971 0.4029
353      353   (0)      1  : 0.5048 0.4952
354      354   (0)      1  : 0.4037 0.5963
355      355   (0)      1  : 0.5260 0.4740
356      356   (0)      1  : 0.4353 0.5647
357      357   (0)      1  : 0.5695 0.4305
358      358   (0)      1  : 0.5991 0.4009
359      359   (0)      1  : 0.3587 0.6413
360      360   (0)      1  : 0.4398 0.5602
361      361   (0)      1  : 0.6515 0.3485
362      362   (0)      1  : 0.4894 0.5106
363      363   (0)      1  : 0.3652 0.6348
364      364   (1)      1  : 0.5675 0.4325
365      365   (0)      1  : 0.6302 0.3698
366      366   (0)      1  : 0.6759 0.3241
367      367   (0)      1  : 0.5283 0.4717
368      368   (0)      1  : 0.5671 0.4329
369      369   (0)      1  : 0.4176 0.5824
370      370   (0)      1  : 0.2706 0.7294
371      371   (0)      1  : 0.2302 0.7698
372      372   (2)      1  : 0.2071 0.7929
373      373   (0)      1  : 0.2934 0.7066
374      374   (0)      1  : 0.6819 0.3181
375      375   (0)      1  : 0.4896 0.5104
376      376   (0)      1  : 0.4484 0.5516
377      377   (0)      1  : 0.6617 0.3383
378      378   (0)      1  : 0.6744 0.3256
379      379   (0)      1  : 0.3365 0.6635
380      380   (0)      1  : 0.6331 0.3669
381      381   (0)      1  : 0.4837 0.5163
382      382   (0)      1  : 0.1959 0.8041
383      383   (0)      1  : 0.4577 0.5423
384      384   (0)      1  : 0.3815 0.6185
385      385   (0)      1  : 0.4412 0.5588
386      386   (0)      1  : 0.3842 0.6158
387      387   (0)      1  : 0.3400 0.6600
388      388   (0)      1  : 0.3449 0.6551
389      389   (0)      1  : 0.5833 0.4167
390      390   (0)      1  : 0.7674 0.2326
391      391   (0)      1  : 0.3300 0.6700
392      392   (0)      1  : 0.3643 0.6357
393      393   (0)      1  : 0.5126 0.4874
394      394   (0)      1  : 0.4658 0.5342
395      395   (0)      1  : 0.5448 0.4552
396      396   (0)      1  : 0.5199 0.4801
397      397   (0)      1  : 0.4293 0.5707
398      398   (0)      1  : 0.3006 0.6994
399      399   (0)      1  : 0.4130 0.5870
400      400   (0)      1  : 0.4708 0.5292
401      401   (0)      1  : 0.2521 0.7479
402      402   (0)      1  : 0.7344 0.2656
403      403   (0)      1  : 0.4822 0.5178
404      404   (0)      1  : 0.6930 0.3070
405      405   (0)      1  : 0.3858 0.6142
406      406   (0)      1  : 0.5853 0.4147
407      407   (0)      1  : 0.5642 0.4358
408      408   (0)      1  : 0.5073 0.4927
409      409   (0)      1  : 0.5775 0.4225
410      410   (0)      1  : 0.2013 0.7987
411      411   (0)      1  : 0.2826 0.7174
412      412   (0)      1  : 0.4411 0.5589
413      413   (0)      1  : 0.4999 0.5001
414      414   (0)      1  : 0.3848 0.6152
415      415   (0)      1  : 0.5961 0.4039
416      416   (0)      1  : 0.5707 0.4293
417      417   (0)      1  : 0.6743 0.3257
418      418   (0)      1  : 0.4427 0.5573
419      419   (0)      1  : 0.3500 0.6500
420      420   (0)      1  : 0.6159 0.3841
421      421   (0)      1  : 0.5241 0.4759
422      422   (0)      1  : 0.1822 0.8178
423      423   (0)      1  : 0.5765 0.4235
424      424   (0)      1  : 0.6817 0.3183
425      425   (0)      1  : 0.2055 0.7945
426      426   (0)      1  : 0.5609 0.4391
427      427   (0)      1  : 0.5291 0.4709
428      428   (0)      1  : 0.2195 0.7805
429      429   (0)      1  : 0.6809 0.3191
430      430   (0)      1  : 0.5396 0.4604
431      431   (0)      1  : 0.3080 0.6920
432      432   (0)      1  : 0.1832 0.8168
433      433   (0)      1  : 0.2610 0.7390
434      434   (0)      1  : 0.3611 0.6389
435      435   (0)      1  : 0.5595 0.4405
436      436   (0)      1  : 0.5167 0.4833
437      437   (0)      1  : 0.2777 0.7223
438      438   (0)      1  : 0.3486 0.6514
439      439   (0)      1  : 0.4703 0.5297
440      440   (0)      1  : 0.3034 0.6966
441      441   (0)      1  : 0.6493 0.3507
442      442   (0)      1  : 0.5093 0.4907
443      443   (0)      1  : 0.6131 0.3869
444      444   (0)      1  : 0.3911 0.6089
445      445   (0)      1  : 0.4750 0.5250
446      446   (0)      2  : 0.4161 0.5839
447      447   (0)      2  : 0.5028 0.4972
448      448   (0)      2  : 0.5131 0.4869
449      449   (0)      2  : 0.3227 0.6773
450      450   (0)      2  : 0.2970 0.7030
451      451   (0)      2  : 0.2117 0.7883
452      452   (0)      2  : 0.4092 0.5908
453      453   (0)      2  : 0.7006 0.2994
454      454   (0)      2  : 0.2462 0.7538
455      455   (0)      2  : 0.5147 0.4853
456      456   (0)      2  : 0.1956 0.8044
457      457   (0)      2  : 0.4759 0.5241
458      458   (0)      2  : 0.5177 0.4823
459      459   (1)      2  : 0.6886 0.3114
460      460   (2)      2  : 0.4590 0.5410
461      461   (2)      2  : 0.3731 0.6269
462      462   (3)      2  : 0.4224 0.5776
463      463   (0)      2  : 0.2383 0.7617
464      464   (4)      2  : 0.6861 0.3139
465      465   (3)      2  : 0.5479 0.4521
466      466   (0)      2  : 0.4681 0.5319
467      467   (0)      2  : 0.5631 0.4369
468      468   (0)      2  : 0.4736 0.5264
469      469   (0)      2  : 0.2074 0.7926
470      470   (5)      2  : 0.3231 0.6769
471      471   (1)      2  : 0.4530 0.5470
472      472   (2)      2  : 0.5275 0.4725
473      473   (3)      2  : 0.6521 0.3479
474      474   (0)      2  : 0.6449 0.3551
475      475   (2)      2  : 0.3600 0.6400
476      476   (1)      2  : 0.5869 0.4131
477      477   (4)      2  : 0.4672 0.5328
478      478   (0)      2  : 0.5885 0.4115
479      479   (0)      2  : 0.6331 0.3669
480      480   (1)      2  : 0.5111 0.4889
481      481   (3)      2  : 0.5436 0.4564
482      482   (3)      2  : 0.7146 0.2854
483      483   (4)      2  : 0.6360 0.3640
484      484   (4)      2  : 0.5774 0.4226
485      485   (3)      2  : 0.3653 0.6347
486      486   (3)      2  : 0.3632 0.6368
487      487   (1)      2  : 0.5124 0.4876
488      488   (5)      2  : 0.5798 0.4202
489      489   (0)      2  : 0.6286 0.3714
490      490   (3)      2  : 0.5080 0.4920
491      491   (7)      2  : 0.5544 0.4456
492      492   (6)      2  : 0.6977 0.3023
493      493   (3)      2  : 0.4832 0.5168
494      494   (3)      2  : 0.2256 0.7744
495      495   (5)      2  : 0.4142 0.5858
496      496   (0)      2  : 0.5419 0.4581
497      497   (5)      2  : 0.7026 0.2974
498      498   (6)      2  : 0.4730 0.5270
499      499   (0)      2  : 0.6087 0.3913
500      500   (1)      2  : 0.5954 0.4046
501      501   (4)      2  : 0.3470 0.6530
502      502   (2)      2  : 0.4747 0.5253
503      503   (5)      2  : 0.6098 0.3902
504      504   (2)      2  : 0.4331 0.5669
505      505   (0)      2  : 0.4308 0.5692
506      506   (8)      2  : 0.5869 0.4131
507      507   (0)      2  : 0.5062 0.4938
508      508   (0)      2  : 0.4961 0.5039
509      509   (1)      2  : 0.1685 0.8315
510      510   (1)      2  : 0.5178 0.4822
511      511   (5)      2  : 0.4954 0.5046
512      512   (2)      2  : 0.2407 0.7593
513      513   (9)      2  : 0.3915 0.6085
514      514   (4)      2  : 0.4001 0.5999
515      515   (1)      2  : 0.5579 0.4421
516      516   (3)      2  : 0.4839 0.5161
517      517   (3)      2  : 0.3550 0.6450
518      518   (0)      2  : 0.5657 0.4343
519      519   (9)      2  : 0.5851 0.4149
520      520   (6)      2  : 0.4731 0.5269
521      521   (2)      2  : 0.5286 0.4714
522      522   (1)      2  : 0.4954 0.5046
523      523   (4)      2  : 0.5453 0.4547
524      524   (0)      2  : 0.5347 0.4653
525      525   (2)      2  : 0.5778 0.4222
526      526   (3)      2  : 0.5311 0.4689
527      527   (0)      2  : 0.5759 0.4241
528      528   (0)      2  : 0.6188 0.3812
529      529   (1)      2  : 0.5778 0.4222
530      530   (0)      2  : 0.6322 0.3678
531      531   (0)      2  : 0.4429 0.5571
532      532   (2)      2  : 0.6664 0.3336
533      533   (2)      2  : 0.7197 0.2803
534      534   (2)      2  : 0.5894 0.4106
535      535   (0)      2  : 0.5770 0.4230
536      536   (0)      2  : 0.6424 0.3576
537      537   (0)      2  : 0.7058 0.2942
538      538   (0)      2  : 0.5724 0.4276
539      539   (0)      2  : 0.6006 0.3994
540      540   (8)      2  : 0.5496 0.4504
541      541   (1)      2  : 0.5618 0.4382
542      542   (1)      2  : 0.4324 0.5676
543      543   (0)      2  : 0.5494 0.4506
544      544   (2)      2  : 0.5911 0.4089
545      545   (1)      2  : 0.3302 0.6698
546      546   (9)      2  : 0.6730 0.3270
547      547   (0)      2  : 0.4747 0.5253
548      548   (0)      2  : 0.4671 0.5329
549      549   (0)      2  : 0.5088 0.4912
550      550   (1)      2  : 0.3389 0.6611
551      551   (1)      2  : 0.6048 0.3952
552      552   (2)      2  : 0.4781 0.5219
553      553  (10)      2  : 0.5679 0.4321
554      554   (2)      2  : 0.6090 0.3910
555      555   (4)      2  : 0.6072 0.3928
556      556   (0)      2  : 0.5455 0.4545
557      557   (2)      2  : 0.4392 0.5608
558      558   (0)      2  : 0.3808 0.6192
559      559   (0)      2  : 0.5890 0.4110
560      560   (8)      2  : 0.5016 0.4984
561      561   (0)      2  : 0.6794 0.3206
562      562   (8)      2  : 0.5011 0.4989
563      563   (2)      2  : 0.5755 0.4245
564      564   (4)      2  : 0.5450 0.4550
565      565   (3)      2  : 0.5048 0.4952
566      566   (1)      2  : 0.4741 0.5259
567      567   (0)      2  : 0.5964 0.4036
568      568   (5)      2  : 0.4646 0.5354
569      569   (2)      2  : 0.6783 0.3217
570      570   (0)      2  : 0.5695 0.4305
571      571   (2)      2  : 0.5413 0.4587
572      572   (6)      2  : 0.6042 0.3958
573      573   (5)      2  : 0.3653 0.6347
574      574   (8)      2  : 0.4747 0.5253
575      575   (3)      2  : 0.6621 0.3379
576      576   (0)      2  : 0.5221 0.4779
577      577   (0)      2  : 0.1806 0.8194
578      578   (1)      2  : 0.5694 0.4306
579      579   (0)      2  : 0.2755 0.7245
580      580   (0)      2  : 0.6653 0.3347
581      581   (6)      2  : 0.5855 0.4145
582      582   (7)      2  : 0.6687 0.3313
583      583   (3)      2  : 0.5982 0.4018
584      584   (5)      2  : 0.5780 0.4220
585      585   (1)      2  : 0.4843 0.5157
586      586   (2)      2  : 0.6862 0.3138
587      587   (0)      2  : 0.1439 0.8561
588      588   (0)      2  : 0.4384 0.5616
589      589   (1)      2  : 0.5499 0.4501
590      590   (2)      2  : 0.7678 0.2322
591      591   (0)      2  : 0.5931 0.4069
592      592   (4)      2  : 0.5558 0.4442
593      593   (0)      2  : 0.4785 0.5215
594      594   (1)      2  : 0.6087 0.3913
595      595   (0)      2  : 0.4676 0.5324
596      596   (0)      2  : 0.5283 0.4717
597      597   (0)      2  : 0.5254 0.4746
598      598   (0)      2  : 0.5934 0.4066
599      599   (0)      2  : 0.5004 0.4996
600      600   (0)      2  : 0.5400 0.4600
601      601   (0)      2  : 0.7197 0.2803
602      602   (0)      2  : 0.4598 0.5402
603      603   (0)      2  : 0.6482 0.3518
604      604   (0)      2  : 0.6396 0.3604
605      605   (0)      2  : 0.6233 0.3767
606      606   (0)      2  : 0.4862 0.5138
607      607   (0)      2  : 0.5819 0.4181
608      608   (0)      2  : 0.6507 0.3493
609      609   (0)      2  : 0.6130 0.3870
610      610   (6)      2  : 0.2455 0.7545
611      611   (0)      2  : 0.4251 0.5749
612      612   (3)      2  : 0.4835 0.5165
613      613   (0)      2  : 0.5242 0.4758
614      614   (0)      2  : 0.4202 0.5798
615      615   (0)      2  : 0.7209 0.2791
616      616   (0)      2  : 0.5873 0.4127
617      617   (0)      2  : 0.5277 0.4723
618      618   (0)      2  : 0.4351 0.5649
619      619   (0)      2  : 0.6295 0.3705
620      620   (0)      2  : 0.4261 0.5739
621      621   (2)      2  : 0.5592 0.4408
622      622   (3)      2  : 0.5178 0.4822
623      623   (1)      2  : 0.4784 0.5216
624      624   (2)      2  : 0.5297 0.4703
625      625   (1)      2  : 0.4282 0.5718
626      626   (9)      2  : 0.6716 0.3284
627      627   (0)      2  : 0.4889 0.5111
628      628   (0)      2  : 0.1497 0.8503
629      629   (2)      2  : 0.4612 0.5388
630      630   (1)      2  : 0.7109 0.2891
631      631   (4)      2  : 0.6788 0.3212
632      632   (0)      2  : 0.5860 0.4140
633      633   (7)      2  : 0.6020 0.3980
634      634   (2)      2  : 0.3817 0.6183
635      635   (0)      2  : 0.6815 0.3185
636      636   (0)      2  : 0.4765 0.5235
637      637   (0)      2  : 0.4635 0.5365
638      638   (0)      2  : 0.5908 0.4092
639      639   (1)      2  : 0.5086 0.4914
640      640   (2)      2  : 0.3294 0.6706
641      641   (1)      2  : 0.4915 0.5085
642      642   (3)      2  : 0.4135 0.5865
643      643   (1)      2  : 0.5936 0.4064
644      644  (10)      2  : 0.6799 0.3201
645      645   (6)      2  : 0.4780 0.5220
646      646   (0)      2  : 0.6310 0.3690
647      647   (2)      2  : 0.4348 0.5652
648      648   (0)      2  : 0.6933 0.3067
649      649   (0)      2  : 0.5980 0.4020
650      650   (1)      2  : 0.6747 0.3253
651      651   (6)      2  : 0.2238 0.7762
652      652   (1)      2  : 0.4815 0.5185
653      653   (4)      2  : 0.5819 0.4181
654      654   (1)      2  : 0.5220 0.4780
655      655   (4)      2  : 0.3707 0.6293
656      656   (0)      2  : 0.5934 0.4066
657      657   (0)      2  : 0.5630 0.4370
658      658   (0)      2  : 0.6638 0.3362
659      659   (7)      2  : 0.7638 0.2362
660      660   (4)      2  : 0.5340 0.4660
661      661   (3)      2  : 0.6839 0.3161
662      662   (2)      2  : 0.5632 0.4368
663      663   (2)      2  : 0.4144 0.5856
664      664   (0)      2  : 0.6949 0.3051
665      665   (1)      2  : 0.5047 0.4953
666      666   (0)      2  : 0.2430 0.7570
667      667   (0)      2  : 0.3616 0.6384
668      668   (1)      2  : 0.4477 0.5523
669      669   (5)      2  : 0.4841 0.5159
670      670  (10)      2  : 0.6648 0.3352
671      671   (3)      2  : 0.5926 0.4074
672      672   (0)      2  : 0.7050 0.2950
673      673   (6)      2  : 0.6058 0.3942
674      674   (0)      2  : 0.5654 0.4346
675      675   (0)      2  : 0.7191 0.2809
676      676   (1)      2  : 0.5930 0.4070
677      677   (4)      2  : 0.3930 0.6070
678      678   (9)      2  : 0.4835 0.5165
679      679   (1)      2  : 0.4721 0.5279
680      680   (1)      2  : 0.5211 0.4789
681      681   (1)      2  : 0.3878 0.6122
682      682   (2)      2  : 0.3038 0.6962
683      683   (0)      2  : 0.5306 0.4694
684      684   (0)      2  : 0.5600 0.4400
685      685   (0)      2  : 0.5728 0.4272
686      686   (0)      2  : 0.6788 0.3212
687      687   (4)      2  : 0.6300 0.3700
688      688   (2)      2  : 0.3743 0.6257
689      689   (2)      2  : 0.3583 0.6417
690      690   (6)      2  : 0.4322 0.5678
691      691   (7)      2  : 0.4599 0.5401
692      692   (0)      2  : 0.4636 0.5364
693      693   (3)      2  : 0.6980 0.3020
694      694   (0)      2  : 0.7045 0.2955
695      695   (0)      2  : 0.4742 0.5258
696      696   (0)      2  : 0.6221 0.3779
697      697   (3)      2  : 0.5796 0.4204
698      698   (0)      2  : 0.7496 0.2504
699      699   (0)      2  : 0.4660 0.5340
700      700   (0)      2  : 0.5666 0.4334
701      701   (0)      2  : 0.6038 0.3962
702      702   (1)      2  : 0.3760 0.6240
703      703   (0)      2  : 0.3773 0.6227
704      704   (0)      2  : 0.3476 0.6524
705      705   (0)      2  : 0.5499 0.4501
706      706   (0)      2  : 0.4805 0.5195
707      707   (2)      2  : 0.5064 0.4936
708      708   (1)      2  : 0.4958 0.5042
709      709   (0)      2  : 0.4624 0.5376
710      710   (0)      2  : 0.5136 0.4864
711      711   (0)      2  : 0.4550 0.5450
712      712   (1)      2  : 0.6259 0.3741
713      713   (0)      2  : 0.5749 0.4251
714      714   (0)      2  : 0.4792 0.5208
715      715   (0)      2  : 0.5387 0.4613
716      716   (0)      2  : 0.3388 0.6612
717      717   (2)      2  : 0.6121 0.3879
718      718   (1)      2  : 0.6745 0.3255
719      719   (9)      2  : 0.7023 0.2977
720      720   (4)      2  : 0.5300 0.4700
721      721   (2)      2  : 0.5857 0.4143
722      722   (0)      2  : 0.6041 0.3959
723      723   (0)      2  : 0.6143 0.3857
724      724   (0)      2  : 0.3302 0.6698
725      725   (0)      2  : 0.6079 0.3921
726      726   (0)      2  : 0.4749 0.5251
727      727   (1)      2  : 0.4667 0.5333
728      728   (1)      2  : 0.3621 0.6379
729      729   (1)      2  : 0.6337 0.3663
730      730   (0)      2  : 0.4883 0.5117
731      731   (2)      2  : 0.2567 0.7433
732      732   (1)      2  : 0.4455 0.5545
733      733   (0)      2  : 0.6534 0.3466
734      734   (0)      2  : 0.6499 0.3501
735      735   (0)      2  : 0.6037 0.3963
736      736   (0)      2  : 0.5145 0.4855
737      737   (0)      2  : 0.4485 0.5515
738      738   (0)      2  : 0.4226 0.5774
739      739   (0)      2  : 0.4181 0.5819
740      740   (0)      2  : 0.6858 0.3142
741      741   (0)      2  : 0.5039 0.4961
742      742   (0)      2  : 0.6273 0.3727
743      743   (0)      2  : 0.5957 0.4043
744      744   (0)      2  : 0.6486 0.3514
745      745   (0)      2  : 0.6874 0.3126
746      746   (0)      2  : 0.3878 0.6122
747      747   (0)      2  : 0.2373 0.7627
748      748   (2)      2  : 0.4487 0.5513
749      749   (7)      2  : 0.4913 0.5087
750      750   (2)      2  : 0.4969 0.5031
751      751   (0)      2  : 0.4798 0.5202
752      752   (5)      2  : 0.7032 0.2968
753      753   (0)      2  : 0.7058 0.2942
754      754   (0)      2  : 0.6506 0.3494
755      755   (0)      2  : 0.6986 0.3014
756      756   (0)      2  : 0.4488 0.5512
757      757   (0)      2  : 0.5041 0.4959
758      758   (1)      2  : 0.5248 0.4752
759      759   (0)      2  : 0.4703 0.5297
760      760   (0)      2  : 0.3885 0.6115
761      761   (0)      2  : 0.7590 0.2410
762      762   (0)      2  : 0.7395 0.2605
763      763   (0)      2  : 0.4485 0.5515
764      764   (0)      4  : 0.5902 0.4098
765      765   (0)      2  : 0.5504 0.4496
766      766   (0)      4  : 0.6640 0.3360
767      767   (0)      4  : 0.7442 0.2558
768      768   (0)      4  : 0.5179 0.4821
769      769   (0)      2  : 0.6245 0.3755
770      770   (0)      4  : 0.6545 0.3455
771      771   (1)      3  : 0.4947 0.5053
772      772   (0)      2  : 0.5797 0.4203
773      773   (0)      3  : 0.4551 0.5449
774      774   (0)      3  : 0.6288 0.3712
775      775   (0)      3  : 0.6047 0.3953
776      776   (0)      3  : 0.5521 0.4479
777      777   (0)      3  : 0.6151 0.3849
778      778   (3)      4  : 0.4684 0.5316
779      779   (0)      2  : 0.5850 0.4150
780      780   (0)      4  : 0.6036 0.3964
781      781   (0)      4  : 0.6994 0.3006
782      782   (0)      4  : 0.6463 0.3537
783      783   (0)      4  : 0.5003 0.4997
784      784   (0)      2  : 0.2706 0.7294
785      785   (0)      4  : 0.6359 0.3641
786      786   (0)      3  : 0.4661 0.5339
787      787   (0)      3  : 0.7332 0.2668
788      788   (0)      3  : 0.6548 0.3452
789      789   (0)      3  : 0.4924 0.5076
790      790   (1)      3  : 0.4709 0.5291
791      791   (0)      3  : 0.6103 0.3897
792      792   (2)      4  : 0.7229 0.2771
793      793   (4)      4  : 0.5784 0.4216
794      794   (0)      4  : 0.7580 0.2420
795      795   (3)      4  : 0.6206 0.3794
796      796   (0)      4  : 0.5355 0.4645
797      797   (0)      2  : 0.4308 0.5692
798      798   (0)      4  : 0.5193 0.4807
799      799   (1)      3  : 0.5089 0.4911
800      800   (0)      2  : 0.5463 0.4537
801      801   (0)      3  : 0.6975 0.3025
802      802   (1)      3  : 0.4619 0.5381
803      803   (0)      3  : 0.6583 0.3417
804      804   (0)      3  : 0.6405 0.3595
805      805   (0)      4  : 0.4789 0.5211
806      806   (1)      4  : 0.6813 0.3187
807      807   (0)      4  : 0.5136 0.4864
808      808   (0)      4  : 0.5881 0.4119
809      809   (0)      2  : 0.4386 0.5614
810      810   (0)      4  : 0.5274 0.4726
811      811   (0)      2  : 0.4944 0.5056
812      812   (1)      3  : 0.6494 0.3506
813      813   (0)      3  : 0.7912 0.2088
814      814   (0)      3  : 0.5504 0.4496
815      815   (1)      3  : 0.5307 0.4693
816      816   (0)      3  : 0.6341 0.3659
817      817   (8)      4  : 0.5206 0.4794
818      818   (0)      2  : 0.4740 0.5260
819      819   (3)      4  : 0.6526 0.3474
820      820   (3)      4  : 0.6524 0.3476
821      821   (3)      4  : 0.6162 0.3838
822      822   (0)      4  : 0.5686 0.4314
823      823   (0)      2  : 0.6039 0.3961
824      824   (0)      4  : 0.5713 0.4287
825      825   (0)      2  : 0.1964 0.8036
826      826   (1)      3  : 0.7229 0.2771
827      827   (1)      2  : 0.2552 0.7448
828      828   (0)      3  : 0.5662 0.4338
829      829   (0)      3  : 0.5162 0.4838
830      830   (0)      3  : 0.5517 0.4483
831      831   (0)      3  : 0.6729 0.3271
832      832   (0)      4  : 0.4531 0.5469
833      833   (0)      2  : 0.6362 0.3638
834      834   (2)      4  : 0.6358 0.3642
835      835   (0)      4  : 0.6388 0.3612
836      836   (4)      4  : 0.6449 0.3551
837      837   (0)      4  : 0.5312 0.4688
838      838   (0)      2  : 0.4441 0.5559
839      839   (0)      2  : 0.5727 0.4273
840      840   (1)      3  : 0.5980 0.4020
841      841   (0)      3  : 0.6861 0.3139
842      842   (0)      3  : 0.7749 0.2251
843      843   (0)      3  : 0.6843 0.3157
844      844   (0)      3  : 0.6809 0.3191
845      845   (0)      2  : 0.6230 0.3770
846      846   (3)      4  : 0.6879 0.3121
847      847   (0)      4  : 0.7206 0.2794
848      848   (2)      4  : 0.6054 0.3946
849      849   (0)      4  : 0.5315 0.4685
850      850   (0)      3  : 0.5104 0.4896
851      851   (1)      3  : 0.6122 0.3878
852      852   (0)      3  : 0.6668 0.3332
853      853   (0)      3  : 0.6766 0.3234
854      854   (3)      3  : 0.7115 0.2885
855      855   (0)      2  : 0.4117 0.5883
856      856   (0)      4  : 0.6670 0.3330
857      857   (0)      4  : 0.6047 0.3953
858      858   (0)      4  : 0.5794 0.4206
859      859   (0)      2  : 0.3679 0.6321
860      860   (0)      2  : 0.5194 0.4806
861      861   (0)      3  : 0.5736 0.4264
862      862   (0)      3  : 0.5265 0.4735
863      863   (0)      3  : 0.7955 0.2045
864      864   (0)      3  : 0.6295 0.3705
865      865   (0)      3  : 0.6668 0.3332
866      866   (0)      2  : 0.3365 0.6635
867      867   (0)      2  : 0.3294 0.6706
868      868   (0)      2  : 0.5143 0.4857
869      869   (0)      2  : 0.2044 0.7956
870      870   (0)      2  : 0.5682 0.4318
871      871   (0)      2  : 0.6295 0.3705
872      872   (0)      2  : 0.7492 0.2508
873      873   (0)      2  : 0.5034 0.4966
874      874   (0)      2  : 0.1811 0.8189
875      875   (0)      2  : 0.2657 0.7343
876      876   (1)      2  : 0.2080 0.7920
877      877   (0)      2  : 0.6122 0.3878
878      878   (0)      2  : 0.5909 0.4091
879      879   (0)      2  : 0.6074 0.3926
880      880   (0)      2  : 0.4943 0.5057
881      881   (0)      2  : 0.3773 0.6227
882      882   (0)      2  : 0.3769 0.6231
883      883   (0)      2  : 0.5308 0.4692
884      884   (4)      2  : 0.4010 0.5990
885      885   (0)      2  : 0.8096 0.1904
886      886   (0)      2  : 0.1854 0.8146
887      887   (0)      2  : 0.6144 0.3856
888      888   (0)      2  : 0.6466 0.3534
889      889   (0)      2  : 0.5632 0.4368
890      890   (0)      2  : 0.6247 0.3753
891      891   (0)      2  : 0.5465 0.4535
892      892   (0)      2  : 0.5420 0.4580
893      893   (0)      2  : 0.5172 0.4828
894      894   (0)      2  : 0.7111 0.2889
895      895   (0)      2  : 0.7248 0.2752
896      896   (0)      2  : 0.5974 0.4026
897      897   (9)      2  : 0.2364 0.7636
898      898   (0)      2  : 0.5843 0.4157
899      899   (0)      2  : 0.5979 0.4021
900      900   (0)      2  : 0.6766 0.3234
901      901   (0)      2  : 0.4791 0.5209
902      902   (2)      2  : 0.4179 0.5821
903      903   (0)      2  : 0.3342 0.6658
904      904   (0)      2  : 0.6416 0.3584
905      905   (0)      2  : 0.5285 0.4715
906      906   (0)      2  : 0.6465 0.3535
907      907   (0)      2  : 0.5693 0.4307
908      908   (0)      2  : 0.4446 0.5554
909      909   (0)      2  : 0.1484 0.8516
910      910   (2)      2  : 0.6534 0.3466
911      911   (1)      2  : 0.6044 0.3956
912      912   (0)      2  : 0.4736 0.5264
913      913   (0)      2  : 0.2090 0.7910
914      914   (0)      2  : 0.4309 0.5691
915      915   (0)      2  : 0.5691 0.4309
916      916   (0)      2  : 0.5290 0.4710
917      917   (0)      2  : 0.2875 0.7125
918      918   (0)      2  : 0.5092 0.4908
919      919   (0)      2  : 0.2343 0.7657
920      920   (0)      2  : 0.6331 0.3669
921      921   (0)      2  : 0.6843 0.3157
922      922   (0)      2  : 0.6996 0.3004
923      923   (0)      2  : 0.5402 0.4598
924      924   (0)      2  : 0.5631 0.4369
925      925   (0)      2  : 0.3342 0.6658
926      926   (0)      2  : 0.2182 0.7818
927      927   (0)      2  : 0.3509 0.6491
928      928   (0)      2  : 0.2475 0.7525
929      929   (0)      2  : 0.2194 0.7806
930      930   (0)      2  : 0.5763 0.4237
931      931   (0)      2  : 0.2598 0.7402
932      932   (0)      2  : 0.2189 0.7811
933      933   (0)      2  : 0.5458 0.4542
934      934   (0)      2  : 0.4108 0.5892
935      935   (0)      2  : 0.4663 0.5337
936      936   (1)      2  : 0.2327 0.7673
937      937   (2)      2  : 0.4016 0.5984
938      938   (0)      2  : 0.4605 0.5395
939      939   (0)      2  : 0.2276 0.7724
940      940   (0)      2  : 0.4648 0.5352
941      941   (0)      2  : 0.3879 0.6121
942      942   (0)      2  : 0.3066 0.6934
943      943   (0)      2  : 0.7577 0.2423
944      944   (0)      2  : 0.2388 0.7612
945      945   (0)      2  : 0.5259 0.4741
946      946   (0)      2  : 0.6103 0.3897
947      947   (0)      2  : 0.4355 0.5645
948      948   (0)      2  : 0.6814 0.3186
949      949   (0)      2  : 0.2422 0.7578
950      950   (0)      2  : 0.6099 0.3901
951      951   (0)      2  : 0.6176 0.3824
952      952   (0)      2  : 0.5217 0.4783
953      953   (0)      2  : 0.3651 0.6349
954      954   (0)      2  : 0.2959 0.7041
955      955   (0)      2  : 0.3655 0.6345
956      956   (0)      2  : 0.5138 0.4862
957      957   (2)      2  : 0.6675 0.3325
958      958   (0)      2  : 0.5844 0.4156
959      959   (4)      2  : 0.3562 0.6438
960      960   (0)      2  : 0.1796 0.8204
961      961   (1)      2  : 0.1687 0.8313
962      962   (0)      2  : 0.3885 0.6115
963      963   (0)      2  : 0.5517 0.4483
964      964   (0)      2  : 0.4632 0.5368
965      965   (0)      2  : 0.5575 0.4425
966      966   (0)      2  : 0.1962 0.8038
967      967   (0)      2  : 0.5939 0.4061
968      968   (0)      2  : 0.6327 0.3673
969      969   (0)      2  : 0.6286 0.3714
970      970   (0)      2  : 0.3615 0.6385
971      971   (0)      2  : 0.3398 0.6602
972      972   (0)      2  : 0.4656 0.5344
973      973   (0)      2  : 0.5765 0.4235
974      974   (6)      2  : 0.4343 0.5657
975      975   (0)      2  : 0.6513 0.3487
976      976   (0)      2  : 0.6159 0.3841
977      977   (0)      2  : 0.3245 0.6755
978      978   (0)      2  : 0.1204 0.8796
979      979   (0)      2  : 0.2135 0.7865
980      980   (0)      2  : 0.4306 0.5694
981      981   (0)      2  : 0.2005 0.7995
982      982   (4)      2  : 0.2873 0.7127
983      983   (0)      2  : 0.5044 0.4956
984      984   (0)      2  : 0.4208 0.5792
985      985   (0)      2  : 0.5949 0.4051
986      986   (0)      2  : 0.6155 0.3845
987      987   (1)      2  : 0.5979 0.4021
988      988   (0)      2  : 0.1791 0.8209
989      989   (0)      2  : 0.5214 0.4786
990      990   (0)      2  : 0.5629 0.4371
991      991   (0)      2  : 0.1508 0.8492
992      992   (0)      2  : 0.5381 0.4619
993      993   (0)      2  : 0.4142 0.5858
994      994   (0)      2  : 0.4734 0.5266
995      995   (0)      2  : 0.3011 0.6989
996      996   (0)      2  : 0.4389 0.5611
997      997   (0)      2  : 0.1648 0.8352
998      998   (0)      2  : 0.4941 0.5059
999      999   (0)      2  : 0.2595 0.7405
1000     1000   (0)      2  : 0.6384 0.3616
