1        1   (0)      1  : 0.3718 0.0544 0.2014 0.3724
2        2   (0)      1  : 0.3533 0.1560 0.0773 0.4133
3        3   (0)      1  : 0.3142 0.0983 0.3092 0.2782
4        4   (0)      1  : 0.4962 0.0407 0.0801 0.3830
5        5   (1)      1  : 0.0430 0.8710 0.0407 0.0453
6        6   (0)      1  : 0.1487 0.3831 0.3391 0.1290
7        7   (0)      1  : 0.1533 0.3377 0.3333 0.1757
8        8   (0)      1  : 0.1503 0.0407 0.6273 0.1817
9        9   (0)      1  : 0.1892 0.4717 0.1629 0.1762
10       10   (0)      1  : 0.2340 0.3983 0.0863 0.2813
11       11   (0)      1  : 0.1727 0.0873 0.5890 0.1510
12       12   (0)      1  : 0.3067 0.2760 0.1477 0.2697
13       13   (0)      1  : 0.1963 0.0540 0.4613 0.2883
14       14   (0)      1  : 0.1839 0.2408 0.3088 0.2665
15       15   (0)      1  : 0.1834 0.4742 0.1160 0.2264
16       16   (0)      1  : 0.2476 0.1163 0.3759 0.2603
17       17   (0)      1  : 0.3778 0.1817 0.0564 0.3841
18       18   (3)      1  : 0.3644 0.0293 0.2252 0.3811
19       19   (0)      1  : 0.0894 0.0787 0.7282 0.1037
20       20   (0)      1  : 0.2770 0.3550 0.0563 0.3117
21       21   (0)      1  : 0.2693 0.3920 0.0970 0.2417
22       22   (0)      1  : 0.1444 0.1080 0.6072 0.1404
23       23   (0)      1  : 0.1790 0.4120 0.2327 0.1763
24       24   (1)      1  : 0.3925 0.0603 0.2509 0.2963
25       25   (0)      1  : 0.1300 0.4888 0.2346 0.1466
26       26   (0)      1  : 0.2280 0.1507 0.3720 0.2493
27       27   (2)      1  : 0.2361 0.0847 0.3965 0.2828
28       28   (0)      1  : 0.4050 0.0927 0.1517 0.3507
29       29   (0)      1  : 0.3773 0.1247 0.1077 0.3903
30       30   (0)      1  : 0.1697 0.4920 0.1667 0.1717
31       31   (0)      1  : 0.2880 0.1020 0.3597 0.2503
32       32   (0)      1  : 0.3357 0.2110 0.1197 0.3337
33       33   (0)      1  : 0.3935 0.1317 0.1601 0.3148
34       34   (0)      1  : 0.1717 0.5047 0.1447 0.1790
35       35   (0)      1  : 0.4321 0.1080 0.1274 0.3324
36       36   (0)      1  : 0.1447 0.0787 0.6293 0.1473
37       37   (0)      1  : 0.0916 0.2542 0.5575 0.0966
38       38   (0)      1  : 0.1107 0.6060 0.1697 0.1137
39       39   (0)      1  : 0.3873 0.1140 0.0827 0.4160
40       40   (0)      1  : 0.2386 0.4282 0.0943 0.2389
41       41   (0)      1  : 0.4227 0.0789 0.1356 0.3628
42       42   (0)      1  : 0.0910 0.7517 0.0750 0.0823
43       43   (0)      1  : 0.4290 0.0843 0.0873 0.3993
44       44   (8)      1  : 0.4003 0.0727 0.2098 0.3172
45       45   (2)      1  : 0.1633 0.4453 0.2480 0.1433
46       46   (0)      1  : 0.3020 0.1323 0.3010 0.2647
47       47   (0)      1  : 0.1427 0.0584 0.6512 0.1477
48       48   (0)      1  : 0.3411 0.0534 0.1927 0.4128
49       49   (0)      1  : 0.2667 0.0747 0.2917 0.3670
50       50   (0)      1  : 0.4138 0.0540 0.0604 0.4718
51       51   (2)      1  : 0.0934 0.7365 0.0851 0.0851
52       52   (0)      1  : 0.0710 0.7922 0.0617 0.0751
53       53   (1)      1  : 0.2399 0.0620 0.4662 0.2319
54       54   (0)      1  : 0.3510 0.1187 0.1560 0.3743
55       55   (4)      1  : 0.2570 0.1053 0.3737 0.2640
56       56   (0)      1  : 0.1547 0.2668 0.4155 0.1631
57       57   (0)      1  : 0.0677 0.0423 0.8276 0.0624
58       58   (0)      1  : 0.0607 0.5840 0.2917 0.0637
59       59   (0)      1  : 0.1889 0.0593 0.5729 0.1789
60       60   (0)      1  : 0.1264 0.1644 0.5879 0.1214
61       61   (0)      1  : 0.3123 0.1093 0.1223 0.4560
62       62   (0)      1  : 0.2498 0.1111 0.3499 0.2892
63       63   (0)      1  : 0.2443 0.2482 0.2309 0.2766
64       64   (2)      1  : 0.4009 0.1070 0.0966 0.3955
65       65   (0)      1  : 0.2987 0.0670 0.3083 0.3260
66       66   (5)      1  : 0.2014 0.3158 0.2401 0.2428
67       67   (0)      1  : 0.1250 0.0627 0.6530 0.1593
68       68   (1)      1  : 0.2624 0.2351 0.2344 0.2681
69       69   (3)      1  : 0.1960 0.2117 0.3717 0.2207
70       70   (0)      1  : 0.4413 0.0610 0.0963 0.4013
71       71   (0)      1  : 0.2452 0.0949 0.4064 0.2535
72       72   (5)      1  : 0.3235 0.0700 0.2842 0.3222
73       73   (0)      1  : 0.3182 0.2256 0.1210 0.3352
74       74   (0)      1  : 0.4281 0.1127 0.1007 0.3584
75       75   (0)      1  : 0.3690 0.1780 0.1227 0.3303
76       76   (0)      1  : 0.3696 0.0923 0.1786 0.3595
77       77   (1)      1  : 0.0320 0.9114 0.0280 0.0287
78       78   (0)      1  : 0.3754 0.0580 0.0763 0.4904
79       79   (3)      1  : 0.3705 0.1156 0.1370 0.3769
80       80   (0)      1  : 0.0747 0.7666 0.0794 0.0794
81       81   (3)      1  : 0.2263 0.3460 0.1733 0.2543
82       82   (1)      1  : 0.1297 0.0253 0.7299 0.1150
83       83   (0)      1  : 0.3960 0.0660 0.1887 0.3493
84       84   (0)      1  : 0.2259 0.1226 0.4162 0.2353
85       85   (7)      1  : 0.3718 0.0859 0.1799 0.3624
86       86   (0)      1  : 0.3460 0.1347 0.1320 0.3873
87       87   (0)      1  : 0.4190 0.0660 0.1751 0.3399
88       88   (0)      2  : 0.0624 0.8272 0.0397 0.0707
89       89   (0)      2  : 0.2488 0.1036 0.3541 0.2935
90       90   (0)      2  : 0.0590 0.8553 0.0343 0.0514
91       91   (0)      2  : 0.2113 0.0253 0.4645 0.2989
92       92   (0)      2  : 0.3551 0.0910 0.1270 0.4268
93       93   (0)      2  : 0.4205 0.0793 0.1743 0.3259
94       94   (0)      2  : 0.3950 0.1717 0.0747 0.3587
95       95   (0)      2  : 0.3408 0.2211 0.1480 0.2901
96       96   (0)      2  : 0.2638 0.2668 0.1907 0.2788
97       97   (0)      2  : 0.2415 0.3608 0.1746 0.2232
98       98   (0)      2  : 0.2948 0.0790 0.3595 0.2668
99       99   (0)      2  : 0.3048 0.0890 0.3418 0.2644
100      100   (0)      2  : 0.3000 0.0637 0.3690 0.2673
101      101   (1)      2  : 0.1433 0.5415 0.1669 0.1483
102      102   (0)      2  : 0.2538 0.1387 0.3284 0.2791
103      103   (0)      2  : 0.2367 0.3590 0.1727 0.2317
104      104   (0)      2  : 0.2334 0.0480 0.4698 0.2488
105      105   (0)      2  : 0.2754 0.3044 0.2014 0.2187
106      106   (0)      2  : 0.0553 0.8570 0.0390 0.0487
107      107   (0)      2  : 0.1127 0.2537 0.5310 0.1027
108      108   (0)      2  : 0.4014 0.1146 0.1196 0.3644
109      109   (0)      2  : 0.2411 0.1937 0.3021 0.2631
110      110   (0)      2  : 0.1544 0.5515 0.1464 0.1477
111      111   (0)      2  : 0.1224 0.0817 0.6614 0.1344
112      112   (2)      2  : 0.2186 0.2546 0.3149 0.2119
113      113   (0)      2  : 0.1564 0.5385 0.1057 0.1994
114      114   (5)      2  : 0.4079 0.0710 0.1280 0.3932
115      115   (0)      2  : 0.4767 0.0600 0.0950 0.3683
116      116   (0)      2  : 0.3642 0.1506 0.1083 0.3769
117      117   (0)      2  : 0.2891 0.1701 0.2194 0.3214
118      118   (0)      2  : 0.3857 0.0443 0.1960 0.3740
119      119   (2)      2  : 0.4112 0.0620 0.1410 0.3859
120      120   (0)      2  : 0.1661 0.0470 0.5999 0.1871
121      121   (0)      2  : 0.1983 0.0467 0.5945 0.1606
122      122   (0)      2  : 0.3372 0.1060 0.2323 0.3246
123      123   (1)      2  : 0.4003 0.0387 0.1953 0.3657
124      124   (0)      2  : 0.3663 0.2570 0.0927 0.2840
125      125   (0)      2  : 0.3604 0.1339 0.1512 0.3544
126      126   (0)      2  : 0.1103 0.7431 0.0463 0.1003
127      127   (0)      2  : 0.2233 0.0603 0.4599 0.2566
128      128   (1)      2  : 0.3490 0.0573 0.2277 0.3660
129      129   (0)      2  : 0.2695 0.3045 0.0876 0.3384
130      130   (2)      2  : 0.3741 0.1574 0.0824 0.3861
131      131   (0)      2  : 0.2030 0.0980 0.5290 0.1700
132      132   (0)      2  : 0.4009 0.0984 0.1881 0.3125
133      133   (0)      2  : 0.4457 0.0433 0.1503 0.3607
134      134   (0)      2  : 0.2886 0.0790 0.2732 0.3592
135      135   (0)      2  : 0.1193 0.0933 0.6623 0.1250
136      136   (4)      2  : 0.3650 0.1387 0.1583 0.3380
137      137   (0)      2  : 0.2397 0.2304 0.2774 0.2524
138      138   (0)      2  : 0.0924 0.6592 0.1744 0.0740
139      139   (3)      2  : 0.2854 0.0497 0.3361 0.3288
140      140   (1)      2  : 0.3190 0.1500 0.1200 0.4110
141      141   (0)      2  : 0.3133 0.2067 0.1287 0.3513
142      142   (0)      2  : 0.1550 0.4903 0.2053 0.1493
143      143   (0)      2  : 0.3977 0.1763 0.1217 0.3043
144      144   (0)      2  : 0.2111 0.0380 0.5285 0.2224
145      145   (0)      2  : 0.3601 0.0573 0.2275 0.3551
146      146   (1)      2  : 0.2417 0.1403 0.3483 0.2697
147      147   (0)      2  : 0.1267 0.2407 0.4967 0.1360
148      148   (0)      2  : 0.1344 0.0837 0.6579 0.1240
149      149   (0)      2  : 0.2877 0.0700 0.3283 0.3140
150      150   (1)      2  : 0.4090 0.1077 0.1213 0.3620
151      151   (0)      2  : 0.3487 0.1680 0.0893 0.3940
152      152   (0)      2  : 0.2671 0.0594 0.4568 0.2167
153      153   (0)      2  : 0.1641 0.1101 0.5644 0.1614
154      154   (0)      2  : 0.2234 0.1290 0.4201 0.2274
155      155   (0)      2  : 0.3461 0.0873 0.0986 0.4680
156      156   (0)      2  : 0.3384 0.1244 0.2798 0.2574
157      157   (0)      2  : 0.2912 0.2822 0.1483 0.2782
158      158   (0)      2  : 0.3312 0.0313 0.3319 0.3056
159      159   (0)      2  : 0.4483 0.0550 0.1637 0.3330
160      160   (0)      2  : 0.3133 0.1477 0.2250 0.3140
161      161   (1)      2  : 0.1450 0.0470 0.6924 0.1156
162      162   (0)      2  : 0.2253 0.2893 0.2853 0.2000
163      163   (0)      2  : 0.1845 0.1409 0.5207 0.1539
164      164   (0)      2  : 0.2611 0.0367 0.4181 0.2841
165      165   (0)      2  : 0.3281 0.0457 0.2874 0.3388
166      166   (0)      2  : 0.3869 0.1060 0.1123 0.3949
167      167   (0)      2  : 0.2647 0.1820 0.3397 0.2137
168      168   (0)      2  : 0.3130 0.1337 0.1873 0.3660
169      169   (0)      2  : 0.0523 0.8753 0.0300 0.0423
170      170   (0)      2  : 0.3448 0.1372 0.1772 0.3408
171      171   (0)      2  : 0.4005 0.0660 0.2333 0.3002
172      172   (0)      2  : 0.1489 0.3339 0.3752 0.1420
173      173   (0)      2  : 0.0573 0.8301 0.0513 0.0613
174      174   (0)      2  : 0.4027 0.0586 0.1332 0.4054
175      175   (0)      2  : 0.4145 0.0547 0.1014 0.4295
176      176   (0)      2  : 0.1613 0.2659 0.3642 0.2086
177      177   (0)      2  : 0.1163 0.0297 0.7583 0.0957
178      178   (0)      2  : 0.3478 0.0764 0.2074 0.3685
179      179   (0)      2  : 0.4083 0.0754 0.1321 0.3843
180      180   (0)      2  : 0.0570 0.8303 0.0577 0.0550
181      181   (0)      2  : 0.3992 0.1343 0.1156 0.3509
182      182   (0)      2  : 0.1993 0.1167 0.4433 0.2407
183      183   (0)      2  : 0.3071 0.0817 0.3498 0.2614
184      184   (0)      2  : 0.0750 0.7173 0.1077 0.1000
185      185   (0)      2  : 0.3543 0.0337 0.1253 0.4867
186      186   (0)      2  : 0.2080 0.3663 0.2100 0.2157
187      187   (0)      2  : 0.4673 0.0683 0.0743 0.3900
188      188   (0)      2  : 0.3723 0.0753 0.2100 0.3423
189      189   (0)      2  : 0.2703 0.3437 0.1927 0.1933
190      190   (0)      2  : 0.1853 0.1310 0.4553 0.2283
191      191   (0)      2  : 0.4318 0.0957 0.1597 0.3128
192      192   (0)      2  : 0.3114 0.0557 0.1584 0.4745
193      193   (0)      2  : 0.1344 0.2698 0.4708 0.1250
194      194   (0)      2  : 0.1761 0.0350 0.5822 0.2067
195      195   (0)      2  : 0.0977 0.7590 0.0443 0.0990
196      196   (0)      2  : 0.5290 0.0597 0.0500 0.3613
197      197   (0)      2  : 0.3327 0.0753 0.2503 0.3417
198      198   (0)      2  : 0.0606 0.8108 0.0746 0.0540
199      199   (0)      2  : 0.2750 0.0417 0.3437 0.3397
200      200   (0)      2  : 0.2730 0.2590 0.2220 0.2460
201      201   (0)      2  : 0.2643 0.0437 0.3847 0.3073
202      202   (0)      2  : 0.2869 0.0433 0.4215 0.2482
203      203   (0)      2  : 0.4575 0.0600 0.1140 0.3686
204      204   (0)      2  : 0.3347 0.1397 0.2167 0.3090
205      205   (0)      2  : 0.2678 0.1957 0.3094 0.2271
206      206   (0)      2  : 0.0373 0.8783 0.0370 0.0473
207      207   (0)      2  : 0.1240 0.4561 0.3028 0.1170
208      208   (0)      2  : 0.2853 0.0820 0.3037 0.3290
209      209   (0)      2  : 0.1750 0.3930 0.2343 0.1977
210      210   (0)      2  : 0.0570 0.8573 0.0297 0.0560
211      211   (0)      2  : 0.1793 0.1756 0.4085 0.2366
212      212   (1)      2  : 0.0863 0.2587 0.5747 0.0803
213      213   (1)      2  : 0.4041 0.1464 0.0990 0.3505
214      214   (0)      2  : 0.1811 0.2061 0.4613 0.1514
215      215   (0)      2  : 0.3601 0.0460 0.1482 0.4457
216      216   (0)      2  : 0.1197 0.5337 0.2293 0.1173
217      217   (0)      2  : 0.1323 0.6048 0.1203 0.1426
218      218   (0)      2  : 0.4340 0.0830 0.1127 0.3703
219      219   (0)      2  : 0.1766 0.2856 0.3339 0.2039
220      220   (0)      2  : 0.1693 0.0253 0.6243 0.1810
221      221   (0)      2  : 0.1520 0.2076 0.5115 0.1290
222      222   (0)      2  : 0.3176 0.0613 0.2486 0.3725
223      223   (0)      2  : 0.2078 0.1738 0.3966 0.2218
224      224   (1)      2  : 0.3239 0.1180 0.1609 0.3972
225      225   (0)      2  : 0.0437 0.7644 0.1510 0.0410
226      226   (0)      2  : 0.2550 0.4137 0.0543 0.2770
227      227   (0)      2  : 0.0594 0.8423 0.0427 0.0557
228      228   (0)      2  : 0.3041 0.0784 0.3094 0.3081
229      229   (0)      2  : 0.4075 0.0594 0.2024 0.3308
230      230   (0)      2  : 0.2585 0.2552 0.2718 0.2145
231      231   (0)      2  : 0.2129 0.1873 0.3875 0.2123
232      232   (2)      2  : 0.2343 0.1649 0.3602 0.2406
233      233   (0)      2  : 0.2075 0.2665 0.3368 0.1892
234      234   (0)      2  : 0.0393 0.8880 0.0337 0.0390
235      235   (0)      2  : 0.0947 0.7083 0.0887 0.1083
236      236   (0)      2  : 0.0870 0.0570 0.7543 0.1017
237      237   (0)      2  : 0.1328 0.1464 0.5390 0.1818
238      238   (0)      2  : 0.0876 0.0990 0.7164 0.0970
239      239   (0)      2  : 0.2553 0.0800 0.3002 0.3646
240      240   (0)      2  : 0.3528 0.1210 0.1871 0.3391
241      241   (0)      2  : 0.3333 0.2800 0.1080 0.2787
242      242   (0)      2  : 0.1599 0.0360 0.6025 0.2016
243      243   (0)      2  : 0.3840 0.0720 0.1970 0.3470
244      244   (0)      2  : 0.4240 0.0777 0.1648 0.3335
245      245   (0)      2  : 0.0523 0.8480 0.0440 0.0557
246      246   (0)      2  : 0.2700 0.2167 0.2933 0.2200
247      247   (0)      2  : 0.1253 0.6690 0.0850 0.1207
248      248   (0)      2  : 0.2445 0.4123 0.0727 0.2705
249      249   (0)      2  : 0.4283 0.1280 0.0960 0.3477
250      250   (0)      2  : 0.3796 0.1501 0.1171 0.3532
251      251   (0)      2  : 0.4347 0.1073 0.0823 0.3757
252      252   (0)      2  : 0.2300 0.1323 0.3803 0.2573
253      253   (0)      2  : 0.3505 0.1497 0.0794 0.4205
254      254   (0)      2  : 0.3634 0.1764 0.1140 0.3461
255      255   (0)      2  : 0.3177 0.0987 0.3163 0.2673
256      256   (0)      2  : 0.3436 0.2076 0.2006 0.2482
257      257   (0)      2  : 0.4567 0.1060 0.0880 0.3493
258      258   (0)      1  : 0.2850 0.1463 0.2003 0.3683
259      259   (0)      1  : 0.1820 0.4233 0.1767 0.2180
260      260   (0)      1  : 0.3499 0.0963 0.0703 0.4835
261      261   (0)      1  : 0.3602 0.1583 0.0706 0.4109
262      262   (0)      1  : 0.3399 0.1733 0.0806 0.4062
263      263   (0)      1  : 0.3150 0.1277 0.3053 0.2520
264      264   (0)      1  : 0.4223 0.1010 0.1077 0.3690
265      265   (0)      1  : 0.4435 0.0750 0.0827 0.3988
266      266   (0)      1  : 0.4665 0.0540 0.1164 0.3631
267      267   (0)      1  : 0.3252 0.3282 0.0676 0.2789
268      268   (0)      1  : 0.2667 0.1933 0.3230 0.2170
269      269   (1)      1  : 0.3647 0.2410 0.0933 0.3010
270      270   (0)      1  : 0.5192 0.0783 0.0793 0.3232
271      271   (0)      1  : 0.2243 0.4520 0.1137 0.2100
272      272   (0)      1  : 0.2694 0.2391 0.2434 0.2481
273      273   (0)      1  : 0.3627 0.0530 0.1923 0.3920
274      274   (0)      1  : 0.1620 0.6267 0.0877 0.1237
275      275   (0)      1  : 0.1170 0.1163 0.6397 0.1270
276      276   (0)      1  : 0.3072 0.1263 0.2276 0.3389
277      277   (0)      1  : 0.2959 0.2346 0.1429 0.3266
278      278   (0)      1  : 0.1543 0.3107 0.3953 0.1397
279      279   (0)      1  : 0.1483 0.2357 0.3857 0.2303
280      280   (0)      1  : 0.2853 0.2557 0.1320 0.3270
281      281   (0)      1  : 0.4060 0.0933 0.1460 0.3547
282      282   (0)      1  : 0.2683 0.2593 0.1780 0.2943
283      283   (0)      1  : 0.3164 0.1654 0.2314 0.2868
284      284   (0)      1  : 0.4580 0.0633 0.1283 0.3503
285      285   (0)      1  : 0.3460 0.0873 0.1993 0.3673
286      286   (0)      1  : 0.3660 0.0561 0.1552 0.4228
287      287   (0)      1  : 0.0303 0.9167 0.0213 0.0317
288      288   (0)      1  : 0.0500 0.5930 0.3033 0.0537
289      289   (0)      1  : 0.3668 0.1691 0.1510 0.3131
290      290   (1)      1  : 0.0343 0.8940 0.0370 0.0347
291      291   (0)      1  : 0.2386 0.4515 0.1150 0.1949
292      292   (0)      1  : 0.3493 0.1817 0.1480 0.3210
293      293   (0)      1  : 0.2036 0.0923 0.5095 0.1946
294      294   (0)      1  : 0.3236 0.3346 0.0646 0.2772
295      295   (0)      1  : 0.3889 0.0564 0.0517 0.5030
296      296   (0)      1  : 0.1467 0.0637 0.5900 0.1997
297      297   (0)      1  : 0.1827 0.6019 0.0483 0.1671
298      298   (0)      1  : 0.2971 0.0804 0.2674 0.3551
299      299   (0)      1  : 0.2604 0.2548 0.1794 0.3054
300      300   (0)      1  : 0.3368 0.1099 0.1915 0.3618
301      301   (0)      1  : 0.0634 0.8246 0.0480 0.0640
302      302   (0)      1  : 0.1274 0.5895 0.1511 0.1320
303      303   (0)      1  : 0.3733 0.1497 0.1567 0.3203
304      304   (0)      1  : 0.1106 0.3331 0.4394 0.1169
305      305   (0)      1  : 0.4113 0.0800 0.1653 0.3433
306      306   (0)      1  : 0.2075 0.5430 0.0680 0.1815
307      307   (1)      1  : 0.3326 0.0696 0.2896 0.3082
308      308   (0)      1  : 0.3496 0.2029 0.1509 0.2966
309      309   (0)      1  : 0.0990 0.7491 0.0500 0.1020
310      310   (0)      1  : 0.2774 0.3635 0.0937 0.2654
311      311   (0)      1  : 0.1423 0.5901 0.0836 0.1839
312      312   (0)      1  : 0.4201 0.0960 0.1441 0.3398
313      313   (0)      1  : 0.2929 0.1056 0.2919 0.3096
314      314   (0)      1  : 0.2310 0.1997 0.3030 0.2663
315      315   (0)      1  : 0.4132 0.1943 0.0756 0.3169
316      316   (0)      1  : 0.4728 0.0573 0.0533 0.4165
317      317   (0)      1  : 0.1437 0.0663 0.6587 0.1313
318      318   (0)      1  : 0.3043 0.0420 0.3743 0.2793
319      319   (0)      1  : 0.3639 0.0433 0.2403 0.3525
320      320   (0)      1  : 0.3666 0.0347 0.2806 0.3182
321      321   (0)      1  : 0.3917 0.0570 0.1763 0.3750
322      322   (0)      1  : 0.2227 0.3780 0.0740 0.3253
323      323   (0)      1  : 0.3087 0.1093 0.1747 0.4073
324      324   (0)      1  : 0.4790 0.0530 0.0937 0.3743
325      325   (0)      1  : 0.3534 0.2888 0.1009 0.2568
326      326   (0)      1  : 0.4443 0.0777 0.1183 0.3597
327      327   (0)      1  : 0.4285 0.0650 0.0894 0.4171
328      328   (0)      1  : 0.2672 0.0730 0.3715 0.2882
329      329   (0)      1  : 0.2593 0.2000 0.2783 0.2623
330      330   (0)      1  : 0.2464 0.2191 0.3024 0.2321
331      331   (0)      1  : 0.1420 0.6090 0.1123 0.1367
332      332   (0)      1  : 0.3117 0.2710 0.1483 0.2690
333      333   (0)      1  : 0.3372 0.2916 0.0783 0.2929
334      334   (0)      1  : 0.3973 0.1143 0.1010 0.3873
335      335   (0)      1  : 0.4167 0.0573 0.1287 0.3973
336      336   (0)      1  : 0.3177 0.2213 0.1817 0.2793
337      337   (0)      1  : 0.1427 0.5273 0.1563 0.1737
338      338   (0)      1  : 0.3960 0.1510 0.0857 0.3673
339      339   (0)      1  : 0.2803 0.1340 0.2293 0.3563
340      340   (0)      1  : 0.3688 0.1087 0.1984 0.3241
341      341   (0)      1  : 0.1885 0.0963 0.5147 0.2005
342      342   (0)      1  : 0.2373 0.2377 0.2533 0.2717
343      343   (0)      1  : 0.1831 0.0797 0.5914 0.1458
344      344   (0)      1  : 0.2402 0.3404 0.2109 0.2085
345      345   (1)      1  : 0.3415 0.2026 0.0493 0.4065
346      346   (0)      1  : 0.3080 0.3063 0.0790 0.3067
347      347   (0)      1  : 0.2133 0.3422 0.2523 0.1923
348      348   (0)      1  : 0.1914 0.1977 0.4075 0.2034
349      349   (0)      1  : 0.2814 0.0630 0.3858 0.2697
350      350   (0)      1  : 0.1069 0.1036 0.6782 0.1113
351      351   (0)      1  : 0.3859 0.1216 0.1256 0.3669
352      352   (0)      1  : 0.3456 0.0826 0.1726 0.3992
353      353   (0)      1  : 0.3966 0.1451 0.1254 0.3329
354      354   (0)      1  : 0.1419 0.3869 0.3209 0.1503
355      355   (0)      1  : 0.0943 0.1706 0.6348 0.1003
356      356   (0)      1  : 0.2993 0.3010 0.1183 0.2813
357      357   (0)      1  : 0.3547 0.0933 0.2500 0.3020
358      358   (0)      1  : 0.3535 0.0687 0.2231 0.3548
359      359   (0)      1  : 0.1504 0.4428 0.2194 0.1874
360      360   (0)      1  : 0.3134 0.2334 0.1347 0.3184
361      361   (0)      1  : 0.2103 0.0573 0.5122 0.2203
362      362   (0)      1  : 0.3050 0.1757 0.1583 0.3610
363      363   (0)      1  : 0.1196 0.4279 0.3429 0.1096
364      364   (1)      1  : 0.2921 0.1027 0.2514 0.3538
365      365   (0)      1  : 0.3817 0.0587 0.1570 0.4027
366      366   (0)      1  : 0.5221 0.0383 0.0783 0.3612
367      367   (0)      1  : 0.3857 0.1010 0.0853 0.4280
368      368   (0)      1  : 0.3051 0.0874 0.2131 0.3945
369      369   (0)      1  : 0.1493 0.3623 0.3210 0.1673
370      370   (0)      1  : 0.1100 0.6822 0.0607 0.1471
371      371   (0)      1  : 0.0750 0.7800 0.0660 0.0790
372      372   (2)      1  : 0.0580 0.8384 0.0467 0.0570
373      373   (0)      1  : 0.0940 0.6493 0.1673 0.0893
374      374   (0)      1  : 0.3905 0.0460 0.1753 0.3882
375      375   (0)      1  : 0.3237 0.1753 0.1710 0.3300
376      376   (0)      1  : 0.2230 0.2810 0.2517 0.2443
377      377   (0)      1  : 0.4189 0.0540 0.1873 0.3399
378      378   (0)      1  : 0.3033 0.0490 0.2673 0.3803
379      379   (0)      1  : 0.1751 0.5048 0.1574 0.1627
380      380   (0)      1  : 0.5143 0.0547 0.0650 0.3660
381      381   (0)      1  : 0.3203 0.1967 0.1677 0.3153
382      382   (0)      1  : 0.0610 0.8169 0.0634 0.0587
383      383   (0)      1  : 0.4009 0.1614 0.0537 0.3839
384      384   (0)      1  : 0.1923 0.4610 0.1443 0.2023
385      385   (0)      1  : 0.2319 0.2896 0.2306 0.2479
386      386   (0)      1  : 0.3039 0.3212 0.0973 0.2776
387      387   (0)      1  : 0.2234 0.5075 0.0727 0.1964
388      388   (0)      1  : 0.1803 0.5015 0.1316 0.1866
389      389   (0)      1  : 0.4453 0.0773 0.0870 0.3903
390      390   (0)      1  : 0.1130 0.0270 0.7616 0.0984
391      391   (0)      1  : 0.0867 0.5867 0.2410 0.0857
392      392   (0)      1  : 0.1823 0.4435 0.1816 0.1926
393      393   (0)      1  : 0.2507 0.1573 0.3670 0.2250
394      394   (0)      1  : 0.2433 0.2050 0.2113 0.3403
395      395   (0)      1  : 0.2423 0.1400 0.3413 0.2763
396      396   (0)      1  : 0.3257 0.1330 0.2640 0.2773
397      397   (0)      1  : 0.3038 0.2718 0.0730 0.3515
398      398   (0)      1  : 0.1737 0.6117 0.0610 0.1537
399      399   (0)      1  : 0.3273 0.2407 0.0580 0.3740
400      400   (0)      1  : 0.3951 0.1604 0.0717 0.3728
401      401   (0)      1  : 0.0673 0.7170 0.1250 0.0907
402      402   (0)      1  : 0.2209 0.0320 0.5182 0.2289
403      403   (0)      1  : 0.2683 0.1700 0.2570 0.3047
404      404   (0)      1  : 0.4283 0.0370 0.1683 0.3663
405      405   (0)      1  : 0.1370 0.4687 0.2307 0.1637
406      406   (0)      1  : 0.2701 0.0834 0.3401 0.3064
407      407   (0)      1  : 0.4625 0.0836 0.0716 0.3822
408      408   (0)      1  : 0.0910 0.1693 0.6607 0.0790
409      409   (0)      1  : 0.4357 0.0753 0.1067 0.3823
410      410   (0)      1  : 0.0870 0.8046 0.0337 0.0747
411      411   (0)      1  : 0.1274 0.6686 0.0877 0.1164
412      412   (0)      1  : 0.2927 0.3160 0.1747 0.2167
413      413   (0)      1  : 0.4032 0.1596 0.0826 0.3545
414      414   (0)      1  : 0.2053 0.4349 0.1483 0.2116
415      415   (0)      1  : 0.3412 0.0796 0.1636 0.4155
416      416   (0)      1  : 0.4550 0.0840 0.1013 0.3597
417      417   (0)      1  : 0.4382 0.0450 0.1230 0.3939
418      418   (0)      1  : 0.3270 0.2653 0.1453 0.2623
419      419   (0)      1  : 0.1424 0.5153 0.1955 0.1468
420      420   (0)      1  : 0.1303 0.0856 0.5925 0.1916
421      421   (0)      1  : 0.3770 0.1590 0.0887 0.3753
422      422   (0)      1  : 0.0567 0.8443 0.0417 0.0574
423      423   (0)      1  : 0.4658 0.0706 0.0590 0.4045
424      424   (0)      1  : 0.1973 0.0517 0.5097 0.2413
425      425   (0)      1  : 0.0510 0.8360 0.0573 0.0557
426      426   (0)      1  : 0.4327 0.0913 0.0720 0.4040
427      427   (0)      1  : 0.3998 0.1114 0.1217 0.3671
428      428   (0)      1  : 0.0720 0.8070 0.0457 0.0753
429      429   (0)      1  : 0.1900 0.0533 0.5507 0.2060
430      430   (0)      1  : 0.2992 0.1320 0.1849 0.3839
431      431   (0)      1  : 0.1697 0.5892 0.0767 0.1644
432      432   (0)      1  : 0.0520 0.8546 0.0397 0.0537
433      433   (0)      1  : 0.0530 0.7112 0.1775 0.0583
434      434   (0)      1  : 0.2323 0.4150 0.0943 0.2583
435      435   (0)      1  : 0.4585 0.0760 0.0923 0.3732
436      436   (0)      1  : 0.4372 0.1173 0.0590 0.3865
437      437   (0)      1  : 0.0927 0.6955 0.1278 0.0841
438      438   (0)      1  : 0.1970 0.4257 0.1380 0.2393
439      439   (0)      1  : 0.3480 0.1267 0.0573 0.4680
440      440   (0)      1  : 0.1457 0.6363 0.0710 0.1470
441      441   (0)      1  : 0.2157 0.0660 0.4007 0.3177
442      442   (0)      1  : 0.2840 0.1475 0.1775 0.3909
443      443   (0)      1  : 0.3193 0.0703 0.0913 0.5190
444      444   (0)      1  : 0.3264 0.3274 0.0630 0.2831
445      445   (0)      1  : 0.2560 0.2113 0.2577 0.2750
446      446   (0)      2  : 0.1861 0.3611 0.2804 0.1724
447      447   (0)      2  : 0.3362 0.1629 0.2309 0.2699
448      448   (0)      2  : 0.3560 0.1650 0.1487 0.3303
449      449   (0)      2  : 0.0704 0.5999 0.2564 0.0734
450      450   (0)      2  : 0.1236 0.6355 0.1050 0.1360
451      451   (0)      2  : 0.0680 0.8057 0.0400 0.0863
452      452   (0)      2  : 0.2400 0.3790 0.1217 0.2593
453      453   (0)      2  : 0.0740 0.0400 0.8075 0.0786
454      454   (0)      2  : 0.0803 0.7715 0.0663 0.0819
455      455   (0)      2  : 0.4071 0.1470 0.1477 0.2981
456      456   (0)      2  : 0.0646 0.8244 0.0453 0.0656
457      457   (0)      2  : 0.4548 0.1307 0.0590 0.3555
458      458   (0)      2  : 0.1487 0.1967 0.5317 0.1230
459      459   (1)      2  : 0.4286 0.0400 0.1004 0.4309
460      460   (2)      2  : 0.2731 0.2254 0.1747 0.3268
461      461   (2)      2  : 0.2559 0.4203 0.1014 0.2225
462      462   (3)      2  : 0.1783 0.2983 0.2853 0.2380
463      463   (0)      2  : 0.0847 0.7217 0.1137 0.0800
464      464   (4)      2  : 0.4700 0.0450 0.1277 0.3573
465      465   (3)      2  : 0.3225 0.1413 0.2266 0.3096
466      466   (0)      2  : 0.3221 0.1894 0.1607 0.3278
467      467   (0)      2  : 0.3804 0.1036 0.1342 0.3817
468      468   (0)      2  : 0.1613 0.1619 0.4952 0.1816
469      469   (0)      2  : 0.0670 0.8271 0.0306 0.0753
470      470   (5)      2  : 0.1447 0.5288 0.1587 0.1677
471      471   (1)      2  : 0.3103 0.2117 0.1220 0.3560
472      472   (2)      2  : 0.3967 0.1353 0.0997 0.3683
473      473   (3)      2  : 0.3698 0.0650 0.2621 0.3031
474      474   (0)      2  : 0.0773 0.0583 0.7813 0.0830
475      475   (2)      2  : 0.1925 0.4590 0.1688 0.1798
476      476   (1)      2  : 0.3982 0.0660 0.0943 0.4415
477      477   (4)      2  : 0.1554 0.2434 0.4045 0.1967
478      478   (0)      2  : 0.3473 0.1040 0.1770 0.3717
479      479   (0)      2  : 0.4453 0.0497 0.1011 0.4039
480      480   (1)      2  : 0.3153 0.1717 0.1903 0.3227
481      481   (3)      2  : 0.2574 0.1237 0.2798 0.3391
482      482   (3)      2  : 0.1964 0.0464 0.5342 0.2231
483      483   (4)      2  : 0.2560 0.0610 0.3680 0.3150
484      484   (4)      2  : 0.3153 0.0823 0.1773 0.4250
485      485   (3)      2  : 0.1684 0.4885 0.1697 0.1734
486      486   (3)      2  : 0.1787 0.4552 0.1784 0.1877
487      487   (1)      2  : 0.2127 0.1727 0.4271 0.1874
488      488   (5)      2  : 0.3657 0.0933 0.1777 0.3633
489      489   (0)      2  : 0.3174 0.0630 0.1630 0.4566
490      490   (3)      2  : 0.3486 0.1241 0.1251 0.4023
491      491   (7)      2  : 0.0857 0.1090 0.7160 0.0893
492      492   (6)      2  : 0.1111 0.0460 0.7375 0.1054
493      493   (3)      2  : 0.3490 0.1653 0.0940 0.3917
494      494   (3)      2  : 0.0789 0.7778 0.0590 0.0843
495      495   (5)      2  : 0.2575 0.3639 0.1524 0.2261
496      496   (0)      2  : 0.3084 0.1494 0.2137 0.3284
497      497   (5)      2  : 0.1686 0.0390 0.6305 0.1619
498      498   (6)      2  : 0.3306 0.1573 0.1000 0.4122
499      499   (0)      2  : 0.4003 0.0697 0.0993 0.4307
500      500   (1)      2  : 0.1929 0.0783 0.5545 0.1743
501      501   (4)      2  : 0.2045 0.4700 0.1179 0.2075
502      502   (2)      2  : 0.1945 0.2662 0.3108 0.2285
503      503   (5)      2  : 0.2874 0.0830 0.3354 0.2941
504      504   (2)      2  : 0.2252 0.2748 0.1909 0.3091
505      505   (0)      2  : 0.2299 0.3392 0.2126 0.2183
506      506   (8)      2  : 0.2466 0.1023 0.3979 0.2533
507      507   (0)      2  : 0.1995 0.1949 0.3634 0.2422
508      508   (0)      2  : 0.1764 0.2267 0.4188 0.1781
509      509   (1)      2  : 0.0380 0.8874 0.0353 0.0393
510      510   (1)      2  : 0.3430 0.1360 0.1480 0.3730
511      511   (5)      2  : 0.2570 0.2157 0.2713 0.2560
512      512   (2)      2  : 0.0730 0.7599 0.0947 0.0724
513      513   (9)      2  : 0.2007 0.3523 0.2617 0.1853
514      514   (4)      2  : 0.1527 0.4421 0.2541 0.1510
515      515   (1)      2  : 0.2017 0.1317 0.4823 0.1843
516      516   (3)      2  : 0.3472 0.2126 0.1390 0.3012
517      517   (3)      2  : 0.1591 0.5263 0.1408 0.1738
518      518   (0)      2  : 0.1910 0.0977 0.5017 0.2097
519      519   (9)      2  : 0.3694 0.0983 0.2375 0.2948
520      520   (6)      2  : 0.3176 0.1436 0.1326 0.4062
521      521   (2)      2  : 0.2904 0.1661 0.2811 0.2624
522      522   (1)      2  : 0.3307 0.1527 0.1113 0.4053
523      523   (4)      2  : 0.2979 0.1143 0.2459 0.3419
524      524   (0)      2  : 0.4165 0.1084 0.0737 0.4015
525      525   (2)      2  : 0.2195 0.1086 0.3901 0.2818
526      526   (3)      2  : 0.1896 0.1296 0.4798 0.2009
527      527   (0)      2  : 0.3590 0.0777 0.1727 0.3907
528      528   (0)      2  : 0.3030 0.0647 0.3197 0.3127
529      529   (1)      2  : 0.4131 0.0817 0.0877 0.4175
530      530   (0)      2  : 0.2832 0.0680 0.3769 0.2719
531      531   (0)      2  : 0.3826 0.2439 0.0743 0.2992
532      532   (2)      2  : 0.3016 0.0433 0.2666 0.3885
533      533   (2)      2  : 0.4720 0.0310 0.0947 0.4023
534      534   (2)      2  : 0.3225 0.1024 0.1951 0.3801
535      535   (0)      2  : 0.3952 0.0843 0.1406 0.3799
536      536   (0)      2  : 0.3950 0.0650 0.1913 0.3487
537      537   (0)      2  : 0.3799 0.0350 0.2489 0.3362
538      538   (0)      2  : 0.4238 0.0973 0.1613 0.3176
539      539   (0)      2  : 0.3671 0.0830 0.1627 0.3871
540      540   (8)      2  : 0.1077 0.1000 0.6823 0.1100
541      541   (1)      2  : 0.3998 0.1254 0.1407 0.3341
542      542   (1)      2  : 0.1624 0.3414 0.3471 0.1490
543      543   (0)      2  : 0.2039 0.1286 0.4852 0.1823
544      544   (2)      2  : 0.3867 0.0800 0.2187 0.3147
545      545   (1)      2  : 0.1876 0.5332 0.0786 0.2006
546      546   (9)      2  : 0.4057 0.0470 0.2273 0.3200
547      547   (0)      2  : 0.3768 0.1804 0.0767 0.3661
548      548   (0)      2  : 0.1927 0.2680 0.3233 0.2160
549      549   (0)      2  : 0.3547 0.1527 0.2230 0.2697
550      550   (1)      2  : 0.1920 0.5563 0.0813 0.1703
551      551   (1)      2  : 0.2604 0.1024 0.3605 0.2767
552      552   (2)      2  : 0.4405 0.1364 0.0864 0.3368
553      553  (10)      2  : 0.3448 0.0923 0.2718 0.2911
554      554   (2)      2  : 0.2906 0.0773 0.3519 0.2802
555      555   (4)      2  : 0.2537 0.0790 0.3760 0.2913
556      556   (0)      2  : 0.2873 0.1466 0.3605 0.2056
557      557   (2)      2  : 0.2664 0.2774 0.1504 0.3058
558      558   (0)      2  : 0.2970 0.3407 0.0713 0.2910
559      559   (0)      2  : 0.1421 0.0894 0.5851 0.1835
560      560   (8)      2  : 0.2199 0.1875 0.3177 0.2749
561      561   (0)      2  : 0.4867 0.0453 0.0763 0.3917
562      562   (8)      2  : 0.2687 0.1783 0.3267 0.2263
563      563   (2)      2  : 0.3022 0.0986 0.2416 0.3576
564      564   (4)      2  : 0.3883 0.1227 0.1437 0.3453
565      565   (3)      2  : 0.2538 0.1934 0.2741 0.2787
566      566   (1)      2  : 0.2489 0.2139 0.2203 0.3169
567      567   (0)      2  : 0.2315 0.0937 0.3439 0.3309
568      568   (5)      2  : 0.3182 0.2289 0.1976 0.2552
569      569   (2)      2  : 0.1246 0.0510 0.6708 0.1536
570      570   (0)      2  : 0.4140 0.0933 0.1187 0.3740
571      571   (2)      2  : 0.3897 0.1077 0.0950 0.4077
572      572   (6)      2  : 0.2513 0.0960 0.3822 0.2706
573      573   (5)      2  : 0.1697 0.4870 0.1460 0.1973
574      574   (8)      2  : 0.3210 0.2407 0.1447 0.2937
575      575   (3)      2  : 0.3978 0.0560 0.2134 0.3328
576      576   (0)      2  : 0.1533 0.1633 0.5360 0.1473
577      577   (0)      2  : 0.0596 0.8521 0.0333 0.0550
578      578   (1)      2  : 0.3680 0.0760 0.1513 0.4047
579      579   (0)      2  : 0.1507 0.6092 0.0420 0.1981
580      580   (0)      2  : 0.3434 0.0536 0.3471 0.2558
581      581   (6)      2  : 0.1970 0.0957 0.4963 0.2110
582      582   (7)      2  : 0.3959 0.0563 0.1756 0.3722
583      583   (3)      2  : 0.4253 0.0767 0.1807 0.3174
584      584   (5)      2  : 0.3297 0.0950 0.2487 0.3267
585      585   (1)      2  : 0.3710 0.1667 0.0923 0.3700
586      586   (2)      2  : 0.3559 0.0417 0.2389 0.3635
587      587   (0)      2  : 0.0347 0.9000 0.0303 0.0350
588      588   (0)      2  : 0.2483 0.2677 0.1713 0.3127
589      589   (1)      2  : 0.2878 0.1310 0.3141 0.2671
590      590   (2)      2  : 0.4422 0.0233 0.1007 0.4338
591      591   (0)      2  : 0.3846 0.0787 0.2083 0.3284
592      592   (4)      2  : 0.3072 0.0833 0.2646 0.3449
593      593   (0)      2  : 0.3149 0.2068 0.1918 0.2865
594      594   (1)      2  : 0.3992 0.0673 0.1186 0.4148
595      595   (0)      2  : 0.1477 0.2623 0.4440 0.1460
596      596   (0)      2  : 0.2972 0.1346 0.2622 0.3059
597      597   (0)      2  : 0.1870 0.1830 0.4513 0.1787
598      598   (0)      2  : 0.2953 0.0903 0.2653 0.3490
599      599   (0)      2  : 0.3893 0.1910 0.1140 0.3057
600      600   (0)      2  : 0.3635 0.1120 0.1536 0.3709
601      601   (0)      2  : 0.2013 0.0417 0.5260 0.2310
602      602   (0)      2  : 0.2693 0.2707 0.2283 0.2317
603      603   (0)      2  : 0.3168 0.0587 0.1567 0.4678
604      604   (0)      2  : 0.4718 0.0624 0.1060 0.3598
605      605   (0)      2  : 0.3003 0.0723 0.3123 0.3150
606      606   (0)      2  : 0.2890 0.1703 0.2067 0.3340
607      607   (0)      2  : 0.4722 0.0783 0.0636 0.3859
608      608   (0)      2  : 0.3780 0.0520 0.1150 0.4550
609      609   (0)      2  : 0.1343 0.0846 0.6371 0.1440
610      610   (6)      2  : 0.1127 0.7299 0.0547 0.1027
611      611   (0)      2  : 0.2104 0.3141 0.2564 0.2191
612      612   (3)      2  : 0.3408 0.1837 0.1177 0.3578
613      613   (0)      2  : 0.3272 0.1649 0.1873 0.3205
614      614   (0)      2  : 0.2300 0.3033 0.2393 0.2273
615      615   (0)      2  : 0.4962 0.0383 0.0774 0.3881
616      616   (0)      2  : 0.0674 0.0837 0.7769 0.0720
617      617   (0)      2  : 0.2759 0.1453 0.1906 0.3882
618      618   (0)      2  : 0.3688 0.2411 0.0580 0.3321
619      619   (0)      2  : 0.3510 0.0697 0.2290 0.3503
620      620   (0)      2  : 0.0927 0.3207 0.4937 0.0930
621      621   (2)      2  : 0.1420 0.0990 0.6337 0.1253
622      622   (3)      2  : 0.2077 0.1741 0.4078 0.2104
623      623   (1)      2  : 0.4282 0.1523 0.0593 0.3602
624      624   (2)      2  : 0.3400 0.1373 0.3037 0.2190
625      625   (1)      2  : 0.3100 0.2923 0.1240 0.2737
626      626   (9)      2  : 0.2750 0.0583 0.4340 0.2327
627      627   (0)      2  : 0.3223 0.1800 0.1653 0.3323
628      628   (0)      2  : 0.0290 0.9047 0.0350 0.0313
629      629   (2)      2  : 0.3798 0.2007 0.1224 0.2971
630      630   (1)      2  : 0.0767 0.0397 0.7979 0.0857
631      631   (4)      2  : 0.3996 0.0467 0.1393 0.4144
632      632   (0)      2  : 0.1493 0.1070 0.5821 0.1616
633      633   (7)      2  : 0.2016 0.0880 0.4532 0.2573
634      634   (2)      2  : 0.2836 0.3792 0.0713 0.2659
635      635   (0)      2  : 0.1123 0.0443 0.7263 0.1170
636      636   (0)      2  : 0.1043 0.2343 0.5265 0.1349
637      637   (0)      2  : 0.3687 0.2070 0.1180 0.3063
638      638   (0)      2  : 0.0847 0.0947 0.7262 0.0944
639      639   (1)      2  : 0.2571 0.1481 0.2941 0.3008
640      640   (2)      2  : 0.2621 0.4258 0.0627 0.2494
641      641   (1)      2  : 0.3619 0.1166 0.0756 0.4459
642      642   (3)      2  : 0.3645 0.2374 0.0650 0.3331
643      643   (1)      2  : 0.2769 0.0896 0.3056 0.3279
644      644  (10)      2  : 0.4200 0.0430 0.0963 0.4407
645      645   (6)      2  : 0.3739 0.2199 0.1193 0.2869
646      646   (0)      2  : 0.4099 0.0690 0.2028 0.3182
647      647   (2)      2  : 0.3589 0.1976 0.1043 0.3392
648      648   (0)      2  : 0.1934 0.0484 0.5622 0.1961
649      649   (0)      2  : 0.4555 0.0683 0.0806 0.3955
650      650   (1)      2  : 0.3599 0.0477 0.2622 0.3302
651      651   (6)      2  : 0.0560 0.8014 0.0763 0.0663
652      652   (1)      2  : 0.3439 0.1906 0.1503 0.3152
653      653   (4)      2  : 0.2553 0.0850 0.3807 0.2790
654      654   (1)      2  : 0.2587 0.1530 0.3070 0.2813
655      655   (4)      2  : 0.2546 0.3975 0.0970 0.2509
656      656   (0)      2  : 0.3702 0.0654 0.0931 0.4713
657      657   (0)      2  : 0.3395 0.1063 0.1456 0.4087
658      658   (0)      2  : 0.1718 0.0620 0.6084 0.1578
659      659   (7)      2  : 0.4337 0.0283 0.1160 0.4220
660      660   (4)      2  : 0.4198 0.1324 0.0937 0.3541
661      661   (3)      2  : 0.5017 0.0433 0.0910 0.3640
662      662   (2)      2  : 0.4670 0.0817 0.0763 0.3750
663      663   (2)      2  : 0.1891 0.3354 0.2814 0.1941
664      664   (0)      2  : 0.2083 0.0440 0.5223 0.2253
665      665   (1)      2  : 0.3828 0.1664 0.1417 0.3091
666      666   (0)      2  : 0.0673 0.7660 0.0900 0.0767
667      667   (0)      2  : 0.1987 0.4502 0.1194 0.2317
668      668   (1)      2  : 0.2874 0.2828 0.1654 0.2644
669      669   (5)      2  : 0.2899 0.1973 0.1100 0.4029
670      670  (10)      2  : 0.4475 0.0483 0.1173 0.3869
671      671   (3)      2  : 0.3780 0.0793 0.1447 0.3980
672      672   (0)      2  : 0.3414 0.0390 0.3010 0.3187
673      673   (6)      2  : 0.0696 0.0643 0.7988 0.0673
674      674   (0)      2  : 0.2757 0.1013 0.3270 0.2960
675      675   (0)      2  : 0.1763 0.0443 0.5768 0.2026
676      676   (1)      2  : 0.3487 0.0923 0.1417 0.4173
677      677   (4)      2  : 0.2709 0.3182 0.0810 0.3299
678      678   (9)      2  : 0.2668 0.1984 0.1751 0.3598
679      679   (1)      2  : 0.2646 0.2406 0.1789 0.3159
680      680   (1)      2  : 0.3584 0.1581 0.1490 0.3345
681      681   (1)      2  : 0.1066 0.4289 0.3299 0.1346
682      682   (2)      2  : 0.1217 0.5533 0.2040 0.1210
683      683   (0)      2  : 0.3541 0.1107 0.0500 0.4852
684      684   (0)      2  : 0.3001 0.1224 0.2718 0.3058
685      685   (0)      2  : 0.2481 0.1030 0.3875 0.2614
686      686   (0)      2  : 0.0863 0.0480 0.7803 0.0853
687      687   (4)      2  : 0.3169 0.0636 0.3436 0.2759
688      688   (2)      2  : 0.2121 0.4078 0.2057 0.1744
689      689   (2)      2  : 0.1026 0.4632 0.3453 0.0889
690      690   (6)      2  : 0.3147 0.2870 0.1233 0.2750
691      691   (7)      2  : 0.2116 0.2273 0.2802 0.2809
692      692   (0)      2  : 0.2469 0.2499 0.1806 0.3226
693      693   (3)      2  : 0.0630 0.0387 0.8281 0.0703
694      694   (0)      2  : 0.1797 0.0403 0.6183 0.1617
695      695   (0)      2  : 0.2766 0.2396 0.1030 0.3809
696      696   (0)      2  : 0.2763 0.0707 0.2237 0.4293
697      697   (3)      2  : 0.3203 0.0850 0.2157 0.3790
698      698   (0)      2  : 0.3043 0.0323 0.2530 0.4103
699      699   (0)      2  : 0.3519 0.2169 0.0823 0.3489
700      700   (0)      2  : 0.4515 0.0920 0.0653 0.3912
701      701   (0)      2  : 0.2062 0.0813 0.4422 0.2703
702      702   (1)      2  : 0.1157 0.4695 0.2494 0.1654
703      703   (0)      2  : 0.2402 0.3832 0.1386 0.2379
704      704   (0)      2  : 0.0764 0.5295 0.3081 0.0860
705      705   (0)      2  : 0.3603 0.1153 0.1797 0.3447
706      706   (0)      2  : 0.0864 0.1851 0.6356 0.0930
707      707   (2)      2  : 0.1326 0.1243 0.6208 0.1223
708      708   (1)      2  : 0.3705 0.1771 0.1117 0.3408
709      709   (0)      2  : 0.1026 0.2798 0.5050 0.1126
710      710   (0)      2  : 0.3400 0.1130 0.0810 0.4660
711      711   (0)      2  : 0.2419 0.2929 0.1686 0.2966
712      712   (1)      2  : 0.3745 0.0580 0.1277 0.4398
713      713   (0)      2  : 0.1166 0.1240 0.6248 0.1346
714      714   (0)      2  : 0.4108 0.1557 0.0920 0.3414
715      715   (0)      2  : 0.3485 0.0930 0.1004 0.4581
716      716   (0)      2  : 0.1847 0.5108 0.1090 0.1954
717      717   (2)      2  : 0.1203 0.0873 0.6566 0.1359
718      718   (1)      2  : 0.3349 0.0497 0.2089 0.4065
719      719   (9)      2  : 0.3492 0.0417 0.2066 0.4025
720      720   (4)      2  : 0.3620 0.1253 0.1727 0.3400
721      721   (2)      2  : 0.1010 0.0800 0.7196 0.0994
722      722   (0)      2  : 0.0733 0.0790 0.7510 0.0967
723      723   (0)      2  : 0.0900 0.0763 0.7370 0.0967
724      724   (0)      2  : 0.1444 0.5155 0.1390 0.2011
725      725   (0)      2  : 0.4921 0.0697 0.0880 0.3501
726      726   (0)      2  : 0.3996 0.1558 0.0610 0.3836
727      727   (1)      2  : 0.1360 0.2391 0.5058 0.1190
728      728   (1)      2  : 0.2467 0.4650 0.0803 0.2080
729      729   (1)      2  : 0.4830 0.0560 0.0770 0.3840
730      730   (0)      2  : 0.1727 0.2350 0.3730 0.2193
731      731   (2)      2  : 0.1107 0.7200 0.0703 0.0990
732      732   (1)      2  : 0.2011 0.2594 0.3311 0.2084
733      733   (0)      2  : 0.0823 0.0470 0.7867 0.0840
734      734   (0)      2  : 0.4643 0.0480 0.0767 0.4110
735      735   (0)      2  : 0.3469 0.0666 0.2446 0.3419
736      736   (0)      2  : 0.3361 0.1210 0.1294 0.4135
737      737   (0)      2  : 0.1310 0.2494 0.4538 0.1657
738      738   (0)      2  : 0.2129 0.3615 0.2046 0.2209
739      739   (0)      2  : 0.3053 0.2947 0.1380 0.2620
740      740   (0)      2  : 0.4976 0.0390 0.1308 0.3326
741      741   (0)      2  : 0.1763 0.2259 0.3362 0.2616
742      742   (0)      2  : 0.3690 0.0647 0.1017 0.4647
743      743   (0)      2  : 0.3857 0.0683 0.0947 0.4513
744      744   (0)      2  : 0.4120 0.0570 0.2197 0.3113
745      745   (0)      2  : 0.2223 0.0536 0.5028 0.2213
746      746   (0)      2  : 0.2027 0.4151 0.1284 0.2537
747      747   (0)      2  : 0.0950 0.7766 0.0463 0.0820
748      748   (2)      2  : 0.2567 0.2437 0.1393 0.3603
749      749   (7)      2  : 0.1756 0.1513 0.4875 0.1856
750      750   (2)      2  : 0.3560 0.1600 0.1367 0.3473
751      751   (0)      2  : 0.2866 0.2219 0.0600 0.4315
752      752   (5)      2  : 0.1440 0.0410 0.6710 0.1440
753      753   (0)      2  : 0.3269 0.0407 0.1548 0.4777
754      754   (0)      2  : 0.2677 0.0593 0.3873 0.2857
755      755   (0)      2  : 0.0817 0.0403 0.8023 0.0757
756      756   (0)      2  : 0.1417 0.2923 0.4017 0.1643
757      757   (0)      2  : 0.2573 0.1637 0.2147 0.3643
758      758   (1)      2  : 0.4117 0.1353 0.1117 0.3413
759      759   (0)      2  : 0.2085 0.2692 0.2968 0.2255
760      760   (0)      2  : 0.2621 0.3475 0.1427 0.2478
761      761   (0)      2  : 0.3888 0.0247 0.1379 0.4487
762      762   (0)      2  : 0.0999 0.0350 0.7545 0.1106
763      763   (0)      2  : 0.1925 0.3369 0.2638 0.2068
764      764   (0)      4  : 0.1240 0.0953 0.6677 0.1130
765      765   (0)      2  : 0.3067 0.1200 0.2403 0.3330
766      766   (0)      4  : 0.3571 0.0433 0.1284 0.4712
767      767   (0)      4  : 0.4507 0.0277 0.0540 0.4677
768      768   (0)      4  : 0.3840 0.1513 0.0783 0.3863
769      769   (0)      2  : 0.2439 0.0633 0.4732 0.2196
770      770   (0)      4  : 0.1247 0.0534 0.6362 0.1857
771      771   (1)      3  : 0.2564 0.1921 0.3158 0.2357
772      772   (0)      2  : 0.3003 0.0800 0.3120 0.3077
773      773   (0)      3  : 0.3389 0.2051 0.2141 0.2418
774      774   (0)      3  : 0.2293 0.0673 0.5417 0.1617
775      775   (0)      3  : 0.2080 0.0817 0.5547 0.1557
776      776   (0)      3  : 0.1583 0.1343 0.5565 0.1509
777      777   (0)      3  : 0.1597 0.0740 0.6023 0.1640
778      778   (3)      4  : 0.3288 0.1464 0.1064 0.4185
779      779   (0)      2  : 0.0736 0.0796 0.7451 0.1016
780      780   (0)      4  : 0.2923 0.0850 0.2573 0.3653
781      781   (0)      4  : 0.2057 0.0450 0.4893 0.2600
782      782   (0)      4  : 0.2568 0.0614 0.4893 0.1925
783      783   (0)      4  : 0.1630 0.1720 0.4993 0.1657
784      784   (0)      2  : 0.0887 0.6606 0.1681 0.0827
785      785   (0)      4  : 0.2860 0.0750 0.1997 0.4393
786      786   (0)      3  : 0.1867 0.2510 0.3713 0.1910
787      787   (0)      3  : 0.0614 0.0350 0.8423 0.0614
788      788   (0)      3  : 0.3853 0.0517 0.2605 0.3025
789      789   (0)      3  : 0.2967 0.1890 0.2023 0.3120
790      790   (1)      3  : 0.2658 0.1867 0.2828 0.2648
791      791   (0)      3  : 0.4195 0.0670 0.1250 0.3886
792      792   (2)      4  : 0.1584 0.0383 0.6236 0.1797
793      793   (4)      4  : 0.3120 0.0893 0.3203 0.2783
794      794   (0)      4  : 0.1860 0.0357 0.5897 0.1887
795      795   (3)      4  : 0.2167 0.0760 0.5082 0.1991
796      796   (0)      4  : 0.3069 0.1456 0.2839 0.2636
797      797   (0)      2  : 0.2510 0.3120 0.1877 0.2493
798      798   (0)      4  : 0.1520 0.1693 0.4963 0.1823
799      799   (1)      3  : 0.3409 0.1503 0.1540 0.3549
800      800   (0)      2  : 0.0920 0.1243 0.6893 0.0943
801      801   (0)      3  : 0.1914 0.0463 0.5412 0.2211
802      802   (1)      3  : 0.0803 0.2093 0.6250 0.0853
803      803   (0)      3  : 0.3312 0.0563 0.2972 0.3152
804      804   (0)      3  : 0.2344 0.0707 0.4792 0.2157
805      805   (0)      4  : 0.3941 0.1570 0.1437 0.3051
806      806   (1)      4  : 0.3590 0.0470 0.1497 0.4443
807      807   (0)      4  : 0.4085 0.1364 0.1340 0.3211
808      808   (0)      4  : 0.4542 0.0720 0.0620 0.4118
809      809   (0)      2  : 0.1943 0.2946 0.2896 0.2216
810      810   (0)      4  : 0.2289 0.1366 0.3122 0.3222
811      811   (0)      2  : 0.3362 0.1646 0.2239 0.2752
812      812   (1)      3  : 0.3262 0.0593 0.2466 0.3679
813      813   (0)      3  : 0.4468 0.0243 0.0646 0.4642
814      814   (0)      3  : 0.2633 0.1357 0.3520 0.2490
815      815   (1)      3  : 0.2107 0.1363 0.4777 0.1753
816      816   (0)      3  : 0.1627 0.0653 0.6050 0.1670
817      817   (8)      4  : 0.3217 0.1500 0.2483 0.2800
818      818   (0)      2  : 0.1250 0.1773 0.5608 0.1370
819      819   (3)      4  : 0.2620 0.0620 0.4213 0.2547
820      820   (3)      4  : 0.3148 0.0584 0.3558 0.2711
821      821   (3)      4  : 0.3679 0.0573 0.1050 0.4698
822      822   (0)      4  : 0.3034 0.1130 0.2938 0.2898
823      823   (0)      2  : 0.2680 0.0810 0.3603 0.2907
824      824   (0)      4  : 0.2631 0.1154 0.2898 0.3318
825      825   (0)      2  : 0.0640 0.8207 0.0523 0.0630
826      826   (1)      3  : 0.1127 0.0360 0.7416 0.1097
827      827   (1)      2  : 0.0973 0.7240 0.0850 0.0937
828      828   (0)      3  : 0.4430 0.0753 0.0830 0.3987
829      829   (0)      3  : 0.3445 0.1380 0.1686 0.3489
830      830   (0)      3  : 0.0947 0.1060 0.7100 0.0893
831      831   (0)      3  : 0.0727 0.0427 0.8046 0.0800
832      832   (0)      4  : 0.2173 0.2517 0.3113 0.2197
833      833   (0)      2  : 0.1333 0.0643 0.6320 0.1703
834      834   (2)      4  : 0.4320 0.0520 0.0937 0.4223
835      835   (0)      4  : 0.0647 0.0527 0.8233 0.0593
836      836   (4)      4  : 0.4308 0.0580 0.1097 0.4015
837      837   (0)      4  : 0.2472 0.1589 0.3171 0.2768
838      838   (0)      2  : 0.3099 0.2489 0.0756 0.3655
839      839   (0)      2  : 0.2507 0.1020 0.4537 0.1937
840      840   (1)      3  : 0.0527 0.0590 0.8373 0.0510
841      841   (0)      3  : 0.0919 0.0423 0.7728 0.0929
842      842   (0)      3  : 0.3721 0.0293 0.1794 0.4191
843      843   (0)      3  : 0.0613 0.0397 0.8367 0.0623
844      844   (0)      3  : 0.2903 0.0500 0.4383 0.2213
845      845   (0)      2  : 0.3367 0.0533 0.0857 0.5243
846      846   (3)      4  : 0.3941 0.0504 0.2131 0.3424
847      847   (0)      4  : 0.1331 0.0437 0.6471 0.1761
848      848   (2)      4  : 0.2737 0.0897 0.3573 0.2793
849      849   (0)      4  : 0.2738 0.1427 0.3111 0.2724
850      850   (0)      3  : 0.3118 0.1651 0.2017 0.3214
851      851   (1)      3  : 0.2054 0.0744 0.5052 0.2151
852      852   (0)      3  : 0.4017 0.0510 0.1723 0.3750
853      853   (0)      3  : 0.1083 0.0557 0.7173 0.1187
854      854   (3)      3  : 0.3887 0.0437 0.1647 0.4030
855      855   (0)      2  : 0.1193 0.3683 0.3630 0.1493
856      856   (0)      4  : 0.4903 0.0470 0.0824 0.3803
857      857   (0)      4  : 0.4016 0.0627 0.1161 0.4196
858      858   (0)      4  : 0.3973 0.0881 0.1134 0.4013
859      859   (0)      2  : 0.1152 0.4316 0.3430 0.1102
860      860   (0)      2  : 0.4207 0.1143 0.1506 0.3145
861      861   (0)      3  : 0.3014 0.0990 0.3018 0.2978
862      862   (0)      3  : 0.0950 0.1287 0.6707 0.1057
863      863   (0)      3  : 0.4575 0.0260 0.1070 0.4095
864      864   (0)      3  : 0.3392 0.0590 0.1629 0.4389
865      865   (0)      3  : 0.2064 0.0614 0.4932 0.2391
866      866   (0)      2  : 0.1968 0.5007 0.0931 0.2095
867      867   (0)      2  : 0.1264 0.5811 0.1354 0.1571
868      868   (0)      2  : 0.2527 0.1547 0.2497 0.3430
869      869   (0)      2  : 0.0690 0.7963 0.0590 0.0757
870      870   (0)      2  : 0.3980 0.0997 0.0883 0.4140
871      871   (0)      2  : 0.1456 0.0663 0.6438 0.1443
872      872   (0)      2  : 0.2818 0.0353 0.4675 0.2154
873      873   (0)      2  : 0.4162 0.1306 0.1083 0.3449
874      874   (0)      2  : 0.0407 0.8660 0.0510 0.0423
875      875   (0)      2  : 0.1037 0.6956 0.1150 0.0857
876      876   (1)      2  : 0.0540 0.8093 0.0750 0.0617
877      877   (0)      2  : 0.1791 0.0884 0.5699 0.1627
878      878   (0)      2  : 0.1872 0.1199 0.5067 0.1862
879      879   (0)      2  : 0.4485 0.0620 0.1030 0.3865
880      880   (0)      2  : 0.3753 0.1917 0.0910 0.3420
881      881   (0)      2  : 0.1777 0.4670 0.1827 0.1727
882      882   (0)      2  : 0.2483 0.3743 0.1030 0.2743
883      883   (0)      2  : 0.3948 0.1267 0.1050 0.3735
884      884   (4)      2  : 0.1133 0.4110 0.3247 0.1510
885      885   (0)      2  : 0.0653 0.0240 0.8367 0.0740
886      886   (0)      2  : 0.0553 0.8377 0.0477 0.0593
887      887   (0)      2  : 0.1720 0.0916 0.5078 0.2286
888      888   (0)      2  : 0.3430 0.0487 0.0787 0.5297
889      889   (0)      2  : 0.1044 0.1010 0.6939 0.1007
890      890   (0)      2  : 0.0666 0.0696 0.7951 0.0686
891      891   (0)      2  : 0.2748 0.1304 0.2371 0.3578
892      892   (0)      2  : 0.0776 0.1043 0.7351 0.0830
893      893   (0)      2  : 0.1530 0.1927 0.4750 0.1793
894      894   (0)      2  : 0.2573 0.0343 0.4367 0.2717
895      895   (0)      2  : 0.2250 0.0477 0.4993 0.2280
896      896   (0)      2  : 0.1473 0.0740 0.6197 0.1590
897      897   (9)      2  : 0.0893 0.7541 0.0746 0.0820
898      898   (0)      2  : 0.5277 0.0663 0.0780 0.3280
899      899   (0)      2  : 0.3788 0.0784 0.1891 0.3538
900      900   (0)      2  : 0.1157 0.0463 0.7212 0.1167
901      901   (0)      2  : 0.2369 0.1963 0.1893 0.3775
902      902   (2)      2  : 0.1034 0.2461 0.5492 0.1014
903      903   (0)      2  : 0.1424 0.5608 0.1540 0.1427
904      904   (0)      2  : 0.1965 0.0644 0.4239 0.3152
905      905   (0)      2  : 0.2900 0.1233 0.3240 0.2627
906      906   (0)      2  : 0.3542 0.0520 0.2033 0.3905
907      907   (0)      2  : 0.4239 0.0900 0.1313 0.3549
908      908   (0)      2  : 0.1980 0.2432 0.3342 0.2246
909      909   (0)      2  : 0.0383 0.8950 0.0337 0.0330
910      910   (2)      2  : 0.3482 0.0497 0.1046 0.4975
911      911   (1)      2  : 0.2120 0.0813 0.5273 0.1793
912      912   (0)      2  : 0.2803 0.2170 0.2427 0.2600
913      913   (0)      2  : 0.0647 0.8239 0.0564 0.0550
914      914   (0)      2  : 0.2596 0.2809 0.1596 0.2999
915      915   (0)      2  : 0.4460 0.1037 0.1197 0.3307
916      916   (0)      2  : 0.0833 0.1019 0.7095 0.1053
917      917   (0)      2  : 0.1929 0.5646 0.0656 0.1769
918      918   (0)      2  : 0.0684 0.1741 0.6946 0.0630
919      919   (0)      2  : 0.0717 0.8040 0.0563 0.0680
920      920   (0)      2  : 0.1770 0.0633 0.6013 0.1583
921      921   (0)      2  : 0.1147 0.0433 0.7383 0.1037
922      922   (0)      2  : 0.2376 0.0477 0.4602 0.2546
923      923   (0)      2  : 0.1163 0.1397 0.6083 0.1357
924      924   (0)      2  : 0.1727 0.1030 0.5100 0.2143
925      925   (0)      2  : 0.1480 0.4978 0.1636 0.1906
926      926   (0)      2  : 0.0807 0.7739 0.0584 0.0870
927      927   (0)      2  : 0.2087 0.4618 0.0724 0.2571
928      928   (0)      2  : 0.0667 0.7999 0.0754 0.0580
929      929   (0)      2  : 0.0640 0.8060 0.0730 0.0570
930      930   (0)      2  : 0.1884 0.1037 0.4822 0.2257
931      931   (0)      2  : 0.1000 0.7283 0.0857 0.0860
932      932   (0)      2  : 0.0510 0.8217 0.0720 0.0553
933      933   (0)      2  : 0.3923 0.1160 0.1120 0.3797
934      934   (0)      2  : 0.2164 0.3831 0.2071 0.1934
935      935   (0)      2  : 0.3807 0.1840 0.0633 0.3720
936      936   (1)      2  : 0.0766 0.7817 0.0696 0.0720
937      937   (2)      2  : 0.1277 0.3710 0.3563 0.1450
938      938   (0)      2  : 0.3457 0.2290 0.1203 0.3050
939      939   (0)      2  : 0.0870 0.7741 0.0593 0.0796
940      940   (0)      2  : 0.2824 0.2744 0.1914 0.2518
941      941   (0)      2  : 0.2239 0.4109 0.1469 0.2183
942      942   (0)      2  : 0.1645 0.6101 0.0766 0.1489
943      943   (0)      2  : 0.2340 0.0323 0.5017 0.2320
944      944   (0)      2  : 0.1100 0.7187 0.0653 0.1060
945      945   (0)      2  : 0.3373 0.1137 0.1967 0.3523
946      946   (0)      2  : 0.4685 0.0673 0.1306 0.3336
947      947   (0)      2  : 0.1409 0.2792 0.4672 0.1126
948      948   (0)      2  : 0.1137 0.0450 0.7130 0.1283
949      949   (0)      2  : 0.0887 0.7643 0.0657 0.0813
950      950   (0)      2  : 0.2033 0.0736 0.5215 0.2016
951      951   (0)      2  : 0.2840 0.0663 0.4183 0.2313
952      952   (0)      2  : 0.1729 0.1726 0.4965 0.1579
953      953   (0)      2  : 0.1677 0.4905 0.1727 0.1691
954      954   (0)      2  : 0.1746 0.5561 0.0640 0.2053
955      955   (0)      2  : 0.1384 0.4743 0.2128 0.1744
956      956   (0)      2  : 0.3337 0.1563 0.2183 0.2917
957      957   (2)      2  : 0.3442 0.0467 0.1879 0.4212
958      958   (0)      2  : 0.3932 0.0776 0.1260 0.4032
959      959   (4)      2  : 0.1843 0.4943 0.0887 0.2327
960      960   (0)      2  : 0.0486 0.8604 0.0463 0.0446
961      961   (1)      2  : 0.0397 0.8747 0.0473 0.0383
962      962   (0)      2  : 0.1366 0.3905 0.3292 0.1436
963      963   (0)      2  : 0.3582 0.0963 0.1043 0.4412
964      964   (0)      2  : 0.3153 0.2107 0.1127 0.3613
965      965   (0)      2  : 0.4953 0.0857 0.0523 0.3667
966      966   (0)      2  : 0.0657 0.8227 0.0453 0.0663
967      967   (0)      2  : 0.3194 0.0777 0.2844 0.3184
968      968   (0)      2  : 0.1033 0.0767 0.6930 0.1270
969      969   (0)      2  : 0.2550 0.0713 0.4093 0.2643
970      970   (0)      2  : 0.2633 0.4027 0.1187 0.2153
971      971   (0)      2  : 0.2073 0.4610 0.0667 0.2650
972      972   (0)      2  : 0.2854 0.2344 0.2287 0.2514
973      973   (0)      2  : 0.2199 0.1316 0.4182 0.2303
974      974   (6)      2  : 0.3263 0.2907 0.1070 0.2760
975      975   (0)      2  : 0.4143 0.0477 0.2317 0.3063
976      976   (0)      2  : 0.3483 0.0927 0.1690 0.3900
977      977   (0)      2  : 0.1483 0.5333 0.1573 0.1610
978      978   (0)      2  : 0.0277 0.9213 0.0217 0.0293
979      979   (0)      2  : 0.0573 0.8278 0.0596 0.0553
980      980   (0)      2  : 0.3596 0.2348 0.0580 0.3476
981      981   (0)      2  : 0.0620 0.8279 0.0480 0.0620
982      982   (4)      2  : 0.1272 0.6289 0.0596 0.1842
983      983   (0)      2  : 0.3583 0.1343 0.2137 0.2937
984      984   (0)      2  : 0.2814 0.2554 0.0657 0.3975
985      985   (0)      2  : 0.3387 0.0787 0.1917 0.3910
986      986   (0)      2  : 0.2902 0.0796 0.3486 0.2816
987      987   (1)      2  : 0.2830 0.0863 0.3753 0.2553
988      988   (0)      2  : 0.0450 0.8640 0.0370 0.0540
989      989   (0)      2  : 0.1884 0.1454 0.4942 0.1721
990      990   (0)      2  : 0.4357 0.0887 0.1370 0.3387
991      991   (0)      2  : 0.0453 0.8790 0.0300 0.0457
992      992   (0)      2  : 0.3650 0.0897 0.0917 0.4537
993      993   (0)      2  : 0.3061 0.2864 0.1330 0.2744
994      994   (0)      2  : 0.2748 0.2151 0.2931 0.2171
995      995   (0)      2  : 0.1706 0.6098 0.0620 0.1576
996      996   (0)      2  : 0.3884 0.2498 0.0827 0.2791
997      997   (0)      2  : 0.0357 0.8753 0.0487 0.0403
998      998   (0)      2  : 0.2791 0.2221 0.2367 0.2621
999      999   (0)      2  : 0.1040 0.7509 0.0514 0.0937
1000     1000   (0)      2  : 0.2668 0.0676 0.3964 0.2692
