1 1 (0) 1 : 1.000
2 2 (0) 1 : 1.000
3 3 (0) 1 : 1.000
4 4 (0) 1 : 1.000
5 5 (1) 1 : 1.000
6 6 (0) 1 : 1.000
7 7 (0) 1 : 1.000
8 8 (0) 1 : 1.000
9 9 (0) 1 : 1.000
10 10 (0) 1 : 1.000
11 11 (0) 1 : 1.000
12 12 (0) 1 : 1.000
13 13 (0) 1 : 1.000
14 14 (0) 1 : 1.000
15 15 (0) 1 : 1.000
16 16 (0) 1 : 1.000
17 17 (0) 1 : 1.000
18 18 (3) 1 : 1.000
19 19 (0) 1 : 1.000
20 20 (0) 1 : 1.000
21 21 (0) 1 : 1.000
22 22 (0) 1 : 1.000
23 23 (0) 1 : 1.000
24 24 (1) 1 : 1.000
25 25 (0) 1 : 1.000
26 26 (0) 1 : 1.000
27 27 (2) 1 : 1.000
28 28 (0) 1 : 1.000
29 29 (0) 1 : 1.000
30 30 (0) 1 : 1.000
31 31 (0) 1 : 1.000
32 32 (0) 1 : 1.000
33 33 (0) 1 : 1.000
34 34 (0) 1 : 1.000
35 35 (0) 1 : 1.000
36 36 (0) 1 : 1.000
37 37 (0) 1 : 1.000
38 38 (0) 1 : 1.000
39 39 (0) 1 : 1.000
40 40 (0) 1 : 1.000
41 41 (0) 1 : 1.000
42 42 (0) 1 : 1.000
43 43 (0) 1 : 1.000
44 44 (8) 1 : 1.000
45 45 (2) 1 : 1.000
46 46 (0) 1 : 1.000
47 47 (0) 1 : 1.000
48 48 (0) 1 : 1.000
49 49 (0) 1 : 1.000
50 50 (0) 1 : 1.000
51 51 (2) 1 : 1.000
52 52 (0) 1 : 1.000
53 53 (1) 1 : 1.000
54 54 (0) 1 : 1.000
55 55 (4) 1 : 1.000
56 56 (0) 1 : 1.000
57 57 (0) 1 : 1.000
58 58 (0) 1 : 1.000
59 59 (0) 1 : 1.000
60 60 (0) 1 : 1.000
61 61 (0) 1 : 1.000
62 62 (0) 1 : 1.000
63 63 (0) 1 : 1.000
64 64 (2) 1 : 1.000
65 65 (0) 1 : 1.000
66 66 (5) 1 : 1.000
67 67 (0) 1 : 1.000
68 68 (1) 1 : 1.000
69 69 (3) 1 : 1.000
70 70 (0) 1 : 1.000
71 71 (0) 1 : 1.000
72 72 (5) 1 : 1.000
73 73 (0) 1 : 1.000
74 74 (0) 1 : 1.000
75 75 (0) 1 : 1.000
76 76 (0) 1 : 1.000
77 77 (1) 1 : 1.000
78 78 (0) 1 : 1.000
79 79 (3) 1 : 1.000
80 80 (0) 1 : 1.000
81 81 (3) 1 : 1.000
82 82 (1) 1 : 1.000
83 83 (0) 1 : 1.000
84 84 (0) 1 : 1.000
85 85 (7) 1 : 1.000
86 86 (0) 1 : 1.000
87 87 (0) 1 : 1.000
88 88 (0) 2 : 1.000
89 89 (0) 2 : 1.000
90 90 (0) 2 : 1.000
91 91 (0) 2 : 1.000
92 92 (0) 2 : 1.000
93 93 (0) 2 : 1.000
94 94 (0) 2 : 1.000
95 95 (0) 2 : 1.000
96 96 (0) 2 : 1.000
97 97 (0) 2 : 1.000
98 98 (0) 2 : 1.000
99 99 (0) 2 : 1.000
100 100 (0) 2 : 1.000
101 101 (1) 2 : 1.000
102 102 (0) 2 : 1.000
103 103 (0) 2 : 1.000
104 104 (0) 2 : 1.000
105 105 (0) 2 : 1.000
106 106 (0) 2 : 1.000
107 107 (0) 2 : 1.000
108 108 (0) 2 : 1.000
109 109 (0) 2 : 1.000
110 110 (0) 2 : 1.000
111 111 (0) 2 : 1.000
112 112 (2) 2 : 1.000
113 113 (0) 2 : 1.000
114 114 (5) 2 : 1.000
115 115 (0) 2 : 1.000
116 116 (0) 2 : 1.000
117 117 (0) 2 : 1.000
118 118 (0) 2 : 1.000
119 119 (2) 2 : 1.000
120 120 (0) 2 : 1.000
121 121 (0) 2 : 1.000
122 122 (0) 2 : 1.000
123 123 (1) 2 : 1.000
124 124 (0) 2 : 1.000
125 125 (0) 2 : 1.000
126 126 (0) 2 : 1.000
127 127 (0) 2 : 1.000
128 128 (1) 2 : 1.000
129 129 (0) 2 : 1.000
130 130 (2) 2 : 1.000
131 131 (0) 2 : 1.000
132 132 (0) 2 : 1.000
133 133 (0) 2 : 1.000
134 134 (0) 2 : 1.000
135 135 (0) 2 : 1.000
136 136 (4) 2 : 1.000
137 137 (0) 2 : 1.000
138 138 (0) 2 : 1.000
139 139 (3) 2 : 1.000
140 140 (1) 2 : 1.000
141 141 (0) 2 : 1.000
142 142 (0) 2 : 1.000
143 143 (0) 2 : 1.000
144 144 (0) 2 : 1.000
145 145 (0) 2 : 1.000
146 146 (1) 2 : 1.000
147 147 (0) 2 : 1.000
148 148 (0) 2 : 1.000
149 149 (0) 2 : 1.000
150 150 (1) 2 : 1.000
151 151 (0) 2 : 1.000
152 152 (0) 2 : 1.000
153 153 (0) 2 : 1.000
154 154 (0) 2 : 1.000
155 155 (0) 2 : 1.000
156 156 (0) 2 : 1.000
157 157 (0) 2 : 1.000
158 158 (0) 2 : 1.000
159 159 (0) 2 : 1.000
160 160 (0) 2 : 1.000
161 161 (1) 2 : 1.000
162 162 (0) 2 : 1.000
163 163 (0) 2 : 1.000
164 164 (0) 2 : 1.000
165 165 (0) 2 : 1.000
166 166 (0) 2 : 1.000
167 167 (0) 2 : 1.000
168 168 (0) 2 : 1.000
169 169 (0) 2 : 1.000
170 170 (0) 2 : 1.000
171 171 (0) 2 : 1.000
172 172 (0) 2 : 1.000
173 173 (0) 2 : 1.000
174 174 (0) 2 : 1.000
175 175 (0) 2 : 1.000
176 176 (0) 2 : 1.000
177 177 (0) 2 : 1.000
178 178 (0) 2 : 1.000
179 179 (0) 2 : 1.000
180 180 (0) 2 : 1.000
181 181 (0) 2 : 1.000
182 182 (0) 2 : 1.000
183 183 (0) 2 : 1.000
184 184 (0) 2 : 1.000
185 185 (0) 2 : 1.000
186 186 (0) 2 : 1.000
187 187 (0) 2 : 1.000
188 188 (0) 2 : 1.000
189 189 (0) 2 : 1.000
190 190 (0) 2 : 1.000
191 191 (0) 2 : 1.000
192 192 (0) 2 : 1.000
193 193 (0) 2 : 1.000
194 194 (0) 2 : 1.000
195 195 (0) 2 : 1.000
196 196 (0) 2 : 1.000
197 197 (0) 2 : 1.000
198 198 (0) 2 : 1.000
199 199 (0) 2 : 1.000
200 200 (0) 2 : 1.000
201 201 (0) 2 : 1.000
202 202 (0) 2 : 1.000
203 203 (0) 2 : 1.000
204 204 (0) 2 : 1.000
205 205 (0) 2 : 1.000
206 206 (0) 2 : 1.000
207 207 (0) 2 : 1.000
208 208 (0) 2 : 1.000
209 209 (0) 2 : 1.000
210 210 (0) 2 : 1.000
211 211 (0) 2 : 1.000
212 212 (1) 2 : 1.000
213 213 (1) 2 : 1.000
214 214 (0) 2 : 1.000
215 215 (0) 2 : 1.000
216 216 (0) 2 : 1.000
217 217 (0) 2 : 1.000
218 218 (0) 2 : 1.000
219 219 (0) 2 : 1.000
220 220 (0) 2 : 1.000
221 221 (0) 2 : 1.000
222 222 (0) 2 : 1.000
223 223 (0) 2 : 1.000
224 224 (1) 2 : 1.000
225 225 (0) 2 : 1.000
226 226 (0) 2 : 1.000
227 227 (0) 2 : 1.000
228 228 (0) 2 : 1.000
229 229 (0) 2 : 1.000
230 230 (0) 2 : 1.000
231 231 (0) 2 : 1.000
232 232 (2) 2 : 1.000
233 233 (0) 2 : 1.000
234 234 (0) 2 : 1.000
235 235 (0) 2 : 1.000
236 236 (0) 2 : 1.000
237 237 (0) 2 : 1.000
238 238 (0) 2 : 1.000
239 239 (0) 2 : 1.000
240 240 (0) 2 : 1.000
241 241 (0) 2 : 1.000
242 242 (0) 2 : 1.000
243 243 (0) 2 : 1.000
244 244 (0) 2 : 1.000
245 245 (0) 2 : 1.000
246 246 (0) 2 : 1.000
247 247 (0) 2 : 1.000
248 248 (0) 2 : 1.000
249 249 (0) 2 : 1.000
250 250 (0) 2 : 1.000
251 251 (0) 2 : 1.000
252 252 (0) 2 : 1.000
253 253 (0) 2 : 1.000
254 254 (0) 2 : 1.000
255 255 (0) 2 : 1.000
256 256 (0) 2 : 1.000
257 257 (0) 2 : 1.000
258 258 (0) 1 : 1.000
259 259 (0) 1 : 1.000
260 260 (0) 1 : 1.000
261 261 (0) 1 : 1.000
262 262 (0) 1 : 1.000
263 263 (0) 1 : 1.000
264 264 (0) 1 : 1.000
265 265 (0) 1 : 1.000
266 266 (0) 1 : 1.000
267 267 (0) 1 : 1.000
268 268 (0) 1 : 1.000
269 269 (1) 1 : 1.000
270 270 (0) 1 : 1.000
271 271 (0) 1 : 1.000
272 272 (0) 1 : 1.000
273 273 (0) 1 : 1.000
274 274 (0) 1 : 1.000
275 275 (0) 1 : 1.000
276 276 (0) 1 : 1.000
277 277 (0) 1 : 1.000
278 278 (0) 1 : 1.000
279 279 (0) 1 : 1.000
280 280 (0) 1 : 1.000
281 281 (0) 1 : 1.000
282 282 (0) 1 : 1.000
283 283 (0) 1 : 1.000
284 284 (0) 1 : 1.000
285 285 (0) 1 : 1.000
286 286 (0) 1 : 1.000
287 287 (0) 1 : 1.000
288 288 (0) 1 : 1.000
289 289 (0) 1 : 1.000
290 290 (1) 1 : 1.000
291 291 (0) 1 : 1.000
292 292 (0) 1 : 1.000
293 293 (0) 1 : 1.000
294 294 (0) 1 : 1.000
295 295 (0) 1 : 1.000
296 296 (0) 1 : 1.000
297 297 (0) 1 : 1.000
298 298 (0) 1 : 1.000
299 299 (0) 1 : 1.000
300 300 (0) 1 : 1.000
301 301 (0) 1 : 1.000
302 302 (0) 1 : 1.000
303 303 (0) 1 : 1.000
304 304 (0) 1 : 1.000
305 305 (0) 1 : 1.000
306 306 (0) 1 : 1.000
307 307 (1) 1 : 1.000
308 308 (0) 1 : 1.000
309 309 (0) 1 : 1.000
310 310 (0) 1 : 1.000
311 311 (0) 1 : 1.000
312 312 (0) 1 : 1.000
313 313 (0) 1 : 1.000
314 314 (0) 1 : 1.000
315 315 (0) 1 : 1.000
316 316 (0) 1 : 1.000
317 317 (0) 1 : 1.000
318 318 (0) 1 : 1.000
319 319 (0) 1 : 1.000
320 320 (0) 1 : 1.000
321 321 (0) 1 : 1.000
322 322 (0) 1 : 1.000
323 323 (0) 1 : 1.000
324 324 (0) 1 : 1.000
325 325 (0) 1 : 1.000
326 326 (0) 1 : 1.000
327 327 (0) 1 : 1.000
328 328 (0) 1 : 1.000
329 329 (0) 1 : 1.000
330 330 (0) 1 : 1.000
331 331 (0) 1 : 1.000
332 332 (0) 1 : 1.000
333 333 (0) 1 : 1.000
334 334 (0) 1 : 1.000
335 335 (0) 1 : 1.000
336 336 (0) 1 : 1.000
337 337 (0) 1 : 1.000
338 338 (0) 1 : 1.000
339 339 (0) 1 : 1.000
340 340 (0) 1 : 1.000
341 341 (0) 1 : 1.000
342 342 (0) 1 : 1.000
343 343 (0) 1 : 1.000
344 344 (0) 1 : 1.000
345 345 (1) 1 : 1.000
346 346 (0) 1 : 1.000
347 347 (0) 1 : 1.000
348 348 (0) 1 : 1.000
349 349 (0) 1 : 1.000
350 350 (0) 1 : 1.000
351 351 (0) 1 : 1.000
352 352 (0) 1 : 1.000
353 353 (0) 1 : 1.000
354 354 (0) 1 : 1.000
355 355 (0) 1 : 1.000
356 356 (0) 1 : 1.000
357 357 (0) 1 : 1.000
358 358 (0) 1 : 1.000
359 359 (0) 1 : 1.000
360 360 (0) 1 : 1.000
361 361 (0) 1 : 1.000
362 362 (0) 1 : 1.000
363 363 (0) 1 : 1.000
364 364 (1) 1 : 1.000
365 365 (0) 1 : 1.000
366 366 (0) 1 : 1.000
367 367 (0) 1 : 1.000
368 368 (0) 1 : 1.000
369 369 (0) 1 : 1.000
370 370 (0) 1 : 1.000
371 371 (0) 1 : 1.000
372 372 (2) 1 : 1.000
373 373 (0) 1 : 1.000
374 374 (0) 1 : 1.000
375 375 (0) 1 : 1.000
376 376 (0) 1 : 1.000
377 377 (0) 1 : 1.000
378 378 (0) 1 : 1.000
379 379 (0) 1 : 1.000
380 380 (0) 1 : 1.000
381 381 (0) 1 : 1.000
382 382 (0) 1 : 1.000
383 383 (0) 1 : 1.000
384 384 (0) 1 : 1.000
385 385 (0) 1 : 1.000
386 386 (0) 1 : 1.000
387 387 (0) 1 : 1.000
388 388 (0) 1 : 1.000
389 389 (0) 1 : 1.000
390 390 (0) 1 : 1.000
391 391 (0) 1 : 1.000
392 392 (0) 1 : 1.000
393 393 (0) 1 : 1.000
394 394 (0) 1 : 1.000
395 395 (0) 1 : 1.000
396 396 (0) 1 : 1.000
397 397 (0) 1 : 1.000
398 398 (0) 1 : 1.000
399 399 (0) 1 : 1.000
400 400 (0) 1 : 1.000
401 401 (0) 1 : 1.000
402 402 (0) 1 : 1.000
403 403 (0) 1 : 1.000
404 404 (0) 1 : 1.000
405 405 (0) 1 : 1.000
406 406 (0) 1 : 1.000
407 407 (0) 1 : 1.000
408 408 (0) 1 : 1.000
409 409 (0) 1 : 1.000
410 410 (0) 1 : 1.000
411 411 (0) 1 : 1.000
412 412 (0) 1 : 1.000
413 413 (0) 1 : 1.000
414 414 (0) 1 : 1.000
415 415 (0) 1 : 1.000
416 416 (0) 1 : 1.000
417 417 (0) 1 : 1.000
418 418 (0) 1 : 1.000
419 419 (0) 1 : 1.000
420 420 (0) 1 : 1.000
421 421 (0) 1 : 1.000
422 422 (0) 1 : 1.000
423 423 (0) 1 : 1.000
424 424 (0) 1 : 1.000
425 425 (0) 1 : 1.000
426 426 (0) 1 : 1.000
427 427 (0) 1 : 1.000
428 428 (0) 1 : 1.000
429 429 (0) 1 : 1.000
430 430 (0) 1 : 1.000
431 431 (0) 1 : 1.000
432 432 (0) 1 : 1.000
433 433 (0) 1 : 1.000
434 434 (0) 1 : 1.000
435 435 (0) 1 : 1.000
436 436 (0) 1 : 1.000
437 437 (0) 1 : 1.000
438 438 (0) 1 : 1.000
439 439 (0) 1 : 1.000
440 440 (0) 1 : 1.000
441 441 (0) 1 : 1.000
442 442 (0) 1 : 1.000
443 443 (0) 1 : 1.000
444 444 (0) 1 : 1.000
445 445 (0) 1 : 1.000
446 446 (0) 2 : 1.000
447 447 (0) 2 : 1.000
448 448 (0) 2 : 1.000
449 449 (0) 2 : 1.000
450 450 (0) 2 : 1.000
451 451 (0) 2 : 1.000
452 452 (0) 2 : 1.000
453 453 (0) 2 : 1.000
454 454 (0) 2 : 1.000
455 455 (0) 2 : 1.000
456 456 (0) 2 : 1.000
457 457 (0) 2 : 1.000
458 458 (0) 2 : 1.000
459 459 (1) 2 : 1.000
460 460 (2) 2 : 1.000
461 461 (2) 2 : 1.000
462 462 (3) 2 : 1.000
463 463 (0) 2 : 1.000
464 464 (4) 2 : 1.000
465 465 (3) 2 : 1.000
466 466 (0) 2 : 1.000
467 467 (0) 2 : 1.000
468 468 (0) 2 : 1.000
469 469 (0) 2 : 1.000
470 470 (5) 2 : 1.000
471 471 (1) 2 : 1.000
472 472 (2) 2 : 1.000
473 473 (3) 2 : 1.000
474 474 (0) 2 : 1.000
475 475 (2) 2 : 1.000
476 476 (1) 2 : 1.000
477 477 (4) 2 : 1.000
478 478 (0) 2 : 1.000
479 479 (0) 2 : 1.000
480 480 (1) 2 : 1.000
481 481 (3) 2 : 1.000
482 482 (3) 2 : 1.000
483 483 (4) 2 : 1.000
484 484 (4) 2 : 1.000
485 485 (3) 2 : 1.000
486 486 (3) 2 : 1.000
487 487 (1) 2 : 1.000
488 488 (5) 2 : 1.000
489 489 (0) 2 : 1.000
490 490 (3) 2 : 1.000
491 491 (7) 2 : 1.000
492 492 (6) 2 : 1.000
493 493 (3) 2 : 1.000
494 494 (3) 2 : 1.000
495 495 (5) 2 : 1.000
496 496 (0) 2 : 1.000
497 497 (5) 2 : 1.000
498 498 (6) 2 : 1.000
499 499 (0) 2 : 1.000
500 500 (1) 2 : 1.000
501 501 (4) 2 : 1.000
502 502 (2) 2 : 1.000
503 503 (5) 2 : 1.000
504 504 (2) 2 : 1.000
505 505 (0) 2 : 1.000
506 506 (8) 2 : 1.000
507 507 (0) 2 : 1.000
508 508 (0) 2 : 1.000
509 509 (1) 2 : 1.000
510 510 (1) 2 : 1.000
511 511 (5) 2 : 1.000
512 512 (2) 2 : 1.000
513 513 (9) 2 : 1.000
514 514 (4) 2 : 1.000
515 515 (1) 2 : 1.000
516 516 (3) 2 : 1.000
517 517 (3) 2 : 1.000
518 518 (0) 2 : 1.000
519 519 (9) 2 : 1.000
520 520 (6) 2 : 1.000
521 521 (2) 2 : 1.000
522 522 (1) 2 : 1.000
523 523 (4) 2 : 1.000
524 524 (0) 2 : 1.000
525 525 (2) 2 : 1.000
526 526 (3) 2 : 1.000
527 527 (0) 2 : 1.000
528 528 (0) 2 : 1.000
529 529 (1) 2 : 1.000
530 530 (0) 2 : 1.000
531 531 (0) 2 : 1.000
532 532 (2) 2 : 1.000
533 533 (2) 2 : 1.000
534 534 (2) 2 : 1.000
535 535 (0) 2 : 1.000
536 536 (0) 2 : 1.000
537 537 (0) 2 : 1.000
538 538 (0) 2 : 1.000
539 539 (0) 2 : 1.000
540 540 (8) 2 : 1.000
541 541 (1) 2 : 1.000
542 542 (1) 2 : 1.000
543 543 (0) 2 : 1.000
544 544 (2) 2 : 1.000
545 545 (1) 2 : 1.000
546 546 (9) 2 : 1.000
547 547 (0) 2 : 1.000
548 548 (0) 2 : 1.000
549 549 (0) 2 : 1.000
550 550 (1) 2 : 1.000
551 551 (1) 2 : 1.000
552 552 (2) 2 : 1.000
553 553 (10) 2 : 1.000
554 554 (2) 2 : 1.000
555 555 (4) 2 : 1.000
556 556 (0) 2 : 1.000
557 557 (2) 2 : 1.000
558 558 (0) 2 : 1.000
559 559 (0) 2 : 1.000
560 560 (8) 2 : 1.000
561 561 (0) 2 : 1.000
562 562 (8) 2 : 1.000
563 563 (2) 2 : 1.000
564 564 (4) 2 : 1.000
565 565 (3) 2 : 1.000
566 566 (1) 2 : 1.000
567 567 (0) 2 : 1.000
568 568 (5) 2 : 1.000
569 569 (2) 2 : 1.000
570 570 (0) 2 : 1.000
571 571 (2) 2 : 1.000
572 572 (6) 2 : 1.000
573 573 (5) 2 : 1.000
574 574 (8) 2 : 1.000
575 575 (3) 2 : 1.000
576 576 (0) 2 : 1.000
577 577 (0) 2 : 1.000
578 578 (1) 2 : 1.000
579 579 (0) 2 : 1.000
580 580 (0) 2 : 1.000
581 581 (6) 2 : 1.000
582 582 (7) 2 : 1.000
583 583 (3) 2 : 1.000
584 584 (5) 2 : 1.000
585 585 (1) 2 : 1.000
586 586 (2) 2 : 1.000
587 587 (0) 2 : 1.000
588 588 (0) 2 : 1.000
589 589 (1) 2 : 1.000
590 590 (2) 2 : 1.000
591 591 (0) 2 : 1.000
592 592 (4) 2 : 1.000
593 593 (0) 2 : 1.000
594 594 (1) 2 : 1.000
595 595 (0) 2 : 1.000
596 596 (0) 2 : 1.000
597 597 (0) 2 : 1.000
598 598 (0) 2 : 1.000
599 599 (0) 2 : 1.000
600 600 (0) 2 : 1.000
601 601 (0) 2 : 1.000
602 602 (0) 2 : 1.000
603 603 (0) 2 : 1.000
604 604 (0) 2 : 1.000
605 605 (0) 2 : 1.000
606 606 (0) 2 : 1.000
607 607 (0) 2 : 1.000
608 608 (0) 2 : 1.000
609 609 (0) 2 : 1.000
610 610 (6) 2 : 1.000
611 611 (0) 2 : 1.000
612 612 (3) 2 : 1.000
613 613 (0) 2 : 1.000
614 614 (0) 2 : 1.000
615 615 (0) 2 : 1.000
616 616 (0) 2 : 1.000
617 617 (0) 2 : 1.000
618 618 (0) 2 : 1.000
619 619 (0) 2 : 1.000
620 620 (0) 2 : 1.000
621 621 (2) 2 : 1.000
622 622 (3) 2 : 1.000
623 623 (1) 2 : 1.000
624 624 (2) 2 : 1.000
625 625 (1) 2 : 1.000
626 626 (9) 2 : 1.000
627 627 (0) 2 : 1.000
628 628 (0) 2 : 1.000
629 629 (2) 2 : 1.000
630 630 (1) 2 : 1.000
631 631 (4) 2 : 1.000
632 632 (0) 2 : 1.000
633 633 (7) 2 : 1.000
634 634 (2) 2 : 1.000
635 635 (0) 2 : 1.000
636 636 (0) 2 : 1.000
637 637 (0) 2 : 1.000
638 638 (0) 2 : 1.000
639 639 (1) 2 : 1.000
640 640 (2) 2 : 1.000
641 641 (1) 2 : 1.000
642 642 (3) 2 : 1.000
643 643 (1) 2 : 1.000
644 644 (10) 2 : 1.000
645 645 (6) 2 : 1.000
646 646 (0) 2 : 1.000
647 647 (2) 2 : 1.000
648 648 (0) 2 : 1.000
649 649 (0) 2 : 1.000
650 650 (1) 2 : 1.000
651 651 (6) 2 : 1.000
652 652 (1) 2 : 1.000
653 653 (4) 2 : 1.000
654 654 (1) 2 : 1.000
655 655 (4) 2 : 1.000
656 656 (0) 2 : 1.000
657 657 (0) 2 : 1.000
658 658 (0) 2 : 1.000
659 659 (7) 2 : 1.000
660 660 (4) 2 : 1.000
661 661 (3) 2 : 1.000
662 662 (2) 2 : 1.000
663 663 (2) 2 : 1.000
664 664 (0) 2 : 1.000
665 665 (1) 2 : 1.000
666 666 (0) 2 : 1.000
667 667 (0) 2 : 1.000
668 668 (1) 2 : 1.000
669 669 (5) 2 : 1.000
670 670 (10) 2 : 1.000
671 671 (3) 2 : 1.000
672 672 (0) 2 : 1.000
673 673 (6) 2 : 1.000
674 674 (0) 2 : 1.000
675 675 (0) 2 : 1.000
676 676 (1) 2 : 1.000
677 677 (4) 2 : 1.000
678 678 (9) 2 : 1.000
679 679 (1) 2 : 1.000
680 680 (1) 2 : 1.000
681 681 (1) 2 : 1.000
682 682 (2) 2 : 1.000
683 683 (0) 2 : 1.000
684 684 (0) 2 : 1.000
685 685 (0) 2 : 1.000
686 686 (0) 2 : 1.000
687 687 (4) 2 : 1.000
688 688 (2) 2 : 1.000
689 689 (2) 2 : 1.000
690 690 (6) 2 : 1.000
691 691 (7) 2 : 1.000
692 692 (0) 2 : 1.000
693 693 (3) 2 : 1.000
694 694 (0) 2 : 1.000
695 695 (0) 2 : 1.000
696 696 (0) 2 : 1.000
697 697 (3) 2 : 1.000
698 698 (0) 2 : 1.000
699 699 (0) 2 : 1.000
700 700 (0) 2 : 1.000
701 701 (0) 2 : 1.000
702 702 (1) 2 : 1.000
703 703 (0) 2 : 1.000
704 704 (0) 2 : 1.000
705 705 (0) 2 : 1.000
706 706 (0) 2 : 1.000
707 707 (2) 2 : 1.000
708 708 (1) 2 : 1.000
709 709 (0) 2 : 1.000
710 710 (0) 2 : 1.000
711 711 (0) 2 : 1.000
712 712 (1) 2 : 1.000
713 713 (0) 2 : 1.000
714 714 (0) 2 : 1.000
715 715 (0) 2 : 1.000
716 716 (0) 2 : 1.000
717 717 (2) 2 : 1.000
718 718 (1) 2 : 1.000
719 719 (9) 2 : 1.000
720 720 (4) 2 : 1.000
721 721 (2) 2 : 1.000
722 722 (0) 2 : 1.000
723 723 (0) 2 : 1.000
724 724 (0) 2 : 1.000
725 725 (0) 2 : 1.000
726 726 (0) 2 : 1.000
727 727 (1) 2 : 1.000
728 728 (1) 2 : 1.000
729 729 (1) 2 : 1.000
730 730 (0) 2 : 1.000
731 731 (2) 2 : 1.000
732 732 (1) 2 : 1.000
733 733 (0) 2 : 1.000
734 734 (0) 2 : 1.000
735 735 (0) 2 : 1.000
736 736 (0) 2 : 1.000
737 737 (0) 2 : 1.000
738 738 (0) 2 : 1.000
739 739 (0) 2 : 1.000
740 740 (0) 2 : 1.000
741 741 (0) 2 : 1.000
742 742 (0) 2 : 1.000
743 743 (0) 2 : 1.000
744 744 (0) 2 : 1.000
745 745 (0) 2 : 1.000
746 746 (0) 2 : 1.000
747 747 (0) 2 : 1.000
748 748 (2) 2 : 1.000
749 749 (7) 2 : 1.000
750 750 (2) 2 : 1.000
751 751 (0) 2 : 1.000
752 752 (5) 2 : 1.000
753 753 (0) 2 : 1.000
754 754 (0) 2 : 1.000
755 755 (0) 2 : 1.000
756 756 (0) 2 : 1.000
757 757 (0) 2 : 1.000
758 758 (1) 2 : 1.000
759 759 (0) 2 : 1.000
760 760 (0) 2 : 1.000
761 761 (0) 2 : 1.000
762 762 (0) 2 : 1.000
763 763 (0) 2 : 1.000
764 764 (0) 4 : 1.000
765 765 (0) 2 : 1.000
766 766 (0) 4 : 1.000
767 767 (0) 4 : 1.000
768 768 (0) 4 : 1.000
769 769 (0) 2 : 1.000
770 770 (0) 4 : 1.000
771 771 (1) 3 : 1.000
772 772 (0) 2 : 1.000
773 773 (0) 3 : 1.000
774 774 (0) 3 : 1.000
775 775 (0) 3 : 1.000
776 776 (0) 3 : 1.000
777 777 (0) 3 : 1.000
778 778 (3) 4 : 1.000
779 779 (0) 2 : 1.000
780 780 (0) 4 : 1.000
781 781 (0) 4 : 1.000
782 782 (0) 4 : 1.000
783 783 (0) 4 : 1.000
784 784 (0) 2 : 1.000
785 785 (0) 4 : 1.000
786 786 (0) 3 : 1.000
787 787 (0) 3 : 1.000
788 788 (0) 3 : 1.000
789 789 (0) 3 : 1.000
790 790 (1) 3 : 1.000
791 791 (0) 3 : 1.000
792 792 (2) 4 : 1.000
793 793 (4) 4 : 1.000
794 794 (0) 4 : 1.000
795 795 (3) 4 : 1.000
796 796 (0) 4 : 1.000
797 797 (0) 2 : 1.000
798 798 (0) 4 : 1.000
799 799 (1) 3 : 1.000
800 800 (0) 2 : 1.000
801 801 (0) 3 : 1.000
802 802 (1) 3 : 1.000
803 803 (0) 3 : 1.000
804 804 (0) 3 : 1.000
805 805 (0) 4 : 1.000
806 806 (1) 4 : 1.000
807 807 (0) 4 : 1.000
808 808 (0) 4 : 1.000
809 809 (0) 2 : 1.000
810 810 (0) 4 : 1.000
811 811 (0) 2 : 1.000
812 812 (1) 3 : 1.000
813 813 (0) 3 : 1.000
814 814 (0) 3 : 1.000
815 815 (1) 3 : 1.000
816 816 (0) 3 : 1.000
817 817 (8) 4 : 1.000
818 818 (0) 2 : 1.000
819 819 (3) 4 : 1.000
820 820 (3) 4 : 1.000
821 821 (3) 4 : 1.000
822 822 (0) 4 : 1.000
823 823 (0) 2 : 1.000
824 824 (0) 4 : 1.000
825 825 (0) 2 : 1.000
826 826 (1) 3 : 1.000
827 827 (1) 2 : 1.000
828 828 (0) 3 : 1.000
829 829 (0) 3 : 1.000
830 830 (0) 3 : 1.000
831 831 (0) 3 : 1.000
832 832 (0) 4 : 1.000
833 833 (0) 2 : 1.000
834 834 (2) 4 : 1.000
835 835 (0) 4 : 1.000
836 836 (4) 4 : 1.000
837 837 (0) 4 : 1.000
838 838 (0) 2 : 1.000
839 839 (0) 2 : 1.000
840 840 (1) 3 : 1.000
841 841 (0) 3 : 1.000
842 842 (0) 3 : 1.000
843 843 (0) 3 : 1.000
844 844 (0) 3 : 1.000
845 845 (0) 2 : 1.000
846 846 (3) 4 : 1.000
847 847 (0) 4 : 1.000
848 848 (2) 4 : 1.000
849 849 (0) 4 : 1.000
850 850 (0) 3 : 1.000
851 851 (1) 3 : 1.000
852 852 (0) 3 : 1.000
853 853 (0) 3 : 1.000
854 854 (3) 3 : 1.000
855 855 (0) 2 : 1.000
856 856 (0) 4 : 1.000
857 857 (0) 4 : 1.000
858 858 (0) 4 : 1.000
859 859 (0) 2 : 1.000
860 860 (0) 2 : 1.000
861 861 (0) 3 : 1.000
862 862 (0) 3 : 1.000
863 863 (0) 3 : 1.000
864 864 (0) 3 : 1.000
865 865 (0) 3 : 1.000
866 866 (0) 2 : 1.000
867 867 (0) 2 : 1.000
868 868 (0) 2 : 1.000
869 869 (0) 2 : 1.000
870 870 (0) 2 : 1.000
871 871 (0) 2 : 1.000
872 872 (0) 2 : 1.000
873 873 (0) 2 : 1.000
874 874 (0) 2 : 1.000
875 875 (0) 2 : 1.000
876 876 (1) 2 : 1.000
877 877 (0) 2 : 1.000
878 878 (0) 2 : 1.000
879 879 (0) 2 : 1.000
880 880 (0) 2 : 1.000
881 881 (0) 2 : 1.000
882 882 (0) 2 : 1.000
883 883 (0) 2 : 1.000
884 884 (4) 2 : 1.000
885 885 (0) 2 : 1.000
886 886 (0) 2 : 1.000
887 887 (0) 2 : 1.000
888 888 (0) 2 : 1.000
889 889 (0) 2 : 1.000
890 890 (0) 2 : 1.000
891 891 (0) 2 : 1.000
892 892 (0) 2 : 1.000
893 893 (0) 2 : 1.000
894 894 (0) 2 : 1.000
895 895 (0) 2 : 1.000
896 896 (0) 2 : 1.000
897 897 (9) 2 : 1.000
898 898 (0) 2 : 1.000
899 899 (0) 2 : 1.000
900 900 (0) 2 : 1.000
901 901 (0) 2 : 1.000
902 902 (2) 2 : 1.000
903 903 (0) 2 : 1.000
904 904 (0) 2 : 1.000
905 905 (0) 2 : 1.000
906 906 (0) 2 : 1.000
907 907 (0) 2 : 1.000
908 908 (0) 2 : 1.000
909 909 (0) 2 : 1.000
910 910 (2) 2 : 1.000
911 911 (1) 2 : 1.000
912 912 (0) 2 : 1.000
913 913 (0) 2 : 1.000
914 914 (0) 2 : 1.000
915 915 (0) 2 : 1.000
916 916 (0) 2 : 1.000
917 917 (0) 2 : 1.000
918 918 (0) 2 : 1.000
919 919 (0) 2 : 1.000
920 920 (0) 2 : 1.000
921 921 (0) 2 : 1.000
922 922 (0) 2 : 1.000
923 923 (0) 2 : 1.000
924 924 (0) 2 : 1.000
925 925 (0) 2 : 1.000
926 926 (0) 2 : 1.000
927 927 (0) 2 : 1.000
928 928 (0) 2 : 1.000
929 929 (0) 2 : 1.000
930 930 (0) 2 : 1.000
931 931 (0) 2 : 1.000
932 932 (0) 2 : 1.000
933 933 (0) 2 : 1.000
934 934 (0) 2 : 1.000
935 935 (0) 2 : 1.000
936 936 (1) 2 : 1.000
937 937 (2) 2 : 1.000
938 938 (0) 2 : 1.000
939 939 (0) 2 : 1.000
940 940 (0) 2 : 1.000
941 941 (0) 2 : 1.000
942 942 (0) 2 : 1.000
943 943 (0) 2 : 1.000
944 944 (0) 2 : 1.000
945 945 (0) 2 : 1.000
946 946 (0) 2 : 1.000
947 947 (0) 2 : 1.000
948 948 (0) 2 : 1.000
949 949 (0) 2 : 1.000
950 950 (0) 2 : 1.000
951 951 (0) 2 : 1.000
952 952 (0) 2 : 1.000
953 953 (0) 2 : 1.000
954 954 (0) 2 : 1.000
955 955 (0) 2 : 1.000
956 956 (0) 2 : 1.000
957 957 (2) 2 : 1.000
958 958 (0) 2 : 1.000
959 959 (4) 2 : 1.000
960 960 (0) 2 : 1.000
961 961 (1) 2 : 1.000
962 962 (0) 2 : 1.000
963 963 (0) 2 : 1.000
964 964 (0) 2 : 1.000
965 965 (0) 2 : 1.000
966 966 (0) 2 : 1.000
967 967 (0) 2 : 1.000
968 968 (0) 2 : 1.000
969 969 (0) 2 : 1.000
970 970 (0) 2 : 1.000
971 971 (0) 2 : 1.000
972 972 (0) 2 : 1.000
973 973 (0) 2 : 1.000
974 974 (6) 2 : 1.000
975 975 (0) 2 : 1.000
976 976 (0) 2 : 1.000
977 977 (0) 2 : 1.000
978 978 (0) 2 : 1.000
979 979 (0) 2 : 1.000
980 980 (0) 2 : 1.000
981 981 (0) 2 : 1.000
982 982 (4) 2 : 1.000
983 983 (0) 2 : 1.000
984 984 (0) 2 : 1.000
985 985 (0) 2 : 1.000
986 986 (0) 2 : 1.000
987 987 (1) 2 : 1.000
988 988 (0) 2 : 1.000
989 989 (0) 2 : 1.000
990 990 (0) 2 : 1.000
991 991 (0) 2 : 1.000
992 992 (0) 2 : 1.000
993 993 (0) 2 : 1.000
994 994 (0) 2 : 1.000
995 995 (0) 2 : 1.000
996 996 (0) 2 : 1.000
997 997 (0) 2 : 1.000
998 998 (0) 2 : 1.000
999 999 (0) 2 : 1.000
1000 1000 (0) 2 : 1.000
