   1        1   (0)      1 :  0.3182 0.2123 0.0542 0.4153 
   2        2   (0)      1 :  0.3800 0.0739 0.1527 0.3934 
   3        3   (0)      1 :  0.2954 0.3101 0.0954 0.2991 
   4        4   (0)      1 :  0.6720 0.0794 0.0399 0.2087 
   5        5   (1)      1 :  0.0363 0.0381 0.8748 0.0508 
   6        6   (0)      1 :  0.1567 0.3443 0.3811 0.1178 
   7        7   (0)      1 :  0.1344 0.3383 0.3291 0.1982 
   8        8   (0)      1 :  0.1246 0.6299 0.0413 0.2042 
   9        9   (0)      1 :  0.1838 0.1671 0.4750 0.1741 
  10       10   (0)      1 :  0.2091 0.0792 0.3994 0.3123 
  11       11   (0)      1 :  0.1766 0.6043 0.0873 0.1318 
  12       12   (0)      1 :  0.2576 0.1442 0.2718 0.3264 
  13       13   (0)      1 :  0.1573 0.4696 0.0510 0.3220 
  14       14   (0)      1 :  0.1443 0.3096 0.2400 0.3062 
  15       15   (0)      1 :  0.1556 0.1186 0.4773 0.2484 
  16       16   (0)      1 :  0.2506 0.3882 0.1172 0.2440 
  17       17   (0)      1 :  0.3973 0.0511 0.1772 0.3744 
  18       18   (3)      1 :  0.3232 0.2138 0.0292 0.4338 
  19       19   (0)      1 :  0.0819 0.7311 0.0769 0.1100 
  20       20   (0)      1 :  0.2736 0.0564 0.3643 0.3056 
  21       21   (0)      1 :  0.2920 0.0915 0.3924 0.2242 
  22       22   (0)      1 :  0.1463 0.5962 0.1074 0.1501 
  23       23   (0)      1 :  0.1494 0.2298 0.4060 0.2149 
  24       24   (1)      1 :  0.4521 0.2350 0.0596 0.2534 
  25       25   (0)      1 :  0.1000 0.2331 0.4966 0.1703 
  26       26   (0)      1 :  0.1701 0.3713 0.1505 0.3081 
  27       27   (2)      1 :  0.1613 0.3841 0.0858 0.3688 
  28       28   (0)      1 :  0.4929 0.1408 0.0902 0.2762 
  29       29   (0)      1 :  0.3805 0.1022 0.1190 0.3984 
  30       30   (0)      1 :  0.1329 0.1577 0.5013 0.2081 
  31       31   (0)      1 :  0.3138 0.3692 0.1025 0.2145 
  32       32   (0)      1 :  0.3618 0.1181 0.2135 0.3066 
  33       33   (0)      1 :  0.4937 0.1553 0.1297 0.2213 
  34       34   (0)      1 :  0.1707 0.1408 0.5107 0.1777 
  35       35   (0)      1 :  0.5054 0.1234 0.1052 0.2660 
  36       36   (0)      1 :  0.1247 0.6208 0.0816 0.1729 
  37       37   (0)      1 :  0.0933 0.5567 0.2522 0.0978 
  38       38   (0)      1 :  0.0955 0.1680 0.6114 0.1251 
  39       39   (0)      1 :  0.3156 0.0745 0.1107 0.4992 
  40       40   (0)      1 :  0.2323 0.0957 0.4337 0.2383 
  41       41   (0)      1 :  0.4104 0.1352 0.0799 0.3745 
  42       42   (0)      1 :  0.0922 0.0724 0.7520 0.0834 
  43       43   (0)      1 :  0.3188 0.0915 0.0835 0.5062 
  44       44   (8)      1 :  0.4636 0.2170 0.0740 0.2454 
  45       45   (2)      1 :  0.1779 0.2362 0.4484 0.1376 
  46       46   (0)      1 :  0.3852 0.2884 0.1284 0.1980 
  47       47   (0)      1 :  0.1513 0.6484 0.0588 0.1415 
  48       48   (0)      1 :  0.2415 0.1977 0.0540 0.5068 
  49       49   (0)      1 :  0.2776 0.2929 0.0704 0.3591 
  50       50   (0)      1 :  0.3724 0.0585 0.0518 0.5173 
  51       51   (2)      1 :  0.0850 0.0820 0.7462 0.0868 
  52       52   (0)      1 :  0.0603 0.0601 0.7987 0.0809 
  53       53   (1)      1 :  0.2139 0.4850 0.0607 0.2405 
  54       54   (0)      1 :  0.3783 0.1552 0.1196 0.3469 
  55       55   (4)      1 :  0.2007 0.3805 0.1040 0.3148 
  56       56   (0)      1 :  0.1651 0.4192 0.2606 0.1552 
  57       57   (0)      1 :  0.0689 0.8321 0.0409 0.0581 
  58       58   (0)      1 :  0.0555 0.2934 0.5813 0.0698 
  59       59   (0)      1 :  0.1677 0.5751 0.0600 0.1972 
  60       60   (0)      1 :  0.1190 0.5967 0.1646 0.1197 
  61       61   (0)      1 :  0.2164 0.1190 0.1060 0.5586 
  62       62   (0)      1 :  0.1793 0.3498 0.1082 0.3627 
  63       63   (0)      1 :  0.2747 0.2344 0.2401 0.2507 
  64       64   (2)      1 :  0.5135 0.0927 0.1070 0.2868 
  65       65   (0)      1 :  0.2790 0.3035 0.0674 0.3500 
  66       66   (5)      1 :  0.1550 0.2523 0.3167 0.2759 
  67       67   (0)      1 :  0.1459 0.6599 0.0620 0.1322 
  68       68   (1)      1 :  0.2325 0.2248 0.2332 0.3095 
  69       69   (3)      1 :  0.1879 0.3766 0.2062 0.2294 
  70       70   (0)      1 :  0.4310 0.0972 0.0605 0.4113 
  71       71   (0)      1 :  0.2395 0.4166 0.0955 0.2484 
  72       72   (5)      1 :  0.3036 0.2842 0.0713 0.3409 
  73       73   (0)      1 :  0.2620 0.1225 0.2204 0.3951 
  74       74   (0)      1 :  0.4442 0.0990 0.1116 0.3452 
  75       75   (0)      1 :  0.4627 0.1241 0.1775 0.2358 
  76       76   (0)      1 :  0.4037 0.1732 0.0899 0.3332 
  77       77   (1)      1 :  0.0314 0.0271 0.9102 0.0313 
  78       78   (0)      1 :  0.3478 0.0709 0.0557 0.5256 
  79       79   (3)      1 :  0.3475 0.1395 0.1150 0.3980 
  80       80   (0)      1 :  0.0687 0.0798 0.7713 0.0802 
  81       81   (3)      1 :  0.1936 0.1774 0.3478 0.2813 
  82       82   (1)      1 :  0.1287 0.7365 0.0261 0.1087 
  83       83   (0)      1 :  0.4533 0.1886 0.0653 0.2928 
  84       84   (0)      1 :  0.2213 0.4299 0.1200 0.2288 
  85       85   (7)      1 :  0.3923 0.1758 0.0829 0.3491 
  86       86   (0)      1 :  0.3316 0.1324 0.1301 0.4059 
  87       87   (0)      1 :  0.5710 0.1639 0.0634 0.2017 
  88       88   (0)      2 :  0.0553 0.0393 0.8251 0.0802 
  89       89   (0)      2 :  0.1696 0.3439 0.0970 0.3895 
  90       90   (0)      2 :  0.0627 0.0323 0.8581 0.0469 
  91       91   (0)      2 :  0.2006 0.4611 0.0247 0.3136 
  92       92   (0)      2 :  0.3884 0.1249 0.0898 0.3969 
  93       93   (0)      2 :  0.4918 0.1681 0.0803 0.2597 
  94       94   (0)      2 :  0.3959 0.0769 0.1654 0.3618 
  95       95   (0)      2 :  0.3666 0.1508 0.2178 0.2648 
  96       96   (0)      2 :  0.2363 0.1932 0.2649 0.3057 
  97       97   (0)      2 :  0.2187 0.1831 0.3560 0.2423 
  98       98   (0)      2 :  0.3528 0.3546 0.0772 0.2154 
  99       99   (0)      2 :  0.3375 0.3504 0.0881 0.2240 
 100      100   (0)      2 :  0.2142 0.3729 0.0623 0.3505 
 101      101   (1)      2 :  0.1405 0.1682 0.5443 0.1470 
 102      102   (0)      2 :  0.2638 0.3301 0.1393 0.2668 
 103      103   (0)      2 :  0.2282 0.1677 0.3612 0.2430 
 104      104   (0)      2 :  0.1817 0.4655 0.0467 0.3062 
 105      105   (0)      2 :  0.3412 0.1986 0.3019 0.1582 
 106      106   (0)      2 :  0.0531 0.0389 0.8567 0.0513 
 107      107   (0)      2 :  0.1284 0.5349 0.2482 0.0884 
 108      108   (0)      2 :  0.4911 0.1207 0.1128 0.2755 
 109      109   (0)      2 :  0.1998 0.3065 0.1975 0.2963 
 110      110   (0)      2 :  0.1609 0.1446 0.5536 0.1408 
 111      111   (0)      2 :  0.1244 0.6671 0.0798 0.1288 
 112      112   (2)      2 :  0.1567 0.3150 0.2555 0.2729 
 113      113   (0)      2 :  0.1232 0.1086 0.5419 0.2263 
 114      114   (5)      2 :  0.3191 0.1218 0.0680 0.4912 
 115      115   (0)      2 :  0.6114 0.0847 0.0564 0.2475 
 116      116   (0)      2 :  0.3249 0.1059 0.1481 0.4211 
 117      117   (0)      2 :  0.2957 0.2261 0.1664 0.3118 
 118      118   (0)      2 :  0.4521 0.2009 0.0446 0.3024 
 119      119   (2)      2 :  0.4628 0.1416 0.0585 0.3371 
 120      120   (0)      2 :  0.1349 0.5950 0.0488 0.2213 
 121      121   (0)      2 :  0.1975 0.5918 0.0462 0.1645 
 122      122   (0)      2 :  0.3630 0.2350 0.1037 0.2983 
 123      123   (1)      2 :  0.4790 0.1901 0.0354 0.2955 
 124      124   (0)      2 :  0.3776 0.0909 0.2554 0.2761 
 125      125   (0)      2 :  0.2625 0.1520 0.1336 0.4520 
 126      126   (0)      2 :  0.1058 0.0448 0.7514 0.0980 
 127      127   (0)      2 :  0.2115 0.4644 0.0575 0.2666 
 128      128   (1)      2 :  0.3222 0.2266 0.0569 0.3943 
 129      129   (0)      2 :  0.2159 0.0851 0.3052 0.3938 
 130      130   (2)      2 :  0.2396 0.0792 0.1569 0.5243 
 131      131   (0)      2 :  0.1950 0.5383 0.0959 0.1708 
 132      132   (0)      2 :  0.5304 0.1775 0.0957 0.1963 
 133      133   (0)      2 :  0.5997 0.1352 0.0414 0.2237 
 134      134   (0)      2 :  0.3165 0.2730 0.0762 0.3343 
 135      135   (0)      2 :  0.1134 0.6723 0.0901 0.1242 
 136      136   (4)      2 :  0.4496 0.1510 0.1369 0.2625 
 137      137   (0)      2 :  0.1925 0.2791 0.2304 0.2979 
 138      138   (0)      2 :  0.0870 0.1629 0.6725 0.0775 
 139      139   (3)      2 :  0.1908 0.3390 0.0482 0.4220 
 140      140   (1)      2 :  0.2122 0.1163 0.1437 0.5278 
 141      141   (0)      2 :  0.2454 0.1217 0.1975 0.4354 
 142      142   (0)      2 :  0.1551 0.1996 0.4906 0.1548 
 143      143   (0)      2 :  0.4769 0.1266 0.1764 0.2200 
 144      144   (0)      2 :  0.1659 0.5400 0.0360 0.2580 
 145      145   (0)      2 :  0.2923 0.2419 0.0569 0.4090 
 146      146   (1)      2 :  0.2138 0.3485 0.1402 0.2975 
 147      147   (0)      2 :  0.1332 0.5054 0.2456 0.1158 
 148      148   (0)      2 :  0.1322 0.6806 0.0798 0.1074 
 149      149   (0)      2 :  0.3442 0.3296 0.0659 0.2603 
 150      150   (1)      2 :  0.4959 0.1159 0.1040 0.2842 
 151      151   (0)      2 :  0.2595 0.0868 0.1577 0.4960 
 152      152   (0)      2 :  0.3417 0.4652 0.0590 0.1340 
 153      153   (0)      2 :  0.1879 0.5737 0.1103 0.1280 
 154      154   (0)      2 :  0.1952 0.4275 0.1296 0.2477 
 155      155   (0)      2 :  0.2691 0.1021 0.0839 0.5449 
 156      156   (0)      2 :  0.3974 0.2820 0.1248 0.1958 
 157      157   (0)      2 :  0.2841 0.1460 0.2842 0.2858 
 158      158   (0)      2 :  0.4505 0.3238 0.0291 0.1966 
 159      159   (0)      2 :  0.5408 0.1606 0.0575 0.2411 
 160      160   (0)      2 :  0.2545 0.2312 0.1453 0.3691 
 161      161   (1)      2 :  0.1373 0.6970 0.0465 0.1192 
 162      162   (0)      2 :  0.2740 0.2891 0.2864 0.1504 
 163      163   (0)      2 :  0.1767 0.5267 0.1364 0.1602 
 164      164   (0)      2 :  0.2389 0.4212 0.0362 0.3038 
 165      165   (0)      2 :  0.4141 0.2864 0.0467 0.2527 
 166      166   (0)      2 :  0.4369 0.1134 0.1029 0.3469 
 167      167   (0)      2 :  0.2682 0.3419 0.1785 0.2114 
 168      168   (0)      2 :  0.2724 0.1800 0.1336 0.4141 
 169      169   (0)      2 :  0.0476 0.0298 0.8782 0.0444 
 170      170   (0)      2 :  0.3741 0.1794 0.1324 0.3141 
 171      171   (0)      2 :  0.4363 0.2306 0.0672 0.2659 
 172      172   (0)      2 :  0.1442 0.3734 0.3269 0.1556 
 173      173   (0)      2 :  0.0593 0.0506 0.8290 0.0611 
 174      174   (0)      2 :  0.3349 0.1308 0.0545 0.4798 
 175      175   (0)      2 :  0.5037 0.1004 0.0560 0.3399 
 176      176   (0)      2 :  0.1362 0.3594 0.2648 0.2395 
 177      177   (0)      2 :  0.1461 0.7446 0.0299 0.0794 
 178      178   (0)      2 :  0.2608 0.2080 0.0758 0.4553 
 179      179   (0)      2 :  0.3749 0.1369 0.0746 0.4136 
 180      180   (0)      2 :  0.0551 0.0568 0.8331 0.0550 
 181      181   (0)      2 :  0.4024 0.1132 0.1259 0.3586 
 182      182   (0)      2 :  0.1518 0.4510 0.1139 0.2833 
 183      183   (0)      2 :  0.3074 0.3635 0.0798 0.2493 
 184      184   (0)      2 :  0.0835 0.1043 0.7244 0.0879 
 185      185   (0)      2 :  0.2025 0.1174 0.0329 0.6473 
 186      186   (0)      2 :  0.2034 0.2101 0.3665 0.2199 
 187      187   (0)      2 :  0.5861 0.0735 0.0701 0.2703 
 188      188   (0)      2 :  0.3765 0.2136 0.0724 0.3375 
 189      189   (0)      2 :  0.3048 0.1815 0.3399 0.1737 
 190      190   (0)      2 :  0.1953 0.4697 0.1287 0.2064 
 191      191   (0)      2 :  0.5385 0.1582 0.0958 0.2074 
 192      192   (0)      2 :  0.3197 0.1601 0.0534 0.4668 
 193      193   (0)      2 :  0.1330 0.4695 0.2655 0.1320 
 194      194   (0)      2 :  0.1699 0.5808 0.0360 0.2133 
 195      195   (0)      2 :  0.0996 0.0422 0.7666 0.0916 
 196      196   (0)      2 :  0.5700 0.0493 0.0581 0.3226 
 197      197   (0)      2 :  0.3108 0.2504 0.0741 0.3647 
 198      198   (0)      2 :  0.0604 0.0744 0.8115 0.0538 
 199      199   (0)      2 :  0.2231 0.3390 0.0417 0.3962 
 200      200   (0)      2 :  0.2948 0.2243 0.2558 0.2252 
 201      201   (0)      2 :  0.2489 0.3921 0.0421 0.3168 
 202      202   (0)      2 :  0.3449 0.4229 0.0415 0.1908 
 203      203   (0)      2 :  0.6077 0.1123 0.0597 0.2204 
 204      204   (0)      2 :  0.3410 0.2210 0.1426 0.2954 
 205      205   (0)      2 :  0.2653 0.3156 0.1942 0.2249 
 206      206   (0)      2 :  0.0340 0.0364 0.8796 0.0500 
 207      207   (0)      2 :  0.1040 0.3024 0.4535 0.1402 
 208      208   (0)      2 :  0.2316 0.3087 0.0788 0.3809 
 209      209   (0)      2 :  0.1449 0.2298 0.3902 0.2350 
 210      210   (0)      2 :  0.0622 0.0293 0.8572 0.0513 
 211      211   (0)      2 :  0.1617 0.3970 0.1723 0.2689 
 212      212   (1)      2 :  0.0956 0.5766 0.2557 0.0721 
 213      213   (1)      2 :  0.3447 0.0957 0.1409 0.4187 
 214      214   (0)      2 :  0.1871 0.4739 0.1962 0.1428 
 215      215   (0)      2 :  0.4469 0.1422 0.0443 0.3667 
 216      216   (0)      2 :  0.1015 0.2282 0.5294 0.1408 
 217      217   (0)      2 :  0.1295 0.1126 0.6073 0.1506 
 218      218   (0)      2 :  0.5561 0.1170 0.0848 0.2421 
 219      219   (0)      2 :  0.1459 0.3368 0.2842 0.2332 
 220      220   (0)      2 :  0.1785 0.6171 0.0252 0.1791 
 221      221   (0)      2 :  0.1612 0.5061 0.2071 0.1256 
 222      222   (0)      2 :  0.2601 0.2391 0.0596 0.4412 
 223      223   (0)      2 :  0.2036 0.3896 0.1681 0.2386 
 224      224   (1)      2 :  0.2797 0.1661 0.1154 0.4388 
 225      225   (0)      2 :  0.0413 0.1488 0.7671 0.0428 
 226      226   (0)      2 :  0.2527 0.0552 0.4119 0.2802 
 227      227   (0)      2 :  0.0635 0.0400 0.8480 0.0485 
 228      228   (0)      2 :  0.2520 0.3089 0.0753 0.3638 
 229      229   (0)      2 :  0.5287 0.1983 0.0593 0.2137 
 230      230   (0)      2 :  0.2601 0.2723 0.2559 0.2118 
 231      231   (0)      2 :  0.2034 0.3894 0.1841 0.2232 
 232      232   (2)      2 :  0.2301 0.3757 0.1557 0.2385 
 233      233   (0)      2 :  0.2140 0.3425 0.2635 0.1800 
 234      234   (0)      2 :  0.0388 0.0348 0.8866 0.0398 
 235      235   (0)      2 :  0.0872 0.0885 0.7113 0.1130 
 236      236   (0)      2 :  0.0784 0.7627 0.0536 0.1053 
 237      237   (0)      2 :  0.1058 0.5430 0.1429 0.2083 
 238      238   (0)      2 :  0.0860 0.7203 0.1000 0.0938 
 239      239   (0)      2 :  0.1615 0.3038 0.0763 0.4585 
 240      240   (0)      2 :  0.3620 0.1827 0.1169 0.3383 
 241      241   (0)      2 :  0.2999 0.1116 0.2817 0.3068 
 242      242   (0)      2 :  0.1362 0.6051 0.0356 0.2231 
 243      243   (0)      2 :  0.4239 0.2080 0.0720 0.2962 
 244      244   (0)      2 :  0.5206 0.1585 0.0754 0.2455 
 245      245   (0)      2 :  0.0522 0.0414 0.8545 0.0519 
 246      246   (0)      2 :  0.3007 0.2951 0.2077 0.1964 
 247      247   (0)      2 :  0.1442 0.0797 0.6788 0.0973 
 248      248   (0)      2 :  0.2228 0.0687 0.4144 0.2941 
 249      249   (0)      2 :  0.5263 0.0916 0.1228 0.2592 
 250      250   (0)      2 :  0.4077 0.1167 0.1459 0.3298 
 251      251   (0)      2 :  0.5022 0.0808 0.1036 0.3134 
 252      252   (0)      2 :  0.1884 0.3876 0.1251 0.2988 
 253      253   (0)      2 :  0.2943 0.0771 0.1494 0.4792 
 254      254   (0)      2 :  0.4065 0.1156 0.1780 0.2998 
 255      255   (0)      2 :  0.3509 0.3124 0.0978 0.2389 
 256      256   (0)      2 :  0.3769 0.2043 0.2036 0.2153 
 257      257   (0)      2 :  0.5747 0.0827 0.1095 0.2332 
 258      258   (0)      1 :  0.1930 0.2003 0.1433 0.4634 
 259      259   (0)      1 :  0.1350 0.1839 0.4286 0.2525 
 260      260   (0)      1 :  0.2540 0.0700 0.0912 0.5848 
 261      261   (0)      1 :  0.3766 0.0736 0.1561 0.3937 
 262      262   (0)      1 :  0.2305 0.0819 0.1738 0.5139 
 263      263   (0)      1 :  0.3754 0.3060 0.1258 0.1927 
 264      264   (0)      1 :  0.4804 0.1092 0.1003 0.3102 
 265      265   (0)      1 :  0.6155 0.0815 0.0746 0.2284 
 266      266   (0)      1 :  0.5168 0.1112 0.0531 0.3189 
 267      267   (0)      1 :  0.3905 0.0666 0.3305 0.2125 
 268      268   (0)      1 :  0.2846 0.3137 0.1868 0.2150 
 269      269   (1)      1 :  0.3541 0.0966 0.2356 0.3137 
 270      270   (0)      1 :  0.6036 0.0765 0.0778 0.2421 
 271      271   (0)      1 :  0.2491 0.1176 0.4510 0.1824 
 272      272   (0)      1 :  0.2514 0.2384 0.2381 0.2720 
 273      273   (0)      1 :  0.3187 0.1893 0.0520 0.4401 
 274      274   (0)      1 :  0.1485 0.0833 0.6415 0.1266 
 275      275   (0)      1 :  0.0886 0.6479 0.1164 0.1470 
 276      276   (0)      1 :  0.3402 0.2323 0.1223 0.3052 
 277      277   (0)      1 :  0.2323 0.1473 0.2311 0.3894 
 278      278   (0)      1 :  0.1648 0.4059 0.3106 0.1187 
 279      279   (0)      1 :  0.0942 0.3776 0.2342 0.2939 
 280      280   (0)      1 :  0.2864 0.1312 0.2535 0.3290 
 281      281   (0)      1 :  0.4906 0.1437 0.0940 0.2717 
 282      282   (0)      1 :  0.2165 0.1721 0.2568 0.3546 
 283      283   (0)      1 :  0.3754 0.2341 0.1602 0.2304 
 284      284   (0)      1 :  0.6111 0.1246 0.0615 0.2028 
 285      285   (0)      1 :  0.4036 0.1990 0.0873 0.3101 
 286      286   (0)      1 :  0.3964 0.1602 0.0584 0.3850 
 287      287   (0)      1 :  0.0290 0.0205 0.9172 0.0333 
 288      288   (0)      1 :  0.0476 0.3076 0.5943 0.0505 
 289      289   (0)      1 :  0.4218 0.1517 0.1733 0.2531 
 290      290   (1)      1 :  0.0327 0.0367 0.8968 0.0338 
 291      291   (0)      1 :  0.2600 0.1117 0.4470 0.1813 
 292      292   (0)      1 :  0.3110 0.1420 0.1816 0.3653 
 293      293   (0)      1 :  0.2184 0.5047 0.0921 0.1847 
 294      294   (0)      1 :  0.3893 0.0624 0.3380 0.2103 
 295      295   (0)      1 :  0.3278 0.0497 0.0551 0.5674 
 296      296   (0)      1 :  0.1099 0.5862 0.0662 0.2377 
 297      297   (0)      1 :  0.2055 0.0506 0.6014 0.1425 
 298      298   (0)      1 :  0.3080 0.2665 0.0823 0.3432 
 299      299   (0)      1 :  0.3054 0.1850 0.2490 0.2607 
 300      300   (0)      1 :  0.4217 0.1911 0.1080 0.2792 
 301      301   (0)      1 :  0.0643 0.0433 0.8326 0.0598 
 302      302   (0)      1 :  0.1393 0.1494 0.5911 0.1201 
 303      303   (0)      1 :  0.3645 0.1491 0.1474 0.3389 
 304      304   (0)      1 :  0.1038 0.4334 0.3457 0.1170 
 305      305   (0)      1 :  0.5265 0.1650 0.0799 0.2287 
 306      306   (0)      1 :  0.1898 0.0677 0.5425 0.2001 
 307      307   (1)      1 :  0.3919 0.2839 0.0690 0.2552 
 308      308   (0)      1 :  0.3137 0.1514 0.2042 0.3306 
 309      309   (0)      1 :  0.1001 0.0454 0.7565 0.0980 
 310      310   (0)      1 :  0.2780 0.0943 0.3560 0.2717 
 311      311   (0)      1 :  0.0930 0.0856 0.6018 0.2196 
 312      312   (0)      1 :  0.4942 0.1437 0.0950 0.2671 
 313      313   (0)      1 :  0.3166 0.2855 0.1053 0.2927 
 314      314   (0)      1 :  0.2431 0.3123 0.1965 0.2482 
 315      315   (0)      1 :  0.4223 0.0799 0.1948 0.3031 
 316      316   (0)      1 :  0.5970 0.0539 0.0592 0.2899 
 317      317   (0)      1 :  0.1269 0.6539 0.0622 0.1570 
 318      318   (0)      1 :  0.2992 0.3648 0.0421 0.2940 
 319      319   (0)      1 :  0.4019 0.2401 0.0424 0.3155 
 320      320   (0)      1 :  0.4603 0.2874 0.0359 0.2164 
 321      321   (0)      1 :  0.3767 0.1772 0.0557 0.3905 
 322      322   (0)      1 :  0.1319 0.0721 0.3629 0.4331 
 323      323   (0)      1 :  0.2191 0.1734 0.1063 0.5011 
 324      324   (0)      1 :  0.5679 0.0849 0.0514 0.2958 
 325      325   (0)      1 :  0.3418 0.1013 0.2922 0.2646 
 326      326   (0)      1 :  0.5397 0.1113 0.0771 0.2719 
 327      327   (0)      1 :  0.5464 0.0881 0.0633 0.3022 
 328      328   (0)      1 :  0.2943 0.3784 0.0723 0.2550 
 329      329   (0)      1 :  0.2841 0.2842 0.2004 0.2312 
 330      330   (0)      1 :  0.2345 0.2929 0.2237 0.2489 
 331      331   (0)      1 :  0.1683 0.1075 0.6124 0.1118 
 332      332   (0)      1 :  0.3436 0.1478 0.2701 0.2386 
 333      333   (0)      1 :  0.4514 0.0750 0.2867 0.1870 
 334      334   (0)      1 :  0.5049 0.0999 0.1155 0.2796 
 335      335   (0)      1 :  0.3726 0.1319 0.0574 0.4380 
 336      336   (0)      1 :  0.3293 0.1757 0.2230 0.2720 
 337      337   (0)      1 :  0.1373 0.1605 0.5271 0.1752 
 338      338   (0)      1 :  0.4176 0.0813 0.1444 0.3567 
 339      339   (0)      1 :  0.2616 0.2428 0.1316 0.3639 
 340      340   (0)      1 :  0.4304 0.1914 0.1061 0.2721 
 341      341   (0)      1 :  0.1557 0.5254 0.0919 0.2271 
 342      342   (0)      1 :  0.2451 0.2629 0.2360 0.2561 
 343      343   (0)      1 :  0.1928 0.5944 0.0753 0.1374 
 344      344   (0)      1 :  0.2527 0.2105 0.3440 0.1929 
 345      345   (1)      1 :  0.3199 0.0505 0.1942 0.4353 
 346      346   (0)      1 :  0.3871 0.0765 0.3022 0.2342 
 347      347   (0)      1 :  0.1871 0.2489 0.3473 0.2168 
 348      348   (0)      1 :  0.2218 0.4162 0.1935 0.1686 
 349      349   (0)      1 :  0.3124 0.3905 0.0620 0.2351 
 350      350   (0)      1 :  0.0962 0.6937 0.1067 0.1035 
 351      351   (0)      1 :  0.4048 0.1231 0.1153 0.3569 
 352      352   (0)      1 :  0.2950 0.1755 0.0815 0.4481 
 353      353   (0)      1 :  0.4411 0.1189 0.1430 0.2970 
 354      354   (0)      1 :  0.1213 0.3148 0.3853 0.1786 
 355      355   (0)      1 :  0.1061 0.6351 0.1687 0.0902 
 356      356   (0)      1 :  0.3230 0.1196 0.3043 0.2530 
 357      357   (0)      1 :  0.3596 0.2476 0.0949 0.2980 
 358      358   (0)      1 :  0.3172 0.2192 0.0720 0.3916 
 359      359   (0)      1 :  0.1055 0.2249 0.4407 0.2288 
 360      360   (0)      1 :  0.2851 0.1330 0.2318 0.3500 
 361      361   (0)      1 :  0.1945 0.5199 0.0574 0.2282 
 362      362   (0)      1 :  0.2870 0.1581 0.1727 0.3822 
 363      363   (0)      1 :  0.1299 0.3415 0.4232 0.1054 
 364      364   (1)      1 :  0.3149 0.2528 0.1001 0.3322 
 365      365   (0)      1 :  0.4145 0.1577 0.0591 0.3687 
 366      366   (0)      1 :  0.5867 0.0761 0.0399 0.2973 
 367      367   (0)      1 :  0.2559 0.0850 0.1047 0.5544 
 368      368   (0)      1 :  0.2127 0.2091 0.0828 0.4954 
 369      369   (0)      1 :  0.1314 0.3247 0.3562 0.1877 
 370      370   (0)      1 :  0.0825 0.0634 0.6866 0.1676 
 371      371   (0)      1 :  0.0764 0.0669 0.7828 0.0739 
 372      372   (2)      1 :  0.0570 0.0450 0.8413 0.0567 
 373      373   (0)      1 :  0.0835 0.1679 0.6528 0.0957 
 374      374   (0)      1 :  0.3284 0.1777 0.0441 0.4498 
 375      375   (0)      1 :  0.3798 0.1688 0.1755 0.2760 
 376      376   (0)      1 :  0.2092 0.2448 0.2745 0.2716 
 377      377   (0)      1 :  0.4691 0.1888 0.0544 0.2878 
 378      378   (0)      1 :  0.3063 0.2806 0.0493 0.3639 
 379      379   (0)      1 :  0.1741 0.1509 0.5060 0.1689 
 380      380   (0)      1 :  0.6021 0.0612 0.0532 0.2835 
 381      381   (0)      1 :  0.2988 0.1688 0.1925 0.3399 
 382      382   (0)      1 :  0.0659 0.0609 0.8158 0.0573 
 383      383   (0)      1 :  0.4579 0.0539 0.1590 0.3292 
 384      384   (0)      1 :  0.1968 0.1444 0.4631 0.1958 
 385      385   (0)      1 :  0.1976 0.2265 0.2845 0.2914 
 386      386   (0)      1 :  0.3042 0.0968 0.3309 0.2681 
 387      387   (0)      1 :  0.2405 0.0724 0.5064 0.1807 
 388      388   (0)      1 :  0.1939 0.1336 0.5099 0.1626 
 389      389   (0)      1 :  0.6110 0.0853 0.0799 0.2239 
 390      390   (0)      1 :  0.1027 0.7566 0.0285 0.1122 
 391      391   (0)      1 :  0.0925 0.2359 0.5873 0.0843 
 392      392   (0)      1 :  0.1677 0.1763 0.4529 0.2030 
 393      393   (0)      1 :  0.2635 0.3610 0.1502 0.2252 
 394      394   (0)      1 :  0.1614 0.2141 0.2020 0.4224 
 395      395   (0)      1 :  0.2120 0.3414 0.1367 0.3099 
 396      396   (0)      1 :  0.2977 0.2749 0.1323 0.2950 
 397      397   (0)      1 :  0.2939 0.0717 0.2631 0.3713 
 398      398   (0)      1 :  0.1745 0.0613 0.6240 0.1402 
 399      399   (0)      1 :  0.2219 0.0600 0.2386 0.4795 
 400      400   (0)      1 :  0.4364 0.0716 0.1609 0.3311 
 401      401   (0)      1 :  0.0580 0.1215 0.7254 0.0951 
 402      402   (0)      1 :  0.2463 0.5177 0.0315 0.2045 
 403      403   (0)      1 :  0.2046 0.2567 0.1756 0.3630 
 404      404   (0)      1 :  0.5823 0.1591 0.0363 0.2222 
 405      405   (0)      1 :  0.1021 0.2404 0.4707 0.1868 
 406      406   (0)      1 :  0.2391 0.3418 0.0848 0.3343 
 407      407   (0)      1 :  0.3807 0.0652 0.0801 0.4740 
 408      408   (0)      1 :  0.0874 0.6634 0.1674 0.0818 
 409      409   (0)      1 :  0.5618 0.1067 0.0724 0.2591 
 410      410   (0)      1 :  0.0864 0.0347 0.8088 0.0701 
 411      411   (0)      1 :  0.1272 0.0886 0.6704 0.1138 
 412      412   (0)      1 :  0.3539 0.1692 0.3132 0.1638 
 413      413   (0)      1 :  0.4547 0.0839 0.1593 0.3021 
 414      414   (0)      1 :  0.1705 0.1458 0.4306 0.2531 
 415      415   (0)      1 :  0.3115 0.1581 0.0779 0.4525 
 416      416   (0)      1 :  0.5609 0.0981 0.0829 0.2581 
 417      417   (0)      1 :  0.5238 0.1334 0.0431 0.2997 
 418      418   (0)      1 :  0.3356 0.1450 0.2631 0.2562 
 419      419   (0)      1 :  0.1248 0.1887 0.5250 0.1615 
 420      420   (0)      1 :  0.0841 0.6186 0.0808 0.2166 
 421      421   (0)      1 :  0.4359 0.0866 0.1568 0.3207 
 422      422   (0)      1 :  0.0533 0.0386 0.8512 0.0569 
 423      423   (0)      1 :  0.4364 0.0606 0.0708 0.4322 
 424      424   (0)      1 :  0.1361 0.5097 0.0517 0.3025 
 425      425   (0)      1 :  0.0525 0.0540 0.8396 0.0539 
 426      426   (0)      1 :  0.5858 0.0671 0.0896 0.2575 
 427      427   (0)      1 :  0.4055 0.1165 0.1098 0.3682 
 428      428   (0)      1 :  0.0707 0.0449 0.8113 0.0731 
 429      429   (0)      1 :  0.2243 0.5447 0.0522 0.1788 
 430      430   (0)      1 :  0.2327 0.1840 0.1287 0.4546 
 431      431   (0)      1 :  0.1622 0.0779 0.5838 0.1761 
 432      432   (0)      1 :  0.0501 0.0400 0.8596 0.0503 
 433      433   (0)      1 :  0.0491 0.1763 0.7138 0.0608 
 434      434   (0)      1 :  0.2183 0.0913 0.4144 0.2760 
 435      435   (0)      1 :  0.4705 0.0878 0.0746 0.3671 
 436      436   (0)      1 :  0.4428 0.0610 0.1148 0.3814 
 437      437   (0)      1 :  0.0937 0.1300 0.6937 0.0825 
 438      438   (0)      1 :  0.1505 0.1335 0.4227 0.2934 
 439      439   (0)      1 :  0.2283 0.0527 0.1215 0.5975 
 440      440   (0)      1 :  0.1667 0.0728 0.6432 0.1173 
 441      441   (0)      1 :  0.1480 0.4064 0.0602 0.3855 
 442      442   (0)      1 :  0.2019 0.1743 0.1466 0.4772 
 443      443   (0)      1 :  0.2050 0.0880 0.0692 0.6378 
 444      444   (0)      1 :  0.4144 0.0649 0.3198 0.2009 
 445      445   (0)      1 :  0.1797 0.2680 0.2120 0.3402 
 446      446   (0)      2 :  0.2009 0.2784 0.3629 0.1579 
 447      447   (0)      2 :  0.3541 0.2338 0.1643 0.2478 
 448      448   (0)      2 :  0.2631 0.1455 0.1625 0.4289 
 449      449   (0)      2 :  0.0617 0.2599 0.5983 0.0801 
 450      450   (0)      2 :  0.1145 0.1021 0.6397 0.1437 
 451      451   (0)      2 :  0.0663 0.0382 0.8088 0.0867 
 452      452   (0)      2 :  0.2135 0.1187 0.3773 0.2904 
 453      453   (0)      2 :  0.0723 0.8046 0.0396 0.0836 
 454      454   (0)      2 :  0.0725 0.0641 0.7838 0.0797 
 455      455   (0)      2 :  0.4726 0.1512 0.1482 0.2280 
 456      456   (0)      2 :  0.0568 0.0461 0.8258 0.0713 
 457      457   (0)      2 :  0.5324 0.0587 0.1389 0.2699 
 458      458   (0)      2 :  0.1357 0.5457 0.1926 0.1260 
 459      459   (1)      2 :  0.5826 0.1008 0.0389 0.2777 
 460      460   (2)      2 :  0.2129 0.1838 0.2177 0.3855 
 461      461   (2)      2 :  0.2232 0.1045 0.4246 0.2477 
 462      462   (3)      2 :  0.1275 0.2934 0.2966 0.2826 
 463      463   (0)      2 :  0.0668 0.1154 0.7220 0.0958 
 464      464   (4)      2 :  0.5532 0.1250 0.0419 0.2799 
 465      465   (3)      2 :  0.3043 0.2319 0.1377 0.3262 
 466      466   (0)      2 :  0.2358 0.1599 0.1820 0.4222 
 467      467   (0)      2 :  0.4440 0.1306 0.1081 0.3173 
 468      468   (0)      2 :  0.1526 0.4950 0.1636 0.1888 
 469      469   (0)      2 :  0.0625 0.0311 0.8265 0.0799 
 470      470   (5)      2 :  0.1461 0.1630 0.5239 0.1670 
 471      471   (1)      2 :  0.2308 0.1274 0.2071 0.4347 
 472      472   (2)      2 :  0.3225 0.1008 0.1316 0.4452 
 473      473   (3)      2 :  0.3536 0.2599 0.0628 0.3236 
 474      474   (0)      2 :  0.0838 0.7796 0.0587 0.0779 
 475      475   (2)      2 :  0.1516 0.1720 0.4683 0.2081 
 476      476   (1)      2 :  0.2785 0.0943 0.0627 0.5645 
 477      477   (4)      2 :  0.1186 0.4093 0.2461 0.2260 
 478      478   (0)      2 :  0.4211 0.1725 0.1005 0.3059 
 479      479   (0)      2 :  0.3934 0.1023 0.0505 0.4538 
 480      480   (1)      2 :  0.3976 0.1858 0.1783 0.2382 
 481      481   (3)      2 :  0.2085 0.2740 0.1226 0.3950 
 482      482   (3)      2 :  0.1647 0.5441 0.0436 0.2475 
 483      483   (4)      2 :  0.2030 0.3663 0.0599 0.3708 
 484      484   (4)      2 :  0.2639 0.1823 0.0772 0.4766 
 485      485   (3)      2 :  0.1829 0.1704 0.4860 0.1606 
 486      486   (3)      2 :  0.1570 0.1766 0.4542 0.2121 
 487      487   (1)      2 :  0.2389 0.4337 0.1655 0.1620 
 488      488   (5)      2 :  0.3797 0.1748 0.0918 0.3536 
 489      489   (0)      2 :  0.2427 0.1679 0.0605 0.5289 
 490      490   (3)      2 :  0.2139 0.1293 0.1230 0.5337 
 491      491   (7)      2 :  0.0792 0.7180 0.1059 0.0968 
 492      492   (6)      2 :  0.1103 0.7494 0.0425 0.0977 
 493      493   (3)      2 :  0.3472 0.0933 0.1641 0.3953 
 494      494   (3)      2 :  0.0777 0.0583 0.7813 0.0827 
 495      495   (5)      2 :  0.3002 0.1522 0.3686 0.1790 
 496      496   (0)      2 :  0.3181 0.2116 0.1504 0.3199 
 497      497   (5)      2 :  0.1440 0.6416 0.0383 0.1761 
 498      498   (6)      2 :  0.2014 0.1046 0.1581 0.5360 
 499      499   (0)      2 :  0.3526 0.0978 0.0656 0.4840 
 500      500   (1)      2 :  0.1732 0.5611 0.0789 0.1868 
 501      501   (4)      2 :  0.1726 0.1178 0.4697 0.2400 
 502      502   (2)      2 :  0.1657 0.3201 0.2668 0.2475 
 503      503   (5)      2 :  0.2402 0.3594 0.0786 0.3218 
 504      504   (2)      2 :  0.1321 0.1822 0.2694 0.4162 
 505      505   (0)      2 :  0.2549 0.2010 0.3354 0.2088 
 506      506   (8)      2 :  0.2050 0.4018 0.1014 0.2918 
 507      507   (0)      2 :  0.1883 0.3629 0.1893 0.2594 
 508      508   (0)      2 :  0.1672 0.4282 0.2231 0.1815 
 509      509   (1)      2 :  0.0389 0.0368 0.8866 0.0377 
 510      510   (1)      2 :  0.2727 0.1506 0.1364 0.4403 
 511      511   (5)      2 :  0.2623 0.2731 0.2178 0.2468 
 512      512   (2)      2 :  0.0647 0.0968 0.7655 0.0730 
 513      513   (9)      2 :  0.2373 0.2515 0.3550 0.1562 
 514      514   (4)      2 :  0.1626 0.2555 0.4422 0.1397 
 515      515   (1)      2 :  0.2301 0.4656 0.1288 0.1754 
 516      516   (3)      2 :  0.3419 0.1412 0.2115 0.3054 
 517      517   (3)      2 :  0.1289 0.1408 0.5344 0.1959 
 518      518   (0)      2 :  0.1484 0.5113 0.0993 0.2410 
 519      519   (9)      2 :  0.4236 0.2420 0.0973 0.2371 
 520      520   (6)      2 :  0.1806 0.1332 0.1411 0.5452 
 521      521   (2)      2 :  0.2394 0.2914 0.1710 0.2983 
 522      522   (1)      2 :  0.2630 0.1055 0.1487 0.4828 
 523      523   (4)      2 :  0.3085 0.2421 0.1181 0.3314 
 524      524   (0)      2 :  0.4405 0.0713 0.1072 0.3810 
 525      525   (2)      2 :  0.2639 0.3811 0.1028 0.2522 
 526      526   (3)      2 :  0.2017 0.4797 0.1234 0.1952 
 527      527   (0)      2 :  0.3276 0.1713 0.0739 0.4272 
 528      528   (0)      2 :  0.3557 0.3197 0.0658 0.2587 
 529      529   (1)      2 :  0.4247 0.0887 0.0812 0.4054 
 530      530   (0)      2 :  0.2725 0.3900 0.0659 0.2716 
 531      531   (0)      2 :  0.3821 0.0715 0.2475 0.2989 
 532      532   (2)      2 :  0.3572 0.2582 0.0453 0.3394 
 533      533   (2)      2 :  0.5124 0.0983 0.0317 0.3576 
 534      534   (2)      2 :  0.3208 0.2009 0.1025 0.3757 
 535      535   (0)      2 :  0.3057 0.1388 0.0829 0.4726 
 536      536   (0)      2 :  0.4134 0.1954 0.0638 0.3274 
 537      537   (0)      2 :  0.3801 0.2595 0.0353 0.3250 
 538      538   (0)      2 :  0.4134 0.1628 0.1037 0.3201 
 539      539   (0)      2 :  0.3904 0.1615 0.0841 0.3640 
 540      540   (8)      2 :  0.0964 0.6858 0.0987 0.1191 
 541      541   (1)      2 :  0.5084 0.1383 0.1283 0.2249 
 542      542   (1)      2 :  0.1710 0.3484 0.3341 0.1464 
 543      543   (0)      2 :  0.1863 0.4873 0.1324 0.1940 
 544      544   (2)      2 :  0.4487 0.2108 0.0785 0.2620 
 545      545   (1)      2 :  0.1455 0.0772 0.5373 0.2400 
 546      546   (9)      2 :  0.3742 0.2399 0.0436 0.3422 
 547      547   (0)      2 :  0.4106 0.0766 0.1790 0.3338 
 548      548   (0)      2 :  0.1779 0.3198 0.2695 0.2328 
 549      549   (0)      2 :  0.3851 0.2226 0.1472 0.2451 
 550      550   (1)      2 :  0.2231 0.0840 0.5660 0.1270 
 551      551   (1)      2 :  0.2790 0.3576 0.0999 0.2635 
 552      552   (2)      2 :  0.5094 0.0855 0.1449 0.2602 
 553      553  (10)      2 :  0.3825 0.2594 0.0884 0.2697 
 554      554   (2)      2 :  0.2646 0.3524 0.0796 0.3033 
 555      555   (4)      2 :  0.2376 0.3673 0.0743 0.3209 
 556      556   (0)      2 :  0.3154 0.3483 0.1473 0.1891 
 557      557   (2)      2 :  0.1826 0.1465 0.2702 0.4007 
 558      558   (0)      2 :  0.2973 0.0695 0.3389 0.2942 
 559      559   (0)      2 :  0.1148 0.5917 0.0889 0.2046 
 560      560   (8)      2 :  0.1832 0.3222 0.1897 0.3050 
 561      561   (0)      2 :  0.5974 0.0747 0.0410 0.2869 
 562      562   (8)      2 :  0.2916 0.3191 0.1779 0.2114 
 563      563   (2)      2 :  0.2008 0.2326 0.1015 0.4650 
 564      564   (4)      2 :  0.5131 0.1426 0.1226 0.2217 
 565      565   (3)      2 :  0.2759 0.2763 0.1982 0.2496 
 566      566   (1)      2 :  0.1766 0.2193 0.2157 0.3883 
 567      567   (0)      2 :  0.1476 0.3496 0.0916 0.4111 
 568      568   (5)      2 :  0.3692 0.1998 0.2205 0.2105 
 569      569   (2)      2 :  0.1089 0.6808 0.0517 0.1586 
 570      570   (0)      2 :  0.3096 0.1166 0.0913 0.4825 
 571      571   (2)      2 :  0.2946 0.0997 0.1039 0.5018 
 572      572   (6)      2 :  0.2409 0.3914 0.0953 0.2725 
 573      573   (5)      2 :  0.1660 0.1450 0.4878 0.2012 
 574      574   (8)      2 :  0.2949 0.1430 0.2324 0.3296 
 575      575   (3)      2 :  0.3523 0.2214 0.0563 0.3701 
 576      576   (0)      2 :  0.1544 0.5466 0.1616 0.1374 
 577      577   (0)      2 :  0.0596 0.0328 0.8571 0.0505 
 578      578   (1)      2 :  0.2668 0.1661 0.0781 0.4891 
 579      579   (0)      2 :  0.1450 0.0424 0.6167 0.1958 
 580      580   (0)      2 :  0.3099 0.3483 0.0525 0.2894 
 581      581   (6)      2 :  0.1763 0.5042 0.0941 0.2254 
 582      582   (7)      2 :  0.4756 0.1755 0.0548 0.2942 
 583      583   (3)      2 :  0.4961 0.1849 0.0786 0.2404 
 584      584   (5)      2 :  0.3385 0.2476 0.0950 0.3189 
 585      585   (1)      2 :  0.2741 0.0936 0.1620 0.4703 
 586      586   (2)      2 :  0.2953 0.2391 0.0399 0.4257 
 587      587   (0)      2 :  0.0365 0.0273 0.9029 0.0333 
 588      588   (0)      2 :  0.1564 0.1806 0.2590 0.4040 
 589      589   (1)      2 :  0.3392 0.3291 0.1259 0.2057 
 590      590   (2)      2 :  0.4106 0.0998 0.0233 0.4663 
 591      591   (0)      2 :  0.4502 0.2150 0.0776 0.2573 
 592      592   (4)      2 :  0.2239 0.2604 0.0847 0.4311 
 593      593   (0)      2 :  0.2852 0.1832 0.2062 0.3253 
 594      594   (1)      2 :  0.3102 0.1199 0.0661 0.5039 
 595      595   (0)      2 :  0.1545 0.4417 0.2617 0.1420 
 596      596   (0)      2 :  0.3138 0.2635 0.1347 0.2881 
 597      597   (0)      2 :  0.1666 0.4477 0.1799 0.2059 
 598      598   (0)      2 :  0.2800 0.2684 0.0881 0.3634 
 599      599   (0)      2 :  0.5009 0.1047 0.1845 0.2099 
 600      600   (0)      2 :  0.3032 0.1565 0.1103 0.4300 
 601      601   (0)      2 :  0.2092 0.5294 0.0423 0.2190 
 602      602   (0)      2 :  0.3322 0.2253 0.2672 0.1752 
 603      603   (0)      2 :  0.2296 0.1588 0.0587 0.5529 
 604      604   (0)      2 :  0.6134 0.1098 0.0602 0.2165 
 605      605   (0)      2 :  0.3046 0.3233 0.0721 0.3000 
 606      606   (0)      2 :  0.2286 0.2083 0.1634 0.3998 
 607      607   (0)      2 :  0.6208 0.0600 0.0715 0.2477 
 608      608   (0)      2 :  0.4597 0.1120 0.0514 0.3769 
 609      609   (0)      2 :  0.1392 0.6494 0.0817 0.1297 
 610      610   (6)      2 :  0.1137 0.0535 0.7370 0.0958 
 611      611   (0)      2 :  0.1885 0.2557 0.3057 0.2502 
 612      612   (3)      2 :  0.2979 0.1253 0.1813 0.3955 
 613      613   (0)      2 :  0.3140 0.1911 0.1647 0.3301 
 614      614   (0)      2 :  0.2157 0.2448 0.3061 0.2335 
 615      615   (0)      2 :  0.5647 0.0764 0.0391 0.3198 
 616      616   (0)      2 :  0.0667 0.7752 0.0838 0.0743 
 617      617   (0)      2 :  0.2832 0.1928 0.1462 0.3779 
 618      618   (0)      2 :  0.3698 0.0587 0.2379 0.3336 
 619      619   (0)      2 :  0.3234 0.2352 0.0699 0.3715 
 620      620   (0)      2 :  0.0947 0.4906 0.3209 0.0939 
 621      621   (2)      2 :  0.1442 0.6456 0.0985 0.1117 
 622      622   (3)      2 :  0.2428 0.4012 0.1680 0.1880 
 623      623   (1)      2 :  0.5077 0.0576 0.1521 0.2826 
 624      624   (2)      2 :  0.3659 0.3079 0.1354 0.1908 
 625      625   (1)      2 :  0.2979 0.1231 0.2928 0.2863 
 626      626   (9)      2 :  0.2012 0.4487 0.0552 0.2950 
 627      627   (0)      2 :  0.3046 0.1618 0.1782 0.3555 
 628      628   (0)      2 :  0.0290 0.0351 0.9040 0.0319 
 629      629   (2)      2 :  0.5142 0.1192 0.2027 0.1640 
 630      630   (1)      2 :  0.0846 0.8034 0.0361 0.0758 
 631      631   (4)      2 :  0.3720 0.1283 0.0442 0.4555 
 632      632   (0)      2 :  0.1228 0.6095 0.1021 0.1656 
 633      633   (7)      2 :  0.1798 0.4465 0.0862 0.2875 
 634      634   (2)      2 :  0.3311 0.0708 0.3841 0.2140 
 635      635   (0)      2 :  0.1031 0.7450 0.0439 0.1081 
 636      636   (0)      2 :  0.0793 0.5409 0.2322 0.1475 
 637      637   (0)      2 :  0.2722 0.1148 0.2091 0.4038 
 638      638   (0)      2 :  0.0803 0.7350 0.0895 0.0952 
 639      639   (1)      2 :  0.1860 0.2869 0.1440 0.3831 
 640      640   (2)      2 :  0.2721 0.0643 0.4245 0.2391 
 641      641   (1)      2 :  0.2325 0.0807 0.1133 0.5735 
 642      642   (3)      2 :  0.4289 0.0669 0.2424 0.2619 
 643      643   (1)      2 :  0.2054 0.3188 0.0887 0.3871 
 644      644  (10)      2 :  0.4486 0.0952 0.0412 0.4151 
 645      645   (6)      2 :  0.3669 0.1197 0.2215 0.2920 
 646      646   (0)      2 :  0.5397 0.1956 0.0656 0.1990 
 647      647   (2)      2 :  0.3400 0.1023 0.1969 0.3608 
 648      648   (0)      2 :  0.1867 0.5769 0.0445 0.1919 
 649      649   (0)      2 :  0.5243 0.0815 0.0700 0.3242 
 650      650   (1)      2 :  0.4147 0.2582 0.0466 0.2805 
 651      651   (6)      2 :  0.0447 0.0760 0.8006 0.0787 
 652      652   (1)      2 :  0.3789 0.1607 0.1935 0.2670 
 653      653   (4)      2 :  0.1728 0.3998 0.0823 0.3451 
 654      654   (1)      2 :  0.2309 0.3179 0.1476 0.3035 
 655      655   (4)      2 :  0.2237 0.0985 0.3925 0.2852 
 656      656   (0)      2 :  0.2860 0.0907 0.0642 0.5591 
 657      657   (0)      2 :  0.3039 0.1454 0.1020 0.4488 
 658      658   (0)      2 :  0.1662 0.6088 0.0602 0.1647 
 659      659   (7)      2 :  0.4320 0.1162 0.0274 0.4244 
 660      660   (4)      2 :  0.5470 0.0916 0.1280 0.2334 
 661      661   (3)      2 :  0.6629 0.0885 0.0442 0.2045 
 662      662   (2)      2 :  0.5202 0.0733 0.0782 0.3283 
 663      663   (2)      2 :  0.1812 0.2875 0.3311 0.2002 
 664      664   (0)      2 :  0.2500 0.5176 0.0444 0.1880 
 665      665   (1)      2 :  0.4239 0.1389 0.1693 0.2678 
 666      666   (0)      2 :  0.0647 0.0920 0.7678 0.0755 
 667      667   (0)      2 :  0.2148 0.1196 0.4529 0.2127 
 668      668   (1)      2 :  0.3368 0.1598 0.2871 0.2162 
 669      669   (5)      2 :  0.2467 0.1177 0.1976 0.4380 
 670      670  (10)      2 :  0.5228 0.1159 0.0473 0.3140 
 671      671   (3)      2 :  0.3428 0.1382 0.0776 0.4414 
 672      672   (0)      2 :  0.2983 0.2869 0.0391 0.3756 
 673      673   (6)      2 :  0.0643 0.7925 0.0704 0.0729 
 674      674   (0)      2 :  0.2428 0.3318 0.1021 0.3234 
 675      675   (0)      2 :  0.1521 0.5770 0.0404 0.2305 
 676      676   (1)      2 :  0.3229 0.1481 0.0885 0.4406 
 677      677   (4)      2 :  0.2816 0.0785 0.3134 0.3264 
 678      678   (9)      2 :  0.2180 0.1655 0.2012 0.4152 
 679      679   (1)      2 :  0.2190 0.1784 0.2401 0.3626 
 680      680   (1)      2 :  0.4087 0.1432 0.1554 0.2926 
 681      681   (1)      2 :  0.0952 0.3226 0.4331 0.1491 
 682      682   (2)      2 :  0.1201 0.2082 0.5488 0.1229 
 683      683   (0)      2 :  0.3070 0.0457 0.1067 0.5406 
 684      684   (0)      2 :  0.2679 0.2747 0.1210 0.3365 
 685      685   (0)      2 :  0.2320 0.3827 0.1069 0.2783 
 686      686   (0)      2 :  0.0797 0.7910 0.0458 0.0835 
 687      687   (4)      2 :  0.3108 0.3550 0.0634 0.2707 
 688      688   (2)      2 :  0.1723 0.2106 0.4069 0.2101 
 689      689   (2)      2 :  0.1028 0.3396 0.4714 0.0863 
 690      690   (6)      2 :  0.3319 0.1202 0.2862 0.2616 
 691      691   (7)      2 :  0.1623 0.2858 0.2320 0.3198 
 692      692   (0)      2 :  0.2425 0.1790 0.2446 0.3338 
 693      693   (3)      2 :  0.0577 0.8306 0.0394 0.0723 
 694      694   (0)      2 :  0.2140 0.6173 0.0404 0.1283 
 695      695   (0)      2 :  0.2651 0.1087 0.2329 0.3933 
 696      696   (0)      2 :  0.1799 0.2302 0.0719 0.5180 
 697      697   (3)      2 :  0.3433 0.2072 0.0823 0.3671 
 698      698   (0)      2 :  0.2373 0.2601 0.0310 0.4716 
 699      699   (0)      2 :  0.3499 0.0828 0.2234 0.3439 
 700      700   (0)      2 :  0.5279 0.0644 0.0879 0.3198 
 701      701   (0)      2 :  0.1936 0.4583 0.0794 0.2688 
 702      702   (1)      2 :  0.1088 0.2528 0.4719 0.1664 
 703      703   (0)      2 :  0.2317 0.1370 0.3825 0.2488 
 704      704   (0)      2 :  0.0683 0.3072 0.5310 0.0935 
 705      705   (0)      2 :  0.3864 0.1817 0.1102 0.3216 
 706      706   (0)      2 :  0.0965 0.6351 0.1871 0.0813 
 707      707   (2)      2 :  0.1233 0.6271 0.1234 0.1262 
 708      708   (1)      2 :  0.4288 0.1130 0.1744 0.2838 
 709      709   (0)      2 :  0.0948 0.5181 0.2734 0.1137 
 710      710   (0)      2 :  0.2665 0.0851 0.1141 0.5343 
 711      711   (0)      2 :  0.1825 0.1746 0.2911 0.3518 
 712      712   (1)      2 :  0.3919 0.1336 0.0569 0.4176 
 713      713   (0)      2 :  0.1064 0.6284 0.1195 0.1457 
 714      714   (0)      2 :  0.4943 0.0867 0.1513 0.2677 
 715      715   (0)      2 :  0.2316 0.1016 0.0951 0.5717 
 716      716   (0)      2 :  0.1608 0.1068 0.5136 0.2188 
 717      717   (2)      2 :  0.1120 0.6691 0.0902 0.1288 
 718      718   (1)      2 :  0.3214 0.1987 0.0494 0.4305 
 719      719   (9)      2 :  0.4413 0.2037 0.0410 0.3140 
 720      720   (4)      2 :  0.2796 0.1746 0.1206 0.4253 
 721      721   (2)      2 :  0.1132 0.7185 0.0803 0.0880 
 722      722   (0)      2 :  0.0693 0.7579 0.0765 0.0963 
 723      723   (0)      2 :  0.0980 0.7416 0.0767 0.0837 
 724      724   (0)      2 :  0.1240 0.1330 0.5244 0.2186 
 725      725   (0)      2 :  0.5821 0.0904 0.0710 0.2564 
 726      726   (0)      2 :  0.4195 0.0627 0.1519 0.3658 
 727      727   (1)      2 :  0.1385 0.5017 0.2343 0.1255 
 728      728   (1)      2 :  0.2690 0.0778 0.4653 0.1880 
 729      729   (1)      2 :  0.6093 0.0790 0.0539 0.2578 
 730      730   (0)      2 :  0.1728 0.3704 0.2359 0.2210 
 731      731   (2)      2 :  0.1152 0.0697 0.7217 0.0934 
 732      732   (1)      2 :  0.1603 0.3329 0.2580 0.2487 
 733      733   (0)      2 :  0.0960 0.7782 0.0502 0.0756 
 734      734   (0)      2 :  0.4137 0.0735 0.0462 0.4666 
 735      735   (0)      2 :  0.3117 0.2453 0.0648 0.3783 
 736      736   (0)      2 :  0.2763 0.1301 0.1183 0.4753 
 737      737   (0)      2 :  0.1157 0.4605 0.2470 0.1767 
 738      738   (0)      2 :  0.2206 0.2105 0.3645 0.2045 
 739      739   (0)      2 :  0.3538 0.1386 0.2971 0.2105 
 740      740   (0)      2 :  0.5868 0.1208 0.0388 0.2536 
 741      741   (0)      2 :  0.1436 0.3422 0.2208 0.2934 
 742      742   (0)      2 :  0.2932 0.0969 0.0650 0.5449 
 743      743   (0)      2 :  0.4086 0.0901 0.0683 0.4330 
 744      744   (0)      2 :  0.3907 0.2190 0.0581 0.3322 
 745      745   (0)      2 :  0.1864 0.5068 0.0533 0.2536 
 746      746   (0)      2 :  0.1571 0.1300 0.4160 0.2968 
 747      747   (0)      2 :  0.0875 0.0466 0.7844 0.0815 
 748      748   (2)      2 :  0.1915 0.1434 0.2358 0.4294 
 749      749   (7)      2 :  0.1592 0.4922 0.1483 0.2004 
 750      750   (2)      2 :  0.4036 0.1357 0.1568 0.3038 
 751      751   (0)      2 :  0.2117 0.0603 0.2188 0.5092 
 752      752   (5)      2 :  0.1266 0.6951 0.0382 0.1401 
 753      753   (0)      2 :  0.2663 0.1550 0.0393 0.5393 
 754      754   (0)      2 :  0.2361 0.3935 0.0593 0.3111 
 755      755   (0)      2 :  0.0764 0.8094 0.0388 0.0753 
 756      756   (0)      2 :  0.1325 0.4009 0.2830 0.1836 
 757      757   (0)      2 :  0.2550 0.2166 0.1643 0.3640 
 758      758   (1)      2 :  0.4722 0.1123 0.1358 0.2798 
 759      759   (0)      2 :  0.2154 0.3052 0.2705 0.2090 
 760      760   (0)      2 :  0.2942 0.1449 0.3518 0.2091 
 761      761   (0)      2 :  0.4010 0.1404 0.0249 0.4337 
 762      762   (0)      2 :  0.1065 0.7556 0.0349 0.1031 
 763      763   (0)      2 :  0.2133 0.2620 0.3314 0.1932 
 764      764   (0)      4 :  0.1141 0.6693 0.0915 0.1251 
 765      765   (0)      2 :  0.3027 0.2332 0.1175 0.3467 
 766      766   (0)      4 :  0.3123 0.1240 0.0418 0.5219 
 767      767   (0)      4 :  0.5840 0.0523 0.0254 0.3383 
 768      768   (0)      4 :  0.4962 0.0765 0.1525 0.2749 
 769      769   (0)      2 :  0.3025 0.4668 0.0611 0.1696 
 770      770   (0)      4 :  0.0851 0.6354 0.0540 0.2255 
 771      771   (1)      3 :  0.2795 0.3155 0.1892 0.2158 
 772      772   (0)      2 :  0.2421 0.3166 0.0834 0.3579 
 773      773   (0)      3 :  0.3958 0.2105 0.2082 0.1856 
 774      774   (0)      3 :  0.2652 0.5408 0.0669 0.1270 
 775      775   (0)      3 :  0.2517 0.5254 0.0800 0.1429 
 776      776   (0)      3 :  0.1740 0.5542 0.1298 0.1420 
 777      777   (0)      3 :  0.1665 0.5959 0.0742 0.1634 
 778      778   (3)      4 :  0.2504 0.0987 0.1421 0.5087 
 779      779   (0)      2 :  0.0604 0.7461 0.0793 0.1142 
 780      780   (0)      4 :  0.2124 0.2534 0.0811 0.4531 
 781      781   (0)      4 :  0.1407 0.4860 0.0458 0.3275 
 782      782   (0)      4 :  0.2600 0.4879 0.0620 0.1901 
 783      783   (0)      4 :  0.1451 0.5080 0.1650 0.1819 
 784      784   (0)      2 :  0.0891 0.1655 0.6651 0.0802 
 785      785   (0)      4 :  0.2208 0.2030 0.0745 0.5016 
 786      786   (0)      3 :  0.1472 0.3774 0.2358 0.2395 
 787      787   (0)      3 :  0.0595 0.8467 0.0321 0.0617 
 788      788   (0)      3 :  0.3466 0.2732 0.0501 0.3301 
 789      789   (0)      3 :  0.3515 0.1923 0.1843 0.2719 
 790      790   (1)      3 :  0.2942 0.2797 0.1921 0.2339 
 791      791   (0)      3 :  0.4660 0.1253 0.0676 0.3412 
 792      792   (2)      4 :  0.1247 0.6300 0.0378 0.2075 
 793      793   (4)      4 :  0.2705 0.3265 0.0870 0.3160 
 794      794   (0)      4 :  0.1794 0.5999 0.0334 0.1874 
 795      795   (3)      4 :  0.2816 0.5018 0.0726 0.1440 
 796      796   (0)      4 :  0.3566 0.2785 0.1459 0.2190 
 797      797   (0)      2 :  0.2284 0.2009 0.3172 0.2536 
 798      798   (0)      4 :  0.1536 0.4918 0.1711 0.1836 
 799      799   (1)      3 :  0.3433 0.1573 0.1509 0.3486 
 800      800   (0)      2 :  0.0755 0.7064 0.1167 0.1014 
 801      801   (0)      3 :  0.1619 0.5302 0.0459 0.2620 
 802      802   (1)      3 :  0.0774 0.6317 0.2058 0.0851 
 803      803   (0)      3 :  0.3537 0.3034 0.0560 0.2869 
 804      804   (0)      3 :  0.2462 0.4846 0.0689 0.2003 
 805      805   (0)      4 :  0.3911 0.1430 0.1585 0.3074 
 806      806   (1)      4 :  0.3819 0.1483 0.0478 0.4220 
 807      807   (0)      4 :  0.4159 0.1334 0.1371 0.3135 
 808      808   (0)      4 :  0.5965 0.0592 0.0705 0.2738 
 809      809   (0)      2 :  0.1705 0.2835 0.2930 0.2530 
 810      810   (0)      4 :  0.1456 0.3134 0.1334 0.4076 
 811      811   (0)      2 :  0.3717 0.2098 0.1660 0.2525 
 812      812   (1)      3 :  0.2679 0.2413 0.0604 0.4305 
 813      813   (0)      3 :  0.6007 0.0622 0.0240 0.3131 
 814      814   (0)      3 :  0.2765 0.3525 0.1370 0.2340 
 815      815   (1)      3 :  0.1978 0.4799 0.1318 0.1905 
 816      816   (0)      3 :  0.1603 0.6100 0.0651 0.1647 
 817      817   (8)      4 :  0.3478 0.2583 0.1478 0.2461 
 818      818   (0)      2 :  0.1062 0.5703 0.1726 0.1509 
 819      819   (3)      4 :  0.3080 0.4193 0.0626 0.2101 
 820      820   (3)      4 :  0.3839 0.3476 0.0583 0.2102 
 821      821   (3)      4 :  0.2350 0.1058 0.0565 0.6027 
 822      822   (0)      4 :  0.3234 0.3007 0.1123 0.2636 
 823      823   (0)      2 :  0.2761 0.3640 0.0800 0.2798 
 824      824   (0)      4 :  0.2205 0.2792 0.1195 0.3807 
 825      825   (0)      2 :  0.0585 0.0528 0.8234 0.0653 
 826      826   (1)      3 :  0.1046 0.7393 0.0362 0.1199 
 827      827   (1)      2 :  0.0882 0.0827 0.7277 0.1014 
 828      828   (0)      3 :  0.4200 0.0782 0.0767 0.4251 
 829      829   (0)      3 :  0.2758 0.1546 0.1364 0.4332 
 830      830   (0)      3 :  0.0889 0.7216 0.1063 0.0832 
 831      831   (0)      3 :  0.0783 0.8082 0.0414 0.0720 
 832      832   (0)      4 :  0.1941 0.3157 0.2476 0.2426 
 833      833   (0)      2 :  0.0980 0.6323 0.0621 0.2076 
 834      834   (2)      4 :  0.2840 0.0969 0.0510 0.5681 
 835      835   (0)      4 :  0.0582 0.8255 0.0508 0.0655 
 836      836   (4)      4 :  0.3716 0.1079 0.0572 0.4632 
 837      837   (0)      4 :  0.2777 0.3220 0.1502 0.2501 
 838      838   (0)      2 :  0.2725 0.0745 0.2492 0.4038 
 839      839   (0)      2 :  0.2611 0.4528 0.1017 0.1843 
 840      840   (1)      3 :  0.0557 0.8375 0.0577 0.0491 
 841      841   (0)      3 :  0.0853 0.7766 0.0419 0.0962 
 842      842   (0)      3 :  0.5003 0.1818 0.0291 0.2888 
 843      843   (0)      3 :  0.0666 0.8429 0.0392 0.0513 
 844      844   (0)      3 :  0.2938 0.4442 0.0499 0.2121 
 845      845   (0)      2 :  0.1691 0.0842 0.0510 0.6957 
 846      846   (3)      4 :  0.4772 0.2028 0.0484 0.2716 
 847      847   (0)      4 :  0.1055 0.6442 0.0424 0.2079 
 848      848   (2)      4 :  0.2553 0.3566 0.0867 0.3014 
 849      849   (0)      4 :  0.3414 0.2975 0.1412 0.2200 
 850      850   (0)      3 :  0.2857 0.2026 0.1582 0.3534 
 851      851   (1)      3 :  0.2319 0.5153 0.0759 0.1768 
 852      852   (0)      3 :  0.5637 0.1736 0.0500 0.2128 
 853      853   (0)      3 :  0.1150 0.7232 0.0559 0.1059 
 854      854   (3)      3 :  0.5108 0.1634 0.0435 0.2823 
 855      855   (0)      2 :  0.0948 0.3657 0.3624 0.1771 
 856      856   (0)      4 :  0.5667 0.0823 0.0459 0.3051 
 857      857   (0)      4 :  0.2817 0.1165 0.0639 0.5379 
 858      858   (0)      4 :  0.4590 0.1152 0.0925 0.3333 
 859      859   (0)      2 :  0.1017 0.3399 0.4333 0.1251 
 860      860   (0)      2 :  0.5072 0.1502 0.1102 0.2324 
 861      861   (0)      3 :  0.2898 0.3114 0.1006 0.2982 
 862      862   (0)      3 :  0.0963 0.6729 0.1327 0.0982 
 863      863   (0)      3 :  0.6589 0.1077 0.0250 0.2084 
 864      864   (0)      3 :  0.3205 0.1562 0.0603 0.4630 
 865      865   (0)      3 :  0.1885 0.5074 0.0581 0.2460 
 866      866   (0)      2 :  0.2169 0.0954 0.5048 0.1829 
 867      867   (0)      2 :  0.1155 0.1366 0.5823 0.1656 
 868      868   (0)      2 :  0.2281 0.2570 0.1588 0.3561 
 869      869   (0)      2 :  0.0614 0.0601 0.7977 0.0808 
 870      870   (0)      2 :  0.4428 0.0830 0.0991 0.3751 
 871      871   (0)      2 :  0.1246 0.6605 0.0645 0.1504 
 872      872   (0)      2 :  0.2607 0.4762 0.0361 0.2269 
 873      873   (0)      2 :  0.5202 0.1085 0.1270 0.2443 
 874      874   (0)      2 :  0.0408 0.0486 0.8677 0.0429 
 875      875   (0)      2 :  0.0976 0.1162 0.6999 0.0863 
 876      876   (1)      2 :  0.0501 0.0751 0.8084 0.0664 
 877      877   (0)      2 :  0.1764 0.5744 0.0838 0.1653 
 878      878   (0)      2 :  0.1608 0.5083 0.1139 0.2169 
 879      879   (0)      2 :  0.4813 0.0989 0.0631 0.3567 
 880      880   (0)      2 :  0.4450 0.0921 0.1932 0.2696 
 881      881   (0)      2 :  0.1962 0.1769 0.4677 0.1591 
 882      882   (0)      2 :  0.1933 0.1044 0.3775 0.3248 
 883      883   (0)      2 :  0.4837 0.1026 0.1227 0.2910 
 884      884   (4)      2 :  0.0950 0.3285 0.4022 0.1744 
 885      885   (0)      2 :  0.0646 0.8402 0.0226 0.0726 
 886      886   (0)      2 :  0.0578 0.0490 0.8397 0.0535 
 887      887   (0)      2 :  0.1357 0.5010 0.0892 0.2740 
 888      888   (0)      2 :  0.1608 0.0711 0.0452 0.7229 
 889      889   (0)      2 :  0.0872 0.7003 0.1013 0.1111 
 890      890   (0)      2 :  0.0620 0.8015 0.0683 0.0683 
 891      891   (0)      2 :  0.2418 0.2484 0.1283 0.3814 
 892      892   (0)      2 :  0.0715 0.7450 0.1007 0.0828 
 893      893   (0)      2 :  0.1160 0.4891 0.1882 0.2067 
 894      894   (0)      2 :  0.3176 0.4408 0.0340 0.2077 
 895      895   (0)      2 :  0.1989 0.5086 0.0463 0.2462 
 896      896   (0)      2 :  0.1466 0.6305 0.0717 0.1512 
 897      897   (9)      2 :  0.0983 0.0713 0.7543 0.0762 
 898      898   (0)      2 :  0.6497 0.0761 0.0664 0.2079 
 899      899   (0)      2 :  0.3996 0.1828 0.0768 0.3408 
 900      900   (0)      2 :  0.0943 0.7360 0.0445 0.1252 
 901      901   (0)      2 :  0.1758 0.1983 0.1953 0.4305 
 902      902   (2)      2 :  0.0835 0.5542 0.2396 0.1226 
 903      903   (0)      2 :  0.1216 0.1601 0.5639 0.1544 
 904      904   (0)      2 :  0.1545 0.4098 0.0639 0.3718 
 905      905   (0)      2 :  0.2575 0.3247 0.1171 0.3007 
 906      906   (0)      2 :  0.2528 0.2055 0.0523 0.4893 
 907      907   (0)      2 :  0.5730 0.1302 0.0899 0.2070 
 908      908   (0)      2 :  0.1571 0.3481 0.2429 0.2520 
 909      909   (0)      2 :  0.0396 0.0316 0.8938 0.0350 
 910      910   (2)      2 :  0.2325 0.1025 0.0501 0.6149 
 911      911   (1)      2 :  0.2456 0.5168 0.0822 0.1554 
 912      912   (0)      2 :  0.2886 0.2514 0.2161 0.2440 
 913      913   (0)      2 :  0.0622 0.0565 0.8265 0.0548 
 914      914   (0)      2 :  0.2318 0.1562 0.2854 0.3267 
 915      915   (0)      2 :  0.5571 0.1170 0.0992 0.2267 
 916      916   (0)      2 :  0.0714 0.7216 0.0996 0.1074 
 917      917   (0)      2 :  0.2235 0.0663 0.5655 0.1447 
 918      918   (0)      2 :  0.0672 0.6949 0.1733 0.0645 
 919      919   (0)      2 :  0.0688 0.0568 0.7998 0.0746 
 920      920   (0)      2 :  0.1755 0.6002 0.0622 0.1621 
 921      921   (0)      2 :  0.1174 0.7364 0.0426 0.1036 
 922      922   (0)      2 :  0.2683 0.4624 0.0471 0.2222 
 923      923   (0)      2 :  0.0912 0.6067 0.1368 0.1653 
 924      924   (0)      2 :  0.1344 0.5040 0.1051 0.2564 
 925      925   (0)      2 :  0.0905 0.1651 0.4924 0.2520 
 926      926   (0)      2 :  0.0812 0.0554 0.7834 0.0800 
 927      927   (0)      2 :  0.1670 0.0724 0.4620 0.2987 
 928      928   (0)      2 :  0.0641 0.0719 0.8050 0.0589 
 929      929   (0)      2 :  0.0654 0.0690 0.8107 0.0549 
 930      930   (0)      2 :  0.1754 0.4857 0.1036 0.2352 
 931      931   (0)      2 :  0.1038 0.0854 0.7283 0.0825 
 932      932   (0)      2 :  0.0570 0.0728 0.8168 0.0534 
 933      933   (0)      2 :  0.4091 0.1125 0.1184 0.3601 
 934      934   (0)      2 :  0.2427 0.1966 0.3805 0.1803 
 935      935   (0)      2 :  0.2799 0.0675 0.1906 0.4619 
 936      936   (1)      2 :  0.0777 0.0695 0.7895 0.0634 
 937      937   (2)      2 :  0.1184 0.3618 0.3679 0.1518 
 938      938   (0)      2 :  0.3296 0.1165 0.2231 0.3308 
 939      939   (0)      2 :  0.1007 0.0559 0.7767 0.0667 
 940      940   (0)      2 :  0.3388 0.1870 0.2652 0.2090 
 941      941   (0)      2 :  0.1950 0.1404 0.4203 0.2444 
 942      942   (0)      2 :  0.1589 0.0766 0.6132 0.1513 
 943      943   (0)      2 :  0.2231 0.4991 0.0310 0.2468 
 944      944   (0)      2 :  0.1012 0.0632 0.7221 0.1136 
 945      945   (0)      2 :  0.3219 0.1978 0.1112 0.3691 
 946      946   (0)      2 :  0.4939 0.1347 0.0671 0.3042 
 947      947   (0)      2 :  0.1474 0.4666 0.2791 0.1070 
 948      948   (0)      2 :  0.1223 0.7093 0.0448 0.1235 
 949      949   (0)      2 :  0.0905 0.0649 0.7659 0.0787 
 950      950   (0)      2 :  0.2039 0.5190 0.0755 0.2017 
 951      951   (0)      2 :  0.3700 0.4008 0.0645 0.1648 
 952      952   (0)      2 :  0.1782 0.5066 0.1699 0.1452 
 953      953   (0)      2 :  0.1712 0.1786 0.4777 0.1724 
 954      954   (0)      2 :  0.1394 0.0682 0.5588 0.2336 
 955      955   (0)      2 :  0.1195 0.2086 0.4771 0.1947 
 956      956   (0)      2 :  0.3065 0.2171 0.1540 0.3225 
 957      957   (2)      2 :  0.2917 0.1853 0.0459 0.4772 
 958      958   (0)      2 :  0.3465 0.1244 0.0788 0.4503 
 959      959   (4)      2 :  0.1466 0.0832 0.4895 0.2808 
 960      960   (0)      2 :  0.0450 0.0420 0.8672 0.0458 
 961      961   (1)      2 :  0.0394 0.0454 0.8771 0.0381 
 962      962   (0)      2 :  0.1273 0.3268 0.3844 0.1615 
 963      963   (0)      2 :  0.3701 0.1015 0.0940 0.4344 
 964      964   (0)      2 :  0.3173 0.1114 0.2089 0.3624 
 965      965   (0)      2 :  0.5989 0.0529 0.0879 0.2603 
 966      966   (0)      2 :  0.0608 0.0434 0.8272 0.0686 
 967      967   (0)      2 :  0.3878 0.2712 0.0754 0.2656 
 968      968   (0)      2 :  0.0946 0.7017 0.0790 0.1246 
 969      969   (0)      2 :  0.2036 0.3988 0.0697 0.3278 
 970      970   (0)      2 :  0.2948 0.1183 0.3967 0.1902 
 971      971   (0)      2 :  0.1461 0.0670 0.4711 0.3157 
 972      972   (0)      2 :  0.2668 0.2265 0.2328 0.2739 
 973      973   (0)      2 :  0.2408 0.4076 0.1297 0.2220 
 974      974   (6)      2 :  0.2715 0.1068 0.2920 0.3297 
 975      975   (0)      2 :  0.4857 0.2301 0.0458 0.2384 
 976      976   (0)      2 :  0.3744 0.1709 0.0888 0.3658 
 977      977   (0)      2 :  0.1139 0.1540 0.5394 0.1927 
 978      978   (0)      2 :  0.0289 0.0225 0.9206 0.0280 
 979      979   (0)      2 :  0.0523 0.0597 0.8315 0.0565 
 980      980   (0)      2 :  0.3502 0.0625 0.2342 0.3530 
 981      981   (0)      2 :  0.0619 0.0498 0.8293 0.0589 
 982      982   (4)      2 :  0.0997 0.0558 0.6270 0.2175 
 983      983   (0)      2 :  0.4709 0.2076 0.1298 0.1917 
 984      984   (0)      2 :  0.1687 0.0653 0.2574 0.5086 
 985      985   (0)      2 :  0.2473 0.2017 0.0782 0.4727 
 986      986   (0)      2 :  0.2983 0.3463 0.0795 0.2758 
 987      987   (1)      2 :  0.3557 0.3624 0.0842 0.1977 
 988      988   (0)      2 :  0.0474 0.0389 0.8631 0.0506 
 989      989   (0)      2 :  0.1474 0.5033 0.1409 0.2085 
 990      990   (0)      2 :  0.3668 0.1406 0.0919 0.4007 
 991      991   (0)      2 :  0.0378 0.0279 0.8874 0.0469 
 992      992   (0)      2 :  0.2395 0.0918 0.0897 0.5790 
 993      993   (0)      2 :  0.4108 0.1236 0.2852 0.1803 
 994      994   (0)      2 :  0.3144 0.2931 0.2136 0.1788 
 995      995   (0)      2 :  0.1523 0.0659 0.6123 0.1696 
 996      996   (0)      2 :  0.4338 0.0841 0.2543 0.2279 
 997      997   (0)      2 :  0.0373 0.0492 0.8748 0.0387 
 998      998   (0)      2 :  0.3395 0.2318 0.2190 0.2097 
 999      999   (0)      2 :  0.0948 0.0526 0.7501 0.1025 
1000     1000   (0)      2 :  0.2730 0.3956 0.0659 0.2656 
